{"@timestamp":"2026-05-05T00:54:18.437402Z","event":{"code":"4104","provider":"Microsoft-Windows-PowerShell","action":"Script Block","category":["process"]},"host":{"hostname":"eng-bell-04","name":"eng-bell-04"},"user":{"name":"jhowell","domain":"SKYLOOM"},"winlog":{"channel":"Microsoft-Windows-PowerShell/Operational","event_id":4104,"record_id":2898,"computer_name":"eng-bell-04","event_data":{"ScriptBlockText":"Add-Type -AssemblyName System.Windows.Forms","ScriptBlockId":"00000000-0000-0000-0000-000000002898","Path":""}}}
{"@timestamp":"2026-05-05T12:47:37.878436Z","event":{"code":"4104","provider":"Microsoft-Windows-PowerShell","action":"Script Block","category":["process"]},"host":{"hostname":"eng-bell-04","name":"eng-bell-04"},"user":{"name":"jhowell","domain":"SKYLOOM"},"winlog":{"channel":"Microsoft-Windows-PowerShell/Operational","event_id":4104,"record_id":2956,"computer_name":"eng-bell-04","event_data":{"ScriptBlockText":"Get-CimInstance -ClassName Win32_LogicalDisk","ScriptBlockId":"00000000-0000-0000-0000-000000002956","Path":""}}}
{"@timestamp":"2026-05-05T12:56:31.951610Z","event":{"code":"4104","provider":"Microsoft-Windows-PowerShell","action":"Script Block","category":["process"]},"host":{"hostname":"eng-bell-04","name":"eng-bell-04"},"user":{"name":"jhowell","domain":"SKYLOOM"},"winlog":{"channel":"Microsoft-Windows-PowerShell/Operational","event_id":4104,"record_id":2957,"computer_name":"eng-bell-04","event_data":{"ScriptBlockText":"Test-NetConnection -ComputerName teams.microsoft.com -Port 443","ScriptBlockId":"00000000-0000-0000-0000-000000002957","Path":""}}}
{"@timestamp":"2026-05-05T13:26:18.679225Z","event":{"code":"4104","provider":"Microsoft-Windows-PowerShell","action":"Script Block","category":["process"]},"host":{"hostname":"eng-bell-04","name":"eng-bell-04"},"user":{"name":"jhowell","domain":"SKYLOOM"},"winlog":{"channel":"Microsoft-Windows-PowerShell/Operational","event_id":4104,"record_id":2960,"computer_name":"eng-bell-04","event_data":{"ScriptBlockText":"Add-Type -AssemblyName System.Windows.Forms","ScriptBlockId":"00000000-0000-0000-0000-000000002960","Path":""}}}
{"@timestamp":"2026-05-05T14:01:45.036063Z","event":{"code":"4104","provider":"Microsoft-Windows-PowerShell","action":"Script Block","category":["process"]},"host":{"hostname":"eng-bell-04","name":"eng-bell-04"},"user":{"name":"jhowell","domain":"SKYLOOM"},"winlog":{"channel":"Microsoft-Windows-PowerShell/Operational","event_id":4104,"record_id":2955,"computer_name":"eng-bell-04","event_data":{"ScriptBlockText":"Get-Service | Where-Object Status -eq 'Running' | Measure-Object","ScriptBlockId":"00000000-0000-0000-0000-000000002955","Path":""}}}
{"@timestamp":"2026-05-05T14:04:22.335428Z","event":{"code":"4104","provider":"Microsoft-Windows-PowerShell","action":"Script Block","category":["process"]},"host":{"hostname":"eng-bell-04","name":"eng-bell-04"},"user":{"name":"jhowell","domain":"SKYLOOM"},"winlog":{"channel":"Microsoft-Windows-PowerShell/Operational","event_id":4104,"record_id":2954,"computer_name":"eng-bell-04","event_data":{"ScriptBlockText":"Get-Service | Where-Object Status -eq 'Running' | Measure-Object","ScriptBlockId":"00000000-0000-0000-0000-000000002954","Path":""}}}
{"@timestamp":"2026-05-05T14:18:14.498275Z","event":{"code":"4104","provider":"Microsoft-Windows-PowerShell","action":"Script Block","category":["process"]},"host":{"hostname":"eng-bell-04","name":"eng-bell-04"},"user":{"name":"jhowell","domain":"SKYLOOM"},"winlog":{"channel":"Microsoft-Windows-PowerShell/Operational","event_id":4104,"record_id":2958,"computer_name":"eng-bell-04","event_data":{"ScriptBlockText":"$ErrorActionPreference = 'SilentlyContinue'","ScriptBlockId":"00000000-0000-0000-0000-000000002958","Path":""}}}
{"@timestamp":"2026-05-05T15:14:29.027047Z","event":{"code":"4104","provider":"Microsoft-Windows-PowerShell","action":"Script Block","category":["process"]},"host":{"hostname":"eng-bell-04","name":"eng-bell-04"},"user":{"name":"jhowell","domain":"SKYLOOM"},"winlog":{"channel":"Microsoft-Windows-PowerShell/Operational","event_id":4104,"record_id":2959,"computer_name":"eng-bell-04","event_data":{"ScriptBlockText":"Get-Process | Where-Object {$_.CPU -gt 50}","ScriptBlockId":"00000000-0000-0000-0000-000000002959","Path":""}}}
{"@timestamp":"2026-05-06T19:37:14.131890Z","event":{"code":"4104","provider":"Microsoft-Windows-PowerShell","action":"Script Block","category":["process"]},"host":{"hostname":"eng-bell-04","name":"eng-bell-04"},"user":{"name":"jhowell","domain":"SKYLOOM"},"winlog":{"channel":"Microsoft-Windows-PowerShell/Operational","event_id":4104,"record_id":3017,"computer_name":"eng-bell-04","event_data":{"ScriptBlockText":"Get-CimInstance -ClassName Win32_LogicalDisk","ScriptBlockId":"00000000-0000-0000-0000-000000003017","Path":""}}}
{"@timestamp":"2026-05-06T19:41:43.188603Z","event":{"code":"4104","provider":"Microsoft-Windows-PowerShell","action":"Script Block","category":["process"]},"host":{"hostname":"eng-bell-04","name":"eng-bell-04"},"user":{"name":"jhowell","domain":"SKYLOOM"},"winlog":{"channel":"Microsoft-Windows-PowerShell/Operational","event_id":4104,"record_id":3008,"computer_name":"eng-bell-04","event_data":{"ScriptBlockText":"Get-ChildItem 'C:\\Users\\jhowell\\Documents' -Filter *.docx","ScriptBlockId":"00000000-0000-0000-0000-000000003008","Path":""}}}
{"@timestamp":"2026-05-06T19:59:19.678840Z","event":{"code":"4104","provider":"Microsoft-Windows-PowerShell","action":"Script Block","category":["process"]},"host":{"hostname":"eng-bell-04","name":"eng-bell-04"},"user":{"name":"jhowell","domain":"SKYLOOM"},"winlog":{"channel":"Microsoft-Windows-PowerShell/Operational","event_id":4104,"record_id":3015,"computer_name":"eng-bell-04","event_data":{"ScriptBlockText":"Get-Hotfix | Sort-Object InstalledOn -Descending | Select-Object -First 5","ScriptBlockId":"00000000-0000-0000-0000-000000003015","Path":""}}}
{"@timestamp":"2026-05-06T20:09:34.497055Z","event":{"code":"4104","provider":"Microsoft-Windows-PowerShell","action":"Script Block","category":["process"]},"host":{"hostname":"eng-bell-04","name":"eng-bell-04"},"user":{"name":"jhowell","domain":"SKYLOOM"},"winlog":{"channel":"Microsoft-Windows-PowerShell/Operational","event_id":4104,"record_id":3009,"computer_name":"eng-bell-04","event_data":{"ScriptBlockText":"Get-LocalUser | Format-Table Name,Enabled,LastLogon","ScriptBlockId":"00000000-0000-0000-0000-000000003009","Path":""}}}
{"@timestamp":"2026-05-06T20:55:02.042616Z","event":{"code":"4104","provider":"Microsoft-Windows-PowerShell","action":"Script Block","category":["process"]},"host":{"hostname":"eng-bell-04","name":"eng-bell-04"},"user":{"name":"jhowell","domain":"SKYLOOM"},"winlog":{"channel":"Microsoft-Windows-PowerShell/Operational","event_id":4104,"record_id":3012,"computer_name":"eng-bell-04","event_data":{"ScriptBlockText":"Get-EventLog -LogName Application -Newest 10","ScriptBlockId":"00000000-0000-0000-0000-000000003012","Path":""}}}
{"@timestamp":"2026-05-06T20:57:17.785498Z","event":{"code":"4104","provider":"Microsoft-Windows-PowerShell","action":"Script Block","category":["process"]},"host":{"hostname":"eng-bell-04","name":"eng-bell-04"},"user":{"name":"jhowell","domain":"SKYLOOM"},"winlog":{"channel":"Microsoft-Windows-PowerShell/Operational","event_id":4104,"record_id":3010,"computer_name":"eng-bell-04","event_data":{"ScriptBlockText":"Get-NetIPAddress | Where-Object AddressFamily -eq IPv4","ScriptBlockId":"00000000-0000-0000-0000-000000003010","Path":""}}}
{"@timestamp":"2026-05-06T21:12:50.949803Z","event":{"code":"4104","provider":"Microsoft-Windows-PowerShell","action":"Script Block","category":["process"]},"host":{"hostname":"eng-bell-04","name":"eng-bell-04"},"user":{"name":"jhowell","domain":"SKYLOOM"},"winlog":{"channel":"Microsoft-Windows-PowerShell/Operational","event_id":4104,"record_id":3014,"computer_name":"eng-bell-04","event_data":{"ScriptBlockText":"Get-ScheduledTask | Where-Object State -eq 'Ready' | Select-Object TaskName","ScriptBlockId":"00000000-0000-0000-0000-000000003014","Path":""}}}
{"@timestamp":"2026-05-06T21:36:10.947172Z","event":{"code":"4104","provider":"Microsoft-Windows-PowerShell","action":"Script Block","category":["process"]},"host":{"hostname":"eng-bell-04","name":"eng-bell-04"},"user":{"name":"jhowell","domain":"SKYLOOM"},"winlog":{"channel":"Microsoft-Windows-PowerShell/Operational","event_id":4104,"record_id":3013,"computer_name":"eng-bell-04","event_data":{"ScriptBlockText":"Import-Module Microsoft.PowerShell.Management","ScriptBlockId":"00000000-0000-0000-0000-000000003013","Path":""}}}
{"@timestamp":"2026-05-06T22:38:09.631431Z","event":{"code":"4104","provider":"Microsoft-Windows-PowerShell","action":"Script Block","category":["process"]},"host":{"hostname":"eng-bell-04","name":"eng-bell-04"},"user":{"name":"jhowell","domain":"SKYLOOM"},"winlog":{"channel":"Microsoft-Windows-PowerShell/Operational","event_id":4104,"record_id":3011,"computer_name":"eng-bell-04","event_data":{"ScriptBlockText":"Get-EventLog -LogName Application -Newest 10","ScriptBlockId":"00000000-0000-0000-0000-000000003011","Path":""}}}
{"@timestamp":"2026-05-06T22:39:23.682187Z","event":{"code":"4104","provider":"Microsoft-Windows-PowerShell","action":"Script Block","category":["process"]},"host":{"hostname":"eng-bell-04","name":"eng-bell-04"},"user":{"name":"jhowell","domain":"SKYLOOM"},"winlog":{"channel":"Microsoft-Windows-PowerShell/Operational","event_id":4104,"record_id":3016,"computer_name":"eng-bell-04","event_data":{"ScriptBlockText":"Get-CimInstance -ClassName Win32_LogicalDisk","ScriptBlockId":"00000000-0000-0000-0000-000000003016","Path":""}}}
{"@timestamp":"2026-05-07T19:37:17.629765Z","event":{"code":"4104","provider":"Microsoft-Windows-PowerShell","action":"Script Block","category":["process"]},"host":{"hostname":"eng-bell-04","name":"eng-bell-04"},"user":{"name":"jhowell","domain":"SKYLOOM"},"winlog":{"channel":"Microsoft-Windows-PowerShell/Operational","event_id":4104,"record_id":3076,"computer_name":"eng-bell-04","event_data":{"ScriptBlockText":"Get-WmiObject Win32_OperatingSystem | Select-Object Caption,Version","ScriptBlockId":"00000000-0000-0000-0000-000000003076","Path":""}}}
{"@timestamp":"2026-05-07T19:44:36.006579Z","event":{"code":"4104","provider":"Microsoft-Windows-PowerShell","action":"Script Block","category":["process"]},"host":{"hostname":"eng-bell-04","name":"eng-bell-04"},"user":{"name":"jhowell","domain":"SKYLOOM"},"winlog":{"channel":"Microsoft-Windows-PowerShell/Operational","event_id":4104,"record_id":3078,"computer_name":"eng-bell-04","event_data":{"ScriptBlockText":"Get-EventLog -LogName Application -Newest 10","ScriptBlockId":"00000000-0000-0000-0000-000000003078","Path":""}}}
{"@timestamp":"2026-05-07T19:52:11.881165Z","event":{"code":"4104","provider":"Microsoft-Windows-PowerShell","action":"Script Block","category":["process"]},"host":{"hostname":"eng-bell-04","name":"eng-bell-04"},"user":{"name":"jhowell","domain":"SKYLOOM"},"winlog":{"channel":"Microsoft-Windows-PowerShell/Operational","event_id":4104,"record_id":3079,"computer_name":"eng-bell-04","event_data":{"ScriptBlockText":"Test-NetConnection -ComputerName teams.microsoft.com -Port 443","ScriptBlockId":"00000000-0000-0000-0000-000000003079","Path":""}}}
{"@timestamp":"2026-05-07T20:24:03.626652Z","event":{"code":"4104","provider":"Microsoft-Windows-PowerShell","action":"Script Block","category":["process"]},"host":{"hostname":"eng-bell-04","name":"eng-bell-04"},"user":{"name":"jhowell","domain":"SKYLOOM"},"winlog":{"channel":"Microsoft-Windows-PowerShell/Operational","event_id":4104,"record_id":3073,"computer_name":"eng-bell-04","event_data":{"ScriptBlockText":"Test-NetConnection -ComputerName teams.microsoft.com -Port 443","ScriptBlockId":"00000000-0000-0000-0000-000000003073","Path":""}}}
{"@timestamp":"2026-05-07T21:05:30.494798Z","event":{"code":"4104","provider":"Microsoft-Windows-PowerShell","action":"Script Block","category":["process"]},"host":{"hostname":"eng-bell-04","name":"eng-bell-04"},"user":{"name":"jhowell","domain":"SKYLOOM"},"winlog":{"channel":"Microsoft-Windows-PowerShell/Operational","event_id":4104,"record_id":3075,"computer_name":"eng-bell-04","event_data":{"ScriptBlockText":"Get-Hotfix | Sort-Object InstalledOn -Descending | Select-Object -First 5","ScriptBlockId":"00000000-0000-0000-0000-000000003075","Path":""}}}
{"@timestamp":"2026-05-07T21:18:44.292834Z","event":{"code":"4104","provider":"Microsoft-Windows-PowerShell","action":"Script Block","category":["process"]},"host":{"hostname":"eng-bell-04","name":"eng-bell-04"},"user":{"name":"jhowell","domain":"SKYLOOM"},"winlog":{"channel":"Microsoft-Windows-PowerShell/Operational","event_id":4104,"record_id":3074,"computer_name":"eng-bell-04","event_data":{"ScriptBlockText":"[System.Environment]::GetEnvironmentVariable('USERDOMAIN','User')","ScriptBlockId":"00000000-0000-0000-0000-000000003074","Path":""}}}
{"@timestamp":"2026-05-07T23:03:05.972658Z","event":{"code":"4104","provider":"Microsoft-Windows-PowerShell","action":"Script Block","category":["process"]},"host":{"hostname":"eng-bell-04","name":"eng-bell-04"},"user":{"name":"jhowell","domain":"SKYLOOM"},"winlog":{"channel":"Microsoft-Windows-PowerShell/Operational","event_id":4104,"record_id":3077,"computer_name":"eng-bell-04","event_data":{"ScriptBlockText":"Import-Module Microsoft.PowerShell.Management","ScriptBlockId":"00000000-0000-0000-0000-000000003077","Path":""}}}
{"@timestamp":"2026-05-08T14:25:05.287164Z","event":{"code":"4104","provider":"Microsoft-Windows-PowerShell","action":"Script Block","category":["process"]},"host":{"hostname":"eng-bell-04","name":"eng-bell-04"},"user":{"name":"jhowell","domain":"SKYLOOM"},"winlog":{"channel":"Microsoft-Windows-PowerShell/Operational","event_id":4104,"record_id":3126,"computer_name":"eng-bell-04","event_data":{"ScriptBlockText":"Test-NetConnection -ComputerName teams.microsoft.com -Port 443","ScriptBlockId":"00000000-0000-0000-0000-000000003126","Path":""}}}
{"@timestamp":"2026-05-08T14:35:28.432321Z","event":{"code":"4104","provider":"Microsoft-Windows-PowerShell","action":"Script Block","category":["process"]},"host":{"hostname":"eng-bell-04","name":"eng-bell-04"},"user":{"name":"jhowell","domain":"SKYLOOM"},"winlog":{"channel":"Microsoft-Windows-PowerShell/Operational","event_id":4104,"record_id":3131,"computer_name":"eng-bell-04","event_data":{"ScriptBlockText":"Get-Hotfix | Sort-Object InstalledOn -Descending | Select-Object -First 5","ScriptBlockId":"00000000-0000-0000-0000-000000003131","Path":""}}}
{"@timestamp":"2026-05-08T14:36:21.931303Z","event":{"code":"4104","provider":"Microsoft-Windows-PowerShell","action":"Script Block","category":["process"]},"host":{"hostname":"eng-bell-04","name":"eng-bell-04"},"user":{"name":"jhowell","domain":"SKYLOOM"},"winlog":{"channel":"Microsoft-Windows-PowerShell/Operational","event_id":4104,"record_id":3127,"computer_name":"eng-bell-04","event_data":{"ScriptBlockText":"[System.Environment]::GetEnvironmentVariable('USERDOMAIN','User')","ScriptBlockId":"00000000-0000-0000-0000-000000003127","Path":""}}}
{"@timestamp":"2026-05-08T14:52:39.790366Z","event":{"code":"4104","provider":"Microsoft-Windows-PowerShell","action":"Script Block","category":["process"]},"host":{"hostname":"eng-bell-04","name":"eng-bell-04"},"user":{"name":"jhowell","domain":"SKYLOOM"},"winlog":{"channel":"Microsoft-Windows-PowerShell/Operational","event_id":4104,"record_id":3125,"computer_name":"eng-bell-04","event_data":{"ScriptBlockText":"Get-WmiObject Win32_OperatingSystem | Select-Object Caption,Version","ScriptBlockId":"00000000-0000-0000-0000-000000003125","Path":""}}}
{"@timestamp":"2026-05-08T16:11:37.397047Z","event":{"code":"4104","provider":"Microsoft-Windows-PowerShell","action":"Script Block","category":["process"]},"host":{"hostname":"eng-bell-04","name":"eng-bell-04"},"user":{"name":"jhowell","domain":"SKYLOOM"},"winlog":{"channel":"Microsoft-Windows-PowerShell/Operational","event_id":4104,"record_id":3130,"computer_name":"eng-bell-04","event_data":{"ScriptBlockText":"$ErrorActionPreference = 'SilentlyContinue'","ScriptBlockId":"00000000-0000-0000-0000-000000003130","Path":""}}}
{"@timestamp":"2026-05-08T16:11:43.725740Z","event":{"code":"4104","provider":"Microsoft-Windows-PowerShell","action":"Script Block","category":["process"]},"host":{"hostname":"eng-bell-04","name":"eng-bell-04"},"user":{"name":"jhowell","domain":"SKYLOOM"},"winlog":{"channel":"Microsoft-Windows-PowerShell/Operational","event_id":4104,"record_id":3129,"computer_name":"eng-bell-04","event_data":{"ScriptBlockText":"Get-Process | Where-Object {$_.CPU -gt 50}","ScriptBlockId":"00000000-0000-0000-0000-000000003129","Path":""}}}
{"@timestamp":"2026-05-08T17:35:31.048304Z","event":{"code":"4104","provider":"Microsoft-Windows-PowerShell","action":"Script Block","category":["process"]},"host":{"hostname":"eng-bell-04","name":"eng-bell-04"},"user":{"name":"jhowell","domain":"SKYLOOM"},"winlog":{"channel":"Microsoft-Windows-PowerShell/Operational","event_id":4104,"record_id":3133,"computer_name":"eng-bell-04","event_data":{"ScriptBlockText":"Get-EventLog -LogName Application -Newest 10","ScriptBlockId":"00000000-0000-0000-0000-000000003133","Path":""}}}
{"@timestamp":"2026-05-08T17:38:34.302012Z","event":{"code":"4104","provider":"Microsoft-Windows-PowerShell","action":"Script Block","category":["process"]},"host":{"hostname":"eng-bell-04","name":"eng-bell-04"},"user":{"name":"jhowell","domain":"SKYLOOM"},"winlog":{"channel":"Microsoft-Windows-PowerShell/Operational","event_id":4104,"record_id":3132,"computer_name":"eng-bell-04","event_data":{"ScriptBlockText":"Import-Module Microsoft.PowerShell.Management","ScriptBlockId":"00000000-0000-0000-0000-000000003132","Path":""}}}
{"@timestamp":"2026-05-08T17:55:58.899070Z","event":{"code":"4104","provider":"Microsoft-Windows-PowerShell","action":"Script Block","category":["process"]},"host":{"hostname":"eng-bell-04","name":"eng-bell-04"},"user":{"name":"jhowell","domain":"SKYLOOM"},"winlog":{"channel":"Microsoft-Windows-PowerShell/Operational","event_id":4104,"record_id":3128,"computer_name":"eng-bell-04","event_data":{"ScriptBlockText":"Test-NetConnection -ComputerName teams.microsoft.com -Port 443","ScriptBlockId":"00000000-0000-0000-0000-000000003128","Path":""}}}
{"@timestamp":"2026-05-09T17:16:48.491976Z","event":{"code":"4104","provider":"Microsoft-Windows-PowerShell","action":"Script Block","category":["process"]},"host":{"hostname":"eng-bell-04","name":"eng-bell-04"},"user":{"name":"jhowell","domain":"SKYLOOM"},"winlog":{"channel":"Microsoft-Windows-PowerShell/Operational","event_id":4104,"record_id":3180,"computer_name":"eng-bell-04","event_data":{"ScriptBlockText":"Get-Process | Where-Object {$_.CPU -gt 50}","ScriptBlockId":"00000000-0000-0000-0000-000000003180","Path":""}}}
{"@timestamp":"2026-05-09T17:20:08.488351Z","event":{"code":"4104","provider":"Microsoft-Windows-PowerShell","action":"Script Block","category":["process"]},"host":{"hostname":"eng-bell-04","name":"eng-bell-04"},"user":{"name":"jhowell","domain":"SKYLOOM"},"winlog":{"channel":"Microsoft-Windows-PowerShell/Operational","event_id":4104,"record_id":3183,"computer_name":"eng-bell-04","event_data":{"ScriptBlockText":"Import-Module Microsoft.PowerShell.Management","ScriptBlockId":"00000000-0000-0000-0000-000000003183","Path":""}}}
{"@timestamp":"2026-05-09T18:08:00.613212Z","event":{"code":"4104","provider":"Microsoft-Windows-PowerShell","action":"Script Block","category":["process"]},"host":{"hostname":"eng-bell-04","name":"eng-bell-04"},"user":{"name":"jhowell","domain":"SKYLOOM"},"winlog":{"channel":"Microsoft-Windows-PowerShell/Operational","event_id":4104,"record_id":3181,"computer_name":"eng-bell-04","event_data":{"ScriptBlockText":"Get-WmiObject Win32_OperatingSystem | Select-Object Caption,Version","ScriptBlockId":"00000000-0000-0000-0000-000000003181","Path":""}}}
{"@timestamp":"2026-05-09T18:20:35.303620Z","event":{"code":"4104","provider":"Microsoft-Windows-PowerShell","action":"Script Block","category":["process"]},"host":{"hostname":"eng-bell-04","name":"eng-bell-04"},"user":{"name":"jhowell","domain":"SKYLOOM"},"winlog":{"channel":"Microsoft-Windows-PowerShell/Operational","event_id":4104,"record_id":3179,"computer_name":"eng-bell-04","event_data":{"ScriptBlockText":"$ErrorActionPreference = 'SilentlyContinue'","ScriptBlockId":"00000000-0000-0000-0000-000000003179","Path":""}}}
{"@timestamp":"2026-05-09T18:25:13.321755Z","event":{"code":"4104","provider":"Microsoft-Windows-PowerShell","action":"Script Block","category":["process"]},"host":{"hostname":"eng-bell-04","name":"eng-bell-04"},"user":{"name":"jhowell","domain":"SKYLOOM"},"winlog":{"channel":"Microsoft-Windows-PowerShell/Operational","event_id":4104,"record_id":3184,"computer_name":"eng-bell-04","event_data":{"ScriptBlockText":"Get-Process | Where-Object {$_.CPU -gt 50}","ScriptBlockId":"00000000-0000-0000-0000-000000003184","Path":""}}}
{"@timestamp":"2026-05-09T19:01:52.756665Z","event":{"code":"4104","provider":"Microsoft-Windows-PowerShell","action":"Script Block","category":["process"]},"host":{"hostname":"eng-bell-04","name":"eng-bell-04"},"user":{"name":"jhowell","domain":"SKYLOOM"},"winlog":{"channel":"Microsoft-Windows-PowerShell/Operational","event_id":4104,"record_id":3178,"computer_name":"eng-bell-04","event_data":{"ScriptBlockText":"Get-EventLog -LogName Application -Newest 10","ScriptBlockId":"00000000-0000-0000-0000-000000003178","Path":""}}}
{"@timestamp":"2026-05-09T19:02:20.344121Z","event":{"code":"4104","provider":"Microsoft-Windows-PowerShell","action":"Script Block","category":["process"]},"host":{"hostname":"eng-bell-04","name":"eng-bell-04"},"user":{"name":"jhowell","domain":"SKYLOOM"},"winlog":{"channel":"Microsoft-Windows-PowerShell/Operational","event_id":4104,"record_id":3182,"computer_name":"eng-bell-04","event_data":{"ScriptBlockText":"Get-Hotfix | Sort-Object InstalledOn -Descending | Select-Object -First 5","ScriptBlockId":"00000000-0000-0000-0000-000000003182","Path":""}}}
{"@timestamp":"2026-05-10T11:15:22.889896Z","event":{"code":"4104","provider":"Microsoft-Windows-PowerShell","action":"Script Block","category":["process"]},"host":{"hostname":"eng-bell-04","name":"eng-bell-04"},"user":{"name":"jhowell","domain":"SKYLOOM"},"winlog":{"channel":"Microsoft-Windows-PowerShell/Operational","event_id":4104,"record_id":3242,"computer_name":"eng-bell-04","event_data":{"ScriptBlockText":"Get-Process | Where-Object {$_.CPU -gt 50}","ScriptBlockId":"00000000-0000-0000-0000-000000003242","Path":""}}}
{"@timestamp":"2026-05-10T11:18:50.631785Z","event":{"code":"4104","provider":"Microsoft-Windows-PowerShell","action":"Script Block","category":["process"]},"host":{"hostname":"eng-bell-04","name":"eng-bell-04"},"user":{"name":"jhowell","domain":"SKYLOOM"},"winlog":{"channel":"Microsoft-Windows-PowerShell/Operational","event_id":4104,"record_id":3244,"computer_name":"eng-bell-04","event_data":{"ScriptBlockText":"Get-ScheduledTask | Where-Object State -eq 'Ready' | Select-Object TaskName","ScriptBlockId":"00000000-0000-0000-0000-000000003244","Path":""}}}
{"@timestamp":"2026-05-10T12:42:43.624261Z","event":{"code":"4104","provider":"Microsoft-Windows-PowerShell","action":"Script Block","category":["process"]},"host":{"hostname":"eng-bell-04","name":"eng-bell-04"},"user":{"name":"jhowell","domain":"SKYLOOM"},"winlog":{"channel":"Microsoft-Windows-PowerShell/Operational","event_id":4104,"record_id":3243,"computer_name":"eng-bell-04","event_data":{"ScriptBlockText":"Get-CimInstance -ClassName Win32_LogicalDisk","ScriptBlockId":"00000000-0000-0000-0000-000000003243","Path":""}}}
{"@timestamp":"2026-05-10T13:10:34.531534Z","event":{"code":"4104","provider":"Microsoft-Windows-PowerShell","action":"Script Block","category":["process"]},"host":{"hostname":"eng-bell-04","name":"eng-bell-04"},"user":{"name":"jhowell","domain":"SKYLOOM"},"winlog":{"channel":"Microsoft-Windows-PowerShell/Operational","event_id":4104,"record_id":3245,"computer_name":"eng-bell-04","event_data":{"ScriptBlockText":"Test-NetConnection -ComputerName teams.microsoft.com -Port 443","ScriptBlockId":"00000000-0000-0000-0000-000000003245","Path":""}}}
{"@timestamp":"2026-05-10T13:57:56.322745Z","event":{"code":"4104","provider":"Microsoft-Windows-PowerShell","action":"Script Block","category":["process"]},"host":{"hostname":"eng-bell-04","name":"eng-bell-04"},"user":{"name":"jhowell","domain":"SKYLOOM"},"winlog":{"channel":"Microsoft-Windows-PowerShell/Operational","event_id":4104,"record_id":3240,"computer_name":"eng-bell-04","event_data":{"ScriptBlockText":"Add-Type -AssemblyName System.Windows.Forms","ScriptBlockId":"00000000-0000-0000-0000-000000003240","Path":""}}}
{"@timestamp":"2026-05-10T14:23:17.733693Z","event":{"code":"4104","provider":"Microsoft-Windows-PowerShell","action":"Script Block","category":["process"]},"host":{"hostname":"eng-bell-04","name":"eng-bell-04"},"user":{"name":"jhowell","domain":"SKYLOOM"},"winlog":{"channel":"Microsoft-Windows-PowerShell/Operational","event_id":4104,"record_id":3249,"computer_name":"eng-bell-04","event_data":{"ScriptBlockText":"Add-Type -AssemblyName System.Windows.Forms","ScriptBlockId":"00000000-0000-0000-0000-000000003249","Path":""}}}
{"@timestamp":"2026-05-10T14:53:28.091291Z","event":{"code":"4104","provider":"Microsoft-Windows-PowerShell","action":"Script Block","category":["process"]},"host":{"hostname":"eng-bell-04","name":"eng-bell-04"},"user":{"name":"jhowell","domain":"SKYLOOM"},"winlog":{"channel":"Microsoft-Windows-PowerShell/Operational","event_id":4104,"record_id":3246,"computer_name":"eng-bell-04","event_data":{"ScriptBlockText":"Get-Service | Where-Object Status -eq 'Running' | Measure-Object","ScriptBlockId":"00000000-0000-0000-0000-000000003246","Path":""}}}
{"@timestamp":"2026-05-10T14:59:43.098445Z","event":{"code":"4104","provider":"Microsoft-Windows-PowerShell","action":"Script Block","category":["process"]},"host":{"hostname":"eng-bell-04","name":"eng-bell-04"},"user":{"name":"jhowell","domain":"SKYLOOM"},"winlog":{"channel":"Microsoft-Windows-PowerShell/Operational","event_id":4104,"record_id":3247,"computer_name":"eng-bell-04","event_data":{"ScriptBlockText":"Get-Service | Where-Object Status -eq 'Running' | Measure-Object","ScriptBlockId":"00000000-0000-0000-0000-000000003247","Path":""}}}
{"@timestamp":"2026-05-10T15:02:24.420262Z","event":{"code":"4104","provider":"Microsoft-Windows-PowerShell","action":"Script Block","category":["process"]},"host":{"hostname":"eng-bell-04","name":"eng-bell-04"},"user":{"name":"jhowell","domain":"SKYLOOM"},"winlog":{"channel":"Microsoft-Windows-PowerShell/Operational","event_id":4104,"record_id":3241,"computer_name":"eng-bell-04","event_data":{"ScriptBlockText":"Import-Module Microsoft.PowerShell.Management","ScriptBlockId":"00000000-0000-0000-0000-000000003241","Path":""}}}
{"@timestamp":"2026-05-10T15:13:54.785484Z","event":{"code":"4104","provider":"Microsoft-Windows-PowerShell","action":"Script Block","category":["process"]},"host":{"hostname":"eng-bell-04","name":"eng-bell-04"},"user":{"name":"jhowell","domain":"SKYLOOM"},"winlog":{"channel":"Microsoft-Windows-PowerShell/Operational","event_id":4104,"record_id":3248,"computer_name":"eng-bell-04","event_data":{"ScriptBlockText":"Get-ScheduledTask | Where-Object State -eq 'Ready' | Select-Object TaskName","ScriptBlockId":"00000000-0000-0000-0000-000000003248","Path":""}}}
{"@timestamp":"2026-05-12T01:47:54.747840Z","event":{"code":"4104","provider":"Microsoft-Windows-PowerShell","action":"Script Block","category":["process"]},"host":{"hostname":"eng-bell-04","name":"eng-bell-04"},"user":{"name":"jhowell","domain":"SKYLOOM"},"winlog":{"channel":"Microsoft-Windows-PowerShell/Operational","event_id":4104,"record_id":3531,"computer_name":"eng-bell-04","event_data":{"ScriptBlockText":"Import-Module Microsoft.PowerShell.Management","ScriptBlockId":"00000000-0000-0000-0000-000000003531","Path":""}}}
{"@timestamp":"2026-05-12T01:49:27.379077Z","event":{"code":"4104","provider":"Microsoft-Windows-PowerShell","action":"Script Block","category":["process"]},"host":{"hostname":"eng-bell-04","name":"eng-bell-04"},"user":{"name":"jhowell","domain":"SKYLOOM"},"winlog":{"channel":"Microsoft-Windows-PowerShell/Operational","event_id":4104,"record_id":3524,"computer_name":"eng-bell-04","event_data":{"ScriptBlockText":"$ErrorActionPreference = 'SilentlyContinue'","ScriptBlockId":"00000000-0000-0000-0000-000000003524","Path":""}}}
{"@timestamp":"2026-05-12T01:51:07.427954Z","event":{"code":"4104","provider":"Microsoft-Windows-PowerShell","action":"Script Block","category":["process"]},"host":{"hostname":"eng-bell-04","name":"eng-bell-04"},"user":{"name":"jhowell","domain":"SKYLOOM"},"winlog":{"channel":"Microsoft-Windows-PowerShell/Operational","event_id":4104,"record_id":3530,"computer_name":"eng-bell-04","event_data":{"ScriptBlockText":"Test-NetConnection -ComputerName teams.microsoft.com -Port 443","ScriptBlockId":"00000000-0000-0000-0000-000000003530","Path":""}}}
{"@timestamp":"2026-05-12T01:54:20.522911Z","event":{"code":"4104","provider":"Microsoft-Windows-PowerShell","action":"Script Block","category":["process"]},"host":{"hostname":"eng-bell-04","name":"eng-bell-04"},"user":{"name":"jhowell","domain":"SKYLOOM"},"winlog":{"channel":"Microsoft-Windows-PowerShell/Operational","event_id":4104,"record_id":3523,"computer_name":"eng-bell-04","event_data":{"ScriptBlockText":"Get-ChildItem 'C:\\Users\\jhowell\\Documents' -Filter *.docx","ScriptBlockId":"00000000-0000-0000-0000-000000003523","Path":""}}}
{"@timestamp":"2026-05-12T01:58:45.739529Z","event":{"code":"4104","provider":"Microsoft-Windows-PowerShell","action":"Script Block","category":["process"]},"host":{"hostname":"eng-bell-04","name":"eng-bell-04"},"user":{"name":"jhowell","domain":"SKYLOOM"},"winlog":{"channel":"Microsoft-Windows-PowerShell/Operational","event_id":4104,"record_id":3525,"computer_name":"eng-bell-04","event_data":{"ScriptBlockText":"Get-CimInstance -ClassName Win32_LogicalDisk","ScriptBlockId":"00000000-0000-0000-0000-000000003525","Path":""}}}
{"@timestamp":"2026-05-12T01:59:08.427310Z","event":{"code":"4104","provider":"Microsoft-Windows-PowerShell","action":"Script Block","category":["process"]},"host":{"hostname":"eng-bell-04","name":"eng-bell-04"},"user":{"name":"jhowell","domain":"SKYLOOM"},"winlog":{"channel":"Microsoft-Windows-PowerShell/Operational","event_id":4104,"record_id":3532,"computer_name":"eng-bell-04","event_data":{"ScriptBlockText":"Get-ChildItem 'C:\\Users\\jhowell\\Documents' -Filter *.docx","ScriptBlockId":"00000000-0000-0000-0000-000000003532","Path":""}}}
{"@timestamp":"2026-05-12T02:01:21.464815Z","event":{"code":"4104","provider":"Microsoft-Windows-PowerShell","action":"Script Block","category":["process"]},"host":{"hostname":"eng-bell-04","name":"eng-bell-04"},"user":{"name":"jhowell","domain":"SKYLOOM"},"winlog":{"channel":"Microsoft-Windows-PowerShell/Operational","event_id":4104,"record_id":3521,"computer_name":"eng-bell-04","event_data":{"ScriptBlockText":"Get-WmiObject Win32_OperatingSystem | Select-Object Caption,Version","ScriptBlockId":"00000000-0000-0000-0000-000000003521","Path":""}}}
{"@timestamp":"2026-05-12T02:04:52.255636Z","event":{"code":"4104","provider":"Microsoft-Windows-PowerShell","action":"Script Block","category":["process"]},"host":{"hostname":"eng-bell-04","name":"eng-bell-04"},"user":{"name":"jhowell","domain":"SKYLOOM"},"winlog":{"channel":"Microsoft-Windows-PowerShell/Operational","event_id":4104,"record_id":3526,"computer_name":"eng-bell-04","event_data":{"ScriptBlockText":"Get-EventLog -LogName Application -Newest 10","ScriptBlockId":"00000000-0000-0000-0000-000000003526","Path":""}}}
{"@timestamp":"2026-05-12T02:07:58.840777Z","event":{"code":"4104","provider":"Microsoft-Windows-PowerShell","action":"Script Block","category":["process"]},"host":{"hostname":"eng-bell-04","name":"eng-bell-04"},"user":{"name":"jhowell","domain":"SKYLOOM"},"winlog":{"channel":"Microsoft-Windows-PowerShell/Operational","event_id":4104,"record_id":3522,"computer_name":"eng-bell-04","event_data":{"ScriptBlockText":"Import-Module Microsoft.PowerShell.Management","ScriptBlockId":"00000000-0000-0000-0000-000000003522","Path":""}}}
{"@timestamp":"2026-05-12T02:10:10.997764Z","event":{"code":"4104","provider":"Microsoft-Windows-PowerShell","action":"Script Block","category":["process"]},"host":{"hostname":"eng-bell-04","name":"eng-bell-04"},"user":{"name":"jhowell","domain":"SKYLOOM"},"winlog":{"channel":"Microsoft-Windows-PowerShell/Operational","event_id":4104,"record_id":3528,"computer_name":"eng-bell-04","event_data":{"ScriptBlockText":"Get-ScheduledTask | Where-Object State -eq 'Ready' | Select-Object TaskName","ScriptBlockId":"00000000-0000-0000-0000-000000003528","Path":""}}}
{"@timestamp":"2026-05-12T02:15:45.487402Z","event":{"code":"4104","provider":"Microsoft-Windows-PowerShell","action":"Script Block","category":["process"]},"host":{"hostname":"eng-bell-04","name":"eng-bell-04"},"user":{"name":"jhowell","domain":"SKYLOOM"},"winlog":{"channel":"Microsoft-Windows-PowerShell/Operational","event_id":4104,"record_id":3527,"computer_name":"eng-bell-04","event_data":{"ScriptBlockText":"Add-Type -AssemblyName System.Windows.Forms","ScriptBlockId":"00000000-0000-0000-0000-000000003527","Path":""}}}
{"@timestamp":"2026-05-12T02:17:48.640699Z","event":{"code":"4104","provider":"Microsoft-Windows-PowerShell","action":"Script Block","category":["process"]},"host":{"hostname":"eng-bell-04","name":"eng-bell-04"},"user":{"name":"jhowell","domain":"SKYLOOM"},"winlog":{"channel":"Microsoft-Windows-PowerShell/Operational","event_id":4104,"record_id":3534,"computer_name":"eng-bell-04","event_data":{"ScriptBlockText":"Import-Module Microsoft.PowerShell.Management","ScriptBlockId":"00000000-0000-0000-0000-000000003534","Path":""}}}
{"@timestamp":"2026-05-12T02:18:30.430349Z","event":{"code":"4104","provider":"Microsoft-Windows-PowerShell","action":"Script Block","category":["process"]},"host":{"hostname":"eng-bell-04","name":"eng-bell-04"},"user":{"name":"jhowell","domain":"SKYLOOM"},"winlog":{"channel":"Microsoft-Windows-PowerShell/Operational","event_id":4104,"record_id":3520,"computer_name":"eng-bell-04","event_data":{"ScriptBlockText":"Get-ChildItem 'C:\\Users\\jhowell\\Documents' -Filter *.docx","ScriptBlockId":"00000000-0000-0000-0000-000000003520","Path":""}}}
{"@timestamp":"2026-05-12T02:20:54.627917Z","event":{"code":"4104","provider":"Microsoft-Windows-PowerShell","action":"Script Block","category":["process"]},"host":{"hostname":"eng-bell-04","name":"eng-bell-04"},"user":{"name":"jhowell","domain":"SKYLOOM"},"winlog":{"channel":"Microsoft-Windows-PowerShell/Operational","event_id":4104,"record_id":3533,"computer_name":"eng-bell-04","event_data":{"ScriptBlockText":"Get-Hotfix | Sort-Object InstalledOn -Descending | Select-Object -First 5","ScriptBlockId":"00000000-0000-0000-0000-000000003533","Path":""}}}
{"@timestamp":"2026-05-12T02:24:44.452996Z","event":{"code":"4104","provider":"Microsoft-Windows-PowerShell","action":"Script Block","category":["process"]},"host":{"hostname":"eng-bell-04","name":"eng-bell-04"},"user":{"name":"jhowell","domain":"SKYLOOM"},"winlog":{"channel":"Microsoft-Windows-PowerShell/Operational","event_id":4104,"record_id":3529,"computer_name":"eng-bell-04","event_data":{"ScriptBlockText":"$ErrorActionPreference = 'SilentlyContinue'","ScriptBlockId":"00000000-0000-0000-0000-000000003529","Path":""}}}
