{"@timestamp":"2026-04-22T03:42:28.091141Z","event":{"code":"4104","provider":"Microsoft-Windows-PowerShell","action":"Script Block","category":["process"]},"host":{"hostname":"eng-bell-04","name":"eng-bell-04"},"user":{"name":"jhowell","domain":"SKYLOOM"},"winlog":{"channel":"Microsoft-Windows-PowerShell/Operational","event_id":4104,"record_id":2163,"computer_name":"eng-bell-04","event_data":{"ScriptBlockText":"Test-NetConnection -ComputerName teams.microsoft.com -Port 443","ScriptBlockId":"00000000-0000-0000-0000-000000002163","Path":""}}}
{"@timestamp":"2026-04-22T03:43:20.960185Z","event":{"code":"4104","provider":"Microsoft-Windows-PowerShell","action":"Script Block","category":["process"]},"host":{"hostname":"eng-bell-04","name":"eng-bell-04"},"user":{"name":"jhowell","domain":"SKYLOOM"},"winlog":{"channel":"Microsoft-Windows-PowerShell/Operational","event_id":4104,"record_id":2157,"computer_name":"eng-bell-04","event_data":{"ScriptBlockText":"Get-WmiObject Win32_OperatingSystem | Select-Object Caption,Version","ScriptBlockId":"00000000-0000-0000-0000-000000002157","Path":""}}}
{"@timestamp":"2026-04-22T03:44:46.012150Z","event":{"code":"4104","provider":"Microsoft-Windows-PowerShell","action":"Script Block","category":["process"]},"host":{"hostname":"eng-bell-04","name":"eng-bell-04"},"user":{"name":"jhowell","domain":"SKYLOOM"},"winlog":{"channel":"Microsoft-Windows-PowerShell/Operational","event_id":4104,"record_id":2178,"computer_name":"eng-bell-04","event_data":{"ScriptBlockText":"Get-Process | Where-Object {$_.CPU -gt 50}","ScriptBlockId":"00000000-0000-0000-0000-000000002178","Path":""}}}
{"@timestamp":"2026-04-22T03:44:48.026503Z","event":{"code":"4104","provider":"Microsoft-Windows-PowerShell","action":"Script Block","category":["process"]},"host":{"hostname":"eng-bell-04","name":"eng-bell-04"},"user":{"name":"jhowell","domain":"SKYLOOM"},"winlog":{"channel":"Microsoft-Windows-PowerShell/Operational","event_id":4104,"record_id":2182,"computer_name":"eng-bell-04","event_data":{"ScriptBlockText":"Import-Module Microsoft.PowerShell.Management","ScriptBlockId":"00000000-0000-0000-0000-000000002182","Path":""}}}
{"@timestamp":"2026-04-22T03:44:52.445325Z","event":{"code":"4104","provider":"Microsoft-Windows-PowerShell","action":"Script Block","category":["process"]},"host":{"hostname":"eng-bell-04","name":"eng-bell-04"},"user":{"name":"jhowell","domain":"SKYLOOM"},"winlog":{"channel":"Microsoft-Windows-PowerShell/Operational","event_id":4104,"record_id":2209,"computer_name":"eng-bell-04","event_data":{"ScriptBlockText":"Get-ChildItem 'C:\\Users\\jhowell\\Documents' -Filter *.docx","ScriptBlockId":"00000000-0000-0000-0000-000000002209","Path":""}}}
{"@timestamp":"2026-04-23T19:17:29.514068Z","event":{"code":"4104","provider":"Microsoft-Windows-PowerShell","action":"Script Block","category":["process"]},"host":{"hostname":"eng-bell-04","name":"eng-bell-04"},"user":{"name":"jhowell","domain":"SKYLOOM"},"winlog":{"channel":"Microsoft-Windows-PowerShell/Operational","event_id":4104,"record_id":2282,"computer_name":"eng-bell-04","event_data":{"ScriptBlockText":"Import-Module Microsoft.PowerShell.Management","ScriptBlockId":"00000000-0000-0000-0000-000000002282","Path":""}}}
{"@timestamp":"2026-04-23T19:40:59.377359Z","event":{"code":"4104","provider":"Microsoft-Windows-PowerShell","action":"Script Block","category":["process"]},"host":{"hostname":"eng-bell-04","name":"eng-bell-04"},"user":{"name":"jhowell","domain":"SKYLOOM"},"winlog":{"channel":"Microsoft-Windows-PowerShell/Operational","event_id":4104,"record_id":2283,"computer_name":"eng-bell-04","event_data":{"ScriptBlockText":"Get-LocalUser | Format-Table Name,Enabled,LastLogon","ScriptBlockId":"00000000-0000-0000-0000-000000002283","Path":""}}}
{"@timestamp":"2026-04-23T20:02:55.680998Z","event":{"code":"4104","provider":"Microsoft-Windows-PowerShell","action":"Script Block","category":["process"]},"host":{"hostname":"eng-bell-04","name":"eng-bell-04"},"user":{"name":"jhowell","domain":"SKYLOOM"},"winlog":{"channel":"Microsoft-Windows-PowerShell/Operational","event_id":4104,"record_id":2285,"computer_name":"eng-bell-04","event_data":{"ScriptBlockText":"Get-Process | Where-Object {$_.CPU -gt 50}","ScriptBlockId":"00000000-0000-0000-0000-000000002285","Path":""}}}
{"@timestamp":"2026-04-23T23:05:19.564646Z","event":{"code":"4104","provider":"Microsoft-Windows-PowerShell","action":"Script Block","category":["process"]},"host":{"hostname":"eng-bell-04","name":"eng-bell-04"},"user":{"name":"jhowell","domain":"SKYLOOM"},"winlog":{"channel":"Microsoft-Windows-PowerShell/Operational","event_id":4104,"record_id":2284,"computer_name":"eng-bell-04","event_data":{"ScriptBlockText":"Get-CimInstance -ClassName Win32_LogicalDisk","ScriptBlockId":"00000000-0000-0000-0000-000000002284","Path":""}}}
{"@timestamp":"2026-04-23T23:07:04.897615Z","event":{"code":"4104","provider":"Microsoft-Windows-PowerShell","action":"Script Block","category":["process"]},"host":{"hostname":"eng-bell-04","name":"eng-bell-04"},"user":{"name":"jhowell","domain":"SKYLOOM"},"winlog":{"channel":"Microsoft-Windows-PowerShell/Operational","event_id":4104,"record_id":2281,"computer_name":"eng-bell-04","event_data":{"ScriptBlockText":"Get-EventLog -LogName Application -Newest 10","ScriptBlockId":"00000000-0000-0000-0000-000000002281","Path":""}}}
{"@timestamp":"2026-04-24T13:31:34.382431Z","event":{"code":"4104","provider":"Microsoft-Windows-PowerShell","action":"Script Block","category":["process"]},"host":{"hostname":"eng-bell-04","name":"eng-bell-04"},"user":{"name":"jhowell","domain":"SKYLOOM"},"winlog":{"channel":"Microsoft-Windows-PowerShell/Operational","event_id":4104,"record_id":2342,"computer_name":"eng-bell-04","event_data":{"ScriptBlockText":"Get-ChildItem 'C:\\Users\\jhowell\\Documents' -Filter *.docx","ScriptBlockId":"00000000-0000-0000-0000-000000002342","Path":""}}}
{"@timestamp":"2026-04-24T13:53:15.590103Z","event":{"code":"4104","provider":"Microsoft-Windows-PowerShell","action":"Script Block","category":["process"]},"host":{"hostname":"eng-bell-04","name":"eng-bell-04"},"user":{"name":"jhowell","domain":"SKYLOOM"},"winlog":{"channel":"Microsoft-Windows-PowerShell/Operational","event_id":4104,"record_id":2347,"computer_name":"eng-bell-04","event_data":{"ScriptBlockText":"Test-NetConnection -ComputerName teams.microsoft.com -Port 443","ScriptBlockId":"00000000-0000-0000-0000-000000002347","Path":""}}}
{"@timestamp":"2026-04-24T14:01:33.927994Z","event":{"code":"4104","provider":"Microsoft-Windows-PowerShell","action":"Script Block","category":["process"]},"host":{"hostname":"eng-bell-04","name":"eng-bell-04"},"user":{"name":"jhowell","domain":"SKYLOOM"},"winlog":{"channel":"Microsoft-Windows-PowerShell/Operational","event_id":4104,"record_id":2344,"computer_name":"eng-bell-04","event_data":{"ScriptBlockText":"Get-EventLog -LogName Application -Newest 10","ScriptBlockId":"00000000-0000-0000-0000-000000002344","Path":""}}}
{"@timestamp":"2026-04-24T14:22:09.026669Z","event":{"code":"4104","provider":"Microsoft-Windows-PowerShell","action":"Script Block","category":["process"]},"host":{"hostname":"eng-bell-04","name":"eng-bell-04"},"user":{"name":"jhowell","domain":"SKYLOOM"},"winlog":{"channel":"Microsoft-Windows-PowerShell/Operational","event_id":4104,"record_id":2341,"computer_name":"eng-bell-04","event_data":{"ScriptBlockText":"Get-Process | Where-Object {$_.CPU -gt 50}","ScriptBlockId":"00000000-0000-0000-0000-000000002341","Path":""}}}
{"@timestamp":"2026-04-24T14:30:18.489397Z","event":{"code":"4104","provider":"Microsoft-Windows-PowerShell","action":"Script Block","category":["process"]},"host":{"hostname":"eng-bell-04","name":"eng-bell-04"},"user":{"name":"jhowell","domain":"SKYLOOM"},"winlog":{"channel":"Microsoft-Windows-PowerShell/Operational","event_id":4104,"record_id":2346,"computer_name":"eng-bell-04","event_data":{"ScriptBlockText":"Get-WmiObject Win32_OperatingSystem | Select-Object Caption,Version","ScriptBlockId":"00000000-0000-0000-0000-000000002346","Path":""}}}
{"@timestamp":"2026-04-24T14:48:43.956964Z","event":{"code":"4104","provider":"Microsoft-Windows-PowerShell","action":"Script Block","category":["process"]},"host":{"hostname":"eng-bell-04","name":"eng-bell-04"},"user":{"name":"jhowell","domain":"SKYLOOM"},"winlog":{"channel":"Microsoft-Windows-PowerShell/Operational","event_id":4104,"record_id":2343,"computer_name":"eng-bell-04","event_data":{"ScriptBlockText":"Test-NetConnection -ComputerName teams.microsoft.com -Port 443","ScriptBlockId":"00000000-0000-0000-0000-000000002343","Path":""}}}
{"@timestamp":"2026-04-24T16:05:40.155603Z","event":{"code":"4104","provider":"Microsoft-Windows-PowerShell","action":"Script Block","category":["process"]},"host":{"hostname":"eng-bell-04","name":"eng-bell-04"},"user":{"name":"jhowell","domain":"SKYLOOM"},"winlog":{"channel":"Microsoft-Windows-PowerShell/Operational","event_id":4104,"record_id":2345,"computer_name":"eng-bell-04","event_data":{"ScriptBlockText":"Get-Service | Where-Object Status -eq 'Running' | Measure-Object","ScriptBlockId":"00000000-0000-0000-0000-000000002345","Path":""}}}
{"@timestamp":"2026-04-25T13:44:37.911070Z","event":{"code":"4104","provider":"Microsoft-Windows-PowerShell","action":"Script Block","category":["process"]},"host":{"hostname":"eng-bell-04","name":"eng-bell-04"},"user":{"name":"jhowell","domain":"SKYLOOM"},"winlog":{"channel":"Microsoft-Windows-PowerShell/Operational","event_id":4104,"record_id":2413,"computer_name":"eng-bell-04","event_data":{"ScriptBlockText":"$ErrorActionPreference = 'SilentlyContinue'","ScriptBlockId":"00000000-0000-0000-0000-000000002413","Path":""}}}
{"@timestamp":"2026-04-25T14:05:57.047813Z","event":{"code":"4104","provider":"Microsoft-Windows-PowerShell","action":"Script Block","category":["process"]},"host":{"hostname":"eng-bell-04","name":"eng-bell-04"},"user":{"name":"jhowell","domain":"SKYLOOM"},"winlog":{"channel":"Microsoft-Windows-PowerShell/Operational","event_id":4104,"record_id":2417,"computer_name":"eng-bell-04","event_data":{"ScriptBlockText":"Test-NetConnection -ComputerName teams.microsoft.com -Port 443","ScriptBlockId":"00000000-0000-0000-0000-000000002417","Path":""}}}
{"@timestamp":"2026-04-25T14:56:25.805625Z","event":{"code":"4104","provider":"Microsoft-Windows-PowerShell","action":"Script Block","category":["process"]},"host":{"hostname":"eng-bell-04","name":"eng-bell-04"},"user":{"name":"jhowell","domain":"SKYLOOM"},"winlog":{"channel":"Microsoft-Windows-PowerShell/Operational","event_id":4104,"record_id":2414,"computer_name":"eng-bell-04","event_data":{"ScriptBlockText":"Get-Service | Where-Object Status -eq 'Running' | Measure-Object","ScriptBlockId":"00000000-0000-0000-0000-000000002414","Path":""}}}
{"@timestamp":"2026-04-25T14:57:38.233334Z","event":{"code":"4104","provider":"Microsoft-Windows-PowerShell","action":"Script Block","category":["process"]},"host":{"hostname":"eng-bell-04","name":"eng-bell-04"},"user":{"name":"jhowell","domain":"SKYLOOM"},"winlog":{"channel":"Microsoft-Windows-PowerShell/Operational","event_id":4104,"record_id":2418,"computer_name":"eng-bell-04","event_data":{"ScriptBlockText":"Test-NetConnection -ComputerName teams.microsoft.com -Port 443","ScriptBlockId":"00000000-0000-0000-0000-000000002418","Path":""}}}
{"@timestamp":"2026-04-25T15:54:10.568307Z","event":{"code":"4104","provider":"Microsoft-Windows-PowerShell","action":"Script Block","category":["process"]},"host":{"hostname":"eng-bell-04","name":"eng-bell-04"},"user":{"name":"jhowell","domain":"SKYLOOM"},"winlog":{"channel":"Microsoft-Windows-PowerShell/Operational","event_id":4104,"record_id":2416,"computer_name":"eng-bell-04","event_data":{"ScriptBlockText":"Get-WmiObject Win32_OperatingSystem | Select-Object Caption,Version","ScriptBlockId":"00000000-0000-0000-0000-000000002416","Path":""}}}
{"@timestamp":"2026-04-25T15:54:40.827828Z","event":{"code":"4104","provider":"Microsoft-Windows-PowerShell","action":"Script Block","category":["process"]},"host":{"hostname":"eng-bell-04","name":"eng-bell-04"},"user":{"name":"jhowell","domain":"SKYLOOM"},"winlog":{"channel":"Microsoft-Windows-PowerShell/Operational","event_id":4104,"record_id":2415,"computer_name":"eng-bell-04","event_data":{"ScriptBlockText":"Get-WmiObject Win32_OperatingSystem | Select-Object Caption,Version","ScriptBlockId":"00000000-0000-0000-0000-000000002415","Path":""}}}
{"@timestamp":"2026-04-26T17:25:50.822348Z","event":{"code":"4104","provider":"Microsoft-Windows-PowerShell","action":"Script Block","category":["process"]},"host":{"hostname":"eng-bell-04","name":"eng-bell-04"},"user":{"name":"jhowell","domain":"SKYLOOM"},"winlog":{"channel":"Microsoft-Windows-PowerShell/Operational","event_id":4104,"record_id":2478,"computer_name":"eng-bell-04","event_data":{"ScriptBlockText":"Get-LocalUser | Format-Table Name,Enabled,LastLogon","ScriptBlockId":"00000000-0000-0000-0000-000000002478","Path":""}}}
{"@timestamp":"2026-04-26T17:29:27.686740Z","event":{"code":"4104","provider":"Microsoft-Windows-PowerShell","action":"Script Block","category":["process"]},"host":{"hostname":"eng-bell-04","name":"eng-bell-04"},"user":{"name":"jhowell","domain":"SKYLOOM"},"winlog":{"channel":"Microsoft-Windows-PowerShell/Operational","event_id":4104,"record_id":2476,"computer_name":"eng-bell-04","event_data":{"ScriptBlockText":"Get-Process | Where-Object {$_.CPU -gt 50}","ScriptBlockId":"00000000-0000-0000-0000-000000002476","Path":""}}}
{"@timestamp":"2026-04-26T17:46:35.672620Z","event":{"code":"4104","provider":"Microsoft-Windows-PowerShell","action":"Script Block","category":["process"]},"host":{"hostname":"eng-bell-04","name":"eng-bell-04"},"user":{"name":"jhowell","domain":"SKYLOOM"},"winlog":{"channel":"Microsoft-Windows-PowerShell/Operational","event_id":4104,"record_id":2477,"computer_name":"eng-bell-04","event_data":{"ScriptBlockText":"Get-CimInstance -ClassName Win32_LogicalDisk","ScriptBlockId":"00000000-0000-0000-0000-000000002477","Path":""}}}
{"@timestamp":"2026-04-26T20:03:28.648908Z","event":{"code":"4104","provider":"Microsoft-Windows-PowerShell","action":"Script Block","category":["process"]},"host":{"hostname":"eng-bell-04","name":"eng-bell-04"},"user":{"name":"jhowell","domain":"SKYLOOM"},"winlog":{"channel":"Microsoft-Windows-PowerShell/Operational","event_id":4104,"record_id":2479,"computer_name":"eng-bell-04","event_data":{"ScriptBlockText":"Get-ScheduledTask | Where-Object State -eq 'Ready' | Select-Object TaskName","ScriptBlockId":"00000000-0000-0000-0000-000000002479","Path":""}}}
{"@timestamp":"2026-04-27T21:55:58.372643Z","event":{"code":"4104","provider":"Microsoft-Windows-PowerShell","action":"Script Block","category":["process"]},"host":{"hostname":"eng-bell-04","name":"eng-bell-04"},"user":{"name":"jhowell","domain":"SKYLOOM"},"winlog":{"channel":"Microsoft-Windows-PowerShell/Operational","event_id":4104,"record_id":2517,"computer_name":"eng-bell-04","event_data":{"ScriptBlockText":"Get-EventLog -LogName Application -Newest 10","ScriptBlockId":"00000000-0000-0000-0000-000000002517","Path":""}}}
{"@timestamp":"2026-04-27T22:37:57.535579Z","event":{"code":"4104","provider":"Microsoft-Windows-PowerShell","action":"Script Block","category":["process"]},"host":{"hostname":"eng-bell-04","name":"eng-bell-04"},"user":{"name":"jhowell","domain":"SKYLOOM"},"winlog":{"channel":"Microsoft-Windows-PowerShell/Operational","event_id":4104,"record_id":2519,"computer_name":"eng-bell-04","event_data":{"ScriptBlockText":"Get-Process | Where-Object {$_.CPU -gt 50}","ScriptBlockId":"00000000-0000-0000-0000-000000002519","Path":""}}}
{"@timestamp":"2026-04-27T22:48:36.357749Z","event":{"code":"4104","provider":"Microsoft-Windows-PowerShell","action":"Script Block","category":["process"]},"host":{"hostname":"eng-bell-04","name":"eng-bell-04"},"user":{"name":"jhowell","domain":"SKYLOOM"},"winlog":{"channel":"Microsoft-Windows-PowerShell/Operational","event_id":4104,"record_id":2524,"computer_name":"eng-bell-04","event_data":{"ScriptBlockText":"Add-Type -AssemblyName System.Windows.Forms","ScriptBlockId":"00000000-0000-0000-0000-000000002524","Path":""}}}
{"@timestamp":"2026-04-27T22:49:15.497868Z","event":{"code":"4104","provider":"Microsoft-Windows-PowerShell","action":"Script Block","category":["process"]},"host":{"hostname":"eng-bell-04","name":"eng-bell-04"},"user":{"name":"jhowell","domain":"SKYLOOM"},"winlog":{"channel":"Microsoft-Windows-PowerShell/Operational","event_id":4104,"record_id":2525,"computer_name":"eng-bell-04","event_data":{"ScriptBlockText":"Get-ScheduledTask | Where-Object State -eq 'Ready' | Select-Object TaskName","ScriptBlockId":"00000000-0000-0000-0000-000000002525","Path":""}}}
{"@timestamp":"2026-04-27T22:55:30.773339Z","event":{"code":"4104","provider":"Microsoft-Windows-PowerShell","action":"Script Block","category":["process"]},"host":{"hostname":"eng-bell-04","name":"eng-bell-04"},"user":{"name":"jhowell","domain":"SKYLOOM"},"winlog":{"channel":"Microsoft-Windows-PowerShell/Operational","event_id":4104,"record_id":2526,"computer_name":"eng-bell-04","event_data":{"ScriptBlockText":"Test-NetConnection -ComputerName teams.microsoft.com -Port 443","ScriptBlockId":"00000000-0000-0000-0000-000000002526","Path":""}}}
{"@timestamp":"2026-04-27T23:06:51.256336Z","event":{"code":"4104","provider":"Microsoft-Windows-PowerShell","action":"Script Block","category":["process"]},"host":{"hostname":"eng-bell-04","name":"eng-bell-04"},"user":{"name":"jhowell","domain":"SKYLOOM"},"winlog":{"channel":"Microsoft-Windows-PowerShell/Operational","event_id":4104,"record_id":2518,"computer_name":"eng-bell-04","event_data":{"ScriptBlockText":"Get-WmiObject Win32_OperatingSystem | Select-Object Caption,Version","ScriptBlockId":"00000000-0000-0000-0000-000000002518","Path":""}}}
{"@timestamp":"2026-04-27T23:59:40.791602Z","event":{"code":"4104","provider":"Microsoft-Windows-PowerShell","action":"Script Block","category":["process"]},"host":{"hostname":"eng-bell-04","name":"eng-bell-04"},"user":{"name":"jhowell","domain":"SKYLOOM"},"winlog":{"channel":"Microsoft-Windows-PowerShell/Operational","event_id":4104,"record_id":2522,"computer_name":"eng-bell-04","event_data":{"ScriptBlockText":"Get-ChildItem 'C:\\Users\\jhowell\\Documents' -Filter *.docx","ScriptBlockId":"00000000-0000-0000-0000-000000002522","Path":""}}}
{"@timestamp":"2026-04-28T00:30:32.842717Z","event":{"code":"4104","provider":"Microsoft-Windows-PowerShell","action":"Script Block","category":["process"]},"host":{"hostname":"eng-bell-04","name":"eng-bell-04"},"user":{"name":"jhowell","domain":"SKYLOOM"},"winlog":{"channel":"Microsoft-Windows-PowerShell/Operational","event_id":4104,"record_id":2520,"computer_name":"eng-bell-04","event_data":{"ScriptBlockText":"Get-Hotfix | Sort-Object InstalledOn -Descending | Select-Object -First 5","ScriptBlockId":"00000000-0000-0000-0000-000000002520","Path":""}}}
{"@timestamp":"2026-04-28T00:37:17.997258Z","event":{"code":"4104","provider":"Microsoft-Windows-PowerShell","action":"Script Block","category":["process"]},"host":{"hostname":"eng-bell-04","name":"eng-bell-04"},"user":{"name":"jhowell","domain":"SKYLOOM"},"winlog":{"channel":"Microsoft-Windows-PowerShell/Operational","event_id":4104,"record_id":2523,"computer_name":"eng-bell-04","event_data":{"ScriptBlockText":"[System.Environment]::GetEnvironmentVariable('USERDOMAIN','User')","ScriptBlockId":"00000000-0000-0000-0000-000000002523","Path":""}}}
{"@timestamp":"2026-04-28T01:02:50.630413Z","event":{"code":"4104","provider":"Microsoft-Windows-PowerShell","action":"Script Block","category":["process"]},"host":{"hostname":"eng-bell-04","name":"eng-bell-04"},"user":{"name":"jhowell","domain":"SKYLOOM"},"winlog":{"channel":"Microsoft-Windows-PowerShell/Operational","event_id":4104,"record_id":2521,"computer_name":"eng-bell-04","event_data":{"ScriptBlockText":"$ErrorActionPreference = 'SilentlyContinue'","ScriptBlockId":"00000000-0000-0000-0000-000000002521","Path":""}}}
{"@timestamp":"2026-04-28T13:14:39.657806Z","event":{"code":"4104","provider":"Microsoft-Windows-PowerShell","action":"Script Block","category":["process"]},"host":{"hostname":"eng-bell-04","name":"eng-bell-04"},"user":{"name":"jhowell","domain":"SKYLOOM"},"winlog":{"channel":"Microsoft-Windows-PowerShell/Operational","event_id":4104,"record_id":2581,"computer_name":"eng-bell-04","event_data":{"ScriptBlockText":"Get-NetIPAddress | Where-Object AddressFamily -eq IPv4","ScriptBlockId":"00000000-0000-0000-0000-000000002581","Path":""}}}
{"@timestamp":"2026-04-28T13:33:56.020626Z","event":{"code":"4104","provider":"Microsoft-Windows-PowerShell","action":"Script Block","category":["process"]},"host":{"hostname":"eng-bell-04","name":"eng-bell-04"},"user":{"name":"jhowell","domain":"SKYLOOM"},"winlog":{"channel":"Microsoft-Windows-PowerShell/Operational","event_id":4104,"record_id":2580,"computer_name":"eng-bell-04","event_data":{"ScriptBlockText":"Get-LocalUser | Format-Table Name,Enabled,LastLogon","ScriptBlockId":"00000000-0000-0000-0000-000000002580","Path":""}}}
{"@timestamp":"2026-04-28T14:04:25.297198Z","event":{"code":"4104","provider":"Microsoft-Windows-PowerShell","action":"Script Block","category":["process"]},"host":{"hostname":"eng-bell-04","name":"eng-bell-04"},"user":{"name":"jhowell","domain":"SKYLOOM"},"winlog":{"channel":"Microsoft-Windows-PowerShell/Operational","event_id":4104,"record_id":2583,"computer_name":"eng-bell-04","event_data":{"ScriptBlockText":"Add-Type -AssemblyName System.Windows.Forms","ScriptBlockId":"00000000-0000-0000-0000-000000002583","Path":""}}}
{"@timestamp":"2026-04-28T14:08:48.792169Z","event":{"code":"4104","provider":"Microsoft-Windows-PowerShell","action":"Script Block","category":["process"]},"host":{"hostname":"eng-bell-04","name":"eng-bell-04"},"user":{"name":"jhowell","domain":"SKYLOOM"},"winlog":{"channel":"Microsoft-Windows-PowerShell/Operational","event_id":4104,"record_id":2582,"computer_name":"eng-bell-04","event_data":{"ScriptBlockText":"Test-NetConnection -ComputerName teams.microsoft.com -Port 443","ScriptBlockId":"00000000-0000-0000-0000-000000002582","Path":""}}}
{"@timestamp":"2026-04-28T14:19:17.960858Z","event":{"code":"4104","provider":"Microsoft-Windows-PowerShell","action":"Script Block","category":["process"]},"host":{"hostname":"eng-bell-04","name":"eng-bell-04"},"user":{"name":"jhowell","domain":"SKYLOOM"},"winlog":{"channel":"Microsoft-Windows-PowerShell/Operational","event_id":4104,"record_id":2584,"computer_name":"eng-bell-04","event_data":{"ScriptBlockText":"Get-Process | Where-Object {$_.CPU -gt 50}","ScriptBlockId":"00000000-0000-0000-0000-000000002584","Path":""}}}
{"@timestamp":"2026-04-28T14:23:57.936247Z","event":{"code":"4104","provider":"Microsoft-Windows-PowerShell","action":"Script Block","category":["process"]},"host":{"hostname":"eng-bell-04","name":"eng-bell-04"},"user":{"name":"jhowell","domain":"SKYLOOM"},"winlog":{"channel":"Microsoft-Windows-PowerShell/Operational","event_id":4104,"record_id":2587,"computer_name":"eng-bell-04","event_data":{"ScriptBlockText":"Get-Service | Where-Object Status -eq 'Running' | Measure-Object","ScriptBlockId":"00000000-0000-0000-0000-000000002587","Path":""}}}
{"@timestamp":"2026-04-28T14:41:19.177846Z","event":{"code":"4104","provider":"Microsoft-Windows-PowerShell","action":"Script Block","category":["process"]},"host":{"hostname":"eng-bell-04","name":"eng-bell-04"},"user":{"name":"jhowell","domain":"SKYLOOM"},"winlog":{"channel":"Microsoft-Windows-PowerShell/Operational","event_id":4104,"record_id":2585,"computer_name":"eng-bell-04","event_data":{"ScriptBlockText":"Get-NetIPAddress | Where-Object AddressFamily -eq IPv4","ScriptBlockId":"00000000-0000-0000-0000-000000002585","Path":""}}}
{"@timestamp":"2026-04-28T15:17:02.737280Z","event":{"code":"4104","provider":"Microsoft-Windows-PowerShell","action":"Script Block","category":["process"]},"host":{"hostname":"eng-bell-04","name":"eng-bell-04"},"user":{"name":"jhowell","domain":"SKYLOOM"},"winlog":{"channel":"Microsoft-Windows-PowerShell/Operational","event_id":4104,"record_id":2588,"computer_name":"eng-bell-04","event_data":{"ScriptBlockText":"Get-ChildItem 'C:\\Users\\jhowell\\Documents' -Filter *.docx","ScriptBlockId":"00000000-0000-0000-0000-000000002588","Path":""}}}
{"@timestamp":"2026-04-28T15:34:38.373396Z","event":{"code":"4104","provider":"Microsoft-Windows-PowerShell","action":"Script Block","category":["process"]},"host":{"hostname":"eng-bell-04","name":"eng-bell-04"},"user":{"name":"jhowell","domain":"SKYLOOM"},"winlog":{"channel":"Microsoft-Windows-PowerShell/Operational","event_id":4104,"record_id":2586,"computer_name":"eng-bell-04","event_data":{"ScriptBlockText":"Get-EventLog -LogName Application -Newest 10","ScriptBlockId":"00000000-0000-0000-0000-000000002586","Path":""}}}
{"@timestamp":"2026-04-29T12:58:23.214246Z","event":{"code":"4104","provider":"Microsoft-Windows-PowerShell","action":"Script Block","category":["process"]},"host":{"hostname":"eng-bell-04","name":"eng-bell-04"},"user":{"name":"jhowell","domain":"SKYLOOM"},"winlog":{"channel":"Microsoft-Windows-PowerShell/Operational","event_id":4104,"record_id":2649,"computer_name":"eng-bell-04","event_data":{"ScriptBlockText":"Test-NetConnection -ComputerName teams.microsoft.com -Port 443","ScriptBlockId":"00000000-0000-0000-0000-000000002649","Path":""}}}
{"@timestamp":"2026-04-29T13:01:01.515878Z","event":{"code":"4104","provider":"Microsoft-Windows-PowerShell","action":"Script Block","category":["process"]},"host":{"hostname":"eng-bell-04","name":"eng-bell-04"},"user":{"name":"jhowell","domain":"SKYLOOM"},"winlog":{"channel":"Microsoft-Windows-PowerShell/Operational","event_id":4104,"record_id":2652,"computer_name":"eng-bell-04","event_data":{"ScriptBlockText":"$ErrorActionPreference = 'SilentlyContinue'","ScriptBlockId":"00000000-0000-0000-0000-000000002652","Path":""}}}
{"@timestamp":"2026-04-29T13:19:06.117135Z","event":{"code":"4104","provider":"Microsoft-Windows-PowerShell","action":"Script Block","category":["process"]},"host":{"hostname":"eng-bell-04","name":"eng-bell-04"},"user":{"name":"jhowell","domain":"SKYLOOM"},"winlog":{"channel":"Microsoft-Windows-PowerShell/Operational","event_id":4104,"record_id":2653,"computer_name":"eng-bell-04","event_data":{"ScriptBlockText":"Get-ScheduledTask | Where-Object State -eq 'Ready' | Select-Object TaskName","ScriptBlockId":"00000000-0000-0000-0000-000000002653","Path":""}}}
{"@timestamp":"2026-04-29T13:47:15.580190Z","event":{"code":"4104","provider":"Microsoft-Windows-PowerShell","action":"Script Block","category":["process"]},"host":{"hostname":"eng-bell-04","name":"eng-bell-04"},"user":{"name":"jhowell","domain":"SKYLOOM"},"winlog":{"channel":"Microsoft-Windows-PowerShell/Operational","event_id":4104,"record_id":2646,"computer_name":"eng-bell-04","event_data":{"ScriptBlockText":"Get-WmiObject Win32_OperatingSystem | Select-Object Caption,Version","ScriptBlockId":"00000000-0000-0000-0000-000000002646","Path":""}}}
{"@timestamp":"2026-04-29T13:55:23.553902Z","event":{"code":"4104","provider":"Microsoft-Windows-PowerShell","action":"Script Block","category":["process"]},"host":{"hostname":"eng-bell-04","name":"eng-bell-04"},"user":{"name":"jhowell","domain":"SKYLOOM"},"winlog":{"channel":"Microsoft-Windows-PowerShell/Operational","event_id":4104,"record_id":2648,"computer_name":"eng-bell-04","event_data":{"ScriptBlockText":"$ErrorActionPreference = 'SilentlyContinue'","ScriptBlockId":"00000000-0000-0000-0000-000000002648","Path":""}}}
{"@timestamp":"2026-04-29T14:26:17.873774Z","event":{"code":"4104","provider":"Microsoft-Windows-PowerShell","action":"Script Block","category":["process"]},"host":{"hostname":"eng-bell-04","name":"eng-bell-04"},"user":{"name":"jhowell","domain":"SKYLOOM"},"winlog":{"channel":"Microsoft-Windows-PowerShell/Operational","event_id":4104,"record_id":2650,"computer_name":"eng-bell-04","event_data":{"ScriptBlockText":"Get-EventLog -LogName Application -Newest 10","ScriptBlockId":"00000000-0000-0000-0000-000000002650","Path":""}}}
{"@timestamp":"2026-04-29T15:15:35.477315Z","event":{"code":"4104","provider":"Microsoft-Windows-PowerShell","action":"Script Block","category":["process"]},"host":{"hostname":"eng-bell-04","name":"eng-bell-04"},"user":{"name":"jhowell","domain":"SKYLOOM"},"winlog":{"channel":"Microsoft-Windows-PowerShell/Operational","event_id":4104,"record_id":2654,"computer_name":"eng-bell-04","event_data":{"ScriptBlockText":"Get-Hotfix | Sort-Object InstalledOn -Descending | Select-Object -First 5","ScriptBlockId":"00000000-0000-0000-0000-000000002654","Path":""}}}
{"@timestamp":"2026-04-29T15:19:43.577699Z","event":{"code":"4104","provider":"Microsoft-Windows-PowerShell","action":"Script Block","category":["process"]},"host":{"hostname":"eng-bell-04","name":"eng-bell-04"},"user":{"name":"jhowell","domain":"SKYLOOM"},"winlog":{"channel":"Microsoft-Windows-PowerShell/Operational","event_id":4104,"record_id":2651,"computer_name":"eng-bell-04","event_data":{"ScriptBlockText":"Import-Module Microsoft.PowerShell.Management","ScriptBlockId":"00000000-0000-0000-0000-000000002651","Path":""}}}
{"@timestamp":"2026-04-29T15:33:22.144169Z","event":{"code":"4104","provider":"Microsoft-Windows-PowerShell","action":"Script Block","category":["process"]},"host":{"hostname":"eng-bell-04","name":"eng-bell-04"},"user":{"name":"jhowell","domain":"SKYLOOM"},"winlog":{"channel":"Microsoft-Windows-PowerShell/Operational","event_id":4104,"record_id":2647,"computer_name":"eng-bell-04","event_data":{"ScriptBlockText":"Get-EventLog -LogName Application -Newest 10","ScriptBlockId":"00000000-0000-0000-0000-000000002647","Path":""}}}
{"@timestamp":"2026-04-29T15:35:44.974631Z","event":{"code":"4104","provider":"Microsoft-Windows-PowerShell","action":"Script Block","category":["process"]},"host":{"hostname":"eng-bell-04","name":"eng-bell-04"},"user":{"name":"jhowell","domain":"SKYLOOM"},"winlog":{"channel":"Microsoft-Windows-PowerShell/Operational","event_id":4104,"record_id":2655,"computer_name":"eng-bell-04","event_data":{"ScriptBlockText":"Get-EventLog -LogName Application -Newest 10","ScriptBlockId":"00000000-0000-0000-0000-000000002655","Path":""}}}
{"@timestamp":"2026-04-30T16:17:01.201356Z","event":{"code":"4104","provider":"Microsoft-Windows-PowerShell","action":"Script Block","category":["process"]},"host":{"hostname":"eng-bell-04","name":"eng-bell-04"},"user":{"name":"jhowell","domain":"SKYLOOM"},"winlog":{"channel":"Microsoft-Windows-PowerShell/Operational","event_id":4104,"record_id":2696,"computer_name":"eng-bell-04","event_data":{"ScriptBlockText":"Get-Service | Where-Object Status -eq 'Running' | Measure-Object","ScriptBlockId":"00000000-0000-0000-0000-000000002696","Path":""}}}
{"@timestamp":"2026-04-30T16:34:44.242842Z","event":{"code":"4104","provider":"Microsoft-Windows-PowerShell","action":"Script Block","category":["process"]},"host":{"hostname":"eng-bell-04","name":"eng-bell-04"},"user":{"name":"jhowell","domain":"SKYLOOM"},"winlog":{"channel":"Microsoft-Windows-PowerShell/Operational","event_id":4104,"record_id":2693,"computer_name":"eng-bell-04","event_data":{"ScriptBlockText":"Get-NetIPAddress | Where-Object AddressFamily -eq IPv4","ScriptBlockId":"00000000-0000-0000-0000-000000002693","Path":""}}}
{"@timestamp":"2026-04-30T16:35:25.782470Z","event":{"code":"4104","provider":"Microsoft-Windows-PowerShell","action":"Script Block","category":["process"]},"host":{"hostname":"eng-bell-04","name":"eng-bell-04"},"user":{"name":"jhowell","domain":"SKYLOOM"},"winlog":{"channel":"Microsoft-Windows-PowerShell/Operational","event_id":4104,"record_id":2692,"computer_name":"eng-bell-04","event_data":{"ScriptBlockText":"Get-Process | Where-Object {$_.CPU -gt 50}","ScriptBlockId":"00000000-0000-0000-0000-000000002692","Path":""}}}
{"@timestamp":"2026-04-30T17:01:14.142489Z","event":{"code":"4104","provider":"Microsoft-Windows-PowerShell","action":"Script Block","category":["process"]},"host":{"hostname":"eng-bell-04","name":"eng-bell-04"},"user":{"name":"jhowell","domain":"SKYLOOM"},"winlog":{"channel":"Microsoft-Windows-PowerShell/Operational","event_id":4104,"record_id":2694,"computer_name":"eng-bell-04","event_data":{"ScriptBlockText":"Test-NetConnection -ComputerName teams.microsoft.com -Port 443","ScriptBlockId":"00000000-0000-0000-0000-000000002694","Path":""}}}
{"@timestamp":"2026-04-30T17:06:49.915965Z","event":{"code":"4104","provider":"Microsoft-Windows-PowerShell","action":"Script Block","category":["process"]},"host":{"hostname":"eng-bell-04","name":"eng-bell-04"},"user":{"name":"jhowell","domain":"SKYLOOM"},"winlog":{"channel":"Microsoft-Windows-PowerShell/Operational","event_id":4104,"record_id":2697,"computer_name":"eng-bell-04","event_data":{"ScriptBlockText":"Get-Hotfix | Sort-Object InstalledOn -Descending | Select-Object -First 5","ScriptBlockId":"00000000-0000-0000-0000-000000002697","Path":""}}}
{"@timestamp":"2026-04-30T17:09:34.617175Z","event":{"code":"4104","provider":"Microsoft-Windows-PowerShell","action":"Script Block","category":["process"]},"host":{"hostname":"eng-bell-04","name":"eng-bell-04"},"user":{"name":"jhowell","domain":"SKYLOOM"},"winlog":{"channel":"Microsoft-Windows-PowerShell/Operational","event_id":4104,"record_id":2695,"computer_name":"eng-bell-04","event_data":{"ScriptBlockText":"Test-NetConnection -ComputerName teams.microsoft.com -Port 443","ScriptBlockId":"00000000-0000-0000-0000-000000002695","Path":""}}}
{"@timestamp":"2026-05-01T20:35:29.436861Z","event":{"code":"4104","provider":"Microsoft-Windows-PowerShell","action":"Script Block","category":["process"]},"host":{"hostname":"eng-bell-04","name":"eng-bell-04"},"user":{"name":"jhowell","domain":"SKYLOOM"},"winlog":{"channel":"Microsoft-Windows-PowerShell/Operational","event_id":4104,"record_id":2744,"computer_name":"eng-bell-04","event_data":{"ScriptBlockText":"Get-Hotfix | Sort-Object InstalledOn -Descending | Select-Object -First 5","ScriptBlockId":"00000000-0000-0000-0000-000000002744","Path":""}}}
{"@timestamp":"2026-05-01T20:36:53.288551Z","event":{"code":"4104","provider":"Microsoft-Windows-PowerShell","action":"Script Block","category":["process"]},"host":{"hostname":"eng-bell-04","name":"eng-bell-04"},"user":{"name":"jhowell","domain":"SKYLOOM"},"winlog":{"channel":"Microsoft-Windows-PowerShell/Operational","event_id":4104,"record_id":2748,"computer_name":"eng-bell-04","event_data":{"ScriptBlockText":"Add-Type -AssemblyName System.Windows.Forms","ScriptBlockId":"00000000-0000-0000-0000-000000002748","Path":""}}}
{"@timestamp":"2026-05-01T21:01:35.451490Z","event":{"code":"4104","provider":"Microsoft-Windows-PowerShell","action":"Script Block","category":["process"]},"host":{"hostname":"eng-bell-04","name":"eng-bell-04"},"user":{"name":"jhowell","domain":"SKYLOOM"},"winlog":{"channel":"Microsoft-Windows-PowerShell/Operational","event_id":4104,"record_id":2745,"computer_name":"eng-bell-04","event_data":{"ScriptBlockText":"Get-EventLog -LogName Application -Newest 10","ScriptBlockId":"00000000-0000-0000-0000-000000002745","Path":""}}}
{"@timestamp":"2026-05-01T22:01:56.188630Z","event":{"code":"4104","provider":"Microsoft-Windows-PowerShell","action":"Script Block","category":["process"]},"host":{"hostname":"eng-bell-04","name":"eng-bell-04"},"user":{"name":"jhowell","domain":"SKYLOOM"},"winlog":{"channel":"Microsoft-Windows-PowerShell/Operational","event_id":4104,"record_id":2742,"computer_name":"eng-bell-04","event_data":{"ScriptBlockText":"Add-Type -AssemblyName System.Windows.Forms","ScriptBlockId":"00000000-0000-0000-0000-000000002742","Path":""}}}
{"@timestamp":"2026-05-01T22:06:45.344066Z","event":{"code":"4104","provider":"Microsoft-Windows-PowerShell","action":"Script Block","category":["process"]},"host":{"hostname":"eng-bell-04","name":"eng-bell-04"},"user":{"name":"jhowell","domain":"SKYLOOM"},"winlog":{"channel":"Microsoft-Windows-PowerShell/Operational","event_id":4104,"record_id":2747,"computer_name":"eng-bell-04","event_data":{"ScriptBlockText":"Get-EventLog -LogName Application -Newest 10","ScriptBlockId":"00000000-0000-0000-0000-000000002747","Path":""}}}
{"@timestamp":"2026-05-01T23:07:59.269389Z","event":{"code":"4104","provider":"Microsoft-Windows-PowerShell","action":"Script Block","category":["process"]},"host":{"hostname":"eng-bell-04","name":"eng-bell-04"},"user":{"name":"jhowell","domain":"SKYLOOM"},"winlog":{"channel":"Microsoft-Windows-PowerShell/Operational","event_id":4104,"record_id":2749,"computer_name":"eng-bell-04","event_data":{"ScriptBlockText":"Get-Hotfix | Sort-Object InstalledOn -Descending | Select-Object -First 5","ScriptBlockId":"00000000-0000-0000-0000-000000002749","Path":""}}}
{"@timestamp":"2026-05-01T23:54:13.501137Z","event":{"code":"4104","provider":"Microsoft-Windows-PowerShell","action":"Script Block","category":["process"]},"host":{"hostname":"eng-bell-04","name":"eng-bell-04"},"user":{"name":"jhowell","domain":"SKYLOOM"},"winlog":{"channel":"Microsoft-Windows-PowerShell/Operational","event_id":4104,"record_id":2746,"computer_name":"eng-bell-04","event_data":{"ScriptBlockText":"Add-Type -AssemblyName System.Windows.Forms","ScriptBlockId":"00000000-0000-0000-0000-000000002746","Path":""}}}
{"@timestamp":"2026-05-02T00:00:00.331399Z","event":{"code":"4104","provider":"Microsoft-Windows-PowerShell","action":"Script Block","category":["process"]},"host":{"hostname":"eng-bell-04","name":"eng-bell-04"},"user":{"name":"jhowell","domain":"SKYLOOM"},"winlog":{"channel":"Microsoft-Windows-PowerShell/Operational","event_id":4104,"record_id":2743,"computer_name":"eng-bell-04","event_data":{"ScriptBlockText":"Get-Process | Where-Object {$_.CPU -gt 50}","ScriptBlockId":"00000000-0000-0000-0000-000000002743","Path":""}}}
{"@timestamp":"2026-05-02T11:57:39.438563Z","event":{"code":"4104","provider":"Microsoft-Windows-PowerShell","action":"Script Block","category":["process"]},"host":{"hostname":"eng-bell-04","name":"eng-bell-04"},"user":{"name":"jhowell","domain":"SKYLOOM"},"winlog":{"channel":"Microsoft-Windows-PowerShell/Operational","event_id":4104,"record_id":2804,"computer_name":"eng-bell-04","event_data":{"ScriptBlockText":"Get-WmiObject Win32_OperatingSystem | Select-Object Caption,Version","ScriptBlockId":"00000000-0000-0000-0000-000000002804","Path":""}}}
{"@timestamp":"2026-05-02T12:13:24.849111Z","event":{"code":"4104","provider":"Microsoft-Windows-PowerShell","action":"Script Block","category":["process"]},"host":{"hostname":"eng-bell-04","name":"eng-bell-04"},"user":{"name":"jhowell","domain":"SKYLOOM"},"winlog":{"channel":"Microsoft-Windows-PowerShell/Operational","event_id":4104,"record_id":2800,"computer_name":"eng-bell-04","event_data":{"ScriptBlockText":"Get-Service | Where-Object Status -eq 'Running' | Measure-Object","ScriptBlockId":"00000000-0000-0000-0000-000000002800","Path":""}}}
{"@timestamp":"2026-05-02T12:24:19.398443Z","event":{"code":"4104","provider":"Microsoft-Windows-PowerShell","action":"Script Block","category":["process"]},"host":{"hostname":"eng-bell-04","name":"eng-bell-04"},"user":{"name":"jhowell","domain":"SKYLOOM"},"winlog":{"channel":"Microsoft-Windows-PowerShell/Operational","event_id":4104,"record_id":2803,"computer_name":"eng-bell-04","event_data":{"ScriptBlockText":"Get-Hotfix | Sort-Object InstalledOn -Descending | Select-Object -First 5","ScriptBlockId":"00000000-0000-0000-0000-000000002803","Path":""}}}
{"@timestamp":"2026-05-02T12:32:33.067890Z","event":{"code":"4104","provider":"Microsoft-Windows-PowerShell","action":"Script Block","category":["process"]},"host":{"hostname":"eng-bell-04","name":"eng-bell-04"},"user":{"name":"jhowell","domain":"SKYLOOM"},"winlog":{"channel":"Microsoft-Windows-PowerShell/Operational","event_id":4104,"record_id":2799,"computer_name":"eng-bell-04","event_data":{"ScriptBlockText":"$ErrorActionPreference = 'SilentlyContinue'","ScriptBlockId":"00000000-0000-0000-0000-000000002799","Path":""}}}
{"@timestamp":"2026-05-02T12:51:46.920432Z","event":{"code":"4104","provider":"Microsoft-Windows-PowerShell","action":"Script Block","category":["process"]},"host":{"hostname":"eng-bell-04","name":"eng-bell-04"},"user":{"name":"jhowell","domain":"SKYLOOM"},"winlog":{"channel":"Microsoft-Windows-PowerShell/Operational","event_id":4104,"record_id":2797,"computer_name":"eng-bell-04","event_data":{"ScriptBlockText":"Get-Process | Where-Object {$_.CPU -gt 50}","ScriptBlockId":"00000000-0000-0000-0000-000000002797","Path":""}}}
{"@timestamp":"2026-05-02T13:09:45.861027Z","event":{"code":"4104","provider":"Microsoft-Windows-PowerShell","action":"Script Block","category":["process"]},"host":{"hostname":"eng-bell-04","name":"eng-bell-04"},"user":{"name":"jhowell","domain":"SKYLOOM"},"winlog":{"channel":"Microsoft-Windows-PowerShell/Operational","event_id":4104,"record_id":2798,"computer_name":"eng-bell-04","event_data":{"ScriptBlockText":"Get-NetIPAddress | Where-Object AddressFamily -eq IPv4","ScriptBlockId":"00000000-0000-0000-0000-000000002798","Path":""}}}
{"@timestamp":"2026-05-02T13:50:56.156942Z","event":{"code":"4104","provider":"Microsoft-Windows-PowerShell","action":"Script Block","category":["process"]},"host":{"hostname":"eng-bell-04","name":"eng-bell-04"},"user":{"name":"jhowell","domain":"SKYLOOM"},"winlog":{"channel":"Microsoft-Windows-PowerShell/Operational","event_id":4104,"record_id":2802,"computer_name":"eng-bell-04","event_data":{"ScriptBlockText":"Get-EventLog -LogName Application -Newest 10","ScriptBlockId":"00000000-0000-0000-0000-000000002802","Path":""}}}
{"@timestamp":"2026-05-02T14:29:39.979965Z","event":{"code":"4104","provider":"Microsoft-Windows-PowerShell","action":"Script Block","category":["process"]},"host":{"hostname":"eng-bell-04","name":"eng-bell-04"},"user":{"name":"jhowell","domain":"SKYLOOM"},"winlog":{"channel":"Microsoft-Windows-PowerShell/Operational","event_id":4104,"record_id":2801,"computer_name":"eng-bell-04","event_data":{"ScriptBlockText":"Get-CimInstance -ClassName Win32_LogicalDisk","ScriptBlockId":"00000000-0000-0000-0000-000000002801","Path":""}}}
{"@timestamp":"2026-05-03T12:31:24.093718Z","event":{"code":"4104","provider":"Microsoft-Windows-PowerShell","action":"Script Block","category":["process"]},"host":{"hostname":"eng-bell-04","name":"eng-bell-04"},"user":{"name":"jhowell","domain":"SKYLOOM"},"winlog":{"channel":"Microsoft-Windows-PowerShell/Operational","event_id":4104,"record_id":2852,"computer_name":"eng-bell-04","event_data":{"ScriptBlockText":"Get-CimInstance -ClassName Win32_LogicalDisk","ScriptBlockId":"00000000-0000-0000-0000-000000002852","Path":""}}}
{"@timestamp":"2026-05-03T12:40:02.180096Z","event":{"code":"4104","provider":"Microsoft-Windows-PowerShell","action":"Script Block","category":["process"]},"host":{"hostname":"eng-bell-04","name":"eng-bell-04"},"user":{"name":"jhowell","domain":"SKYLOOM"},"winlog":{"channel":"Microsoft-Windows-PowerShell/Operational","event_id":4104,"record_id":2853,"computer_name":"eng-bell-04","event_data":{"ScriptBlockText":"Get-NetIPAddress | Where-Object AddressFamily -eq IPv4","ScriptBlockId":"00000000-0000-0000-0000-000000002853","Path":""}}}
{"@timestamp":"2026-05-03T13:44:36.348876Z","event":{"code":"4104","provider":"Microsoft-Windows-PowerShell","action":"Script Block","category":["process"]},"host":{"hostname":"eng-bell-04","name":"eng-bell-04"},"user":{"name":"jhowell","domain":"SKYLOOM"},"winlog":{"channel":"Microsoft-Windows-PowerShell/Operational","event_id":4104,"record_id":2851,"computer_name":"eng-bell-04","event_data":{"ScriptBlockText":"Import-Module Microsoft.PowerShell.Management","ScriptBlockId":"00000000-0000-0000-0000-000000002851","Path":""}}}
{"@timestamp":"2026-05-03T14:23:36.465600Z","event":{"code":"4104","provider":"Microsoft-Windows-PowerShell","action":"Script Block","category":["process"]},"host":{"hostname":"eng-bell-04","name":"eng-bell-04"},"user":{"name":"jhowell","domain":"SKYLOOM"},"winlog":{"channel":"Microsoft-Windows-PowerShell/Operational","event_id":4104,"record_id":2848,"computer_name":"eng-bell-04","event_data":{"ScriptBlockText":"Get-LocalUser | Format-Table Name,Enabled,LastLogon","ScriptBlockId":"00000000-0000-0000-0000-000000002848","Path":""}}}
{"@timestamp":"2026-05-03T14:55:22.934808Z","event":{"code":"4104","provider":"Microsoft-Windows-PowerShell","action":"Script Block","category":["process"]},"host":{"hostname":"eng-bell-04","name":"eng-bell-04"},"user":{"name":"jhowell","domain":"SKYLOOM"},"winlog":{"channel":"Microsoft-Windows-PowerShell/Operational","event_id":4104,"record_id":2850,"computer_name":"eng-bell-04","event_data":{"ScriptBlockText":"$ErrorActionPreference = 'SilentlyContinue'","ScriptBlockId":"00000000-0000-0000-0000-000000002850","Path":""}}}
{"@timestamp":"2026-05-03T14:56:28.700846Z","event":{"code":"4104","provider":"Microsoft-Windows-PowerShell","action":"Script Block","category":["process"]},"host":{"hostname":"eng-bell-04","name":"eng-bell-04"},"user":{"name":"jhowell","domain":"SKYLOOM"},"winlog":{"channel":"Microsoft-Windows-PowerShell/Operational","event_id":4104,"record_id":2847,"computer_name":"eng-bell-04","event_data":{"ScriptBlockText":"Import-Module Microsoft.PowerShell.Management","ScriptBlockId":"00000000-0000-0000-0000-000000002847","Path":""}}}
{"@timestamp":"2026-05-03T15:55:45.838496Z","event":{"code":"4104","provider":"Microsoft-Windows-PowerShell","action":"Script Block","category":["process"]},"host":{"hostname":"eng-bell-04","name":"eng-bell-04"},"user":{"name":"jhowell","domain":"SKYLOOM"},"winlog":{"channel":"Microsoft-Windows-PowerShell/Operational","event_id":4104,"record_id":2849,"computer_name":"eng-bell-04","event_data":{"ScriptBlockText":"Get-EventLog -LogName Application -Newest 10","ScriptBlockId":"00000000-0000-0000-0000-000000002849","Path":""}}}
{"@timestamp":"2026-05-04T22:29:49.689585Z","event":{"code":"4104","provider":"Microsoft-Windows-PowerShell","action":"Script Block","category":["process"]},"host":{"hostname":"eng-bell-04","name":"eng-bell-04"},"user":{"name":"jhowell","domain":"SKYLOOM"},"winlog":{"channel":"Microsoft-Windows-PowerShell/Operational","event_id":4104,"record_id":2895,"computer_name":"eng-bell-04","event_data":{"ScriptBlockText":"Test-NetConnection -ComputerName teams.microsoft.com -Port 443","ScriptBlockId":"00000000-0000-0000-0000-000000002895","Path":""}}}
{"@timestamp":"2026-05-04T22:58:04.935593Z","event":{"code":"4104","provider":"Microsoft-Windows-PowerShell","action":"Script Block","category":["process"]},"host":{"hostname":"eng-bell-04","name":"eng-bell-04"},"user":{"name":"jhowell","domain":"SKYLOOM"},"winlog":{"channel":"Microsoft-Windows-PowerShell/Operational","event_id":4104,"record_id":2902,"computer_name":"eng-bell-04","event_data":{"ScriptBlockText":"Add-Type -AssemblyName System.Windows.Forms","ScriptBlockId":"00000000-0000-0000-0000-000000002902","Path":""}}}
{"@timestamp":"2026-05-04T23:26:28.187516Z","event":{"code":"4104","provider":"Microsoft-Windows-PowerShell","action":"Script Block","category":["process"]},"host":{"hostname":"eng-bell-04","name":"eng-bell-04"},"user":{"name":"jhowell","domain":"SKYLOOM"},"winlog":{"channel":"Microsoft-Windows-PowerShell/Operational","event_id":4104,"record_id":2896,"computer_name":"eng-bell-04","event_data":{"ScriptBlockText":"Get-WmiObject Win32_OperatingSystem | Select-Object Caption,Version","ScriptBlockId":"00000000-0000-0000-0000-000000002896","Path":""}}}
{"@timestamp":"2026-05-04T23:55:58.902538Z","event":{"code":"4104","provider":"Microsoft-Windows-PowerShell","action":"Script Block","category":["process"]},"host":{"hostname":"eng-bell-04","name":"eng-bell-04"},"user":{"name":"jhowell","domain":"SKYLOOM"},"winlog":{"channel":"Microsoft-Windows-PowerShell/Operational","event_id":4104,"record_id":2901,"computer_name":"eng-bell-04","event_data":{"ScriptBlockText":"Import-Module Microsoft.PowerShell.Management","ScriptBlockId":"00000000-0000-0000-0000-000000002901","Path":""}}}
{"@timestamp":"2026-05-05T00:05:44.903047Z","event":{"code":"4104","provider":"Microsoft-Windows-PowerShell","action":"Script Block","category":["process"]},"host":{"hostname":"eng-bell-04","name":"eng-bell-04"},"user":{"name":"jhowell","domain":"SKYLOOM"},"winlog":{"channel":"Microsoft-Windows-PowerShell/Operational","event_id":4104,"record_id":2897,"computer_name":"eng-bell-04","event_data":{"ScriptBlockText":"Get-Process | Where-Object {$_.CPU -gt 50}","ScriptBlockId":"00000000-0000-0000-0000-000000002897","Path":""}}}
{"@timestamp":"2026-05-05T00:11:49.059020Z","event":{"code":"4104","provider":"Microsoft-Windows-PowerShell","action":"Script Block","category":["process"]},"host":{"hostname":"eng-bell-04","name":"eng-bell-04"},"user":{"name":"jhowell","domain":"SKYLOOM"},"winlog":{"channel":"Microsoft-Windows-PowerShell/Operational","event_id":4104,"record_id":2900,"computer_name":"eng-bell-04","event_data":{"ScriptBlockText":"Add-Type -AssemblyName System.Windows.Forms","ScriptBlockId":"00000000-0000-0000-0000-000000002900","Path":""}}}
{"@timestamp":"2026-05-05T00:22:50.047145Z","event":{"code":"4104","provider":"Microsoft-Windows-PowerShell","action":"Script Block","category":["process"]},"host":{"hostname":"eng-bell-04","name":"eng-bell-04"},"user":{"name":"jhowell","domain":"SKYLOOM"},"winlog":{"channel":"Microsoft-Windows-PowerShell/Operational","event_id":4104,"record_id":2899,"computer_name":"eng-bell-04","event_data":{"ScriptBlockText":"Get-Hotfix | Sort-Object InstalledOn -Descending | Select-Object -First 5","ScriptBlockId":"00000000-0000-0000-0000-000000002899","Path":""}}}
