{"@timestamp":"2026-04-22T03:00:19.360993Z","event":{"code":"4104","provider":"Microsoft-Windows-PowerShell","action":"Script Block","category":["process"]},"host":{"hostname":"eng-bell-04","name":"eng-bell-04"},"user":{"name":"jhowell","domain":"SKYLOOM"},"winlog":{"channel":"Microsoft-Windows-PowerShell/Operational","event_id":4104,"record_id":2175,"computer_name":"eng-bell-04","event_data":{"ScriptBlockText":"Get-ChildItem 'C:\\Users\\jhowell\\Documents' -Filter *.docx","ScriptBlockId":"00000000-0000-0000-0000-000000002175","Path":""}}}
{"@timestamp":"2026-04-22T03:00:29.933390Z","event":{"code":"4104","provider":"Microsoft-Windows-PowerShell","action":"Script Block","category":["process"]},"host":{"hostname":"eng-bell-04","name":"eng-bell-04"},"user":{"name":"jhowell","domain":"SKYLOOM"},"winlog":{"channel":"Microsoft-Windows-PowerShell/Operational","event_id":4104,"record_id":2150,"computer_name":"eng-bell-04","event_data":{"ScriptBlockText":"Add-Type -AssemblyName System.Windows.Forms","ScriptBlockId":"00000000-0000-0000-0000-000000002150","Path":""}}}
{"@timestamp":"2026-04-22T03:01:07.026863Z","event":{"code":"4104","provider":"Microsoft-Windows-PowerShell","action":"Script Block","category":["process"]},"host":{"hostname":"eng-bell-04","name":"eng-bell-04"},"user":{"name":"jhowell","domain":"SKYLOOM"},"winlog":{"channel":"Microsoft-Windows-PowerShell/Operational","event_id":4104,"record_id":2223,"computer_name":"eng-bell-04","event_data":{"ScriptBlockText":"Get-Process | Where-Object {$_.CPU -gt 50}","ScriptBlockId":"00000000-0000-0000-0000-000000002223","Path":""}}}
{"@timestamp":"2026-04-22T03:01:40.060870Z","event":{"code":"4104","provider":"Microsoft-Windows-PowerShell","action":"Script Block","category":["process"]},"host":{"hostname":"eng-bell-04","name":"eng-bell-04"},"user":{"name":"jhowell","domain":"SKYLOOM"},"winlog":{"channel":"Microsoft-Windows-PowerShell/Operational","event_id":4104,"record_id":2151,"computer_name":"eng-bell-04","event_data":{"ScriptBlockText":"Test-NetConnection -ComputerName teams.microsoft.com -Port 443","ScriptBlockId":"00000000-0000-0000-0000-000000002151","Path":""}}}
{"@timestamp":"2026-04-22T03:02:03.315167Z","event":{"code":"4104","provider":"Microsoft-Windows-PowerShell","action":"Script Block","category":["process"]},"host":{"hostname":"eng-bell-04","name":"eng-bell-04"},"user":{"name":"jhowell","domain":"SKYLOOM"},"winlog":{"channel":"Microsoft-Windows-PowerShell/Operational","event_id":4104,"record_id":2217,"computer_name":"eng-bell-04","event_data":{"ScriptBlockText":"Get-Service | Where-Object Status -eq 'Running' | Measure-Object","ScriptBlockId":"00000000-0000-0000-0000-000000002217","Path":""}}}
{"@timestamp":"2026-04-22T03:02:27.416461Z","event":{"code":"4104","provider":"Microsoft-Windows-PowerShell","action":"Script Block","category":["process"]},"host":{"hostname":"eng-bell-04","name":"eng-bell-04"},"user":{"name":"jhowell","domain":"SKYLOOM"},"winlog":{"channel":"Microsoft-Windows-PowerShell/Operational","event_id":4104,"record_id":2220,"computer_name":"eng-bell-04","event_data":{"ScriptBlockText":"Get-CimInstance -ClassName Win32_LogicalDisk","ScriptBlockId":"00000000-0000-0000-0000-000000002220","Path":""}}}
{"@timestamp":"2026-04-22T03:02:32.220674Z","event":{"code":"4104","provider":"Microsoft-Windows-PowerShell","action":"Script Block","category":["process"]},"host":{"hostname":"eng-bell-04","name":"eng-bell-04"},"user":{"name":"jhowell","domain":"SKYLOOM"},"winlog":{"channel":"Microsoft-Windows-PowerShell/Operational","event_id":4104,"record_id":2206,"computer_name":"eng-bell-04","event_data":{"ScriptBlockText":"Get-Hotfix | Sort-Object InstalledOn -Descending | Select-Object -First 5","ScriptBlockId":"00000000-0000-0000-0000-000000002206","Path":""}}}
{"@timestamp":"2026-04-22T03:02:53.101056Z","event":{"code":"4104","provider":"Microsoft-Windows-PowerShell","action":"Script Block","category":["process"]},"host":{"hostname":"eng-bell-04","name":"eng-bell-04"},"user":{"name":"jhowell","domain":"SKYLOOM"},"winlog":{"channel":"Microsoft-Windows-PowerShell/Operational","event_id":4104,"record_id":2167,"computer_name":"eng-bell-04","event_data":{"ScriptBlockText":"Get-CimInstance -ClassName Win32_LogicalDisk","ScriptBlockId":"00000000-0000-0000-0000-000000002167","Path":""}}}
{"@timestamp":"2026-04-22T03:03:19.212742Z","event":{"code":"4104","provider":"Microsoft-Windows-PowerShell","action":"Script Block","category":["process"]},"host":{"hostname":"eng-bell-04","name":"eng-bell-04"},"user":{"name":"jhowell","domain":"SKYLOOM"},"winlog":{"channel":"Microsoft-Windows-PowerShell/Operational","event_id":4104,"record_id":2194,"computer_name":"eng-bell-04","event_data":{"ScriptBlockText":"Get-ScheduledTask | Where-Object State -eq 'Ready' | Select-Object TaskName","ScriptBlockId":"00000000-0000-0000-0000-000000002194","Path":""}}}
{"@timestamp":"2026-04-22T03:03:23.545504Z","event":{"code":"4104","provider":"Microsoft-Windows-PowerShell","action":"Script Block","category":["process"]},"host":{"hostname":"eng-bell-04","name":"eng-bell-04"},"user":{"name":"jhowell","domain":"SKYLOOM"},"winlog":{"channel":"Microsoft-Windows-PowerShell/Operational","event_id":4104,"record_id":2168,"computer_name":"eng-bell-04","event_data":{"ScriptBlockText":"$ErrorActionPreference = 'SilentlyContinue'","ScriptBlockId":"00000000-0000-0000-0000-000000002168","Path":""}}}
{"@timestamp":"2026-04-22T03:03:29.032490Z","event":{"code":"4104","provider":"Microsoft-Windows-PowerShell","action":"Script Block","category":["process"]},"host":{"hostname":"eng-bell-04","name":"eng-bell-04"},"user":{"name":"jhowell","domain":"SKYLOOM"},"winlog":{"channel":"Microsoft-Windows-PowerShell/Operational","event_id":4104,"record_id":2211,"computer_name":"eng-bell-04","event_data":{"ScriptBlockText":"Get-CimInstance -ClassName Win32_LogicalDisk","ScriptBlockId":"00000000-0000-0000-0000-000000002211","Path":""}}}
{"@timestamp":"2026-04-22T03:03:43.869449Z","event":{"code":"4104","provider":"Microsoft-Windows-PowerShell","action":"Script Block","category":["process"]},"host":{"hostname":"eng-bell-04","name":"eng-bell-04"},"user":{"name":"jhowell","domain":"SKYLOOM"},"winlog":{"channel":"Microsoft-Windows-PowerShell/Operational","event_id":4104,"record_id":2173,"computer_name":"eng-bell-04","event_data":{"ScriptBlockText":"Get-Service | Where-Object Status -eq 'Running' | Measure-Object","ScriptBlockId":"00000000-0000-0000-0000-000000002173","Path":""}}}
{"@timestamp":"2026-04-22T03:03:57.530980Z","event":{"code":"4104","provider":"Microsoft-Windows-PowerShell","action":"Script Block","category":["process"]},"host":{"hostname":"eng-bell-04","name":"eng-bell-04"},"user":{"name":"jhowell","domain":"SKYLOOM"},"winlog":{"channel":"Microsoft-Windows-PowerShell/Operational","event_id":4104,"record_id":2169,"computer_name":"eng-bell-04","event_data":{"ScriptBlockText":"$ErrorActionPreference = 'SilentlyContinue'","ScriptBlockId":"00000000-0000-0000-0000-000000002169","Path":""}}}
{"@timestamp":"2026-04-22T03:04:23.867400Z","event":{"code":"4104","provider":"Microsoft-Windows-PowerShell","action":"Script Block","category":["process"]},"host":{"hostname":"eng-bell-04","name":"eng-bell-04"},"user":{"name":"jhowell","domain":"SKYLOOM"},"winlog":{"channel":"Microsoft-Windows-PowerShell/Operational","event_id":4104,"record_id":2213,"computer_name":"eng-bell-04","event_data":{"ScriptBlockText":"Get-Service | Where-Object Status -eq 'Running' | Measure-Object","ScriptBlockId":"00000000-0000-0000-0000-000000002213","Path":""}}}
{"@timestamp":"2026-04-22T03:04:30.329383Z","event":{"code":"4104","provider":"Microsoft-Windows-PowerShell","action":"Script Block","category":["process"]},"host":{"hostname":"eng-bell-04","name":"eng-bell-04"},"user":{"name":"jhowell","domain":"SKYLOOM"},"winlog":{"channel":"Microsoft-Windows-PowerShell/Operational","event_id":4104,"record_id":2177,"computer_name":"eng-bell-04","event_data":{"ScriptBlockText":"$ErrorActionPreference = 'SilentlyContinue'","ScriptBlockId":"00000000-0000-0000-0000-000000002177","Path":""}}}
{"@timestamp":"2026-04-22T03:05:01.794794Z","event":{"code":"4104","provider":"Microsoft-Windows-PowerShell","action":"Script Block","category":["process"]},"host":{"hostname":"eng-bell-04","name":"eng-bell-04"},"user":{"name":"jhowell","domain":"SKYLOOM"},"winlog":{"channel":"Microsoft-Windows-PowerShell/Operational","event_id":4104,"record_id":2172,"computer_name":"eng-bell-04","event_data":{"ScriptBlockText":"Import-Module Microsoft.PowerShell.Management","ScriptBlockId":"00000000-0000-0000-0000-000000002172","Path":""}}}
{"@timestamp":"2026-04-22T03:05:15.915622Z","event":{"code":"4104","provider":"Microsoft-Windows-PowerShell","action":"Script Block","category":["process"]},"host":{"hostname":"eng-bell-04","name":"eng-bell-04"},"user":{"name":"jhowell","domain":"SKYLOOM"},"winlog":{"channel":"Microsoft-Windows-PowerShell/Operational","event_id":4104,"record_id":2193,"computer_name":"eng-bell-04","event_data":{"ScriptBlockText":"Get-NetIPAddress | Where-Object AddressFamily -eq IPv4","ScriptBlockId":"00000000-0000-0000-0000-000000002193","Path":""}}}
{"@timestamp":"2026-04-22T03:05:20.106926Z","event":{"code":"4104","provider":"Microsoft-Windows-PowerShell","action":"Script Block","category":["process"]},"host":{"hostname":"eng-bell-04","name":"eng-bell-04"},"user":{"name":"jhowell","domain":"SKYLOOM"},"winlog":{"channel":"Microsoft-Windows-PowerShell/Operational","event_id":4104,"record_id":2212,"computer_name":"eng-bell-04","event_data":{"ScriptBlockText":"Get-Hotfix | Sort-Object InstalledOn -Descending | Select-Object -First 5","ScriptBlockId":"00000000-0000-0000-0000-000000002212","Path":""}}}
{"@timestamp":"2026-04-22T03:06:33.594166Z","event":{"code":"4104","provider":"Microsoft-Windows-PowerShell","action":"Script Block","category":["process"]},"host":{"hostname":"eng-bell-04","name":"eng-bell-04"},"user":{"name":"jhowell","domain":"SKYLOOM"},"winlog":{"channel":"Microsoft-Windows-PowerShell/Operational","event_id":4104,"record_id":2146,"computer_name":"eng-bell-04","event_data":{"ScriptBlockText":"Get-Service | Where-Object Status -eq 'Running' | Measure-Object","ScriptBlockId":"00000000-0000-0000-0000-000000002146","Path":""}}}
{"@timestamp":"2026-04-22T03:06:53.046054Z","event":{"code":"4104","provider":"Microsoft-Windows-PowerShell","action":"Script Block","category":["process"]},"host":{"hostname":"eng-bell-04","name":"eng-bell-04"},"user":{"name":"jhowell","domain":"SKYLOOM"},"winlog":{"channel":"Microsoft-Windows-PowerShell/Operational","event_id":4104,"record_id":2142,"computer_name":"eng-bell-04","event_data":{"ScriptBlockText":"Get-ChildItem 'C:\\Users\\jhowell\\Documents' -Filter *.docx","ScriptBlockId":"00000000-0000-0000-0000-000000002142","Path":""}}}
{"@timestamp":"2026-04-22T03:07:01.409302Z","event":{"code":"4104","provider":"Microsoft-Windows-PowerShell","action":"Script Block","category":["process"]},"host":{"hostname":"eng-bell-04","name":"eng-bell-04"},"user":{"name":"jhowell","domain":"SKYLOOM"},"winlog":{"channel":"Microsoft-Windows-PowerShell/Operational","event_id":4104,"record_id":2228,"computer_name":"eng-bell-04","event_data":{"ScriptBlockText":"Get-ChildItem 'C:\\Users\\jhowell\\Documents' -Filter *.docx","ScriptBlockId":"00000000-0000-0000-0000-000000002228","Path":""}}}
{"@timestamp":"2026-04-22T03:07:03.722764Z","event":{"code":"4104","provider":"Microsoft-Windows-PowerShell","action":"Script Block","category":["process"]},"host":{"hostname":"eng-bell-04","name":"eng-bell-04"},"user":{"name":"jhowell","domain":"SKYLOOM"},"winlog":{"channel":"Microsoft-Windows-PowerShell/Operational","event_id":4104,"record_id":2195,"computer_name":"eng-bell-04","event_data":{"ScriptBlockText":"$ErrorActionPreference = 'SilentlyContinue'","ScriptBlockId":"00000000-0000-0000-0000-000000002195","Path":""}}}
{"@timestamp":"2026-04-22T03:07:25.285865Z","event":{"code":"4104","provider":"Microsoft-Windows-PowerShell","action":"Script Block","category":["process"]},"host":{"hostname":"eng-bell-04","name":"eng-bell-04"},"user":{"name":"jhowell","domain":"SKYLOOM"},"winlog":{"channel":"Microsoft-Windows-PowerShell/Operational","event_id":4104,"record_id":2187,"computer_name":"eng-bell-04","event_data":{"ScriptBlockText":"Get-LocalUser | Format-Table Name,Enabled,LastLogon","ScriptBlockId":"00000000-0000-0000-0000-000000002187","Path":""}}}
{"@timestamp":"2026-04-22T03:07:32.433125Z","event":{"code":"4104","provider":"Microsoft-Windows-PowerShell","action":"Script Block","category":["process"]},"host":{"hostname":"eng-bell-04","name":"eng-bell-04"},"user":{"name":"jhowell","domain":"SKYLOOM"},"winlog":{"channel":"Microsoft-Windows-PowerShell/Operational","event_id":4104,"record_id":2214,"computer_name":"eng-bell-04","event_data":{"ScriptBlockText":"Get-CimInstance -ClassName Win32_LogicalDisk","ScriptBlockId":"00000000-0000-0000-0000-000000002214","Path":""}}}
{"@timestamp":"2026-04-22T03:07:49.086742Z","event":{"code":"4104","provider":"Microsoft-Windows-PowerShell","action":"Script Block","category":["process"]},"host":{"hostname":"eng-bell-04","name":"eng-bell-04"},"user":{"name":"jhowell","domain":"SKYLOOM"},"winlog":{"channel":"Microsoft-Windows-PowerShell/Operational","event_id":4104,"record_id":2189,"computer_name":"eng-bell-04","event_data":{"ScriptBlockText":"Get-Hotfix | Sort-Object InstalledOn -Descending | Select-Object -First 5","ScriptBlockId":"00000000-0000-0000-0000-000000002189","Path":""}}}
{"@timestamp":"2026-04-22T03:09:00.305656Z","event":{"code":"4104","provider":"Microsoft-Windows-PowerShell","action":"Script Block","category":["process"]},"host":{"hostname":"eng-bell-04","name":"eng-bell-04"},"user":{"name":"jhowell","domain":"SKYLOOM"},"winlog":{"channel":"Microsoft-Windows-PowerShell/Operational","event_id":4104,"record_id":2180,"computer_name":"eng-bell-04","event_data":{"ScriptBlockText":"Test-NetConnection -ComputerName teams.microsoft.com -Port 443","ScriptBlockId":"00000000-0000-0000-0000-000000002180","Path":""}}}
{"@timestamp":"2026-04-22T03:09:08.532754Z","event":{"code":"4104","provider":"Microsoft-Windows-PowerShell","action":"Script Block","category":["process"]},"host":{"hostname":"eng-bell-04","name":"eng-bell-04"},"user":{"name":"jhowell","domain":"SKYLOOM"},"winlog":{"channel":"Microsoft-Windows-PowerShell/Operational","event_id":4104,"record_id":2183,"computer_name":"eng-bell-04","event_data":{"ScriptBlockText":"Import-Module Microsoft.PowerShell.Management","ScriptBlockId":"00000000-0000-0000-0000-000000002183","Path":""}}}
{"@timestamp":"2026-04-22T03:10:04.013521Z","event":{"code":"4104","provider":"Microsoft-Windows-PowerShell","action":"Script Block","category":["process"]},"host":{"hostname":"eng-bell-04","name":"eng-bell-04"},"user":{"name":"jhowell","domain":"SKYLOOM"},"winlog":{"channel":"Microsoft-Windows-PowerShell/Operational","event_id":4104,"record_id":2222,"computer_name":"eng-bell-04","event_data":{"ScriptBlockText":"Get-ScheduledTask | Where-Object State -eq 'Ready' | Select-Object TaskName","ScriptBlockId":"00000000-0000-0000-0000-000000002222","Path":""}}}
{"@timestamp":"2026-04-22T03:11:18.298769Z","event":{"code":"4104","provider":"Microsoft-Windows-PowerShell","action":"Script Block","category":["process"]},"host":{"hostname":"eng-bell-04","name":"eng-bell-04"},"user":{"name":"jhowell","domain":"SKYLOOM"},"winlog":{"channel":"Microsoft-Windows-PowerShell/Operational","event_id":4104,"record_id":2200,"computer_name":"eng-bell-04","event_data":{"ScriptBlockText":"Add-Type -AssemblyName System.Windows.Forms","ScriptBlockId":"00000000-0000-0000-0000-000000002200","Path":""}}}
{"@timestamp":"2026-04-22T03:11:52.707683Z","event":{"code":"4104","provider":"Microsoft-Windows-PowerShell","action":"Script Block","category":["process"]},"host":{"hostname":"eng-bell-04","name":"eng-bell-04"},"user":{"name":"jhowell","domain":"SKYLOOM"},"winlog":{"channel":"Microsoft-Windows-PowerShell/Operational","event_id":4104,"record_id":2162,"computer_name":"eng-bell-04","event_data":{"ScriptBlockText":"Get-Process | Where-Object {$_.CPU -gt 50}","ScriptBlockId":"00000000-0000-0000-0000-000000002162","Path":""}}}
{"@timestamp":"2026-04-22T03:11:55.483867Z","event":{"code":"4104","provider":"Microsoft-Windows-PowerShell","action":"Script Block","category":["process"]},"host":{"hostname":"eng-bell-04","name":"eng-bell-04"},"user":{"name":"jhowell","domain":"SKYLOOM"},"winlog":{"channel":"Microsoft-Windows-PowerShell/Operational","event_id":4104,"record_id":2208,"computer_name":"eng-bell-04","event_data":{"ScriptBlockText":"Import-Module Microsoft.PowerShell.Management","ScriptBlockId":"00000000-0000-0000-0000-000000002208","Path":""}}}
{"@timestamp":"2026-04-22T03:13:10.817429Z","event":{"code":"4104","provider":"Microsoft-Windows-PowerShell","action":"Script Block","category":["process"]},"host":{"hostname":"eng-bell-04","name":"eng-bell-04"},"user":{"name":"jhowell","domain":"SKYLOOM"},"winlog":{"channel":"Microsoft-Windows-PowerShell/Operational","event_id":4104,"record_id":2160,"computer_name":"eng-bell-04","event_data":{"ScriptBlockText":"Get-EventLog -LogName Application -Newest 10","ScriptBlockId":"00000000-0000-0000-0000-000000002160","Path":""}}}
{"@timestamp":"2026-04-22T03:13:28.089649Z","event":{"code":"4104","provider":"Microsoft-Windows-PowerShell","action":"Script Block","category":["process"]},"host":{"hostname":"eng-bell-04","name":"eng-bell-04"},"user":{"name":"jhowell","domain":"SKYLOOM"},"winlog":{"channel":"Microsoft-Windows-PowerShell/Operational","event_id":4104,"record_id":2196,"computer_name":"eng-bell-04","event_data":{"ScriptBlockText":"Get-Process | Where-Object {$_.CPU -gt 50}","ScriptBlockId":"00000000-0000-0000-0000-000000002196","Path":""}}}
{"@timestamp":"2026-04-22T03:13:37.333608Z","event":{"code":"4104","provider":"Microsoft-Windows-PowerShell","action":"Script Block","category":["process"]},"host":{"hostname":"eng-bell-04","name":"eng-bell-04"},"user":{"name":"jhowell","domain":"SKYLOOM"},"winlog":{"channel":"Microsoft-Windows-PowerShell/Operational","event_id":4104,"record_id":2210,"computer_name":"eng-bell-04","event_data":{"ScriptBlockText":"Get-EventLog -LogName Application -Newest 10","ScriptBlockId":"00000000-0000-0000-0000-000000002210","Path":""}}}
{"@timestamp":"2026-04-22T03:14:13.150000Z","event":{"code":"4104","provider":"Microsoft-Windows-PowerShell","action":"Script Block","category":["process"]},"host":{"hostname":"eng-bell-04","name":"eng-bell-04"},"user":{"name":"jhowell","domain":"SKYLOOM"},"winlog":{"channel":"Microsoft-Windows-PowerShell/Operational","event_id":4104,"record_id":1006,"computer_name":"eng-bell-04","event_data":{"ScriptBlockText":"Set-MpPreference -DisableRealtimeMonitoring $true","ScriptBlockId":"00000000-0000-0000-0000-000000001006","Path":""}}}
{"@timestamp":"2026-04-22T03:14:13.550000Z","event":{"code":"4104","provider":"Microsoft-Windows-PowerShell","action":"Script Block","category":["process"]},"host":{"hostname":"eng-bell-04","name":"eng-bell-04"},"user":{"name":"jhowell","domain":"SKYLOOM"},"winlog":{"channel":"Microsoft-Windows-PowerShell/Operational","event_id":4104,"record_id":1008,"computer_name":"eng-bell-04","event_data":{"ScriptBlockText":"Add-MpPreference -ExclusionPath 'C:\\Users\\jhowell\\AppData\\Local\\SystemServices'","ScriptBlockId":"00000000-0000-0000-0000-000000001008","Path":""}}}
{"@timestamp":"2026-04-22T03:14:13.850000Z","event":{"code":"4104","provider":"Microsoft-Windows-PowerShell","action":"Script Block","category":["process"]},"host":{"hostname":"eng-bell-04","name":"eng-bell-04"},"user":{"name":"jhowell","domain":"SKYLOOM"},"winlog":{"channel":"Microsoft-Windows-PowerShell/Operational","event_id":4104,"record_id":1010,"computer_name":"eng-bell-04","event_data":{"ScriptBlockText":"Add-MpPreference -ExclusionProcess 'python.exe'","ScriptBlockId":"00000000-0000-0000-0000-000000001010","Path":""}}}
{"@timestamp":"2026-04-22T03:14:14.150000Z","event":{"code":"4104","provider":"Microsoft-Windows-PowerShell","action":"Script Block","category":["process"]},"host":{"hostname":"eng-bell-04","name":"eng-bell-04"},"user":{"name":"jhowell","domain":"SKYLOOM"},"winlog":{"channel":"Microsoft-Windows-PowerShell/Operational","event_id":4104,"record_id":1012,"computer_name":"eng-bell-04","event_data":{"ScriptBlockText":"Set-MpPreference -DisableBehaviorMonitoring $true","ScriptBlockId":"00000000-0000-0000-0000-000000001012","Path":""}}}
{"@timestamp":"2026-04-22T03:14:14.450000Z","event":{"code":"4104","provider":"Microsoft-Windows-PowerShell","action":"Script Block","category":["process"]},"host":{"hostname":"eng-bell-04","name":"eng-bell-04"},"user":{"name":"jhowell","domain":"SKYLOOM"},"winlog":{"channel":"Microsoft-Windows-PowerShell/Operational","event_id":4104,"record_id":1014,"computer_name":"eng-bell-04","event_data":{"ScriptBlockText":"Set-MpPreference -DisableIOAVProtection $true","ScriptBlockId":"00000000-0000-0000-0000-000000001014","Path":""}}}
{"@timestamp":"2026-04-22T03:14:14.750000Z","event":{"code":"4104","provider":"Microsoft-Windows-PowerShell","action":"Script Block","category":["process"]},"host":{"hostname":"eng-bell-04","name":"eng-bell-04"},"user":{"name":"jhowell","domain":"SKYLOOM"},"winlog":{"channel":"Microsoft-Windows-PowerShell/Operational","event_id":4104,"record_id":1016,"computer_name":"eng-bell-04","event_data":{"ScriptBlockText":"Set-MpPreference -DisableScriptScanning $true","ScriptBlockId":"00000000-0000-0000-0000-000000001016","Path":""}}}
{"@timestamp":"2026-04-22T03:14:17.550000Z","event":{"code":"4104","provider":"Microsoft-Windows-PowerShell","action":"Script Block","category":["process"]},"host":{"hostname":"eng-bell-04","name":"eng-bell-04"},"user":{"name":"jhowell","domain":"SKYLOOM"},"winlog":{"channel":"Microsoft-Windows-PowerShell/Operational","event_id":4104,"record_id":1027,"computer_name":"eng-bell-04","event_data":{"ScriptBlockText":"Set-ItemProperty 'HKLM:\\SOFTWARE\\Policies\\Microsoft\\Windows\\PowerShell\\ScriptBlockLogging' -Name EnableScriptBlockLogging -Value 0","ScriptBlockId":"00000000-0000-0000-0000-000000001027","Path":""}}}
{"@timestamp":"2026-04-22T03:14:22.307396Z","event":{"code":"4104","provider":"Microsoft-Windows-PowerShell","action":"Script Block","category":["process"]},"host":{"hostname":"eng-bell-04","name":"eng-bell-04"},"user":{"name":"jhowell","domain":"SKYLOOM"},"winlog":{"channel":"Microsoft-Windows-PowerShell/Operational","event_id":4104,"record_id":2190,"computer_name":"eng-bell-04","event_data":{"ScriptBlockText":"[System.Environment]::GetEnvironmentVariable('USERDOMAIN','User')","ScriptBlockId":"00000000-0000-0000-0000-000000002190","Path":""}}}
{"@timestamp":"2026-04-22T03:15:00.661182Z","event":{"code":"4104","provider":"Microsoft-Windows-PowerShell","action":"Script Block","category":["process"]},"host":{"hostname":"eng-bell-04","name":"eng-bell-04"},"user":{"name":"jhowell","domain":"SKYLOOM"},"winlog":{"channel":"Microsoft-Windows-PowerShell/Operational","event_id":4104,"record_id":2176,"computer_name":"eng-bell-04","event_data":{"ScriptBlockText":"Get-WmiObject Win32_OperatingSystem | Select-Object Caption,Version","ScriptBlockId":"00000000-0000-0000-0000-000000002176","Path":""}}}
{"@timestamp":"2026-04-22T03:15:07.512779Z","event":{"code":"4104","provider":"Microsoft-Windows-PowerShell","action":"Script Block","category":["process"]},"host":{"hostname":"eng-bell-04","name":"eng-bell-04"},"user":{"name":"jhowell","domain":"SKYLOOM"},"winlog":{"channel":"Microsoft-Windows-PowerShell/Operational","event_id":4104,"record_id":2188,"computer_name":"eng-bell-04","event_data":{"ScriptBlockText":"Get-ScheduledTask | Where-Object State -eq 'Ready' | Select-Object TaskName","ScriptBlockId":"00000000-0000-0000-0000-000000002188","Path":""}}}
{"@timestamp":"2026-04-22T03:15:51.921315Z","event":{"code":"4104","provider":"Microsoft-Windows-PowerShell","action":"Script Block","category":["process"]},"host":{"hostname":"eng-bell-04","name":"eng-bell-04"},"user":{"name":"jhowell","domain":"SKYLOOM"},"winlog":{"channel":"Microsoft-Windows-PowerShell/Operational","event_id":4104,"record_id":2161,"computer_name":"eng-bell-04","event_data":{"ScriptBlockText":"Add-Type -AssemblyName System.Windows.Forms","ScriptBlockId":"00000000-0000-0000-0000-000000002161","Path":""}}}
{"@timestamp":"2026-04-22T03:16:24.801678Z","event":{"code":"4104","provider":"Microsoft-Windows-PowerShell","action":"Script Block","category":["process"]},"host":{"hostname":"eng-bell-04","name":"eng-bell-04"},"user":{"name":"jhowell","domain":"SKYLOOM"},"winlog":{"channel":"Microsoft-Windows-PowerShell/Operational","event_id":4104,"record_id":2218,"computer_name":"eng-bell-04","event_data":{"ScriptBlockText":"Get-ScheduledTask | Where-Object State -eq 'Ready' | Select-Object TaskName","ScriptBlockId":"00000000-0000-0000-0000-000000002218","Path":""}}}
{"@timestamp":"2026-04-22T03:16:25.757246Z","event":{"code":"4104","provider":"Microsoft-Windows-PowerShell","action":"Script Block","category":["process"]},"host":{"hostname":"eng-bell-04","name":"eng-bell-04"},"user":{"name":"jhowell","domain":"SKYLOOM"},"winlog":{"channel":"Microsoft-Windows-PowerShell/Operational","event_id":4104,"record_id":2226,"computer_name":"eng-bell-04","event_data":{"ScriptBlockText":"Get-Hotfix | Sort-Object InstalledOn -Descending | Select-Object -First 5","ScriptBlockId":"00000000-0000-0000-0000-000000002226","Path":""}}}
{"@timestamp":"2026-04-22T03:17:10.277381Z","event":{"code":"4104","provider":"Microsoft-Windows-PowerShell","action":"Script Block","category":["process"]},"host":{"hostname":"eng-bell-04","name":"eng-bell-04"},"user":{"name":"jhowell","domain":"SKYLOOM"},"winlog":{"channel":"Microsoft-Windows-PowerShell/Operational","event_id":4104,"record_id":2192,"computer_name":"eng-bell-04","event_data":{"ScriptBlockText":"Get-ScheduledTask | Where-Object State -eq 'Ready' | Select-Object TaskName","ScriptBlockId":"00000000-0000-0000-0000-000000002192","Path":""}}}
{"@timestamp":"2026-04-22T03:17:44.848278Z","event":{"code":"4104","provider":"Microsoft-Windows-PowerShell","action":"Script Block","category":["process"]},"host":{"hostname":"eng-bell-04","name":"eng-bell-04"},"user":{"name":"jhowell","domain":"SKYLOOM"},"winlog":{"channel":"Microsoft-Windows-PowerShell/Operational","event_id":4104,"record_id":2229,"computer_name":"eng-bell-04","event_data":{"ScriptBlockText":"Get-EventLog -LogName Application -Newest 10","ScriptBlockId":"00000000-0000-0000-0000-000000002229","Path":""}}}
{"@timestamp":"2026-04-22T03:17:56.180019Z","event":{"code":"4104","provider":"Microsoft-Windows-PowerShell","action":"Script Block","category":["process"]},"host":{"hostname":"eng-bell-04","name":"eng-bell-04"},"user":{"name":"jhowell","domain":"SKYLOOM"},"winlog":{"channel":"Microsoft-Windows-PowerShell/Operational","event_id":4104,"record_id":2166,"computer_name":"eng-bell-04","event_data":{"ScriptBlockText":"Get-ChildItem 'C:\\Users\\jhowell\\Documents' -Filter *.docx","ScriptBlockId":"00000000-0000-0000-0000-000000002166","Path":""}}}
{"@timestamp":"2026-04-22T03:19:17.880854Z","event":{"code":"4104","provider":"Microsoft-Windows-PowerShell","action":"Script Block","category":["process"]},"host":{"hostname":"eng-bell-04","name":"eng-bell-04"},"user":{"name":"jhowell","domain":"SKYLOOM"},"winlog":{"channel":"Microsoft-Windows-PowerShell/Operational","event_id":4104,"record_id":2184,"computer_name":"eng-bell-04","event_data":{"ScriptBlockText":"Get-LocalUser | Format-Table Name,Enabled,LastLogon","ScriptBlockId":"00000000-0000-0000-0000-000000002184","Path":""}}}
{"@timestamp":"2026-04-22T03:19:25.248574Z","event":{"code":"4104","provider":"Microsoft-Windows-PowerShell","action":"Script Block","category":["process"]},"host":{"hostname":"eng-bell-04","name":"eng-bell-04"},"user":{"name":"jhowell","domain":"SKYLOOM"},"winlog":{"channel":"Microsoft-Windows-PowerShell/Operational","event_id":4104,"record_id":2149,"computer_name":"eng-bell-04","event_data":{"ScriptBlockText":"Get-EventLog -LogName Application -Newest 10","ScriptBlockId":"00000000-0000-0000-0000-000000002149","Path":""}}}
{"@timestamp":"2026-04-22T03:19:40.231364Z","event":{"code":"4104","provider":"Microsoft-Windows-PowerShell","action":"Script Block","category":["process"]},"host":{"hostname":"eng-bell-04","name":"eng-bell-04"},"user":{"name":"jhowell","domain":"SKYLOOM"},"winlog":{"channel":"Microsoft-Windows-PowerShell/Operational","event_id":4104,"record_id":2227,"computer_name":"eng-bell-04","event_data":{"ScriptBlockText":"Get-CimInstance -ClassName Win32_LogicalDisk","ScriptBlockId":"00000000-0000-0000-0000-000000002227","Path":""}}}
{"@timestamp":"2026-04-22T03:20:28.593474Z","event":{"code":"4104","provider":"Microsoft-Windows-PowerShell","action":"Script Block","category":["process"]},"host":{"hostname":"eng-bell-04","name":"eng-bell-04"},"user":{"name":"jhowell","domain":"SKYLOOM"},"winlog":{"channel":"Microsoft-Windows-PowerShell/Operational","event_id":4104,"record_id":2153,"computer_name":"eng-bell-04","event_data":{"ScriptBlockText":"Import-Module Microsoft.PowerShell.Management","ScriptBlockId":"00000000-0000-0000-0000-000000002153","Path":""}}}
{"@timestamp":"2026-04-22T03:21:32.428400Z","event":{"code":"4104","provider":"Microsoft-Windows-PowerShell","action":"Script Block","category":["process"]},"host":{"hostname":"eng-bell-04","name":"eng-bell-04"},"user":{"name":"jhowell","domain":"SKYLOOM"},"winlog":{"channel":"Microsoft-Windows-PowerShell/Operational","event_id":4104,"record_id":2203,"computer_name":"eng-bell-04","event_data":{"ScriptBlockText":"Get-Service | Where-Object Status -eq 'Running' | Measure-Object","ScriptBlockId":"00000000-0000-0000-0000-000000002203","Path":""}}}
{"@timestamp":"2026-04-22T03:21:41.803604Z","event":{"code":"4104","provider":"Microsoft-Windows-PowerShell","action":"Script Block","category":["process"]},"host":{"hostname":"eng-bell-04","name":"eng-bell-04"},"user":{"name":"jhowell","domain":"SKYLOOM"},"winlog":{"channel":"Microsoft-Windows-PowerShell/Operational","event_id":4104,"record_id":2159,"computer_name":"eng-bell-04","event_data":{"ScriptBlockText":"Get-EventLog -LogName Application -Newest 10","ScriptBlockId":"00000000-0000-0000-0000-000000002159","Path":""}}}
{"@timestamp":"2026-04-22T03:23:41.932467Z","event":{"code":"4104","provider":"Microsoft-Windows-PowerShell","action":"Script Block","category":["process"]},"host":{"hostname":"eng-bell-04","name":"eng-bell-04"},"user":{"name":"jhowell","domain":"SKYLOOM"},"winlog":{"channel":"Microsoft-Windows-PowerShell/Operational","event_id":4104,"record_id":2170,"computer_name":"eng-bell-04","event_data":{"ScriptBlockText":"Get-Hotfix | Sort-Object InstalledOn -Descending | Select-Object -First 5","ScriptBlockId":"00000000-0000-0000-0000-000000002170","Path":""}}}
{"@timestamp":"2026-04-22T03:24:12.517298Z","event":{"code":"4104","provider":"Microsoft-Windows-PowerShell","action":"Script Block","category":["process"]},"host":{"hostname":"eng-bell-04","name":"eng-bell-04"},"user":{"name":"jhowell","domain":"SKYLOOM"},"winlog":{"channel":"Microsoft-Windows-PowerShell/Operational","event_id":4104,"record_id":2202,"computer_name":"eng-bell-04","event_data":{"ScriptBlockText":"Get-ChildItem 'C:\\Users\\jhowell\\Documents' -Filter *.docx","ScriptBlockId":"00000000-0000-0000-0000-000000002202","Path":""}}}
{"@timestamp":"2026-04-22T03:24:31.806938Z","event":{"code":"4104","provider":"Microsoft-Windows-PowerShell","action":"Script Block","category":["process"]},"host":{"hostname":"eng-bell-04","name":"eng-bell-04"},"user":{"name":"jhowell","domain":"SKYLOOM"},"winlog":{"channel":"Microsoft-Windows-PowerShell/Operational","event_id":4104,"record_id":2152,"computer_name":"eng-bell-04","event_data":{"ScriptBlockText":"[System.Environment]::GetEnvironmentVariable('USERDOMAIN','User')","ScriptBlockId":"00000000-0000-0000-0000-000000002152","Path":""}}}
{"@timestamp":"2026-04-22T03:24:59.591217Z","event":{"code":"4104","provider":"Microsoft-Windows-PowerShell","action":"Script Block","category":["process"]},"host":{"hostname":"eng-bell-04","name":"eng-bell-04"},"user":{"name":"jhowell","domain":"SKYLOOM"},"winlog":{"channel":"Microsoft-Windows-PowerShell/Operational","event_id":4104,"record_id":2221,"computer_name":"eng-bell-04","event_data":{"ScriptBlockText":"Get-Process | Where-Object {$_.CPU -gt 50}","ScriptBlockId":"00000000-0000-0000-0000-000000002221","Path":""}}}
{"@timestamp":"2026-04-22T03:25:30.737350Z","event":{"code":"4104","provider":"Microsoft-Windows-PowerShell","action":"Script Block","category":["process"]},"host":{"hostname":"eng-bell-04","name":"eng-bell-04"},"user":{"name":"jhowell","domain":"SKYLOOM"},"winlog":{"channel":"Microsoft-Windows-PowerShell/Operational","event_id":4104,"record_id":2198,"computer_name":"eng-bell-04","event_data":{"ScriptBlockText":"Import-Module Microsoft.PowerShell.Management","ScriptBlockId":"00000000-0000-0000-0000-000000002198","Path":""}}}
{"@timestamp":"2026-04-22T03:26:19.490051Z","event":{"code":"4104","provider":"Microsoft-Windows-PowerShell","action":"Script Block","category":["process"]},"host":{"hostname":"eng-bell-04","name":"eng-bell-04"},"user":{"name":"jhowell","domain":"SKYLOOM"},"winlog":{"channel":"Microsoft-Windows-PowerShell/Operational","event_id":4104,"record_id":2144,"computer_name":"eng-bell-04","event_data":{"ScriptBlockText":"Get-Process | Where-Object {$_.CPU -gt 50}","ScriptBlockId":"00000000-0000-0000-0000-000000002144","Path":""}}}
{"@timestamp":"2026-04-22T03:27:01.913363Z","event":{"code":"4104","provider":"Microsoft-Windows-PowerShell","action":"Script Block","category":["process"]},"host":{"hostname":"eng-bell-04","name":"eng-bell-04"},"user":{"name":"jhowell","domain":"SKYLOOM"},"winlog":{"channel":"Microsoft-Windows-PowerShell/Operational","event_id":4104,"record_id":2148,"computer_name":"eng-bell-04","event_data":{"ScriptBlockText":"Import-Module Microsoft.PowerShell.Management","ScriptBlockId":"00000000-0000-0000-0000-000000002148","Path":""}}}
{"@timestamp":"2026-04-22T03:27:06.874935Z","event":{"code":"4104","provider":"Microsoft-Windows-PowerShell","action":"Script Block","category":["process"]},"host":{"hostname":"eng-bell-04","name":"eng-bell-04"},"user":{"name":"jhowell","domain":"SKYLOOM"},"winlog":{"channel":"Microsoft-Windows-PowerShell/Operational","event_id":4104,"record_id":2216,"computer_name":"eng-bell-04","event_data":{"ScriptBlockText":"Get-CimInstance -ClassName Win32_LogicalDisk","ScriptBlockId":"00000000-0000-0000-0000-000000002216","Path":""}}}
{"@timestamp":"2026-04-22T03:27:16.815739Z","event":{"code":"4104","provider":"Microsoft-Windows-PowerShell","action":"Script Block","category":["process"]},"host":{"hostname":"eng-bell-04","name":"eng-bell-04"},"user":{"name":"jhowell","domain":"SKYLOOM"},"winlog":{"channel":"Microsoft-Windows-PowerShell/Operational","event_id":4104,"record_id":2165,"computer_name":"eng-bell-04","event_data":{"ScriptBlockText":"Get-Service | Where-Object Status -eq 'Running' | Measure-Object","ScriptBlockId":"00000000-0000-0000-0000-000000002165","Path":""}}}
{"@timestamp":"2026-04-22T03:28:34.367682Z","event":{"code":"4104","provider":"Microsoft-Windows-PowerShell","action":"Script Block","category":["process"]},"host":{"hostname":"eng-bell-04","name":"eng-bell-04"},"user":{"name":"jhowell","domain":"SKYLOOM"},"winlog":{"channel":"Microsoft-Windows-PowerShell/Operational","event_id":4104,"record_id":2224,"computer_name":"eng-bell-04","event_data":{"ScriptBlockText":"[System.Environment]::GetEnvironmentVariable('USERDOMAIN','User')","ScriptBlockId":"00000000-0000-0000-0000-000000002224","Path":""}}}
{"@timestamp":"2026-04-22T03:29:04.777763Z","event":{"code":"4104","provider":"Microsoft-Windows-PowerShell","action":"Script Block","category":["process"]},"host":{"hostname":"eng-bell-04","name":"eng-bell-04"},"user":{"name":"jhowell","domain":"SKYLOOM"},"winlog":{"channel":"Microsoft-Windows-PowerShell/Operational","event_id":4104,"record_id":2225,"computer_name":"eng-bell-04","event_data":{"ScriptBlockText":"Get-EventLog -LogName Application -Newest 10","ScriptBlockId":"00000000-0000-0000-0000-000000002225","Path":""}}}
{"@timestamp":"2026-04-22T03:29:54.326916Z","event":{"code":"4104","provider":"Microsoft-Windows-PowerShell","action":"Script Block","category":["process"]},"host":{"hostname":"eng-bell-04","name":"eng-bell-04"},"user":{"name":"jhowell","domain":"SKYLOOM"},"winlog":{"channel":"Microsoft-Windows-PowerShell/Operational","event_id":4104,"record_id":2143,"computer_name":"eng-bell-04","event_data":{"ScriptBlockText":"Get-Hotfix | Sort-Object InstalledOn -Descending | Select-Object -First 5","ScriptBlockId":"00000000-0000-0000-0000-000000002143","Path":""}}}
{"@timestamp":"2026-04-22T03:29:57.448628Z","event":{"code":"4104","provider":"Microsoft-Windows-PowerShell","action":"Script Block","category":["process"]},"host":{"hostname":"eng-bell-04","name":"eng-bell-04"},"user":{"name":"jhowell","domain":"SKYLOOM"},"winlog":{"channel":"Microsoft-Windows-PowerShell/Operational","event_id":4104,"record_id":2201,"computer_name":"eng-bell-04","event_data":{"ScriptBlockText":"Get-CimInstance -ClassName Win32_LogicalDisk","ScriptBlockId":"00000000-0000-0000-0000-000000002201","Path":""}}}
{"@timestamp":"2026-04-22T03:30:01.896777Z","event":{"code":"4104","provider":"Microsoft-Windows-PowerShell","action":"Script Block","category":["process"]},"host":{"hostname":"eng-bell-04","name":"eng-bell-04"},"user":{"name":"jhowell","domain":"SKYLOOM"},"winlog":{"channel":"Microsoft-Windows-PowerShell/Operational","event_id":4104,"record_id":2199,"computer_name":"eng-bell-04","event_data":{"ScriptBlockText":"Get-Process | Where-Object {$_.CPU -gt 50}","ScriptBlockId":"00000000-0000-0000-0000-000000002199","Path":""}}}
{"@timestamp":"2026-04-22T03:30:04.095107Z","event":{"code":"4104","provider":"Microsoft-Windows-PowerShell","action":"Script Block","category":["process"]},"host":{"hostname":"eng-bell-04","name":"eng-bell-04"},"user":{"name":"jhowell","domain":"SKYLOOM"},"winlog":{"channel":"Microsoft-Windows-PowerShell/Operational","event_id":4104,"record_id":2147,"computer_name":"eng-bell-04","event_data":{"ScriptBlockText":"$ErrorActionPreference = 'SilentlyContinue'","ScriptBlockId":"00000000-0000-0000-0000-000000002147","Path":""}}}
{"@timestamp":"2026-04-22T03:30:05.679522Z","event":{"code":"4104","provider":"Microsoft-Windows-PowerShell","action":"Script Block","category":["process"]},"host":{"hostname":"eng-bell-04","name":"eng-bell-04"},"user":{"name":"jhowell","domain":"SKYLOOM"},"winlog":{"channel":"Microsoft-Windows-PowerShell/Operational","event_id":4104,"record_id":2164,"computer_name":"eng-bell-04","event_data":{"ScriptBlockText":"Get-WmiObject Win32_OperatingSystem | Select-Object Caption,Version","ScriptBlockId":"00000000-0000-0000-0000-000000002164","Path":""}}}
{"@timestamp":"2026-04-22T03:30:35.096756Z","event":{"code":"4104","provider":"Microsoft-Windows-PowerShell","action":"Script Block","category":["process"]},"host":{"hostname":"eng-bell-04","name":"eng-bell-04"},"user":{"name":"jhowell","domain":"SKYLOOM"},"winlog":{"channel":"Microsoft-Windows-PowerShell/Operational","event_id":4104,"record_id":2191,"computer_name":"eng-bell-04","event_data":{"ScriptBlockText":"Add-Type -AssemblyName System.Windows.Forms","ScriptBlockId":"00000000-0000-0000-0000-000000002191","Path":""}}}
{"@timestamp":"2026-04-22T03:30:56.968890Z","event":{"code":"4104","provider":"Microsoft-Windows-PowerShell","action":"Script Block","category":["process"]},"host":{"hostname":"eng-bell-04","name":"eng-bell-04"},"user":{"name":"jhowell","domain":"SKYLOOM"},"winlog":{"channel":"Microsoft-Windows-PowerShell/Operational","event_id":4104,"record_id":2207,"computer_name":"eng-bell-04","event_data":{"ScriptBlockText":"$ErrorActionPreference = 'SilentlyContinue'","ScriptBlockId":"00000000-0000-0000-0000-000000002207","Path":""}}}
{"@timestamp":"2026-04-22T03:32:38.943928Z","event":{"code":"4104","provider":"Microsoft-Windows-PowerShell","action":"Script Block","category":["process"]},"host":{"hostname":"eng-bell-04","name":"eng-bell-04"},"user":{"name":"jhowell","domain":"SKYLOOM"},"winlog":{"channel":"Microsoft-Windows-PowerShell/Operational","event_id":4104,"record_id":2219,"computer_name":"eng-bell-04","event_data":{"ScriptBlockText":"Import-Module Microsoft.PowerShell.Management","ScriptBlockId":"00000000-0000-0000-0000-000000002219","Path":""}}}
{"@timestamp":"2026-04-22T03:32:42.327335Z","event":{"code":"4104","provider":"Microsoft-Windows-PowerShell","action":"Script Block","category":["process"]},"host":{"hostname":"eng-bell-04","name":"eng-bell-04"},"user":{"name":"jhowell","domain":"SKYLOOM"},"winlog":{"channel":"Microsoft-Windows-PowerShell/Operational","event_id":4104,"record_id":2186,"computer_name":"eng-bell-04","event_data":{"ScriptBlockText":"Import-Module Microsoft.PowerShell.Management","ScriptBlockId":"00000000-0000-0000-0000-000000002186","Path":""}}}
{"@timestamp":"2026-04-22T03:32:47.139811Z","event":{"code":"4104","provider":"Microsoft-Windows-PowerShell","action":"Script Block","category":["process"]},"host":{"hostname":"eng-bell-04","name":"eng-bell-04"},"user":{"name":"jhowell","domain":"SKYLOOM"},"winlog":{"channel":"Microsoft-Windows-PowerShell/Operational","event_id":4104,"record_id":2156,"computer_name":"eng-bell-04","event_data":{"ScriptBlockText":"Get-LocalUser | Format-Table Name,Enabled,LastLogon","ScriptBlockId":"00000000-0000-0000-0000-000000002156","Path":""}}}
{"@timestamp":"2026-04-22T03:33:22.608413Z","event":{"code":"4104","provider":"Microsoft-Windows-PowerShell","action":"Script Block","category":["process"]},"host":{"hostname":"eng-bell-04","name":"eng-bell-04"},"user":{"name":"jhowell","domain":"SKYLOOM"},"winlog":{"channel":"Microsoft-Windows-PowerShell/Operational","event_id":4104,"record_id":2145,"computer_name":"eng-bell-04","event_data":{"ScriptBlockText":"Get-LocalUser | Format-Table Name,Enabled,LastLogon","ScriptBlockId":"00000000-0000-0000-0000-000000002145","Path":""}}}
{"@timestamp":"2026-04-22T03:33:37.180558Z","event":{"code":"4104","provider":"Microsoft-Windows-PowerShell","action":"Script Block","category":["process"]},"host":{"hostname":"eng-bell-04","name":"eng-bell-04"},"user":{"name":"jhowell","domain":"SKYLOOM"},"winlog":{"channel":"Microsoft-Windows-PowerShell/Operational","event_id":4104,"record_id":2181,"computer_name":"eng-bell-04","event_data":{"ScriptBlockText":"Get-ChildItem 'C:\\Users\\jhowell\\Documents' -Filter *.docx","ScriptBlockId":"00000000-0000-0000-0000-000000002181","Path":""}}}
{"@timestamp":"2026-04-22T03:33:40.456466Z","event":{"code":"4104","provider":"Microsoft-Windows-PowerShell","action":"Script Block","category":["process"]},"host":{"hostname":"eng-bell-04","name":"eng-bell-04"},"user":{"name":"jhowell","domain":"SKYLOOM"},"winlog":{"channel":"Microsoft-Windows-PowerShell/Operational","event_id":4104,"record_id":2171,"computer_name":"eng-bell-04","event_data":{"ScriptBlockText":"Get-Hotfix | Sort-Object InstalledOn -Descending | Select-Object -First 5","ScriptBlockId":"00000000-0000-0000-0000-000000002171","Path":""}}}
{"@timestamp":"2026-04-22T03:34:05.380064Z","event":{"code":"4104","provider":"Microsoft-Windows-PowerShell","action":"Script Block","category":["process"]},"host":{"hostname":"eng-bell-04","name":"eng-bell-04"},"user":{"name":"jhowell","domain":"SKYLOOM"},"winlog":{"channel":"Microsoft-Windows-PowerShell/Operational","event_id":4104,"record_id":2174,"computer_name":"eng-bell-04","event_data":{"ScriptBlockText":"Get-Process | Where-Object {$_.CPU -gt 50}","ScriptBlockId":"00000000-0000-0000-0000-000000002174","Path":""}}}
{"@timestamp":"2026-04-22T03:34:46.668284Z","event":{"code":"4104","provider":"Microsoft-Windows-PowerShell","action":"Script Block","category":["process"]},"host":{"hostname":"eng-bell-04","name":"eng-bell-04"},"user":{"name":"jhowell","domain":"SKYLOOM"},"winlog":{"channel":"Microsoft-Windows-PowerShell/Operational","event_id":4104,"record_id":2230,"computer_name":"eng-bell-04","event_data":{"ScriptBlockText":"Add-Type -AssemblyName System.Windows.Forms","ScriptBlockId":"00000000-0000-0000-0000-000000002230","Path":""}}}
{"@timestamp":"2026-04-22T03:34:54.922291Z","event":{"code":"4104","provider":"Microsoft-Windows-PowerShell","action":"Script Block","category":["process"]},"host":{"hostname":"eng-bell-04","name":"eng-bell-04"},"user":{"name":"jhowell","domain":"SKYLOOM"},"winlog":{"channel":"Microsoft-Windows-PowerShell/Operational","event_id":4104,"record_id":2215,"computer_name":"eng-bell-04","event_data":{"ScriptBlockText":"Get-EventLog -LogName Application -Newest 10","ScriptBlockId":"00000000-0000-0000-0000-000000002215","Path":""}}}
{"@timestamp":"2026-04-22T03:35:33.438313Z","event":{"code":"4104","provider":"Microsoft-Windows-PowerShell","action":"Script Block","category":["process"]},"host":{"hostname":"eng-bell-04","name":"eng-bell-04"},"user":{"name":"jhowell","domain":"SKYLOOM"},"winlog":{"channel":"Microsoft-Windows-PowerShell/Operational","event_id":4104,"record_id":2155,"computer_name":"eng-bell-04","event_data":{"ScriptBlockText":"Get-EventLog -LogName Application -Newest 10","ScriptBlockId":"00000000-0000-0000-0000-000000002155","Path":""}}}
{"@timestamp":"2026-04-22T03:35:52.843652Z","event":{"code":"4104","provider":"Microsoft-Windows-PowerShell","action":"Script Block","category":["process"]},"host":{"hostname":"eng-bell-04","name":"eng-bell-04"},"user":{"name":"jhowell","domain":"SKYLOOM"},"winlog":{"channel":"Microsoft-Windows-PowerShell/Operational","event_id":4104,"record_id":2204,"computer_name":"eng-bell-04","event_data":{"ScriptBlockText":"Test-NetConnection -ComputerName teams.microsoft.com -Port 443","ScriptBlockId":"00000000-0000-0000-0000-000000002204","Path":""}}}
{"@timestamp":"2026-04-22T03:38:03.938046Z","event":{"code":"4104","provider":"Microsoft-Windows-PowerShell","action":"Script Block","category":["process"]},"host":{"hostname":"eng-bell-04","name":"eng-bell-04"},"user":{"name":"jhowell","domain":"SKYLOOM"},"winlog":{"channel":"Microsoft-Windows-PowerShell/Operational","event_id":4104,"record_id":2154,"computer_name":"eng-bell-04","event_data":{"ScriptBlockText":"Get-ScheduledTask | Where-Object State -eq 'Ready' | Select-Object TaskName","ScriptBlockId":"00000000-0000-0000-0000-000000002154","Path":""}}}
{"@timestamp":"2026-04-22T03:38:09.082553Z","event":{"code":"4104","provider":"Microsoft-Windows-PowerShell","action":"Script Block","category":["process"]},"host":{"hostname":"eng-bell-04","name":"eng-bell-04"},"user":{"name":"jhowell","domain":"SKYLOOM"},"winlog":{"channel":"Microsoft-Windows-PowerShell/Operational","event_id":4104,"record_id":2185,"computer_name":"eng-bell-04","event_data":{"ScriptBlockText":"Get-ChildItem 'C:\\Users\\jhowell\\Documents' -Filter *.docx","ScriptBlockId":"00000000-0000-0000-0000-000000002185","Path":""}}}
{"@timestamp":"2026-04-22T03:38:59.200728Z","event":{"code":"4104","provider":"Microsoft-Windows-PowerShell","action":"Script Block","category":["process"]},"host":{"hostname":"eng-bell-04","name":"eng-bell-04"},"user":{"name":"jhowell","domain":"SKYLOOM"},"winlog":{"channel":"Microsoft-Windows-PowerShell/Operational","event_id":4104,"record_id":2205,"computer_name":"eng-bell-04","event_data":{"ScriptBlockText":"Get-LocalUser | Format-Table Name,Enabled,LastLogon","ScriptBlockId":"00000000-0000-0000-0000-000000002205","Path":""}}}
{"@timestamp":"2026-04-22T03:39:59.095246Z","event":{"code":"4104","provider":"Microsoft-Windows-PowerShell","action":"Script Block","category":["process"]},"host":{"hostname":"eng-bell-04","name":"eng-bell-04"},"user":{"name":"jhowell","domain":"SKYLOOM"},"winlog":{"channel":"Microsoft-Windows-PowerShell/Operational","event_id":4104,"record_id":2179,"computer_name":"eng-bell-04","event_data":{"ScriptBlockText":"Get-Hotfix | Sort-Object InstalledOn -Descending | Select-Object -First 5","ScriptBlockId":"00000000-0000-0000-0000-000000002179","Path":""}}}
{"@timestamp":"2026-04-22T03:40:29.485787Z","event":{"code":"4104","provider":"Microsoft-Windows-PowerShell","action":"Script Block","category":["process"]},"host":{"hostname":"eng-bell-04","name":"eng-bell-04"},"user":{"name":"jhowell","domain":"SKYLOOM"},"winlog":{"channel":"Microsoft-Windows-PowerShell/Operational","event_id":4104,"record_id":2158,"computer_name":"eng-bell-04","event_data":{"ScriptBlockText":"Add-Type -AssemblyName System.Windows.Forms","ScriptBlockId":"00000000-0000-0000-0000-000000002158","Path":""}}}
{"@timestamp":"2026-04-22T03:41:38.939689Z","event":{"code":"4104","provider":"Microsoft-Windows-PowerShell","action":"Script Block","category":["process"]},"host":{"hostname":"eng-bell-04","name":"eng-bell-04"},"user":{"name":"jhowell","domain":"SKYLOOM"},"winlog":{"channel":"Microsoft-Windows-PowerShell/Operational","event_id":4104,"record_id":2141,"computer_name":"eng-bell-04","event_data":{"ScriptBlockText":"Get-NetIPAddress | Where-Object AddressFamily -eq IPv4","ScriptBlockId":"00000000-0000-0000-0000-000000002141","Path":""}}}
{"@timestamp":"2026-04-22T03:42:19.311489Z","event":{"code":"4104","provider":"Microsoft-Windows-PowerShell","action":"Script Block","category":["process"]},"host":{"hostname":"eng-bell-04","name":"eng-bell-04"},"user":{"name":"jhowell","domain":"SKYLOOM"},"winlog":{"channel":"Microsoft-Windows-PowerShell/Operational","event_id":4104,"record_id":2197,"computer_name":"eng-bell-04","event_data":{"ScriptBlockText":"Import-Module Microsoft.PowerShell.Management","ScriptBlockId":"00000000-0000-0000-0000-000000002197","Path":""}}}
