{"@timestamp":"2026-04-22T03:34:41.694074Z","event":{"code":"3","provider":"Microsoft-Windows-Sysmon","action":"Network Connect","category":["network"]},"host":{"hostname":"eng-bell-04","name":"eng-bell-04"},"user":{"name":"jhowell","domain":"SKYLOOM"},"process":{"executable":"C:\\Users\\jhowell\\AppData\\Local\\Microsoft\\Teams\\current\\Teams.exe","name":"Teams.exe"},"destination":{"ip":"23.32.238.219","port":443,"domain":"settings-win.data.microsoft.com"},"winlog":{"channel":"Microsoft-Windows-Sysmon/Operational","event_id":3,"record_id":1813,"computer_name":"eng-bell-04","event_data":{"Image":"C:\\Users\\jhowell\\AppData\\Local\\Microsoft\\Teams\\current\\Teams.exe","User":"SKYLOOM\\jhowell","DestinationIp":"23.32.238.219","DestinationPort":443,"DestinationHostname":"settings-win.data.microsoft.com","Protocol":"tcp","UtcTime":"2026-04-22 03:34:41.694"}}}
{"@timestamp":"2026-04-22T03:34:43.339207Z","event":{"code":"1","provider":"Microsoft-Windows-Sysmon","action":"Process Create","category":["process"],"type":["start"]},"host":{"hostname":"eng-bell-04","name":"eng-bell-04"},"user":{"name":"jhowell","domain":"SKYLOOM"},"process":{"executable":"C:\\Program Files (x86)\\Microsoft\\EdgeUpdate\\MicrosoftEdgeUpdate.exe","name":"MicrosoftEdgeUpdate.exe","command_line":"\"C:\\Program Files (x86)\\Microsoft\\EdgeUpdate\\MicrosoftEdgeUpdate.exe\" /ua /installsource scheduler","parent":{"executable":"C:\\Program Files (x86)\\Microsoft\\EdgeUpdate\\MicrosoftEdgeUpdate.exe","name":"MicrosoftEdgeUpdate.exe","command_line":"C:\\Program Files (x86)\\Microsoft\\EdgeUpdate\\MicrosoftEdgeUpdate.exe"}},"winlog":{"channel":"Microsoft-Windows-Sysmon/Operational","event_id":1,"record_id":1603,"computer_name":"eng-bell-04","event_data":{"Image":"C:\\Program Files (x86)\\Microsoft\\EdgeUpdate\\MicrosoftEdgeUpdate.exe","CommandLine":"\"C:\\Program Files (x86)\\Microsoft\\EdgeUpdate\\MicrosoftEdgeUpdate.exe\" /ua /installsource scheduler","ParentImage":"C:\\Program Files (x86)\\Microsoft\\EdgeUpdate\\MicrosoftEdgeUpdate.exe","ParentCommandLine":"C:\\Program Files (x86)\\Microsoft\\EdgeUpdate\\MicrosoftEdgeUpdate.exe","User":"SKYLOOM\\jhowell","Hashes":"","UtcTime":"2026-04-22 03:34:43.339"}}}
{"@timestamp":"2026-04-22T03:34:49.381899Z","event":{"code":"1","provider":"Microsoft-Windows-Sysmon","action":"Process Create","category":["process"],"type":["start"]},"host":{"hostname":"eng-bell-04","name":"eng-bell-04"},"user":{"name":"jhowell","domain":"SKYLOOM"},"process":{"executable":"C:\\Program Files\\Microsoft Office\\root\\Office16\\OUTLOOK.EXE","name":"OUTLOOK.EXE","command_line":"\"C:\\Program Files\\Microsoft Office\\root\\Office16\\OUTLOOK.EXE\"","parent":{"executable":"C:\\Windows\\explorer.exe","name":"explorer.exe","command_line":"C:\\Windows\\explorer.exe"}},"winlog":{"channel":"Microsoft-Windows-Sysmon/Operational","event_id":1,"record_id":1615,"computer_name":"eng-bell-04","event_data":{"Image":"C:\\Program Files\\Microsoft Office\\root\\Office16\\OUTLOOK.EXE","CommandLine":"\"C:\\Program Files\\Microsoft Office\\root\\Office16\\OUTLOOK.EXE\"","ParentImage":"C:\\Windows\\explorer.exe","ParentCommandLine":"C:\\Windows\\explorer.exe","User":"SKYLOOM\\jhowell","Hashes":"","UtcTime":"2026-04-22 03:34:49.381"}}}
{"@timestamp":"2026-04-22T03:34:50.626123Z","event":{"code":"11","provider":"Microsoft-Windows-Sysmon","action":"File Created","category":["file"]},"host":{"hostname":"eng-bell-04","name":"eng-bell-04"},"user":{"name":"jhowell","domain":"SKYLOOM"},"process":{"executable":"C:\\Windows\\System32\\svchost.exe","name":"svchost.exe"},"file":{"path":"C:\\Windows\\Logs\\WindowsUpdate\\WindowsUpdate.54116.etl","name":"WindowsUpdate.54116.etl"},"winlog":{"channel":"Microsoft-Windows-Sysmon/Operational","event_id":11,"record_id":2045,"computer_name":"eng-bell-04","event_data":{"Image":"C:\\Windows\\System32\\svchost.exe","TargetFilename":"C:\\Windows\\Logs\\WindowsUpdate\\WindowsUpdate.54116.etl","User":"SKYLOOM\\jhowell","UtcTime":"2026-04-22 03:34:50.626"}}}
{"@timestamp":"2026-04-22T03:34:52.999190Z","event":{"code":"1","provider":"Microsoft-Windows-Sysmon","action":"Process Create","category":["process"],"type":["start"]},"host":{"hostname":"eng-bell-04","name":"eng-bell-04"},"user":{"name":"jhowell","domain":"SKYLOOM"},"process":{"executable":"C:\\Windows\\System32\\RuntimeBroker.exe","name":"RuntimeBroker.exe","command_line":"C:\\Windows\\System32\\RuntimeBroker.exe -Embedding","parent":{"executable":"C:\\Windows\\System32\\svchost.exe","name":"svchost.exe","command_line":"C:\\Windows\\System32\\svchost.exe"}},"winlog":{"channel":"Microsoft-Windows-Sysmon/Operational","event_id":1,"record_id":1315,"computer_name":"eng-bell-04","event_data":{"Image":"C:\\Windows\\System32\\RuntimeBroker.exe","CommandLine":"C:\\Windows\\System32\\RuntimeBroker.exe -Embedding","ParentImage":"C:\\Windows\\System32\\svchost.exe","ParentCommandLine":"C:\\Windows\\System32\\svchost.exe","User":"SKYLOOM\\jhowell","Hashes":"","UtcTime":"2026-04-22 03:34:52.999"}}}
{"@timestamp":"2026-04-22T03:34:56.762527Z","event":{"code":"1","provider":"Microsoft-Windows-Sysmon","action":"Process Create","category":["process"],"type":["start"]},"host":{"hostname":"eng-bell-04","name":"eng-bell-04"},"user":{"name":"jhowell","domain":"SKYLOOM"},"process":{"executable":"C:\\Windows\\System32\\svchost.exe","name":"svchost.exe","command_line":"C:\\Windows\\System32\\svchost.exe -k DcomLaunch","parent":{"executable":"C:\\Windows\\System32\\services.exe","name":"services.exe","command_line":"C:\\Windows\\System32\\services.exe"}},"winlog":{"channel":"Microsoft-Windows-Sysmon/Operational","event_id":1,"record_id":1159,"computer_name":"eng-bell-04","event_data":{"Image":"C:\\Windows\\System32\\svchost.exe","CommandLine":"C:\\Windows\\System32\\svchost.exe -k DcomLaunch","ParentImage":"C:\\Windows\\System32\\services.exe","ParentCommandLine":"C:\\Windows\\System32\\services.exe","User":"SKYLOOM\\jhowell","Hashes":"","UtcTime":"2026-04-22 03:34:56.762"}}}
{"@timestamp":"2026-04-22T03:34:57.708175Z","event":{"code":"1","provider":"Microsoft-Windows-Sysmon","action":"Process Create","category":["process"],"type":["start"]},"host":{"hostname":"eng-bell-04","name":"eng-bell-04"},"user":{"name":"jhowell","domain":"SKYLOOM"},"process":{"executable":"C:\\Users\\jhowell\\AppData\\Local\\Programs\\Microsoft VS Code\\Code.exe","name":"Code.exe","command_line":"\"C:\\Users\\jhowell\\AppData\\Local\\Programs\\Microsoft VS Code\\Code.exe\"","parent":{"executable":"C:\\Windows\\explorer.exe","name":"explorer.exe","command_line":"C:\\Windows\\explorer.exe"}},"winlog":{"channel":"Microsoft-Windows-Sysmon/Operational","event_id":1,"record_id":1277,"computer_name":"eng-bell-04","event_data":{"Image":"C:\\Users\\jhowell\\AppData\\Local\\Programs\\Microsoft VS Code\\Code.exe","CommandLine":"\"C:\\Users\\jhowell\\AppData\\Local\\Programs\\Microsoft VS Code\\Code.exe\"","ParentImage":"C:\\Windows\\explorer.exe","ParentCommandLine":"C:\\Windows\\explorer.exe","User":"SKYLOOM\\jhowell","Hashes":"","UtcTime":"2026-04-22 03:34:57.708"}}}
{"@timestamp":"2026-04-22T03:35:02.681802Z","event":{"code":"13","provider":"Microsoft-Windows-Sysmon","action":"Registry Set","category":["registry"]},"host":{"hostname":"eng-bell-04","name":"eng-bell-04"},"user":{"name":"jhowell","domain":"SKYLOOM"},"process":{"executable":"C:\\Program Files\\Microsoft Office\\root\\Office16\\OUTLOOK.EXE","name":"OUTLOOK.EXE"},"registry":{"path":"HKLM\\SYSTEM\\CurrentControlSet\\Services\\Tcpip\\Parameters\\Interfaces\\6bf48523-0000-0000-0000-000000000000\\DhcpIPAddress","data":{"strings":["10.42.99.14"]}},"winlog":{"channel":"Microsoft-Windows-Sysmon/Operational","event_id":13,"record_id":2113,"computer_name":"eng-bell-04","event_data":{"Image":"C:\\Program Files\\Microsoft Office\\root\\Office16\\OUTLOOK.EXE","TargetObject":"HKLM\\SYSTEM\\CurrentControlSet\\Services\\Tcpip\\Parameters\\Interfaces\\6bf48523-0000-0000-0000-000000000000\\DhcpIPAddress","Details":"10.42.99.14","EventType":"SetValue","User":"SKYLOOM\\jhowell","UtcTime":"2026-04-22 03:35:02.681"}}}
{"@timestamp":"2026-04-22T03:35:05.121733Z","event":{"code":"1","provider":"Microsoft-Windows-Sysmon","action":"Process Create","category":["process"],"type":["start"]},"host":{"hostname":"eng-bell-04","name":"eng-bell-04"},"user":{"name":"jhowell","domain":"SKYLOOM"},"process":{"executable":"C:\\Program Files\\Microsoft Office\\root\\Office16\\OUTLOOK.EXE","name":"OUTLOOK.EXE","command_line":"\"C:\\Program Files\\Microsoft Office\\root\\Office16\\OUTLOOK.EXE\"","parent":{"executable":"C:\\Windows\\explorer.exe","name":"explorer.exe","command_line":"C:\\Windows\\explorer.exe"}},"winlog":{"channel":"Microsoft-Windows-Sysmon/Operational","event_id":1,"record_id":1646,"computer_name":"eng-bell-04","event_data":{"Image":"C:\\Program Files\\Microsoft Office\\root\\Office16\\OUTLOOK.EXE","CommandLine":"\"C:\\Program Files\\Microsoft Office\\root\\Office16\\OUTLOOK.EXE\"","ParentImage":"C:\\Windows\\explorer.exe","ParentCommandLine":"C:\\Windows\\explorer.exe","User":"SKYLOOM\\jhowell","Hashes":"","UtcTime":"2026-04-22 03:35:05.121"}}}
{"@timestamp":"2026-04-22T03:35:05.259625Z","event":{"code":"11","provider":"Microsoft-Windows-Sysmon","action":"File Created","category":["file"]},"host":{"hostname":"eng-bell-04","name":"eng-bell-04"},"user":{"name":"jhowell","domain":"SKYLOOM"},"process":{"executable":"C:\\Users\\jhowell\\AppData\\Local\\Microsoft\\Teams\\current\\Teams.exe","name":"Teams.exe"},"file":{"path":"C:\\ProgramData\\Microsoft\\Windows Defender\\Scans\\History\\Service\\Detections.log","name":"Detections.log"},"winlog":{"channel":"Microsoft-Windows-Sysmon/Operational","event_id":11,"record_id":2039,"computer_name":"eng-bell-04","event_data":{"Image":"C:\\Users\\jhowell\\AppData\\Local\\Microsoft\\Teams\\current\\Teams.exe","TargetFilename":"C:\\ProgramData\\Microsoft\\Windows Defender\\Scans\\History\\Service\\Detections.log","User":"SKYLOOM\\jhowell","UtcTime":"2026-04-22 03:35:05.259"}}}
{"@timestamp":"2026-04-22T03:35:07.830629Z","event":{"code":"13","provider":"Microsoft-Windows-Sysmon","action":"Registry Set","category":["registry"]},"host":{"hostname":"eng-bell-04","name":"eng-bell-04"},"user":{"name":"jhowell","domain":"SKYLOOM"},"process":{"executable":"C:\\Windows\\explorer.exe","name":"explorer.exe"},"registry":{"path":"HKU\\S-1-5-21-1004336348-1177238915-682003330-1006\\Software\\Microsoft\\Office\\16.0\\Outlook\\Profiles\\Outlook\\9375CFF0413111d3B88A00104B2A6676\\57","data":{"strings":["<binary>"]}},"winlog":{"channel":"Microsoft-Windows-Sysmon/Operational","event_id":13,"record_id":2080,"computer_name":"eng-bell-04","event_data":{"Image":"C:\\Windows\\explorer.exe","TargetObject":"HKU\\S-1-5-21-1004336348-1177238915-682003330-1006\\Software\\Microsoft\\Office\\16.0\\Outlook\\Profiles\\Outlook\\9375CFF0413111d3B88A00104B2A6676\\57","Details":"<binary>","EventType":"SetValue","User":"SKYLOOM\\jhowell","UtcTime":"2026-04-22 03:35:07.830"}}}
{"@timestamp":"2026-04-22T03:35:09.594158Z","event":{"code":"11","provider":"Microsoft-Windows-Sysmon","action":"File Created","category":["file"]},"host":{"hostname":"eng-bell-04","name":"eng-bell-04"},"user":{"name":"jhowell","domain":"SKYLOOM"},"process":{"executable":"C:\\Windows\\System32\\svchost.exe","name":"svchost.exe"},"file":{"path":"C:\\Users\\jhowell\\AppData\\Local\\Microsoft\\Edge\\User Data\\Default\\Cache\\f_090170","name":"f_090170"},"winlog":{"channel":"Microsoft-Windows-Sysmon/Operational","event_id":11,"record_id":2008,"computer_name":"eng-bell-04","event_data":{"Image":"C:\\Windows\\System32\\svchost.exe","TargetFilename":"C:\\Users\\jhowell\\AppData\\Local\\Microsoft\\Edge\\User Data\\Default\\Cache\\f_090170","User":"SKYLOOM\\jhowell","UtcTime":"2026-04-22 03:35:09.594"}}}
{"@timestamp":"2026-04-22T03:35:20.244348Z","event":{"code":"1","provider":"Microsoft-Windows-Sysmon","action":"Process Create","category":["process"],"type":["start"]},"host":{"hostname":"eng-bell-04","name":"eng-bell-04"},"user":{"name":"jhowell","domain":"SKYLOOM"},"process":{"executable":"C:\\Users\\jhowell\\AppData\\Local\\Programs\\Microsoft VS Code\\Code.exe","name":"Code.exe","command_line":"\"C:\\Users\\jhowell\\AppData\\Local\\Programs\\Microsoft VS Code\\Code.exe\"","parent":{"executable":"C:\\Windows\\explorer.exe","name":"explorer.exe","command_line":"C:\\Windows\\explorer.exe"}},"winlog":{"channel":"Microsoft-Windows-Sysmon/Operational","event_id":1,"record_id":1330,"computer_name":"eng-bell-04","event_data":{"Image":"C:\\Users\\jhowell\\AppData\\Local\\Programs\\Microsoft VS Code\\Code.exe","CommandLine":"\"C:\\Users\\jhowell\\AppData\\Local\\Programs\\Microsoft VS Code\\Code.exe\"","ParentImage":"C:\\Windows\\explorer.exe","ParentCommandLine":"C:\\Windows\\explorer.exe","User":"SKYLOOM\\jhowell","Hashes":"","UtcTime":"2026-04-22 03:35:20.244"}}}
{"@timestamp":"2026-04-22T03:35:21.752868Z","event":{"code":"1","provider":"Microsoft-Windows-Sysmon","action":"Process Create","category":["process"],"type":["start"]},"host":{"hostname":"eng-bell-04","name":"eng-bell-04"},"user":{"name":"jhowell","domain":"SKYLOOM"},"process":{"executable":"C:\\Users\\jhowell\\AppData\\Local\\Microsoft\\OneDrive\\OneDrive.exe","name":"OneDrive.exe","command_line":"\"C:\\Users\\jhowell\\AppData\\Local\\Microsoft\\OneDrive\\OneDrive.exe\" /background","parent":{"executable":"C:\\Windows\\explorer.exe","name":"explorer.exe","command_line":"C:\\Windows\\explorer.exe"}},"winlog":{"channel":"Microsoft-Windows-Sysmon/Operational","event_id":1,"record_id":1168,"computer_name":"eng-bell-04","event_data":{"Image":"C:\\Users\\jhowell\\AppData\\Local\\Microsoft\\OneDrive\\OneDrive.exe","CommandLine":"\"C:\\Users\\jhowell\\AppData\\Local\\Microsoft\\OneDrive\\OneDrive.exe\" /background","ParentImage":"C:\\Windows\\explorer.exe","ParentCommandLine":"C:\\Windows\\explorer.exe","User":"SKYLOOM\\jhowell","Hashes":"","UtcTime":"2026-04-22 03:35:21.752"}}}
{"@timestamp":"2026-04-22T03:35:23.847095Z","event":{"code":"3","provider":"Microsoft-Windows-Sysmon","action":"Network Connect","category":["network"]},"host":{"hostname":"eng-bell-04","name":"eng-bell-04"},"user":{"name":"jhowell","domain":"SKYLOOM"},"process":{"executable":"C:\\Windows\\System32\\svchost.exe","name":"svchost.exe"},"destination":{"ip":"140.82.114.4","port":443,"domain":"github.com"},"winlog":{"channel":"Microsoft-Windows-Sysmon/Operational","event_id":3,"record_id":1799,"computer_name":"eng-bell-04","event_data":{"Image":"C:\\Windows\\System32\\svchost.exe","User":"SKYLOOM\\jhowell","DestinationIp":"140.82.114.4","DestinationPort":443,"DestinationHostname":"github.com","Protocol":"tcp","UtcTime":"2026-04-22 03:35:23.847"}}}
{"@timestamp":"2026-04-22T03:35:28.351081Z","event":{"code":"1","provider":"Microsoft-Windows-Sysmon","action":"Process Create","category":["process"],"type":["start"]},"host":{"hostname":"eng-bell-04","name":"eng-bell-04"},"user":{"name":"jhowell","domain":"SKYLOOM"},"process":{"executable":"C:\\Windows\\System32\\backgroundTaskHost.exe","name":"backgroundTaskHost.exe","command_line":"\"C:\\Windows\\System32\\backgroundTaskHost.exe\" -ServerName:App.AppX423bb632-0000-0000-0000-000000000000","parent":{"executable":"C:\\Windows\\System32\\services.exe","name":"services.exe","command_line":"C:\\Windows\\System32\\services.exe"}},"winlog":{"channel":"Microsoft-Windows-Sysmon/Operational","event_id":1,"record_id":1255,"computer_name":"eng-bell-04","event_data":{"Image":"C:\\Windows\\System32\\backgroundTaskHost.exe","CommandLine":"\"C:\\Windows\\System32\\backgroundTaskHost.exe\" -ServerName:App.AppX423bb632-0000-0000-0000-000000000000","ParentImage":"C:\\Windows\\System32\\services.exe","ParentCommandLine":"C:\\Windows\\System32\\services.exe","User":"SKYLOOM\\jhowell","Hashes":"","UtcTime":"2026-04-22 03:35:28.351"}}}
{"@timestamp":"2026-04-22T03:35:33.130719Z","event":{"code":"3","provider":"Microsoft-Windows-Sysmon","action":"Network Connect","category":["network"]},"host":{"hostname":"eng-bell-04","name":"eng-bell-04"},"user":{"name":"jhowell","domain":"SKYLOOM"},"process":{"executable":"C:\\Users\\jhowell\\AppData\\Local\\Microsoft\\Teams\\current\\Teams.exe","name":"Teams.exe"},"destination":{"ip":"52.182.143.211","port":443,"domain":"login.microsoftonline.com"},"winlog":{"channel":"Microsoft-Windows-Sysmon/Operational","event_id":3,"record_id":1767,"computer_name":"eng-bell-04","event_data":{"Image":"C:\\Users\\jhowell\\AppData\\Local\\Microsoft\\Teams\\current\\Teams.exe","User":"SKYLOOM\\jhowell","DestinationIp":"52.182.143.211","DestinationPort":443,"DestinationHostname":"login.microsoftonline.com","Protocol":"tcp","UtcTime":"2026-04-22 03:35:33.130"}}}
{"@timestamp":"2026-04-22T03:35:34.950222Z","event":{"code":"3","provider":"Microsoft-Windows-Sysmon","action":"Network Connect","category":["network"]},"host":{"hostname":"eng-bell-04","name":"eng-bell-04"},"user":{"name":"jhowell","domain":"SKYLOOM"},"process":{"executable":"C:\\Windows\\System32\\svchost.exe","name":"svchost.exe"},"destination":{"ip":"13.107.42.14","port":443,"domain":"graph.microsoft.com"},"winlog":{"channel":"Microsoft-Windows-Sysmon/Operational","event_id":3,"record_id":1690,"computer_name":"eng-bell-04","event_data":{"Image":"C:\\Windows\\System32\\svchost.exe","User":"SKYLOOM\\jhowell","DestinationIp":"13.107.42.14","DestinationPort":443,"DestinationHostname":"graph.microsoft.com","Protocol":"tcp","UtcTime":"2026-04-22 03:35:34.950"}}}
{"@timestamp":"2026-04-22T03:35:39.114108Z","event":{"code":"13","provider":"Microsoft-Windows-Sysmon","action":"Registry Set","category":["registry"]},"host":{"hostname":"eng-bell-04","name":"eng-bell-04"},"user":{"name":"jhowell","domain":"SKYLOOM"},"process":{"executable":"C:\\Windows\\explorer.exe","name":"explorer.exe"},"registry":{"path":"HKU\\S-1-5-21-1004336348-1177238915-682003330-1006\\Software\\Microsoft\\Windows\\CurrentVersion\\Explorer\\RecentDocs\\.pdf\\36","data":{"strings":["design-review-77.pdf"]}},"winlog":{"channel":"Microsoft-Windows-Sysmon/Operational","event_id":13,"record_id":2092,"computer_name":"eng-bell-04","event_data":{"Image":"C:\\Windows\\explorer.exe","TargetObject":"HKU\\S-1-5-21-1004336348-1177238915-682003330-1006\\Software\\Microsoft\\Windows\\CurrentVersion\\Explorer\\RecentDocs\\.pdf\\36","Details":"design-review-77.pdf","EventType":"SetValue","User":"SKYLOOM\\jhowell","UtcTime":"2026-04-22 03:35:39.114"}}}
{"@timestamp":"2026-04-22T03:35:40.794767Z","event":{"code":"11","provider":"Microsoft-Windows-Sysmon","action":"File Created","category":["file"]},"host":{"hostname":"eng-bell-04","name":"eng-bell-04"},"user":{"name":"jhowell","domain":"SKYLOOM"},"process":{"executable":"C:\\Program Files (x86)\\Microsoft\\Edge\\Application\\msedge.exe","name":"msedge.exe"},"file":{"path":"C:\\Users\\jhowell\\AppData\\Local\\Microsoft\\Teams\\Cache\\Code Cache\\070180.dat","name":"070180.dat"},"winlog":{"channel":"Microsoft-Windows-Sysmon/Operational","event_id":11,"record_id":2022,"computer_name":"eng-bell-04","event_data":{"Image":"C:\\Program Files (x86)\\Microsoft\\Edge\\Application\\msedge.exe","TargetFilename":"C:\\Users\\jhowell\\AppData\\Local\\Microsoft\\Teams\\Cache\\Code Cache\\070180.dat","User":"SKYLOOM\\jhowell","UtcTime":"2026-04-22 03:35:40.794"}}}
{"@timestamp":"2026-04-22T03:35:43.781223Z","event":{"code":"1","provider":"Microsoft-Windows-Sysmon","action":"Process Create","category":["process"],"type":["start"]},"host":{"hostname":"eng-bell-04","name":"eng-bell-04"},"user":{"name":"jhowell","domain":"SKYLOOM"},"process":{"executable":"C:\\Windows\\System32\\MoUsoCoreWorker.exe","name":"MoUsoCoreWorker.exe","command_line":"C:\\Windows\\System32\\MoUsoCoreWorker.exe -Embedding","parent":{"executable":"C:\\Windows\\System32\\svchost.exe","name":"svchost.exe","command_line":"C:\\Windows\\System32\\svchost.exe"}},"winlog":{"channel":"Microsoft-Windows-Sysmon/Operational","event_id":1,"record_id":1194,"computer_name":"eng-bell-04","event_data":{"Image":"C:\\Windows\\System32\\MoUsoCoreWorker.exe","CommandLine":"C:\\Windows\\System32\\MoUsoCoreWorker.exe -Embedding","ParentImage":"C:\\Windows\\System32\\svchost.exe","ParentCommandLine":"C:\\Windows\\System32\\svchost.exe","User":"SKYLOOM\\jhowell","Hashes":"","UtcTime":"2026-04-22 03:35:43.781"}}}
{"@timestamp":"2026-04-22T03:35:46.273235Z","event":{"code":"1","provider":"Microsoft-Windows-Sysmon","action":"Process Create","category":["process"],"type":["start"]},"host":{"hostname":"eng-bell-04","name":"eng-bell-04"},"user":{"name":"jhowell","domain":"SKYLOOM"},"process":{"executable":"C:\\Program Files\\Microsoft Office\\root\\Office16\\OUTLOOK.EXE","name":"OUTLOOK.EXE","command_line":"\"C:\\Program Files\\Microsoft Office\\root\\Office16\\OUTLOOK.EXE\" /recycle","parent":{"executable":"C:\\Program Files\\Microsoft Office\\root\\Office16\\OUTLOOK.EXE","name":"OUTLOOK.EXE","command_line":"C:\\Program Files\\Microsoft Office\\root\\Office16\\OUTLOOK.EXE"}},"winlog":{"channel":"Microsoft-Windows-Sysmon/Operational","event_id":1,"record_id":1422,"computer_name":"eng-bell-04","event_data":{"Image":"C:\\Program Files\\Microsoft Office\\root\\Office16\\OUTLOOK.EXE","CommandLine":"\"C:\\Program Files\\Microsoft Office\\root\\Office16\\OUTLOOK.EXE\" /recycle","ParentImage":"C:\\Program Files\\Microsoft Office\\root\\Office16\\OUTLOOK.EXE","ParentCommandLine":"C:\\Program Files\\Microsoft Office\\root\\Office16\\OUTLOOK.EXE","User":"SKYLOOM\\jhowell","Hashes":"","UtcTime":"2026-04-22 03:35:46.273"}}}
{"@timestamp":"2026-04-22T03:35:46.865729Z","event":{"code":"13","provider":"Microsoft-Windows-Sysmon","action":"Registry Set","category":["registry"]},"host":{"hostname":"eng-bell-04","name":"eng-bell-04"},"user":{"name":"jhowell","domain":"SKYLOOM"},"process":{"executable":"C:\\Windows\\System32\\svchost.exe","name":"svchost.exe"},"registry":{"path":"HKLM\\SYSTEM\\CurrentControlSet\\Services\\Tcpip\\Parameters\\Interfaces\\c8e7b122-0000-0000-0000-000000000000\\DhcpIPAddress","data":{"strings":["10.42.99.14"]}},"winlog":{"channel":"Microsoft-Windows-Sysmon/Operational","event_id":13,"record_id":2128,"computer_name":"eng-bell-04","event_data":{"Image":"C:\\Windows\\System32\\svchost.exe","TargetObject":"HKLM\\SYSTEM\\CurrentControlSet\\Services\\Tcpip\\Parameters\\Interfaces\\c8e7b122-0000-0000-0000-000000000000\\DhcpIPAddress","Details":"10.42.99.14","EventType":"SetValue","User":"SKYLOOM\\jhowell","UtcTime":"2026-04-22 03:35:46.865"}}}
{"@timestamp":"2026-04-22T03:35:47.052198Z","event":{"code":"1","provider":"Microsoft-Windows-Sysmon","action":"Process Create","category":["process"],"type":["start"]},"host":{"hostname":"eng-bell-04","name":"eng-bell-04"},"user":{"name":"jhowell","domain":"SKYLOOM"},"process":{"executable":"C:\\Program Files\\Microsoft Office\\root\\Office16\\OUTLOOK.EXE","name":"OUTLOOK.EXE","command_line":"\"C:\\Program Files\\Microsoft Office\\root\\Office16\\OUTLOOK.EXE\"","parent":{"executable":"C:\\Windows\\explorer.exe","name":"explorer.exe","command_line":"C:\\Windows\\explorer.exe"}},"winlog":{"channel":"Microsoft-Windows-Sysmon/Operational","event_id":1,"record_id":1299,"computer_name":"eng-bell-04","event_data":{"Image":"C:\\Program Files\\Microsoft Office\\root\\Office16\\OUTLOOK.EXE","CommandLine":"\"C:\\Program Files\\Microsoft Office\\root\\Office16\\OUTLOOK.EXE\"","ParentImage":"C:\\Windows\\explorer.exe","ParentCommandLine":"C:\\Windows\\explorer.exe","User":"SKYLOOM\\jhowell","Hashes":"","UtcTime":"2026-04-22 03:35:47.052"}}}
{"@timestamp":"2026-04-22T03:35:52.795475Z","event":{"code":"1","provider":"Microsoft-Windows-Sysmon","action":"Process Create","category":["process"],"type":["start"]},"host":{"hostname":"eng-bell-04","name":"eng-bell-04"},"user":{"name":"jhowell","domain":"SKYLOOM"},"process":{"executable":"C:\\Users\\jhowell\\AppData\\Local\\Microsoft\\OneDrive\\OneDrive.exe","name":"OneDrive.exe","command_line":"\"C:\\Users\\jhowell\\AppData\\Local\\Microsoft\\OneDrive\\OneDrive.exe\" /background","parent":{"executable":"C:\\Windows\\explorer.exe","name":"explorer.exe","command_line":"C:\\Windows\\explorer.exe"}},"winlog":{"channel":"Microsoft-Windows-Sysmon/Operational","event_id":1,"record_id":1642,"computer_name":"eng-bell-04","event_data":{"Image":"C:\\Users\\jhowell\\AppData\\Local\\Microsoft\\OneDrive\\OneDrive.exe","CommandLine":"\"C:\\Users\\jhowell\\AppData\\Local\\Microsoft\\OneDrive\\OneDrive.exe\" /background","ParentImage":"C:\\Windows\\explorer.exe","ParentCommandLine":"C:\\Windows\\explorer.exe","User":"SKYLOOM\\jhowell","Hashes":"","UtcTime":"2026-04-22 03:35:52.795"}}}
{"@timestamp":"2026-04-22T03:35:53.468428Z","event":{"code":"13","provider":"Microsoft-Windows-Sysmon","action":"Registry Set","category":["registry"]},"host":{"hostname":"eng-bell-04","name":"eng-bell-04"},"user":{"name":"jhowell","domain":"SKYLOOM"},"process":{"executable":"C:\\Windows\\explorer.exe","name":"explorer.exe"},"registry":{"path":"HKLM\\SYSTEM\\CurrentControlSet\\Services\\Tcpip\\Parameters\\Interfaces\\8e23ebcc-0000-0000-0000-000000000000\\DhcpIPAddress","data":{"strings":["10.42.99.14"]}},"winlog":{"channel":"Microsoft-Windows-Sysmon/Operational","event_id":13,"record_id":2084,"computer_name":"eng-bell-04","event_data":{"Image":"C:\\Windows\\explorer.exe","TargetObject":"HKLM\\SYSTEM\\CurrentControlSet\\Services\\Tcpip\\Parameters\\Interfaces\\8e23ebcc-0000-0000-0000-000000000000\\DhcpIPAddress","Details":"10.42.99.14","EventType":"SetValue","User":"SKYLOOM\\jhowell","UtcTime":"2026-04-22 03:35:53.468"}}}
{"@timestamp":"2026-04-22T03:35:55.904355Z","event":{"code":"1","provider":"Microsoft-Windows-Sysmon","action":"Process Create","category":["process"],"type":["start"]},"host":{"hostname":"eng-bell-04","name":"eng-bell-04"},"user":{"name":"jhowell","domain":"SKYLOOM"},"process":{"executable":"C:\\Program Files\\Microsoft Office\\root\\Office16\\OUTLOOK.EXE","name":"OUTLOOK.EXE","command_line":"\"C:\\Program Files\\Microsoft Office\\root\\Office16\\OUTLOOK.EXE\" /recycle","parent":{"executable":"C:\\Program Files\\Microsoft Office\\root\\Office16\\OUTLOOK.EXE","name":"OUTLOOK.EXE","command_line":"C:\\Program Files\\Microsoft Office\\root\\Office16\\OUTLOOK.EXE"}},"winlog":{"channel":"Microsoft-Windows-Sysmon/Operational","event_id":1,"record_id":1152,"computer_name":"eng-bell-04","event_data":{"Image":"C:\\Program Files\\Microsoft Office\\root\\Office16\\OUTLOOK.EXE","CommandLine":"\"C:\\Program Files\\Microsoft Office\\root\\Office16\\OUTLOOK.EXE\" /recycle","ParentImage":"C:\\Program Files\\Microsoft Office\\root\\Office16\\OUTLOOK.EXE","ParentCommandLine":"C:\\Program Files\\Microsoft Office\\root\\Office16\\OUTLOOK.EXE","User":"SKYLOOM\\jhowell","Hashes":"","UtcTime":"2026-04-22 03:35:55.904"}}}
{"@timestamp":"2026-04-22T03:35:57.309490Z","event":{"code":"1","provider":"Microsoft-Windows-Sysmon","action":"Process Create","category":["process"],"type":["start"]},"host":{"hostname":"eng-bell-04","name":"eng-bell-04"},"user":{"name":"jhowell","domain":"SKYLOOM"},"process":{"executable":"C:\\Windows\\System32\\RuntimeBroker.exe","name":"RuntimeBroker.exe","command_line":"C:\\Windows\\System32\\RuntimeBroker.exe -Embedding","parent":{"executable":"C:\\Windows\\System32\\svchost.exe","name":"svchost.exe","command_line":"C:\\Windows\\System32\\svchost.exe"}},"winlog":{"channel":"Microsoft-Windows-Sysmon/Operational","event_id":1,"record_id":1407,"computer_name":"eng-bell-04","event_data":{"Image":"C:\\Windows\\System32\\RuntimeBroker.exe","CommandLine":"C:\\Windows\\System32\\RuntimeBroker.exe -Embedding","ParentImage":"C:\\Windows\\System32\\svchost.exe","ParentCommandLine":"C:\\Windows\\System32\\svchost.exe","User":"SKYLOOM\\jhowell","Hashes":"","UtcTime":"2026-04-22 03:35:57.309"}}}
{"@timestamp":"2026-04-22T03:35:59.746074Z","event":{"code":"11","provider":"Microsoft-Windows-Sysmon","action":"File Created","category":["file"]},"host":{"hostname":"eng-bell-04","name":"eng-bell-04"},"user":{"name":"jhowell","domain":"SKYLOOM"},"process":{"executable":"C:\\Program Files (x86)\\Microsoft\\Edge\\Application\\msedge.exe","name":"msedge.exe"},"file":{"path":"C:\\Users\\jhowell\\AppData\\Local\\Microsoft\\Outlook\\jhowell-skyloom.ost","name":"jhowell-skyloom.ost"},"winlog":{"channel":"Microsoft-Windows-Sysmon/Operational","event_id":11,"record_id":2048,"computer_name":"eng-bell-04","event_data":{"Image":"C:\\Program Files (x86)\\Microsoft\\Edge\\Application\\msedge.exe","TargetFilename":"C:\\Users\\jhowell\\AppData\\Local\\Microsoft\\Outlook\\jhowell-skyloom.ost","User":"SKYLOOM\\jhowell","UtcTime":"2026-04-22 03:35:59.746"}}}
{"@timestamp":"2026-04-22T03:36:05.587967Z","event":{"code":"1","provider":"Microsoft-Windows-Sysmon","action":"Process Create","category":["process"],"type":["start"]},"host":{"hostname":"eng-bell-04","name":"eng-bell-04"},"user":{"name":"jhowell","domain":"SKYLOOM"},"process":{"executable":"C:\\Windows\\System32\\RuntimeBroker.exe","name":"RuntimeBroker.exe","command_line":"C:\\Windows\\System32\\RuntimeBroker.exe -Embedding","parent":{"executable":"C:\\Windows\\System32\\svchost.exe","name":"svchost.exe","command_line":"C:\\Windows\\System32\\svchost.exe"}},"winlog":{"channel":"Microsoft-Windows-Sysmon/Operational","event_id":1,"record_id":1610,"computer_name":"eng-bell-04","event_data":{"Image":"C:\\Windows\\System32\\RuntimeBroker.exe","CommandLine":"C:\\Windows\\System32\\RuntimeBroker.exe -Embedding","ParentImage":"C:\\Windows\\System32\\svchost.exe","ParentCommandLine":"C:\\Windows\\System32\\svchost.exe","User":"SKYLOOM\\jhowell","Hashes":"","UtcTime":"2026-04-22 03:36:05.587"}}}
{"@timestamp":"2026-04-22T03:36:05.904447Z","event":{"code":"3","provider":"Microsoft-Windows-Sysmon","action":"Network Connect","category":["network"]},"host":{"hostname":"eng-bell-04","name":"eng-bell-04"},"user":{"name":"jhowell","domain":"SKYLOOM"},"process":{"executable":"C:\\Users\\jhowell\\AppData\\Local\\Microsoft\\Teams\\current\\Teams.exe","name":"Teams.exe"},"destination":{"ip":"13.107.4.50","port":443,"domain":"ctldl.windowsupdate.com"},"winlog":{"channel":"Microsoft-Windows-Sysmon/Operational","event_id":3,"record_id":1821,"computer_name":"eng-bell-04","event_data":{"Image":"C:\\Users\\jhowell\\AppData\\Local\\Microsoft\\Teams\\current\\Teams.exe","User":"SKYLOOM\\jhowell","DestinationIp":"13.107.4.50","DestinationPort":443,"DestinationHostname":"ctldl.windowsupdate.com","Protocol":"tcp","UtcTime":"2026-04-22 03:36:05.904"}}}
{"@timestamp":"2026-04-22T03:36:06.521272Z","event":{"code":"11","provider":"Microsoft-Windows-Sysmon","action":"File Created","category":["file"]},"host":{"hostname":"eng-bell-04","name":"eng-bell-04"},"user":{"name":"jhowell","domain":"SKYLOOM"},"process":{"executable":"C:\\Program Files (x86)\\Microsoft\\Edge\\Application\\msedge.exe","name":"msedge.exe"},"file":{"path":"C:\\Users\\jhowell\\AppData\\Roaming\\Microsoft\\Word\\AutoRecovery save of Document35744.asd","name":"AutoRecovery save of Document35744.asd"},"winlog":{"channel":"Microsoft-Windows-Sysmon/Operational","event_id":11,"record_id":1958,"computer_name":"eng-bell-04","event_data":{"Image":"C:\\Program Files (x86)\\Microsoft\\Edge\\Application\\msedge.exe","TargetFilename":"C:\\Users\\jhowell\\AppData\\Roaming\\Microsoft\\Word\\AutoRecovery save of Document35744.asd","User":"SKYLOOM\\jhowell","UtcTime":"2026-04-22 03:36:06.521"}}}
{"@timestamp":"2026-04-22T03:36:06.838993Z","event":{"code":"1","provider":"Microsoft-Windows-Sysmon","action":"Process Create","category":["process"],"type":["start"]},"host":{"hostname":"eng-bell-04","name":"eng-bell-04"},"user":{"name":"jhowell","domain":"SKYLOOM"},"process":{"executable":"C:\\Windows\\System32\\svchost.exe","name":"svchost.exe","command_line":"C:\\Windows\\System32\\svchost.exe -k LocalSystemNetworkRestricted","parent":{"executable":"C:\\Windows\\System32\\services.exe","name":"services.exe","command_line":"C:\\Windows\\System32\\services.exe"}},"winlog":{"channel":"Microsoft-Windows-Sysmon/Operational","event_id":1,"record_id":1594,"computer_name":"eng-bell-04","event_data":{"Image":"C:\\Windows\\System32\\svchost.exe","CommandLine":"C:\\Windows\\System32\\svchost.exe -k LocalSystemNetworkRestricted","ParentImage":"C:\\Windows\\System32\\services.exe","ParentCommandLine":"C:\\Windows\\System32\\services.exe","User":"SKYLOOM\\jhowell","Hashes":"","UtcTime":"2026-04-22 03:36:06.838"}}}
{"@timestamp":"2026-04-22T03:36:16.263617Z","event":{"code":"11","provider":"Microsoft-Windows-Sysmon","action":"File Created","category":["file"]},"host":{"hostname":"eng-bell-04","name":"eng-bell-04"},"user":{"name":"jhowell","domain":"SKYLOOM"},"process":{"executable":"C:\\Program Files (x86)\\Microsoft\\Edge\\Application\\msedge.exe","name":"msedge.exe"},"file":{"path":"C:\\Users\\jhowell\\AppData\\Local\\Microsoft\\Edge\\User Data\\Default\\Cache\\f_080662","name":"f_080662"},"winlog":{"channel":"Microsoft-Windows-Sysmon/Operational","event_id":11,"record_id":1980,"computer_name":"eng-bell-04","event_data":{"Image":"C:\\Program Files (x86)\\Microsoft\\Edge\\Application\\msedge.exe","TargetFilename":"C:\\Users\\jhowell\\AppData\\Local\\Microsoft\\Edge\\User Data\\Default\\Cache\\f_080662","User":"SKYLOOM\\jhowell","UtcTime":"2026-04-22 03:36:16.263"}}}
{"@timestamp":"2026-04-22T03:36:16.480805Z","event":{"code":"1","provider":"Microsoft-Windows-Sysmon","action":"Process Create","category":["process"],"type":["start"]},"host":{"hostname":"eng-bell-04","name":"eng-bell-04"},"user":{"name":"jhowell","domain":"SKYLOOM"},"process":{"executable":"C:\\Users\\jhowell\\AppData\\Local\\Programs\\Microsoft VS Code\\Code.exe","name":"Code.exe","command_line":"\"C:\\Users\\jhowell\\AppData\\Local\\Programs\\Microsoft VS Code\\Code.exe\" --type=renderer","parent":{"executable":"C:\\Users\\jhowell\\AppData\\Local\\Programs\\Microsoft VS Code\\Code.exe","name":"Code.exe","command_line":"C:\\Users\\jhowell\\AppData\\Local\\Programs\\Microsoft VS Code\\Code.exe"}},"winlog":{"channel":"Microsoft-Windows-Sysmon/Operational","event_id":1,"record_id":1298,"computer_name":"eng-bell-04","event_data":{"Image":"C:\\Users\\jhowell\\AppData\\Local\\Programs\\Microsoft VS Code\\Code.exe","CommandLine":"\"C:\\Users\\jhowell\\AppData\\Local\\Programs\\Microsoft VS Code\\Code.exe\" --type=renderer","ParentImage":"C:\\Users\\jhowell\\AppData\\Local\\Programs\\Microsoft VS Code\\Code.exe","ParentCommandLine":"C:\\Users\\jhowell\\AppData\\Local\\Programs\\Microsoft VS Code\\Code.exe","User":"SKYLOOM\\jhowell","Hashes":"","UtcTime":"2026-04-22 03:36:16.480"}}}
{"@timestamp":"2026-04-22T03:36:18.840070Z","event":{"code":"11","provider":"Microsoft-Windows-Sysmon","action":"File Created","category":["file"]},"host":{"hostname":"eng-bell-04","name":"eng-bell-04"},"user":{"name":"jhowell","domain":"SKYLOOM"},"process":{"executable":"C:\\Windows\\System32\\svchost.exe","name":"svchost.exe"},"file":{"path":"C:\\Users\\jhowell\\AppData\\Roaming\\Microsoft\\Word\\AutoRecovery save of Document12474.asd","name":"AutoRecovery save of Document12474.asd"},"winlog":{"channel":"Microsoft-Windows-Sysmon/Operational","event_id":11,"record_id":2033,"computer_name":"eng-bell-04","event_data":{"Image":"C:\\Windows\\System32\\svchost.exe","TargetFilename":"C:\\Users\\jhowell\\AppData\\Roaming\\Microsoft\\Word\\AutoRecovery save of Document12474.asd","User":"SKYLOOM\\jhowell","UtcTime":"2026-04-22 03:36:18.840"}}}
{"@timestamp":"2026-04-22T03:36:20.225097Z","event":{"code":"1","provider":"Microsoft-Windows-Sysmon","action":"Process Create","category":["process"],"type":["start"]},"host":{"hostname":"eng-bell-04","name":"eng-bell-04"},"user":{"name":"jhowell","domain":"SKYLOOM"},"process":{"executable":"C:\\Users\\jhowell\\AppData\\Local\\Microsoft\\Teams\\current\\Teams.exe","name":"Teams.exe","command_line":"\"C:\\Users\\jhowell\\AppData\\Local\\Microsoft\\Teams\\current\\Teams.exe\" --type=renderer --user-data-dir=...","parent":{"executable":"C:\\Windows\\explorer.exe","name":"explorer.exe","command_line":"C:\\Windows\\explorer.exe"}},"winlog":{"channel":"Microsoft-Windows-Sysmon/Operational","event_id":1,"record_id":1677,"computer_name":"eng-bell-04","event_data":{"Image":"C:\\Users\\jhowell\\AppData\\Local\\Microsoft\\Teams\\current\\Teams.exe","CommandLine":"\"C:\\Users\\jhowell\\AppData\\Local\\Microsoft\\Teams\\current\\Teams.exe\" --type=renderer --user-data-dir=...","ParentImage":"C:\\Windows\\explorer.exe","ParentCommandLine":"C:\\Windows\\explorer.exe","User":"SKYLOOM\\jhowell","Hashes":"","UtcTime":"2026-04-22 03:36:20.225"}}}
{"@timestamp":"2026-04-22T03:36:22.610494Z","event":{"code":"1","provider":"Microsoft-Windows-Sysmon","action":"Process Create","category":["process"],"type":["start"]},"host":{"hostname":"eng-bell-04","name":"eng-bell-04"},"user":{"name":"jhowell","domain":"SKYLOOM"},"process":{"executable":"C:\\Users\\jhowell\\AppData\\Local\\Programs\\Microsoft VS Code\\Code.exe","name":"Code.exe","command_line":"\"C:\\Users\\jhowell\\AppData\\Local\\Programs\\Microsoft VS Code\\Code.exe\"","parent":{"executable":"C:\\Windows\\explorer.exe","name":"explorer.exe","command_line":"C:\\Windows\\explorer.exe"}},"winlog":{"channel":"Microsoft-Windows-Sysmon/Operational","event_id":1,"record_id":1243,"computer_name":"eng-bell-04","event_data":{"Image":"C:\\Users\\jhowell\\AppData\\Local\\Programs\\Microsoft VS Code\\Code.exe","CommandLine":"\"C:\\Users\\jhowell\\AppData\\Local\\Programs\\Microsoft VS Code\\Code.exe\"","ParentImage":"C:\\Windows\\explorer.exe","ParentCommandLine":"C:\\Windows\\explorer.exe","User":"SKYLOOM\\jhowell","Hashes":"","UtcTime":"2026-04-22 03:36:22.610"}}}
{"@timestamp":"2026-04-22T03:36:25.638851Z","event":{"code":"1","provider":"Microsoft-Windows-Sysmon","action":"Process Create","category":["process"],"type":["start"]},"host":{"hostname":"eng-bell-04","name":"eng-bell-04"},"user":{"name":"jhowell","domain":"SKYLOOM"},"process":{"executable":"C:\\Windows\\System32\\svchost.exe","name":"svchost.exe","command_line":"C:\\Windows\\System32\\svchost.exe -k LocalService","parent":{"executable":"C:\\Windows\\System32\\services.exe","name":"services.exe","command_line":"C:\\Windows\\System32\\services.exe"}},"winlog":{"channel":"Microsoft-Windows-Sysmon/Operational","event_id":1,"record_id":1256,"computer_name":"eng-bell-04","event_data":{"Image":"C:\\Windows\\System32\\svchost.exe","CommandLine":"C:\\Windows\\System32\\svchost.exe -k LocalService","ParentImage":"C:\\Windows\\System32\\services.exe","ParentCommandLine":"C:\\Windows\\System32\\services.exe","User":"SKYLOOM\\jhowell","Hashes":"","UtcTime":"2026-04-22 03:36:25.638"}}}
{"@timestamp":"2026-04-22T03:36:26.601001Z","event":{"code":"3","provider":"Microsoft-Windows-Sysmon","action":"Network Connect","category":["network"]},"host":{"hostname":"eng-bell-04","name":"eng-bell-04"},"user":{"name":"jhowell","domain":"SKYLOOM"},"process":{"executable":"C:\\Program Files\\Microsoft Office\\root\\Office16\\OUTLOOK.EXE","name":"OUTLOOK.EXE"},"destination":{"ip":"13.107.4.50","port":443,"domain":"ctldl.windowsupdate.com"},"winlog":{"channel":"Microsoft-Windows-Sysmon/Operational","event_id":3,"record_id":1791,"computer_name":"eng-bell-04","event_data":{"Image":"C:\\Program Files\\Microsoft Office\\root\\Office16\\OUTLOOK.EXE","User":"SKYLOOM\\jhowell","DestinationIp":"13.107.4.50","DestinationPort":443,"DestinationHostname":"ctldl.windowsupdate.com","Protocol":"tcp","UtcTime":"2026-04-22 03:36:26.601"}}}
{"@timestamp":"2026-04-22T03:36:29.441686Z","event":{"code":"11","provider":"Microsoft-Windows-Sysmon","action":"File Created","category":["file"]},"host":{"hostname":"eng-bell-04","name":"eng-bell-04"},"user":{"name":"jhowell","domain":"SKYLOOM"},"process":{"executable":"C:\\Program Files (x86)\\Microsoft\\Edge\\Application\\msedge.exe","name":"msedge.exe"},"file":{"path":"C:\\Users\\jhowell\\AppData\\Roaming\\Microsoft\\Word\\AutoRecovery save of Document59455.asd","name":"AutoRecovery save of Document59455.asd"},"winlog":{"channel":"Microsoft-Windows-Sysmon/Operational","event_id":11,"record_id":2056,"computer_name":"eng-bell-04","event_data":{"Image":"C:\\Program Files (x86)\\Microsoft\\Edge\\Application\\msedge.exe","TargetFilename":"C:\\Users\\jhowell\\AppData\\Roaming\\Microsoft\\Word\\AutoRecovery save of Document59455.asd","User":"SKYLOOM\\jhowell","UtcTime":"2026-04-22 03:36:29.441"}}}
{"@timestamp":"2026-04-22T03:36:41.765298Z","event":{"code":"11","provider":"Microsoft-Windows-Sysmon","action":"File Created","category":["file"]},"host":{"hostname":"eng-bell-04","name":"eng-bell-04"},"user":{"name":"jhowell","domain":"SKYLOOM"},"process":{"executable":"C:\\Program Files (x86)\\Microsoft\\Edge\\Application\\msedge.exe","name":"msedge.exe"},"file":{"path":"C:\\Windows\\Logs\\WindowsUpdate\\WindowsUpdate.32850.etl","name":"WindowsUpdate.32850.etl"},"winlog":{"channel":"Microsoft-Windows-Sysmon/Operational","event_id":11,"record_id":1981,"computer_name":"eng-bell-04","event_data":{"Image":"C:\\Program Files (x86)\\Microsoft\\Edge\\Application\\msedge.exe","TargetFilename":"C:\\Windows\\Logs\\WindowsUpdate\\WindowsUpdate.32850.etl","User":"SKYLOOM\\jhowell","UtcTime":"2026-04-22 03:36:41.765"}}}
{"@timestamp":"2026-04-22T03:36:44.033439Z","event":{"code":"1","provider":"Microsoft-Windows-Sysmon","action":"Process Create","category":["process"],"type":["start"]},"host":{"hostname":"eng-bell-04","name":"eng-bell-04"},"user":{"name":"jhowell","domain":"SKYLOOM"},"process":{"executable":"C:\\Program Files (x86)\\Microsoft\\EdgeUpdate\\MicrosoftEdgeUpdate.exe","name":"MicrosoftEdgeUpdate.exe","command_line":"\"C:\\Program Files (x86)\\Microsoft\\EdgeUpdate\\MicrosoftEdgeUpdate.exe\" /ua /installsource scheduler","parent":{"executable":"C:\\Program Files (x86)\\Microsoft\\EdgeUpdate\\MicrosoftEdgeUpdate.exe","name":"MicrosoftEdgeUpdate.exe","command_line":"C:\\Program Files (x86)\\Microsoft\\EdgeUpdate\\MicrosoftEdgeUpdate.exe"}},"winlog":{"channel":"Microsoft-Windows-Sysmon/Operational","event_id":1,"record_id":1313,"computer_name":"eng-bell-04","event_data":{"Image":"C:\\Program Files (x86)\\Microsoft\\EdgeUpdate\\MicrosoftEdgeUpdate.exe","CommandLine":"\"C:\\Program Files (x86)\\Microsoft\\EdgeUpdate\\MicrosoftEdgeUpdate.exe\" /ua /installsource scheduler","ParentImage":"C:\\Program Files (x86)\\Microsoft\\EdgeUpdate\\MicrosoftEdgeUpdate.exe","ParentCommandLine":"C:\\Program Files (x86)\\Microsoft\\EdgeUpdate\\MicrosoftEdgeUpdate.exe","User":"SKYLOOM\\jhowell","Hashes":"","UtcTime":"2026-04-22 03:36:44.033"}}}
{"@timestamp":"2026-04-22T03:36:45.847079Z","event":{"code":"1","provider":"Microsoft-Windows-Sysmon","action":"Process Create","category":["process"],"type":["start"]},"host":{"hostname":"eng-bell-04","name":"eng-bell-04"},"user":{"name":"jhowell","domain":"SKYLOOM"},"process":{"executable":"C:\\Program Files\\Microsoft Office\\root\\Office16\\OUTLOOK.EXE","name":"OUTLOOK.EXE","command_line":"\"C:\\Program Files\\Microsoft Office\\root\\Office16\\OUTLOOK.EXE\"","parent":{"executable":"C:\\Windows\\explorer.exe","name":"explorer.exe","command_line":"C:\\Windows\\explorer.exe"}},"winlog":{"channel":"Microsoft-Windows-Sysmon/Operational","event_id":1,"record_id":1494,"computer_name":"eng-bell-04","event_data":{"Image":"C:\\Program Files\\Microsoft Office\\root\\Office16\\OUTLOOK.EXE","CommandLine":"\"C:\\Program Files\\Microsoft Office\\root\\Office16\\OUTLOOK.EXE\"","ParentImage":"C:\\Windows\\explorer.exe","ParentCommandLine":"C:\\Windows\\explorer.exe","User":"SKYLOOM\\jhowell","Hashes":"","UtcTime":"2026-04-22 03:36:45.847"}}}
{"@timestamp":"2026-04-22T03:36:46.015536Z","event":{"code":"1","provider":"Microsoft-Windows-Sysmon","action":"Process Create","category":["process"],"type":["start"]},"host":{"hostname":"eng-bell-04","name":"eng-bell-04"},"user":{"name":"jhowell","domain":"SKYLOOM"},"process":{"executable":"C:\\Users\\jhowell\\AppData\\Local\\Microsoft\\Teams\\current\\Teams.exe","name":"Teams.exe","command_line":"\"C:\\Users\\jhowell\\AppData\\Local\\Microsoft\\Teams\\current\\Teams.exe\" --type=renderer --user-data-dir=...","parent":{"executable":"C:\\Windows\\explorer.exe","name":"explorer.exe","command_line":"C:\\Windows\\explorer.exe"}},"winlog":{"channel":"Microsoft-Windows-Sysmon/Operational","event_id":1,"record_id":1523,"computer_name":"eng-bell-04","event_data":{"Image":"C:\\Users\\jhowell\\AppData\\Local\\Microsoft\\Teams\\current\\Teams.exe","CommandLine":"\"C:\\Users\\jhowell\\AppData\\Local\\Microsoft\\Teams\\current\\Teams.exe\" --type=renderer --user-data-dir=...","ParentImage":"C:\\Windows\\explorer.exe","ParentCommandLine":"C:\\Windows\\explorer.exe","User":"SKYLOOM\\jhowell","Hashes":"","UtcTime":"2026-04-22 03:36:46.015"}}}
{"@timestamp":"2026-04-22T03:36:46.759638Z","event":{"code":"3","provider":"Microsoft-Windows-Sysmon","action":"Network Connect","category":["network"]},"host":{"hostname":"eng-bell-04","name":"eng-bell-04"},"user":{"name":"jhowell","domain":"SKYLOOM"},"process":{"executable":"C:\\Windows\\System32\\svchost.exe","name":"svchost.exe"},"destination":{"ip":"3.5.78.94","port":443,"domain":"slack.com"},"winlog":{"channel":"Microsoft-Windows-Sysmon/Operational","event_id":3,"record_id":1724,"computer_name":"eng-bell-04","event_data":{"Image":"C:\\Windows\\System32\\svchost.exe","User":"SKYLOOM\\jhowell","DestinationIp":"3.5.78.94","DestinationPort":443,"DestinationHostname":"slack.com","Protocol":"tcp","UtcTime":"2026-04-22 03:36:46.759"}}}
{"@timestamp":"2026-04-22T03:36:47.747556Z","event":{"code":"13","provider":"Microsoft-Windows-Sysmon","action":"Registry Set","category":["registry"]},"host":{"hostname":"eng-bell-04","name":"eng-bell-04"},"user":{"name":"jhowell","domain":"SKYLOOM"},"process":{"executable":"C:\\Program Files\\Microsoft Office\\root\\Office16\\OUTLOOK.EXE","name":"OUTLOOK.EXE"},"registry":{"path":"HKU\\S-1-5-21-1004336348-1177238915-682003330-1006\\Software\\Microsoft\\Office\\16.0\\Common\\UserInfo\\UserName","data":{"strings":["John Howell"]}},"winlog":{"channel":"Microsoft-Windows-Sysmon/Operational","event_id":13,"record_id":2062,"computer_name":"eng-bell-04","event_data":{"Image":"C:\\Program Files\\Microsoft Office\\root\\Office16\\OUTLOOK.EXE","TargetObject":"HKU\\S-1-5-21-1004336348-1177238915-682003330-1006\\Software\\Microsoft\\Office\\16.0\\Common\\UserInfo\\UserName","Details":"John Howell","EventType":"SetValue","User":"SKYLOOM\\jhowell","UtcTime":"2026-04-22 03:36:47.747"}}}
{"@timestamp":"2026-04-22T03:36:50.087729Z","event":{"code":"3","provider":"Microsoft-Windows-Sysmon","action":"Network Connect","category":["network"]},"host":{"hostname":"eng-bell-04","name":"eng-bell-04"},"user":{"name":"jhowell","domain":"SKYLOOM"},"process":{"executable":"C:\\Users\\jhowell\\AppData\\Local\\Microsoft\\Teams\\current\\Teams.exe","name":"Teams.exe"},"destination":{"ip":"13.107.4.50","port":443,"domain":"ctldl.windowsupdate.com"},"winlog":{"channel":"Microsoft-Windows-Sysmon/Operational","event_id":3,"record_id":1804,"computer_name":"eng-bell-04","event_data":{"Image":"C:\\Users\\jhowell\\AppData\\Local\\Microsoft\\Teams\\current\\Teams.exe","User":"SKYLOOM\\jhowell","DestinationIp":"13.107.4.50","DestinationPort":443,"DestinationHostname":"ctldl.windowsupdate.com","Protocol":"tcp","UtcTime":"2026-04-22 03:36:50.087"}}}
{"@timestamp":"2026-04-22T03:36:50.204883Z","event":{"code":"3","provider":"Microsoft-Windows-Sysmon","action":"Network Connect","category":["network"]},"host":{"hostname":"eng-bell-04","name":"eng-bell-04"},"user":{"name":"jhowell","domain":"SKYLOOM"},"process":{"executable":"C:\\Program Files (x86)\\Microsoft\\Edge\\Application\\msedge.exe","name":"msedge.exe"},"destination":{"ip":"3.5.78.94","port":443,"domain":"slack.com"},"winlog":{"channel":"Microsoft-Windows-Sysmon/Operational","event_id":3,"record_id":1748,"computer_name":"eng-bell-04","event_data":{"Image":"C:\\Program Files (x86)\\Microsoft\\Edge\\Application\\msedge.exe","User":"SKYLOOM\\jhowell","DestinationIp":"3.5.78.94","DestinationPort":443,"DestinationHostname":"slack.com","Protocol":"tcp","UtcTime":"2026-04-22 03:36:50.204"}}}
{"@timestamp":"2026-04-22T03:36:52.298212Z","event":{"code":"1","provider":"Microsoft-Windows-Sysmon","action":"Process Create","category":["process"],"type":["start"]},"host":{"hostname":"eng-bell-04","name":"eng-bell-04"},"user":{"name":"jhowell","domain":"SKYLOOM"},"process":{"executable":"C:\\Program Files\\Microsoft Office\\root\\Office16\\OUTLOOK.EXE","name":"OUTLOOK.EXE","command_line":"\"C:\\Program Files\\Microsoft Office\\root\\Office16\\OUTLOOK.EXE\"","parent":{"executable":"C:\\Windows\\explorer.exe","name":"explorer.exe","command_line":"C:\\Windows\\explorer.exe"}},"winlog":{"channel":"Microsoft-Windows-Sysmon/Operational","event_id":1,"record_id":1295,"computer_name":"eng-bell-04","event_data":{"Image":"C:\\Program Files\\Microsoft Office\\root\\Office16\\OUTLOOK.EXE","CommandLine":"\"C:\\Program Files\\Microsoft Office\\root\\Office16\\OUTLOOK.EXE\"","ParentImage":"C:\\Windows\\explorer.exe","ParentCommandLine":"C:\\Windows\\explorer.exe","User":"SKYLOOM\\jhowell","Hashes":"","UtcTime":"2026-04-22 03:36:52.298"}}}
