{"@timestamp":"2026-04-22T03:41:37.194249Z","event":{"code":"3","provider":"Microsoft-Windows-Sysmon","action":"Network Connect","category":["network"]},"host":{"hostname":"eng-bell-04","name":"eng-bell-04"},"user":{"name":"jhowell","domain":"SKYLOOM"},"process":{"executable":"C:\\Windows\\System32\\svchost.exe","name":"svchost.exe"},"destination":{"ip":"23.32.238.219","port":443,"domain":"settings-win.data.microsoft.com"},"winlog":{"channel":"Microsoft-Windows-Sysmon/Operational","event_id":3,"record_id":1843,"computer_name":"eng-bell-04","event_data":{"Image":"C:\\Windows\\System32\\svchost.exe","User":"SKYLOOM\\jhowell","DestinationIp":"23.32.238.219","DestinationPort":443,"DestinationHostname":"settings-win.data.microsoft.com","Protocol":"tcp","UtcTime":"2026-04-22 03:41:37.194"}}}
{"@timestamp":"2026-04-22T03:41:38.156423Z","event":{"code":"3","provider":"Microsoft-Windows-Sysmon","action":"Network Connect","category":["network"]},"host":{"hostname":"eng-bell-04","name":"eng-bell-04"},"user":{"name":"jhowell","domain":"SKYLOOM"},"process":{"executable":"C:\\Users\\jhowell\\AppData\\Local\\Microsoft\\Teams\\current\\Teams.exe","name":"Teams.exe"},"destination":{"ip":"104.16.123.96","port":443,"domain":"cloudflare.com"},"winlog":{"channel":"Microsoft-Windows-Sysmon/Operational","event_id":3,"record_id":1729,"computer_name":"eng-bell-04","event_data":{"Image":"C:\\Users\\jhowell\\AppData\\Local\\Microsoft\\Teams\\current\\Teams.exe","User":"SKYLOOM\\jhowell","DestinationIp":"104.16.123.96","DestinationPort":443,"DestinationHostname":"cloudflare.com","Protocol":"tcp","UtcTime":"2026-04-22 03:41:38.156"}}}
{"@timestamp":"2026-04-22T03:41:45.032708Z","event":{"code":"1","provider":"Microsoft-Windows-Sysmon","action":"Process Create","category":["process"],"type":["start"]},"host":{"hostname":"eng-bell-04","name":"eng-bell-04"},"user":{"name":"jhowell","domain":"SKYLOOM"},"process":{"executable":"C:\\Users\\jhowell\\AppData\\Local\\Programs\\Microsoft VS Code\\Code.exe","name":"Code.exe","command_line":"\"C:\\Users\\jhowell\\AppData\\Local\\Programs\\Microsoft VS Code\\Code.exe\" --type=renderer","parent":{"executable":"C:\\Users\\jhowell\\AppData\\Local\\Programs\\Microsoft VS Code\\Code.exe","name":"Code.exe","command_line":"C:\\Users\\jhowell\\AppData\\Local\\Programs\\Microsoft VS Code\\Code.exe"}},"winlog":{"channel":"Microsoft-Windows-Sysmon/Operational","event_id":1,"record_id":1164,"computer_name":"eng-bell-04","event_data":{"Image":"C:\\Users\\jhowell\\AppData\\Local\\Programs\\Microsoft VS Code\\Code.exe","CommandLine":"\"C:\\Users\\jhowell\\AppData\\Local\\Programs\\Microsoft VS Code\\Code.exe\" --type=renderer","ParentImage":"C:\\Users\\jhowell\\AppData\\Local\\Programs\\Microsoft VS Code\\Code.exe","ParentCommandLine":"C:\\Users\\jhowell\\AppData\\Local\\Programs\\Microsoft VS Code\\Code.exe","User":"SKYLOOM\\jhowell","Hashes":"","UtcTime":"2026-04-22 03:41:45.032"}}}
{"@timestamp":"2026-04-22T03:41:46.893465Z","event":{"code":"11","provider":"Microsoft-Windows-Sysmon","action":"File Created","category":["file"]},"host":{"hostname":"eng-bell-04","name":"eng-bell-04"},"user":{"name":"jhowell","domain":"SKYLOOM"},"process":{"executable":"C:\\Windows\\System32\\svchost.exe","name":"svchost.exe"},"file":{"path":"C:\\Users\\jhowell\\AppData\\Roaming\\Microsoft\\Word\\AutoRecovery save of Document1521.asd","name":"AutoRecovery save of Document1521.asd"},"winlog":{"channel":"Microsoft-Windows-Sysmon/Operational","event_id":11,"record_id":1971,"computer_name":"eng-bell-04","event_data":{"Image":"C:\\Windows\\System32\\svchost.exe","TargetFilename":"C:\\Users\\jhowell\\AppData\\Roaming\\Microsoft\\Word\\AutoRecovery save of Document1521.asd","User":"SKYLOOM\\jhowell","UtcTime":"2026-04-22 03:41:46.893"}}}
{"@timestamp":"2026-04-22T03:41:47.476902Z","event":{"code":"1","provider":"Microsoft-Windows-Sysmon","action":"Process Create","category":["process"],"type":["start"]},"host":{"hostname":"eng-bell-04","name":"eng-bell-04"},"user":{"name":"jhowell","domain":"SKYLOOM"},"process":{"executable":"C:\\Program Files (x86)\\Microsoft\\Edge\\Application\\msedge.exe","name":"msedge.exe","command_line":"\"C:\\Program Files (x86)\\Microsoft\\Edge\\Application\\msedge.exe\" --type=renderer --tab-id=6232","parent":{"executable":"C:\\Program Files (x86)\\Microsoft\\Edge\\Application\\msedge.exe","name":"msedge.exe","command_line":"C:\\Program Files (x86)\\Microsoft\\Edge\\Application\\msedge.exe"}},"winlog":{"channel":"Microsoft-Windows-Sysmon/Operational","event_id":1,"record_id":1208,"computer_name":"eng-bell-04","event_data":{"Image":"C:\\Program Files (x86)\\Microsoft\\Edge\\Application\\msedge.exe","CommandLine":"\"C:\\Program Files (x86)\\Microsoft\\Edge\\Application\\msedge.exe\" --type=renderer --tab-id=6232","ParentImage":"C:\\Program Files (x86)\\Microsoft\\Edge\\Application\\msedge.exe","ParentCommandLine":"C:\\Program Files (x86)\\Microsoft\\Edge\\Application\\msedge.exe","User":"SKYLOOM\\jhowell","Hashes":"","UtcTime":"2026-04-22 03:41:47.476"}}}
{"@timestamp":"2026-04-22T03:41:50.017780Z","event":{"code":"1","provider":"Microsoft-Windows-Sysmon","action":"Process Create","category":["process"],"type":["start"]},"host":{"hostname":"eng-bell-04","name":"eng-bell-04"},"user":{"name":"jhowell","domain":"SKYLOOM"},"process":{"executable":"C:\\Windows\\System32\\RuntimeBroker.exe","name":"RuntimeBroker.exe","command_line":"C:\\Windows\\System32\\RuntimeBroker.exe -Embedding","parent":{"executable":"C:\\Windows\\System32\\svchost.exe","name":"svchost.exe","command_line":"C:\\Windows\\System32\\svchost.exe"}},"winlog":{"channel":"Microsoft-Windows-Sysmon/Operational","event_id":1,"record_id":1655,"computer_name":"eng-bell-04","event_data":{"Image":"C:\\Windows\\System32\\RuntimeBroker.exe","CommandLine":"C:\\Windows\\System32\\RuntimeBroker.exe -Embedding","ParentImage":"C:\\Windows\\System32\\svchost.exe","ParentCommandLine":"C:\\Windows\\System32\\svchost.exe","User":"SKYLOOM\\jhowell","Hashes":"","UtcTime":"2026-04-22 03:41:50.017"}}}
{"@timestamp":"2026-04-22T03:41:59.584671Z","event":{"code":"13","provider":"Microsoft-Windows-Sysmon","action":"Registry Set","category":["registry"]},"host":{"hostname":"eng-bell-04","name":"eng-bell-04"},"user":{"name":"jhowell","domain":"SKYLOOM"},"process":{"executable":"C:\\Windows\\System32\\svchost.exe","name":"svchost.exe"},"registry":{"path":"HKU\\S-1-5-21-1004336348-1177238915-682003330-1006\\Software\\Microsoft\\Office\\16.0\\Outlook\\Profiles\\Outlook\\9375CFF0413111d3B88A00104B2A6676\\42","data":{"strings":["<binary>"]}},"winlog":{"channel":"Microsoft-Windows-Sysmon/Operational","event_id":13,"record_id":2109,"computer_name":"eng-bell-04","event_data":{"Image":"C:\\Windows\\System32\\svchost.exe","TargetObject":"HKU\\S-1-5-21-1004336348-1177238915-682003330-1006\\Software\\Microsoft\\Office\\16.0\\Outlook\\Profiles\\Outlook\\9375CFF0413111d3B88A00104B2A6676\\42","Details":"<binary>","EventType":"SetValue","User":"SKYLOOM\\jhowell","UtcTime":"2026-04-22 03:41:59.584"}}}
{"@timestamp":"2026-04-22T03:42:02.455356Z","event":{"code":"1","provider":"Microsoft-Windows-Sysmon","action":"Process Create","category":["process"],"type":["start"]},"host":{"hostname":"eng-bell-04","name":"eng-bell-04"},"user":{"name":"jhowell","domain":"SKYLOOM"},"process":{"executable":"C:\\Program Files (x86)\\Microsoft\\Edge\\Application\\msedge.exe","name":"msedge.exe","command_line":"\"C:\\Program Files (x86)\\Microsoft\\Edge\\Application\\msedge.exe\" --no-pre-read-main-dll","parent":{"executable":"C:\\Windows\\explorer.exe","name":"explorer.exe","command_line":"C:\\Windows\\explorer.exe"}},"winlog":{"channel":"Microsoft-Windows-Sysmon/Operational","event_id":1,"record_id":1150,"computer_name":"eng-bell-04","event_data":{"Image":"C:\\Program Files (x86)\\Microsoft\\Edge\\Application\\msedge.exe","CommandLine":"\"C:\\Program Files (x86)\\Microsoft\\Edge\\Application\\msedge.exe\" --no-pre-read-main-dll","ParentImage":"C:\\Windows\\explorer.exe","ParentCommandLine":"C:\\Windows\\explorer.exe","User":"SKYLOOM\\jhowell","Hashes":"","UtcTime":"2026-04-22 03:42:02.455"}}}
{"@timestamp":"2026-04-22T03:42:05.175950Z","event":{"code":"3","provider":"Microsoft-Windows-Sysmon","action":"Network Connect","category":["network"]},"host":{"hostname":"eng-bell-04","name":"eng-bell-04"},"user":{"name":"jhowell","domain":"SKYLOOM"},"process":{"executable":"C:\\Program Files (x86)\\Microsoft\\Edge\\Application\\msedge.exe","name":"msedge.exe"},"destination":{"ip":"13.107.4.50","port":443,"domain":"ctldl.windowsupdate.com"},"winlog":{"channel":"Microsoft-Windows-Sysmon/Operational","event_id":3,"record_id":1872,"computer_name":"eng-bell-04","event_data":{"Image":"C:\\Program Files (x86)\\Microsoft\\Edge\\Application\\msedge.exe","User":"SKYLOOM\\jhowell","DestinationIp":"13.107.4.50","DestinationPort":443,"DestinationHostname":"ctldl.windowsupdate.com","Protocol":"tcp","UtcTime":"2026-04-22 03:42:05.175"}}}
{"@timestamp":"2026-04-22T03:42:09.773255Z","event":{"code":"1","provider":"Microsoft-Windows-Sysmon","action":"Process Create","category":["process"],"type":["start"]},"host":{"hostname":"eng-bell-04","name":"eng-bell-04"},"user":{"name":"jhowell","domain":"SKYLOOM"},"process":{"executable":"C:\\Windows\\System32\\MoUsoCoreWorker.exe","name":"MoUsoCoreWorker.exe","command_line":"C:\\Windows\\System32\\MoUsoCoreWorker.exe -Embedding","parent":{"executable":"C:\\Windows\\System32\\svchost.exe","name":"svchost.exe","command_line":"C:\\Windows\\System32\\svchost.exe"}},"winlog":{"channel":"Microsoft-Windows-Sysmon/Operational","event_id":1,"record_id":1526,"computer_name":"eng-bell-04","event_data":{"Image":"C:\\Windows\\System32\\MoUsoCoreWorker.exe","CommandLine":"C:\\Windows\\System32\\MoUsoCoreWorker.exe -Embedding","ParentImage":"C:\\Windows\\System32\\svchost.exe","ParentCommandLine":"C:\\Windows\\System32\\svchost.exe","User":"SKYLOOM\\jhowell","Hashes":"","UtcTime":"2026-04-22 03:42:09.773"}}}
{"@timestamp":"2026-04-22T03:42:13.701295Z","event":{"code":"13","provider":"Microsoft-Windows-Sysmon","action":"Registry Set","category":["registry"]},"host":{"hostname":"eng-bell-04","name":"eng-bell-04"},"user":{"name":"jhowell","domain":"SKYLOOM"},"process":{"executable":"C:\\Windows\\System32\\svchost.exe","name":"svchost.exe"},"registry":{"path":"HKLM\\SOFTWARE\\Microsoft\\Windows NT\\CurrentVersion\\NetworkList\\Profiles\\f0cd3568-0000-0000-0000-000000000000\\ProfileName","data":{"strings":["skyloom-corp"]}},"winlog":{"channel":"Microsoft-Windows-Sysmon/Operational","event_id":13,"record_id":2132,"computer_name":"eng-bell-04","event_data":{"Image":"C:\\Windows\\System32\\svchost.exe","TargetObject":"HKLM\\SOFTWARE\\Microsoft\\Windows NT\\CurrentVersion\\NetworkList\\Profiles\\f0cd3568-0000-0000-0000-000000000000\\ProfileName","Details":"skyloom-corp","EventType":"SetValue","User":"SKYLOOM\\jhowell","UtcTime":"2026-04-22 03:42:13.701"}}}
{"@timestamp":"2026-04-22T03:42:14.490409Z","event":{"code":"1","provider":"Microsoft-Windows-Sysmon","action":"Process Create","category":["process"],"type":["start"]},"host":{"hostname":"eng-bell-04","name":"eng-bell-04"},"user":{"name":"jhowell","domain":"SKYLOOM"},"process":{"executable":"C:\\Windows\\System32\\backgroundTaskHost.exe","name":"backgroundTaskHost.exe","command_line":"\"C:\\Windows\\System32\\backgroundTaskHost.exe\" -ServerName:App.AppXc8c3ec11-0000-0000-0000-000000000000","parent":{"executable":"C:\\Windows\\System32\\services.exe","name":"services.exe","command_line":"C:\\Windows\\System32\\services.exe"}},"winlog":{"channel":"Microsoft-Windows-Sysmon/Operational","event_id":1,"record_id":1614,"computer_name":"eng-bell-04","event_data":{"Image":"C:\\Windows\\System32\\backgroundTaskHost.exe","CommandLine":"\"C:\\Windows\\System32\\backgroundTaskHost.exe\" -ServerName:App.AppXc8c3ec11-0000-0000-0000-000000000000","ParentImage":"C:\\Windows\\System32\\services.exe","ParentCommandLine":"C:\\Windows\\System32\\services.exe","User":"SKYLOOM\\jhowell","Hashes":"","UtcTime":"2026-04-22 03:42:14.490"}}}
{"@timestamp":"2026-04-22T03:42:17.542600Z","event":{"code":"1","provider":"Microsoft-Windows-Sysmon","action":"Process Create","category":["process"],"type":["start"]},"host":{"hostname":"eng-bell-04","name":"eng-bell-04"},"user":{"name":"jhowell","domain":"SKYLOOM"},"process":{"executable":"C:\\Program Files (x86)\\Microsoft\\Edge\\Application\\msedge.exe","name":"msedge.exe","command_line":"\"C:\\Program Files (x86)\\Microsoft\\Edge\\Application\\msedge.exe\" --type=renderer --tab-id=1780","parent":{"executable":"C:\\Program Files (x86)\\Microsoft\\Edge\\Application\\msedge.exe","name":"msedge.exe","command_line":"C:\\Program Files (x86)\\Microsoft\\Edge\\Application\\msedge.exe"}},"winlog":{"channel":"Microsoft-Windows-Sysmon/Operational","event_id":1,"record_id":1316,"computer_name":"eng-bell-04","event_data":{"Image":"C:\\Program Files (x86)\\Microsoft\\Edge\\Application\\msedge.exe","CommandLine":"\"C:\\Program Files (x86)\\Microsoft\\Edge\\Application\\msedge.exe\" --type=renderer --tab-id=1780","ParentImage":"C:\\Program Files (x86)\\Microsoft\\Edge\\Application\\msedge.exe","ParentCommandLine":"C:\\Program Files (x86)\\Microsoft\\Edge\\Application\\msedge.exe","User":"SKYLOOM\\jhowell","Hashes":"","UtcTime":"2026-04-22 03:42:17.542"}}}
{"@timestamp":"2026-04-22T03:42:18.998034Z","event":{"code":"13","provider":"Microsoft-Windows-Sysmon","action":"Registry Set","category":["registry"]},"host":{"hostname":"eng-bell-04","name":"eng-bell-04"},"user":{"name":"jhowell","domain":"SKYLOOM"},"process":{"executable":"C:\\Windows\\System32\\svchost.exe","name":"svchost.exe"},"registry":{"path":"HKLM\\SYSTEM\\CurrentControlSet\\Services\\Tcpip\\Parameters\\Interfaces\\a7071dbd-0000-0000-0000-000000000000\\DhcpIPAddress","data":{"strings":["10.42.99.14"]}},"winlog":{"channel":"Microsoft-Windows-Sysmon/Operational","event_id":13,"record_id":2097,"computer_name":"eng-bell-04","event_data":{"Image":"C:\\Windows\\System32\\svchost.exe","TargetObject":"HKLM\\SYSTEM\\CurrentControlSet\\Services\\Tcpip\\Parameters\\Interfaces\\a7071dbd-0000-0000-0000-000000000000\\DhcpIPAddress","Details":"10.42.99.14","EventType":"SetValue","User":"SKYLOOM\\jhowell","UtcTime":"2026-04-22 03:42:18.998"}}}
{"@timestamp":"2026-04-22T03:42:19.479259Z","event":{"code":"1","provider":"Microsoft-Windows-Sysmon","action":"Process Create","category":["process"],"type":["start"]},"host":{"hostname":"eng-bell-04","name":"eng-bell-04"},"user":{"name":"jhowell","domain":"SKYLOOM"},"process":{"executable":"C:\\Windows\\System32\\MoUsoCoreWorker.exe","name":"MoUsoCoreWorker.exe","command_line":"C:\\Windows\\System32\\MoUsoCoreWorker.exe -Embedding","parent":{"executable":"C:\\Windows\\System32\\svchost.exe","name":"svchost.exe","command_line":"C:\\Windows\\System32\\svchost.exe"}},"winlog":{"channel":"Microsoft-Windows-Sysmon/Operational","event_id":1,"record_id":1290,"computer_name":"eng-bell-04","event_data":{"Image":"C:\\Windows\\System32\\MoUsoCoreWorker.exe","CommandLine":"C:\\Windows\\System32\\MoUsoCoreWorker.exe -Embedding","ParentImage":"C:\\Windows\\System32\\svchost.exe","ParentCommandLine":"C:\\Windows\\System32\\svchost.exe","User":"SKYLOOM\\jhowell","Hashes":"","UtcTime":"2026-04-22 03:42:19.479"}}}
{"@timestamp":"2026-04-22T03:42:22.763595Z","event":{"code":"3","provider":"Microsoft-Windows-Sysmon","action":"Network Connect","category":["network"]},"host":{"hostname":"eng-bell-04","name":"eng-bell-04"},"user":{"name":"jhowell","domain":"SKYLOOM"},"process":{"executable":"C:\\Windows\\System32\\svchost.exe","name":"svchost.exe"},"destination":{"ip":"142.250.80.46","port":443,"domain":"www.google.com"},"winlog":{"channel":"Microsoft-Windows-Sysmon/Operational","event_id":3,"record_id":1848,"computer_name":"eng-bell-04","event_data":{"Image":"C:\\Windows\\System32\\svchost.exe","User":"SKYLOOM\\jhowell","DestinationIp":"142.250.80.46","DestinationPort":443,"DestinationHostname":"www.google.com","Protocol":"tcp","UtcTime":"2026-04-22 03:42:22.763"}}}
{"@timestamp":"2026-04-22T03:42:23.323833Z","event":{"code":"1","provider":"Microsoft-Windows-Sysmon","action":"Process Create","category":["process"],"type":["start"]},"host":{"hostname":"eng-bell-04","name":"eng-bell-04"},"user":{"name":"jhowell","domain":"SKYLOOM"},"process":{"executable":"C:\\Program Files\\Google\\Update\\GoogleUpdate.exe","name":"GoogleUpdate.exe","command_line":"\"C:\\Program Files\\Google\\Update\\GoogleUpdate.exe\" /ua /installsource scheduler","parent":{"executable":"C:\\Program Files\\Google\\Update\\GoogleUpdate.exe","name":"GoogleUpdate.exe","command_line":"C:\\Program Files\\Google\\Update\\GoogleUpdate.exe"}},"winlog":{"channel":"Microsoft-Windows-Sysmon/Operational","event_id":1,"record_id":1456,"computer_name":"eng-bell-04","event_data":{"Image":"C:\\Program Files\\Google\\Update\\GoogleUpdate.exe","CommandLine":"\"C:\\Program Files\\Google\\Update\\GoogleUpdate.exe\" /ua /installsource scheduler","ParentImage":"C:\\Program Files\\Google\\Update\\GoogleUpdate.exe","ParentCommandLine":"C:\\Program Files\\Google\\Update\\GoogleUpdate.exe","User":"SKYLOOM\\jhowell","Hashes":"","UtcTime":"2026-04-22 03:42:23.323"}}}
{"@timestamp":"2026-04-22T03:42:24.920331Z","event":{"code":"1","provider":"Microsoft-Windows-Sysmon","action":"Process Create","category":["process"],"type":["start"]},"host":{"hostname":"eng-bell-04","name":"eng-bell-04"},"user":{"name":"jhowell","domain":"SKYLOOM"},"process":{"executable":"C:\\Users\\jhowell\\AppData\\Local\\Microsoft\\OneDrive\\OneDrive.exe","name":"OneDrive.exe","command_line":"\"C:\\Users\\jhowell\\AppData\\Local\\Microsoft\\OneDrive\\OneDrive.exe\" /background","parent":{"executable":"C:\\Windows\\explorer.exe","name":"explorer.exe","command_line":"C:\\Windows\\explorer.exe"}},"winlog":{"channel":"Microsoft-Windows-Sysmon/Operational","event_id":1,"record_id":1597,"computer_name":"eng-bell-04","event_data":{"Image":"C:\\Users\\jhowell\\AppData\\Local\\Microsoft\\OneDrive\\OneDrive.exe","CommandLine":"\"C:\\Users\\jhowell\\AppData\\Local\\Microsoft\\OneDrive\\OneDrive.exe\" /background","ParentImage":"C:\\Windows\\explorer.exe","ParentCommandLine":"C:\\Windows\\explorer.exe","User":"SKYLOOM\\jhowell","Hashes":"","UtcTime":"2026-04-22 03:42:24.920"}}}
{"@timestamp":"2026-04-22T03:42:26.551289Z","event":{"code":"13","provider":"Microsoft-Windows-Sysmon","action":"Registry Set","category":["registry"]},"host":{"hostname":"eng-bell-04","name":"eng-bell-04"},"user":{"name":"jhowell","domain":"SKYLOOM"},"process":{"executable":"C:\\Windows\\System32\\svchost.exe","name":"svchost.exe"},"registry":{"path":"HKLM\\SOFTWARE\\Microsoft\\Windows NT\\CurrentVersion\\NetworkList\\Profiles\\36e892ec-0000-0000-0000-000000000000\\ProfileName","data":{"strings":["skyloom-corp"]}},"winlog":{"channel":"Microsoft-Windows-Sysmon/Operational","event_id":13,"record_id":2086,"computer_name":"eng-bell-04","event_data":{"Image":"C:\\Windows\\System32\\svchost.exe","TargetObject":"HKLM\\SOFTWARE\\Microsoft\\Windows NT\\CurrentVersion\\NetworkList\\Profiles\\36e892ec-0000-0000-0000-000000000000\\ProfileName","Details":"skyloom-corp","EventType":"SetValue","User":"SKYLOOM\\jhowell","UtcTime":"2026-04-22 03:42:26.551"}}}
{"@timestamp":"2026-04-22T03:42:27.742984Z","event":{"code":"1","provider":"Microsoft-Windows-Sysmon","action":"Process Create","category":["process"],"type":["start"]},"host":{"hostname":"eng-bell-04","name":"eng-bell-04"},"user":{"name":"jhowell","domain":"SKYLOOM"},"process":{"executable":"C:\\Windows\\System32\\MoUsoCoreWorker.exe","name":"MoUsoCoreWorker.exe","command_line":"C:\\Windows\\System32\\MoUsoCoreWorker.exe -Embedding","parent":{"executable":"C:\\Windows\\System32\\svchost.exe","name":"svchost.exe","command_line":"C:\\Windows\\System32\\svchost.exe"}},"winlog":{"channel":"Microsoft-Windows-Sysmon/Operational","event_id":1,"record_id":1252,"computer_name":"eng-bell-04","event_data":{"Image":"C:\\Windows\\System32\\MoUsoCoreWorker.exe","CommandLine":"C:\\Windows\\System32\\MoUsoCoreWorker.exe -Embedding","ParentImage":"C:\\Windows\\System32\\svchost.exe","ParentCommandLine":"C:\\Windows\\System32\\svchost.exe","User":"SKYLOOM\\jhowell","Hashes":"","UtcTime":"2026-04-22 03:42:27.742"}}}
{"@timestamp":"2026-04-22T03:42:29.965109Z","event":{"code":"1","provider":"Microsoft-Windows-Sysmon","action":"Process Create","category":["process"],"type":["start"]},"host":{"hostname":"eng-bell-04","name":"eng-bell-04"},"user":{"name":"jhowell","domain":"SKYLOOM"},"process":{"executable":"C:\\Program Files\\Microsoft Office\\root\\Office16\\OUTLOOK.EXE","name":"OUTLOOK.EXE","command_line":"\"C:\\Program Files\\Microsoft Office\\root\\Office16\\OUTLOOK.EXE\" /recycle","parent":{"executable":"C:\\Program Files\\Microsoft Office\\root\\Office16\\OUTLOOK.EXE","name":"OUTLOOK.EXE","command_line":"C:\\Program Files\\Microsoft Office\\root\\Office16\\OUTLOOK.EXE"}},"winlog":{"channel":"Microsoft-Windows-Sysmon/Operational","event_id":1,"record_id":1254,"computer_name":"eng-bell-04","event_data":{"Image":"C:\\Program Files\\Microsoft Office\\root\\Office16\\OUTLOOK.EXE","CommandLine":"\"C:\\Program Files\\Microsoft Office\\root\\Office16\\OUTLOOK.EXE\" /recycle","ParentImage":"C:\\Program Files\\Microsoft Office\\root\\Office16\\OUTLOOK.EXE","ParentCommandLine":"C:\\Program Files\\Microsoft Office\\root\\Office16\\OUTLOOK.EXE","User":"SKYLOOM\\jhowell","Hashes":"","UtcTime":"2026-04-22 03:42:29.965"}}}
{"@timestamp":"2026-04-22T03:42:40.652376Z","event":{"code":"1","provider":"Microsoft-Windows-Sysmon","action":"Process Create","category":["process"],"type":["start"]},"host":{"hostname":"eng-bell-04","name":"eng-bell-04"},"user":{"name":"jhowell","domain":"SKYLOOM"},"process":{"executable":"C:\\Program Files (x86)\\Slack\\Slack.exe","name":"Slack.exe","command_line":"\"C:\\Program Files (x86)\\Slack\\Slack.exe\" --startup","parent":{"executable":"C:\\Windows\\explorer.exe","name":"explorer.exe","command_line":"C:\\Windows\\explorer.exe"}},"winlog":{"channel":"Microsoft-Windows-Sysmon/Operational","event_id":1,"record_id":1405,"computer_name":"eng-bell-04","event_data":{"Image":"C:\\Program Files (x86)\\Slack\\Slack.exe","CommandLine":"\"C:\\Program Files (x86)\\Slack\\Slack.exe\" --startup","ParentImage":"C:\\Windows\\explorer.exe","ParentCommandLine":"C:\\Windows\\explorer.exe","User":"SKYLOOM\\jhowell","Hashes":"","UtcTime":"2026-04-22 03:42:40.652"}}}
{"@timestamp":"2026-04-22T03:42:40.708749Z","event":{"code":"3","provider":"Microsoft-Windows-Sysmon","action":"Network Connect","category":["network"]},"host":{"hostname":"eng-bell-04","name":"eng-bell-04"},"user":{"name":"jhowell","domain":"SKYLOOM"},"process":{"executable":"C:\\Windows\\System32\\svchost.exe","name":"svchost.exe"},"destination":{"ip":"140.82.114.4","port":443,"domain":"github.com"},"winlog":{"channel":"Microsoft-Windows-Sysmon/Operational","event_id":3,"record_id":1885,"computer_name":"eng-bell-04","event_data":{"Image":"C:\\Windows\\System32\\svchost.exe","User":"SKYLOOM\\jhowell","DestinationIp":"140.82.114.4","DestinationPort":443,"DestinationHostname":"github.com","Protocol":"tcp","UtcTime":"2026-04-22 03:42:40.708"}}}
{"@timestamp":"2026-04-22T03:42:44.490117Z","event":{"code":"11","provider":"Microsoft-Windows-Sysmon","action":"File Created","category":["file"]},"host":{"hostname":"eng-bell-04","name":"eng-bell-04"},"user":{"name":"jhowell","domain":"SKYLOOM"},"process":{"executable":"C:\\Windows\\System32\\svchost.exe","name":"svchost.exe"},"file":{"path":"C:\\Users\\jhowell\\AppData\\Local\\Microsoft\\Edge\\User Data\\Default\\Cache\\f_058558","name":"f_058558"},"winlog":{"channel":"Microsoft-Windows-Sysmon/Operational","event_id":11,"record_id":2030,"computer_name":"eng-bell-04","event_data":{"Image":"C:\\Windows\\System32\\svchost.exe","TargetFilename":"C:\\Users\\jhowell\\AppData\\Local\\Microsoft\\Edge\\User Data\\Default\\Cache\\f_058558","User":"SKYLOOM\\jhowell","UtcTime":"2026-04-22 03:42:44.490"}}}
{"@timestamp":"2026-04-22T03:42:47.344084Z","event":{"code":"1","provider":"Microsoft-Windows-Sysmon","action":"Process Create","category":["process"],"type":["start"]},"host":{"hostname":"eng-bell-04","name":"eng-bell-04"},"user":{"name":"jhowell","domain":"SKYLOOM"},"process":{"executable":"C:\\Windows\\System32\\svchost.exe","name":"svchost.exe","command_line":"C:\\Windows\\System32\\svchost.exe -k NetworkService","parent":{"executable":"C:\\Windows\\System32\\services.exe","name":"services.exe","command_line":"C:\\Windows\\System32\\services.exe"}},"winlog":{"channel":"Microsoft-Windows-Sysmon/Operational","event_id":1,"record_id":1323,"computer_name":"eng-bell-04","event_data":{"Image":"C:\\Windows\\System32\\svchost.exe","CommandLine":"C:\\Windows\\System32\\svchost.exe -k NetworkService","ParentImage":"C:\\Windows\\System32\\services.exe","ParentCommandLine":"C:\\Windows\\System32\\services.exe","User":"SKYLOOM\\jhowell","Hashes":"","UtcTime":"2026-04-22 03:42:47.344"}}}
{"@timestamp":"2026-04-22T03:42:49.564471Z","event":{"code":"1","provider":"Microsoft-Windows-Sysmon","action":"Process Create","category":["process"],"type":["start"]},"host":{"hostname":"eng-bell-04","name":"eng-bell-04"},"user":{"name":"jhowell","domain":"SKYLOOM"},"process":{"executable":"C:\\Program Files\\Microsoft Office\\root\\Office16\\OUTLOOK.EXE","name":"OUTLOOK.EXE","command_line":"\"C:\\Program Files\\Microsoft Office\\root\\Office16\\OUTLOOK.EXE\" /recycle","parent":{"executable":"C:\\Program Files\\Microsoft Office\\root\\Office16\\OUTLOOK.EXE","name":"OUTLOOK.EXE","command_line":"C:\\Program Files\\Microsoft Office\\root\\Office16\\OUTLOOK.EXE"}},"winlog":{"channel":"Microsoft-Windows-Sysmon/Operational","event_id":1,"record_id":1187,"computer_name":"eng-bell-04","event_data":{"Image":"C:\\Program Files\\Microsoft Office\\root\\Office16\\OUTLOOK.EXE","CommandLine":"\"C:\\Program Files\\Microsoft Office\\root\\Office16\\OUTLOOK.EXE\" /recycle","ParentImage":"C:\\Program Files\\Microsoft Office\\root\\Office16\\OUTLOOK.EXE","ParentCommandLine":"C:\\Program Files\\Microsoft Office\\root\\Office16\\OUTLOOK.EXE","User":"SKYLOOM\\jhowell","Hashes":"","UtcTime":"2026-04-22 03:42:49.564"}}}
{"@timestamp":"2026-04-22T03:42:49.998874Z","event":{"code":"1","provider":"Microsoft-Windows-Sysmon","action":"Process Create","category":["process"],"type":["start"]},"host":{"hostname":"eng-bell-04","name":"eng-bell-04"},"user":{"name":"jhowell","domain":"SKYLOOM"},"process":{"executable":"C:\\Users\\jhowell\\AppData\\Local\\Microsoft\\OneDrive\\OneDrive.exe","name":"OneDrive.exe","command_line":"\"C:\\Users\\jhowell\\AppData\\Local\\Microsoft\\OneDrive\\OneDrive.exe\" /background","parent":{"executable":"C:\\Windows\\explorer.exe","name":"explorer.exe","command_line":"C:\\Windows\\explorer.exe"}},"winlog":{"channel":"Microsoft-Windows-Sysmon/Operational","event_id":1,"record_id":1263,"computer_name":"eng-bell-04","event_data":{"Image":"C:\\Users\\jhowell\\AppData\\Local\\Microsoft\\OneDrive\\OneDrive.exe","CommandLine":"\"C:\\Users\\jhowell\\AppData\\Local\\Microsoft\\OneDrive\\OneDrive.exe\" /background","ParentImage":"C:\\Windows\\explorer.exe","ParentCommandLine":"C:\\Windows\\explorer.exe","User":"SKYLOOM\\jhowell","Hashes":"","UtcTime":"2026-04-22 03:42:49.998"}}}
{"@timestamp":"2026-04-22T03:42:50.924847Z","event":{"code":"1","provider":"Microsoft-Windows-Sysmon","action":"Process Create","category":["process"],"type":["start"]},"host":{"hostname":"eng-bell-04","name":"eng-bell-04"},"user":{"name":"jhowell","domain":"SKYLOOM"},"process":{"executable":"C:\\Windows\\System32\\backgroundTaskHost.exe","name":"backgroundTaskHost.exe","command_line":"\"C:\\Windows\\System32\\backgroundTaskHost.exe\" -ServerName:App.AppX91c88ee1-0000-0000-0000-000000000000","parent":{"executable":"C:\\Windows\\System32\\services.exe","name":"services.exe","command_line":"C:\\Windows\\System32\\services.exe"}},"winlog":{"channel":"Microsoft-Windows-Sysmon/Operational","event_id":1,"record_id":1382,"computer_name":"eng-bell-04","event_data":{"Image":"C:\\Windows\\System32\\backgroundTaskHost.exe","CommandLine":"\"C:\\Windows\\System32\\backgroundTaskHost.exe\" -ServerName:App.AppX91c88ee1-0000-0000-0000-000000000000","ParentImage":"C:\\Windows\\System32\\services.exe","ParentCommandLine":"C:\\Windows\\System32\\services.exe","User":"SKYLOOM\\jhowell","Hashes":"","UtcTime":"2026-04-22 03:42:50.924"}}}
{"@timestamp":"2026-04-22T03:42:55.675287Z","event":{"code":"3","provider":"Microsoft-Windows-Sysmon","action":"Network Connect","category":["network"]},"host":{"hostname":"eng-bell-04","name":"eng-bell-04"},"user":{"name":"jhowell","domain":"SKYLOOM"},"process":{"executable":"C:\\Program Files\\Microsoft Office\\root\\Office16\\OUTLOOK.EXE","name":"OUTLOOK.EXE"},"destination":{"ip":"142.250.80.46","port":443,"domain":"www.google.com"},"winlog":{"channel":"Microsoft-Windows-Sysmon/Operational","event_id":3,"record_id":1703,"computer_name":"eng-bell-04","event_data":{"Image":"C:\\Program Files\\Microsoft Office\\root\\Office16\\OUTLOOK.EXE","User":"SKYLOOM\\jhowell","DestinationIp":"142.250.80.46","DestinationPort":443,"DestinationHostname":"www.google.com","Protocol":"tcp","UtcTime":"2026-04-22 03:42:55.675"}}}
{"@timestamp":"2026-04-22T03:42:58.382023Z","event":{"code":"3","provider":"Microsoft-Windows-Sysmon","action":"Network Connect","category":["network"]},"host":{"hostname":"eng-bell-04","name":"eng-bell-04"},"user":{"name":"jhowell","domain":"SKYLOOM"},"process":{"executable":"C:\\Program Files (x86)\\Microsoft\\Edge\\Application\\msedge.exe","name":"msedge.exe"},"destination":{"ip":"142.250.80.46","port":443,"domain":"www.google.com"},"winlog":{"channel":"Microsoft-Windows-Sysmon/Operational","event_id":3,"record_id":1898,"computer_name":"eng-bell-04","event_data":{"Image":"C:\\Program Files (x86)\\Microsoft\\Edge\\Application\\msedge.exe","User":"SKYLOOM\\jhowell","DestinationIp":"142.250.80.46","DestinationPort":443,"DestinationHostname":"www.google.com","Protocol":"tcp","UtcTime":"2026-04-22 03:42:58.382"}}}
{"@timestamp":"2026-04-22T03:42:58.508451Z","event":{"code":"11","provider":"Microsoft-Windows-Sysmon","action":"File Created","category":["file"]},"host":{"hostname":"eng-bell-04","name":"eng-bell-04"},"user":{"name":"jhowell","domain":"SKYLOOM"},"process":{"executable":"C:\\Users\\jhowell\\AppData\\Local\\Microsoft\\Teams\\current\\Teams.exe","name":"Teams.exe"},"file":{"path":"C:\\Users\\jhowell\\AppData\\Local\\Temp\\~DF0F1B.tmp","name":"~DF0F1B.tmp"},"winlog":{"channel":"Microsoft-Windows-Sysmon/Operational","event_id":11,"record_id":1935,"computer_name":"eng-bell-04","event_data":{"Image":"C:\\Users\\jhowell\\AppData\\Local\\Microsoft\\Teams\\current\\Teams.exe","TargetFilename":"C:\\Users\\jhowell\\AppData\\Local\\Temp\\~DF0F1B.tmp","User":"SKYLOOM\\jhowell","UtcTime":"2026-04-22 03:42:58.508"}}}
{"@timestamp":"2026-04-22T03:42:59.390988Z","event":{"code":"3","provider":"Microsoft-Windows-Sysmon","action":"Network Connect","category":["network"]},"host":{"hostname":"eng-bell-04","name":"eng-bell-04"},"user":{"name":"jhowell","domain":"SKYLOOM"},"process":{"executable":"C:\\Users\\jhowell\\AppData\\Local\\Microsoft\\Teams\\current\\Teams.exe","name":"Teams.exe"},"destination":{"ip":"23.221.236.43","port":443,"domain":"windowsupdate.microsoft.com"},"winlog":{"channel":"Microsoft-Windows-Sysmon/Operational","event_id":3,"record_id":1702,"computer_name":"eng-bell-04","event_data":{"Image":"C:\\Users\\jhowell\\AppData\\Local\\Microsoft\\Teams\\current\\Teams.exe","User":"SKYLOOM\\jhowell","DestinationIp":"23.221.236.43","DestinationPort":443,"DestinationHostname":"windowsupdate.microsoft.com","Protocol":"tcp","UtcTime":"2026-04-22 03:42:59.390"}}}
{"@timestamp":"2026-04-22T03:42:59.715152Z","event":{"code":"1","provider":"Microsoft-Windows-Sysmon","action":"Process Create","category":["process"],"type":["start"]},"host":{"hostname":"eng-bell-04","name":"eng-bell-04"},"user":{"name":"jhowell","domain":"SKYLOOM"},"process":{"executable":"C:\\Windows\\System32\\svchost.exe","name":"svchost.exe","command_line":"C:\\Windows\\System32\\svchost.exe -k DcomLaunch","parent":{"executable":"C:\\Windows\\System32\\services.exe","name":"services.exe","command_line":"C:\\Windows\\System32\\services.exe"}},"winlog":{"channel":"Microsoft-Windows-Sysmon/Operational","event_id":1,"record_id":1572,"computer_name":"eng-bell-04","event_data":{"Image":"C:\\Windows\\System32\\svchost.exe","CommandLine":"C:\\Windows\\System32\\svchost.exe -k DcomLaunch","ParentImage":"C:\\Windows\\System32\\services.exe","ParentCommandLine":"C:\\Windows\\System32\\services.exe","User":"SKYLOOM\\jhowell","Hashes":"","UtcTime":"2026-04-22 03:42:59.715"}}}
{"@timestamp":"2026-04-22T03:43:06.372120Z","event":{"code":"1","provider":"Microsoft-Windows-Sysmon","action":"Process Create","category":["process"],"type":["start"]},"host":{"hostname":"eng-bell-04","name":"eng-bell-04"},"user":{"name":"jhowell","domain":"SKYLOOM"},"process":{"executable":"C:\\Program Files (x86)\\Microsoft\\EdgeUpdate\\MicrosoftEdgeUpdate.exe","name":"MicrosoftEdgeUpdate.exe","command_line":"\"C:\\Program Files (x86)\\Microsoft\\EdgeUpdate\\MicrosoftEdgeUpdate.exe\" /ua /installsource scheduler","parent":{"executable":"C:\\Program Files (x86)\\Microsoft\\EdgeUpdate\\MicrosoftEdgeUpdate.exe","name":"MicrosoftEdgeUpdate.exe","command_line":"C:\\Program Files (x86)\\Microsoft\\EdgeUpdate\\MicrosoftEdgeUpdate.exe"}},"winlog":{"channel":"Microsoft-Windows-Sysmon/Operational","event_id":1,"record_id":1644,"computer_name":"eng-bell-04","event_data":{"Image":"C:\\Program Files (x86)\\Microsoft\\EdgeUpdate\\MicrosoftEdgeUpdate.exe","CommandLine":"\"C:\\Program Files (x86)\\Microsoft\\EdgeUpdate\\MicrosoftEdgeUpdate.exe\" /ua /installsource scheduler","ParentImage":"C:\\Program Files (x86)\\Microsoft\\EdgeUpdate\\MicrosoftEdgeUpdate.exe","ParentCommandLine":"C:\\Program Files (x86)\\Microsoft\\EdgeUpdate\\MicrosoftEdgeUpdate.exe","User":"SKYLOOM\\jhowell","Hashes":"","UtcTime":"2026-04-22 03:43:06.372"}}}
{"@timestamp":"2026-04-22T03:43:06.745246Z","event":{"code":"3","provider":"Microsoft-Windows-Sysmon","action":"Network Connect","category":["network"]},"host":{"hostname":"eng-bell-04","name":"eng-bell-04"},"user":{"name":"jhowell","domain":"SKYLOOM"},"process":{"executable":"C:\\Windows\\System32\\svchost.exe","name":"svchost.exe"},"destination":{"ip":"13.107.4.50","port":443,"domain":"ctldl.windowsupdate.com"},"winlog":{"channel":"Microsoft-Windows-Sysmon/Operational","event_id":3,"record_id":1805,"computer_name":"eng-bell-04","event_data":{"Image":"C:\\Windows\\System32\\svchost.exe","User":"SKYLOOM\\jhowell","DestinationIp":"13.107.4.50","DestinationPort":443,"DestinationHostname":"ctldl.windowsupdate.com","Protocol":"tcp","UtcTime":"2026-04-22 03:43:06.745"}}}
{"@timestamp":"2026-04-22T03:43:10.411671Z","event":{"code":"1","provider":"Microsoft-Windows-Sysmon","action":"Process Create","category":["process"],"type":["start"]},"host":{"hostname":"eng-bell-04","name":"eng-bell-04"},"user":{"name":"jhowell","domain":"SKYLOOM"},"process":{"executable":"C:\\Program Files\\Microsoft Office\\root\\Office16\\OUTLOOK.EXE","name":"OUTLOOK.EXE","command_line":"\"C:\\Program Files\\Microsoft Office\\root\\Office16\\OUTLOOK.EXE\" /recycle","parent":{"executable":"C:\\Program Files\\Microsoft Office\\root\\Office16\\OUTLOOK.EXE","name":"OUTLOOK.EXE","command_line":"C:\\Program Files\\Microsoft Office\\root\\Office16\\OUTLOOK.EXE"}},"winlog":{"channel":"Microsoft-Windows-Sysmon/Operational","event_id":1,"record_id":1239,"computer_name":"eng-bell-04","event_data":{"Image":"C:\\Program Files\\Microsoft Office\\root\\Office16\\OUTLOOK.EXE","CommandLine":"\"C:\\Program Files\\Microsoft Office\\root\\Office16\\OUTLOOK.EXE\" /recycle","ParentImage":"C:\\Program Files\\Microsoft Office\\root\\Office16\\OUTLOOK.EXE","ParentCommandLine":"C:\\Program Files\\Microsoft Office\\root\\Office16\\OUTLOOK.EXE","User":"SKYLOOM\\jhowell","Hashes":"","UtcTime":"2026-04-22 03:43:10.411"}}}
{"@timestamp":"2026-04-22T03:43:12.303097Z","event":{"code":"1","provider":"Microsoft-Windows-Sysmon","action":"Process Create","category":["process"],"type":["start"]},"host":{"hostname":"eng-bell-04","name":"eng-bell-04"},"user":{"name":"jhowell","domain":"SKYLOOM"},"process":{"executable":"C:\\Users\\jhowell\\AppData\\Local\\Microsoft\\Teams\\current\\Teams.exe","name":"Teams.exe","command_line":"\"C:\\Users\\jhowell\\AppData\\Local\\Microsoft\\Teams\\current\\Teams.exe\" --type=renderer --user-data-dir=...","parent":{"executable":"C:\\Windows\\explorer.exe","name":"explorer.exe","command_line":"C:\\Windows\\explorer.exe"}},"winlog":{"channel":"Microsoft-Windows-Sysmon/Operational","event_id":1,"record_id":1230,"computer_name":"eng-bell-04","event_data":{"Image":"C:\\Users\\jhowell\\AppData\\Local\\Microsoft\\Teams\\current\\Teams.exe","CommandLine":"\"C:\\Users\\jhowell\\AppData\\Local\\Microsoft\\Teams\\current\\Teams.exe\" --type=renderer --user-data-dir=...","ParentImage":"C:\\Windows\\explorer.exe","ParentCommandLine":"C:\\Windows\\explorer.exe","User":"SKYLOOM\\jhowell","Hashes":"","UtcTime":"2026-04-22 03:43:12.303"}}}
{"@timestamp":"2026-04-22T03:43:14.448746Z","event":{"code":"11","provider":"Microsoft-Windows-Sysmon","action":"File Created","category":["file"]},"host":{"hostname":"eng-bell-04","name":"eng-bell-04"},"user":{"name":"jhowell","domain":"SKYLOOM"},"process":{"executable":"C:\\Program Files (x86)\\Microsoft\\Edge\\Application\\msedge.exe","name":"msedge.exe"},"file":{"path":"C:\\Windows\\Logs\\WindowsUpdate\\WindowsUpdate.9121.etl","name":"WindowsUpdate.9121.etl"},"winlog":{"channel":"Microsoft-Windows-Sysmon/Operational","event_id":11,"record_id":1949,"computer_name":"eng-bell-04","event_data":{"Image":"C:\\Program Files (x86)\\Microsoft\\Edge\\Application\\msedge.exe","TargetFilename":"C:\\Windows\\Logs\\WindowsUpdate\\WindowsUpdate.9121.etl","User":"SKYLOOM\\jhowell","UtcTime":"2026-04-22 03:43:14.448"}}}
{"@timestamp":"2026-04-22T03:43:23.030109Z","event":{"code":"13","provider":"Microsoft-Windows-Sysmon","action":"Registry Set","category":["registry"]},"host":{"hostname":"eng-bell-04","name":"eng-bell-04"},"user":{"name":"jhowell","domain":"SKYLOOM"},"process":{"executable":"C:\\Program Files\\Microsoft Office\\root\\Office16\\OUTLOOK.EXE","name":"OUTLOOK.EXE"},"registry":{"path":"HKLM\\SYSTEM\\CurrentControlSet\\Services\\Tcpip\\Parameters\\Interfaces\\f4fe742d-0000-0000-0000-000000000000\\DhcpIPAddress","data":{"strings":["10.42.99.14"]}},"winlog":{"channel":"Microsoft-Windows-Sysmon/Operational","event_id":13,"record_id":2134,"computer_name":"eng-bell-04","event_data":{"Image":"C:\\Program Files\\Microsoft Office\\root\\Office16\\OUTLOOK.EXE","TargetObject":"HKLM\\SYSTEM\\CurrentControlSet\\Services\\Tcpip\\Parameters\\Interfaces\\f4fe742d-0000-0000-0000-000000000000\\DhcpIPAddress","Details":"10.42.99.14","EventType":"SetValue","User":"SKYLOOM\\jhowell","UtcTime":"2026-04-22 03:43:23.030"}}}
{"@timestamp":"2026-04-22T03:43:26.526962Z","event":{"code":"13","provider":"Microsoft-Windows-Sysmon","action":"Registry Set","category":["registry"]},"host":{"hostname":"eng-bell-04","name":"eng-bell-04"},"user":{"name":"jhowell","domain":"SKYLOOM"},"process":{"executable":"C:\\Program Files\\Microsoft Office\\root\\Office16\\OUTLOOK.EXE","name":"OUTLOOK.EXE"},"registry":{"path":"HKLM\\SOFTWARE\\Microsoft\\Windows NT\\CurrentVersion\\NetworkList\\Profiles\\22feb363-0000-0000-0000-000000000000\\ProfileName","data":{"strings":["skyloom-corp"]}},"winlog":{"channel":"Microsoft-Windows-Sysmon/Operational","event_id":13,"record_id":2136,"computer_name":"eng-bell-04","event_data":{"Image":"C:\\Program Files\\Microsoft Office\\root\\Office16\\OUTLOOK.EXE","TargetObject":"HKLM\\SOFTWARE\\Microsoft\\Windows NT\\CurrentVersion\\NetworkList\\Profiles\\22feb363-0000-0000-0000-000000000000\\ProfileName","Details":"skyloom-corp","EventType":"SetValue","User":"SKYLOOM\\jhowell","UtcTime":"2026-04-22 03:43:26.526"}}}
{"@timestamp":"2026-04-22T03:43:27.149747Z","event":{"code":"1","provider":"Microsoft-Windows-Sysmon","action":"Process Create","category":["process"],"type":["start"]},"host":{"hostname":"eng-bell-04","name":"eng-bell-04"},"user":{"name":"jhowell","domain":"SKYLOOM"},"process":{"executable":"C:\\Windows\\System32\\MoUsoCoreWorker.exe","name":"MoUsoCoreWorker.exe","command_line":"C:\\Windows\\System32\\MoUsoCoreWorker.exe -Embedding","parent":{"executable":"C:\\Windows\\System32\\svchost.exe","name":"svchost.exe","command_line":"C:\\Windows\\System32\\svchost.exe"}},"winlog":{"channel":"Microsoft-Windows-Sysmon/Operational","event_id":1,"record_id":1241,"computer_name":"eng-bell-04","event_data":{"Image":"C:\\Windows\\System32\\MoUsoCoreWorker.exe","CommandLine":"C:\\Windows\\System32\\MoUsoCoreWorker.exe -Embedding","ParentImage":"C:\\Windows\\System32\\svchost.exe","ParentCommandLine":"C:\\Windows\\System32\\svchost.exe","User":"SKYLOOM\\jhowell","Hashes":"","UtcTime":"2026-04-22 03:43:27.149"}}}
{"@timestamp":"2026-04-22T03:43:28.869009Z","event":{"code":"1","provider":"Microsoft-Windows-Sysmon","action":"Process Create","category":["process"],"type":["start"]},"host":{"hostname":"eng-bell-04","name":"eng-bell-04"},"user":{"name":"jhowell","domain":"SKYLOOM"},"process":{"executable":"C:\\Program Files\\Microsoft Office\\root\\Office16\\OUTLOOK.EXE","name":"OUTLOOK.EXE","command_line":"\"C:\\Program Files\\Microsoft Office\\root\\Office16\\OUTLOOK.EXE\" /recycle","parent":{"executable":"C:\\Program Files\\Microsoft Office\\root\\Office16\\OUTLOOK.EXE","name":"OUTLOOK.EXE","command_line":"C:\\Program Files\\Microsoft Office\\root\\Office16\\OUTLOOK.EXE"}},"winlog":{"channel":"Microsoft-Windows-Sysmon/Operational","event_id":1,"record_id":1668,"computer_name":"eng-bell-04","event_data":{"Image":"C:\\Program Files\\Microsoft Office\\root\\Office16\\OUTLOOK.EXE","CommandLine":"\"C:\\Program Files\\Microsoft Office\\root\\Office16\\OUTLOOK.EXE\" /recycle","ParentImage":"C:\\Program Files\\Microsoft Office\\root\\Office16\\OUTLOOK.EXE","ParentCommandLine":"C:\\Program Files\\Microsoft Office\\root\\Office16\\OUTLOOK.EXE","User":"SKYLOOM\\jhowell","Hashes":"","UtcTime":"2026-04-22 03:43:28.869"}}}
{"@timestamp":"2026-04-22T03:43:34.263591Z","event":{"code":"1","provider":"Microsoft-Windows-Sysmon","action":"Process Create","category":["process"],"type":["start"]},"host":{"hostname":"eng-bell-04","name":"eng-bell-04"},"user":{"name":"jhowell","domain":"SKYLOOM"},"process":{"executable":"C:\\Users\\jhowell\\AppData\\Local\\Microsoft\\OneDrive\\OneDrive.exe","name":"OneDrive.exe","command_line":"\"C:\\Users\\jhowell\\AppData\\Local\\Microsoft\\OneDrive\\OneDrive.exe\" /background","parent":{"executable":"C:\\Windows\\explorer.exe","name":"explorer.exe","command_line":"C:\\Windows\\explorer.exe"}},"winlog":{"channel":"Microsoft-Windows-Sysmon/Operational","event_id":1,"record_id":1309,"computer_name":"eng-bell-04","event_data":{"Image":"C:\\Users\\jhowell\\AppData\\Local\\Microsoft\\OneDrive\\OneDrive.exe","CommandLine":"\"C:\\Users\\jhowell\\AppData\\Local\\Microsoft\\OneDrive\\OneDrive.exe\" /background","ParentImage":"C:\\Windows\\explorer.exe","ParentCommandLine":"C:\\Windows\\explorer.exe","User":"SKYLOOM\\jhowell","Hashes":"","UtcTime":"2026-04-22 03:43:34.263"}}}
{"@timestamp":"2026-04-22T03:43:37.570362Z","event":{"code":"11","provider":"Microsoft-Windows-Sysmon","action":"File Created","category":["file"]},"host":{"hostname":"eng-bell-04","name":"eng-bell-04"},"user":{"name":"jhowell","domain":"SKYLOOM"},"process":{"executable":"C:\\Program Files (x86)\\Microsoft\\Edge\\Application\\msedge.exe","name":"msedge.exe"},"file":{"path":"C:\\Users\\jhowell\\AppData\\Local\\Microsoft\\Outlook\\jhowell-skyloom.ost","name":"jhowell-skyloom.ost"},"winlog":{"channel":"Microsoft-Windows-Sysmon/Operational","event_id":11,"record_id":2053,"computer_name":"eng-bell-04","event_data":{"Image":"C:\\Program Files (x86)\\Microsoft\\Edge\\Application\\msedge.exe","TargetFilename":"C:\\Users\\jhowell\\AppData\\Local\\Microsoft\\Outlook\\jhowell-skyloom.ost","User":"SKYLOOM\\jhowell","UtcTime":"2026-04-22 03:43:37.570"}}}
{"@timestamp":"2026-04-22T03:43:38.071987Z","event":{"code":"1","provider":"Microsoft-Windows-Sysmon","action":"Process Create","category":["process"],"type":["start"]},"host":{"hostname":"eng-bell-04","name":"eng-bell-04"},"user":{"name":"jhowell","domain":"SKYLOOM"},"process":{"executable":"C:\\Windows\\System32\\conhost.exe","name":"conhost.exe","command_line":"\\??\\C:\\Windows\\System32\\conhost.exe 0xffffffff -ForceV1","parent":{"executable":"C:\\Windows\\System32\\svchost.exe","name":"svchost.exe","command_line":"C:\\Windows\\System32\\svchost.exe"}},"winlog":{"channel":"Microsoft-Windows-Sysmon/Operational","event_id":1,"record_id":1175,"computer_name":"eng-bell-04","event_data":{"Image":"C:\\Windows\\System32\\conhost.exe","CommandLine":"\\??\\C:\\Windows\\System32\\conhost.exe 0xffffffff -ForceV1","ParentImage":"C:\\Windows\\System32\\svchost.exe","ParentCommandLine":"C:\\Windows\\System32\\svchost.exe","User":"SKYLOOM\\jhowell","Hashes":"","UtcTime":"2026-04-22 03:43:38.071"}}}
{"@timestamp":"2026-04-22T03:43:39.260612Z","event":{"code":"11","provider":"Microsoft-Windows-Sysmon","action":"File Created","category":["file"]},"host":{"hostname":"eng-bell-04","name":"eng-bell-04"},"user":{"name":"jhowell","domain":"SKYLOOM"},"process":{"executable":"C:\\Users\\jhowell\\AppData\\Local\\Microsoft\\Teams\\current\\Teams.exe","name":"Teams.exe"},"file":{"path":"C:\\Users\\jhowell\\AppData\\Local\\Microsoft\\Edge\\User Data\\Default\\Cache\\f_068513","name":"f_068513"},"winlog":{"channel":"Microsoft-Windows-Sysmon/Operational","event_id":11,"record_id":2016,"computer_name":"eng-bell-04","event_data":{"Image":"C:\\Users\\jhowell\\AppData\\Local\\Microsoft\\Teams\\current\\Teams.exe","TargetFilename":"C:\\Users\\jhowell\\AppData\\Local\\Microsoft\\Edge\\User Data\\Default\\Cache\\f_068513","User":"SKYLOOM\\jhowell","UtcTime":"2026-04-22 03:43:39.260"}}}
{"@timestamp":"2026-04-22T03:43:39.348351Z","event":{"code":"1","provider":"Microsoft-Windows-Sysmon","action":"Process Create","category":["process"],"type":["start"]},"host":{"hostname":"eng-bell-04","name":"eng-bell-04"},"user":{"name":"jhowell","domain":"SKYLOOM"},"process":{"executable":"C:\\Users\\jhowell\\AppData\\Local\\Programs\\Microsoft VS Code\\Code.exe","name":"Code.exe","command_line":"\"C:\\Users\\jhowell\\AppData\\Local\\Programs\\Microsoft VS Code\\Code.exe\" --type=renderer","parent":{"executable":"C:\\Users\\jhowell\\AppData\\Local\\Programs\\Microsoft VS Code\\Code.exe","name":"Code.exe","command_line":"C:\\Users\\jhowell\\AppData\\Local\\Programs\\Microsoft VS Code\\Code.exe"}},"winlog":{"channel":"Microsoft-Windows-Sysmon/Operational","event_id":1,"record_id":1667,"computer_name":"eng-bell-04","event_data":{"Image":"C:\\Users\\jhowell\\AppData\\Local\\Programs\\Microsoft VS Code\\Code.exe","CommandLine":"\"C:\\Users\\jhowell\\AppData\\Local\\Programs\\Microsoft VS Code\\Code.exe\" --type=renderer","ParentImage":"C:\\Users\\jhowell\\AppData\\Local\\Programs\\Microsoft VS Code\\Code.exe","ParentCommandLine":"C:\\Users\\jhowell\\AppData\\Local\\Programs\\Microsoft VS Code\\Code.exe","User":"SKYLOOM\\jhowell","Hashes":"","UtcTime":"2026-04-22 03:43:39.348"}}}
{"@timestamp":"2026-04-22T03:43:46.317842Z","event":{"code":"11","provider":"Microsoft-Windows-Sysmon","action":"File Created","category":["file"]},"host":{"hostname":"eng-bell-04","name":"eng-bell-04"},"user":{"name":"jhowell","domain":"SKYLOOM"},"process":{"executable":"C:\\Program Files (x86)\\Microsoft\\Edge\\Application\\msedge.exe","name":"msedge.exe"},"file":{"path":"C:\\Users\\jhowell\\AppData\\Local\\Microsoft\\Outlook\\jhowell-skyloom.ost","name":"jhowell-skyloom.ost"},"winlog":{"channel":"Microsoft-Windows-Sysmon/Operational","event_id":11,"record_id":1979,"computer_name":"eng-bell-04","event_data":{"Image":"C:\\Program Files (x86)\\Microsoft\\Edge\\Application\\msedge.exe","TargetFilename":"C:\\Users\\jhowell\\AppData\\Local\\Microsoft\\Outlook\\jhowell-skyloom.ost","User":"SKYLOOM\\jhowell","UtcTime":"2026-04-22 03:43:46.317"}}}
{"@timestamp":"2026-04-22T03:43:47.512213Z","event":{"code":"11","provider":"Microsoft-Windows-Sysmon","action":"File Created","category":["file"]},"host":{"hostname":"eng-bell-04","name":"eng-bell-04"},"user":{"name":"jhowell","domain":"SKYLOOM"},"process":{"executable":"C:\\Program Files (x86)\\Microsoft\\Edge\\Application\\msedge.exe","name":"msedge.exe"},"file":{"path":"C:\\Users\\jhowell\\AppData\\Local\\Microsoft\\Teams\\Cache\\Code Cache\\069960.dat","name":"069960.dat"},"winlog":{"channel":"Microsoft-Windows-Sysmon/Operational","event_id":11,"record_id":1918,"computer_name":"eng-bell-04","event_data":{"Image":"C:\\Program Files (x86)\\Microsoft\\Edge\\Application\\msedge.exe","TargetFilename":"C:\\Users\\jhowell\\AppData\\Local\\Microsoft\\Teams\\Cache\\Code Cache\\069960.dat","User":"SKYLOOM\\jhowell","UtcTime":"2026-04-22 03:43:47.512"}}}
