{"@timestamp":"2026-04-22T03:14:38.257808Z","event":{"code":"3","provider":"Microsoft-Windows-Sysmon","action":"Network Connect","category":["network"]},"host":{"hostname":"eng-bell-04","name":"eng-bell-04"},"user":{"name":"jhowell","domain":"SKYLOOM"},"process":{"executable":"C:\\Program Files (x86)\\Microsoft\\Edge\\Application\\msedge.exe","name":"msedge.exe"},"destination":{"ip":"13.107.4.50","port":443,"domain":"ctldl.windowsupdate.com"},"winlog":{"channel":"Microsoft-Windows-Sysmon/Operational","event_id":3,"record_id":1870,"computer_name":"eng-bell-04","event_data":{"Image":"C:\\Program Files (x86)\\Microsoft\\Edge\\Application\\msedge.exe","User":"SKYLOOM\\jhowell","DestinationIp":"13.107.4.50","DestinationPort":443,"DestinationHostname":"ctldl.windowsupdate.com","Protocol":"tcp","UtcTime":"2026-04-22 03:14:38.257"}}}
{"@timestamp":"2026-04-22T03:14:40.091599Z","event":{"code":"1","provider":"Microsoft-Windows-Sysmon","action":"Process Create","category":["process"],"type":["start"]},"host":{"hostname":"eng-bell-04","name":"eng-bell-04"},"user":{"name":"jhowell","domain":"SKYLOOM"},"process":{"executable":"C:\\Program Files (x86)\\Microsoft\\EdgeUpdate\\MicrosoftEdgeUpdate.exe","name":"MicrosoftEdgeUpdate.exe","command_line":"\"C:\\Program Files (x86)\\Microsoft\\EdgeUpdate\\MicrosoftEdgeUpdate.exe\" /ua /installsource scheduler","parent":{"executable":"C:\\Program Files (x86)\\Microsoft\\EdgeUpdate\\MicrosoftEdgeUpdate.exe","name":"MicrosoftEdgeUpdate.exe","command_line":"C:\\Program Files (x86)\\Microsoft\\EdgeUpdate\\MicrosoftEdgeUpdate.exe"}},"winlog":{"channel":"Microsoft-Windows-Sysmon/Operational","event_id":1,"record_id":1395,"computer_name":"eng-bell-04","event_data":{"Image":"C:\\Program Files (x86)\\Microsoft\\EdgeUpdate\\MicrosoftEdgeUpdate.exe","CommandLine":"\"C:\\Program Files (x86)\\Microsoft\\EdgeUpdate\\MicrosoftEdgeUpdate.exe\" /ua /installsource scheduler","ParentImage":"C:\\Program Files (x86)\\Microsoft\\EdgeUpdate\\MicrosoftEdgeUpdate.exe","ParentCommandLine":"C:\\Program Files (x86)\\Microsoft\\EdgeUpdate\\MicrosoftEdgeUpdate.exe","User":"SKYLOOM\\jhowell","Hashes":"","UtcTime":"2026-04-22 03:14:40.091"}}}
{"@timestamp":"2026-04-22T03:14:40.966311Z","event":{"code":"1","provider":"Microsoft-Windows-Sysmon","action":"Process Create","category":["process"],"type":["start"]},"host":{"hostname":"eng-bell-04","name":"eng-bell-04"},"user":{"name":"jhowell","domain":"SKYLOOM"},"process":{"executable":"C:\\Program Files (x86)\\Slack\\Slack.exe","name":"Slack.exe","command_line":"\"C:\\Program Files (x86)\\Slack\\Slack.exe\" --startup","parent":{"executable":"C:\\Windows\\explorer.exe","name":"explorer.exe","command_line":"C:\\Windows\\explorer.exe"}},"winlog":{"channel":"Microsoft-Windows-Sysmon/Operational","event_id":1,"record_id":1538,"computer_name":"eng-bell-04","event_data":{"Image":"C:\\Program Files (x86)\\Slack\\Slack.exe","CommandLine":"\"C:\\Program Files (x86)\\Slack\\Slack.exe\" --startup","ParentImage":"C:\\Windows\\explorer.exe","ParentCommandLine":"C:\\Windows\\explorer.exe","User":"SKYLOOM\\jhowell","Hashes":"","UtcTime":"2026-04-22 03:14:40.966"}}}
{"@timestamp":"2026-04-22T03:14:42.032869Z","event":{"code":"3","provider":"Microsoft-Windows-Sysmon","action":"Network Connect","category":["network"]},"host":{"hostname":"eng-bell-04","name":"eng-bell-04"},"user":{"name":"jhowell","domain":"SKYLOOM"},"process":{"executable":"C:\\Program Files (x86)\\Microsoft\\Edge\\Application\\msedge.exe","name":"msedge.exe"},"destination":{"ip":"142.250.80.46","port":443,"domain":"www.google.com"},"winlog":{"channel":"Microsoft-Windows-Sysmon/Operational","event_id":3,"record_id":1856,"computer_name":"eng-bell-04","event_data":{"Image":"C:\\Program Files (x86)\\Microsoft\\Edge\\Application\\msedge.exe","User":"SKYLOOM\\jhowell","DestinationIp":"142.250.80.46","DestinationPort":443,"DestinationHostname":"www.google.com","Protocol":"tcp","UtcTime":"2026-04-22 03:14:42.032"}}}
{"@timestamp":"2026-04-22T03:14:47.667926Z","event":{"code":"1","provider":"Microsoft-Windows-Sysmon","action":"Process Create","category":["process"],"type":["start"]},"host":{"hostname":"eng-bell-04","name":"eng-bell-04"},"user":{"name":"jhowell","domain":"SKYLOOM"},"process":{"executable":"C:\\Windows\\System32\\MoUsoCoreWorker.exe","name":"MoUsoCoreWorker.exe","command_line":"C:\\Windows\\System32\\MoUsoCoreWorker.exe -Embedding","parent":{"executable":"C:\\Windows\\System32\\svchost.exe","name":"svchost.exe","command_line":"C:\\Windows\\System32\\svchost.exe"}},"winlog":{"channel":"Microsoft-Windows-Sysmon/Operational","event_id":1,"record_id":1453,"computer_name":"eng-bell-04","event_data":{"Image":"C:\\Windows\\System32\\MoUsoCoreWorker.exe","CommandLine":"C:\\Windows\\System32\\MoUsoCoreWorker.exe -Embedding","ParentImage":"C:\\Windows\\System32\\svchost.exe","ParentCommandLine":"C:\\Windows\\System32\\svchost.exe","User":"SKYLOOM\\jhowell","Hashes":"","UtcTime":"2026-04-22 03:14:47.667"}}}
{"@timestamp":"2026-04-22T03:14:48.376472Z","event":{"code":"11","provider":"Microsoft-Windows-Sysmon","action":"File Created","category":["file"]},"host":{"hostname":"eng-bell-04","name":"eng-bell-04"},"user":{"name":"jhowell","domain":"SKYLOOM"},"process":{"executable":"C:\\Program Files (x86)\\Microsoft\\Edge\\Application\\msedge.exe","name":"msedge.exe"},"file":{"path":"C:\\Users\\jhowell\\AppData\\Local\\Microsoft\\Teams\\Cache\\Code Cache\\097977.dat","name":"097977.dat"},"winlog":{"channel":"Microsoft-Windows-Sysmon/Operational","event_id":11,"record_id":2032,"computer_name":"eng-bell-04","event_data":{"Image":"C:\\Program Files (x86)\\Microsoft\\Edge\\Application\\msedge.exe","TargetFilename":"C:\\Users\\jhowell\\AppData\\Local\\Microsoft\\Teams\\Cache\\Code Cache\\097977.dat","User":"SKYLOOM\\jhowell","UtcTime":"2026-04-22 03:14:48.376"}}}
{"@timestamp":"2026-04-22T03:14:49.392227Z","event":{"code":"11","provider":"Microsoft-Windows-Sysmon","action":"File Created","category":["file"]},"host":{"hostname":"eng-bell-04","name":"eng-bell-04"},"user":{"name":"jhowell","domain":"SKYLOOM"},"process":{"executable":"C:\\Users\\jhowell\\AppData\\Local\\Microsoft\\Teams\\current\\Teams.exe","name":"Teams.exe"},"file":{"path":"C:\\Users\\jhowell\\AppData\\Local\\Microsoft\\Teams\\Cache\\Code Cache\\001191.dat","name":"001191.dat"},"winlog":{"channel":"Microsoft-Windows-Sysmon/Operational","event_id":11,"record_id":2037,"computer_name":"eng-bell-04","event_data":{"Image":"C:\\Users\\jhowell\\AppData\\Local\\Microsoft\\Teams\\current\\Teams.exe","TargetFilename":"C:\\Users\\jhowell\\AppData\\Local\\Microsoft\\Teams\\Cache\\Code Cache\\001191.dat","User":"SKYLOOM\\jhowell","UtcTime":"2026-04-22 03:14:49.392"}}}
{"@timestamp":"2026-04-22T03:14:49.898974Z","event":{"code":"3","provider":"Microsoft-Windows-Sysmon","action":"Network Connect","category":["network"]},"host":{"hostname":"eng-bell-04","name":"eng-bell-04"},"user":{"name":"jhowell","domain":"SKYLOOM"},"process":{"executable":"C:\\Users\\jhowell\\AppData\\Local\\Microsoft\\Teams\\current\\Teams.exe","name":"Teams.exe"},"destination":{"ip":"13.107.4.50","port":443,"domain":"ctldl.windowsupdate.com"},"winlog":{"channel":"Microsoft-Windows-Sysmon/Operational","event_id":3,"record_id":1756,"computer_name":"eng-bell-04","event_data":{"Image":"C:\\Users\\jhowell\\AppData\\Local\\Microsoft\\Teams\\current\\Teams.exe","User":"SKYLOOM\\jhowell","DestinationIp":"13.107.4.50","DestinationPort":443,"DestinationHostname":"ctldl.windowsupdate.com","Protocol":"tcp","UtcTime":"2026-04-22 03:14:49.898"}}}
{"@timestamp":"2026-04-22T03:14:50.817965Z","event":{"code":"1","provider":"Microsoft-Windows-Sysmon","action":"Process Create","category":["process"],"type":["start"]},"host":{"hostname":"eng-bell-04","name":"eng-bell-04"},"user":{"name":"jhowell","domain":"SKYLOOM"},"process":{"executable":"C:\\Program Files\\Microsoft Office\\root\\Office16\\OUTLOOK.EXE","name":"OUTLOOK.EXE","command_line":"\"C:\\Program Files\\Microsoft Office\\root\\Office16\\OUTLOOK.EXE\"","parent":{"executable":"C:\\Windows\\explorer.exe","name":"explorer.exe","command_line":"C:\\Windows\\explorer.exe"}},"winlog":{"channel":"Microsoft-Windows-Sysmon/Operational","event_id":1,"record_id":1197,"computer_name":"eng-bell-04","event_data":{"Image":"C:\\Program Files\\Microsoft Office\\root\\Office16\\OUTLOOK.EXE","CommandLine":"\"C:\\Program Files\\Microsoft Office\\root\\Office16\\OUTLOOK.EXE\"","ParentImage":"C:\\Windows\\explorer.exe","ParentCommandLine":"C:\\Windows\\explorer.exe","User":"SKYLOOM\\jhowell","Hashes":"","UtcTime":"2026-04-22 03:14:50.817"}}}
{"@timestamp":"2026-04-22T03:14:56.347061Z","event":{"code":"1","provider":"Microsoft-Windows-Sysmon","action":"Process Create","category":["process"],"type":["start"]},"host":{"hostname":"eng-bell-04","name":"eng-bell-04"},"user":{"name":"jhowell","domain":"SKYLOOM"},"process":{"executable":"C:\\Program Files (x86)\\Microsoft\\EdgeUpdate\\MicrosoftEdgeUpdate.exe","name":"MicrosoftEdgeUpdate.exe","command_line":"\"C:\\Program Files (x86)\\Microsoft\\EdgeUpdate\\MicrosoftEdgeUpdate.exe\" /ua /installsource scheduler","parent":{"executable":"C:\\Program Files (x86)\\Microsoft\\EdgeUpdate\\MicrosoftEdgeUpdate.exe","name":"MicrosoftEdgeUpdate.exe","command_line":"C:\\Program Files (x86)\\Microsoft\\EdgeUpdate\\MicrosoftEdgeUpdate.exe"}},"winlog":{"channel":"Microsoft-Windows-Sysmon/Operational","event_id":1,"record_id":1374,"computer_name":"eng-bell-04","event_data":{"Image":"C:\\Program Files (x86)\\Microsoft\\EdgeUpdate\\MicrosoftEdgeUpdate.exe","CommandLine":"\"C:\\Program Files (x86)\\Microsoft\\EdgeUpdate\\MicrosoftEdgeUpdate.exe\" /ua /installsource scheduler","ParentImage":"C:\\Program Files (x86)\\Microsoft\\EdgeUpdate\\MicrosoftEdgeUpdate.exe","ParentCommandLine":"C:\\Program Files (x86)\\Microsoft\\EdgeUpdate\\MicrosoftEdgeUpdate.exe","User":"SKYLOOM\\jhowell","Hashes":"","UtcTime":"2026-04-22 03:14:56.347"}}}
{"@timestamp":"2026-04-22T03:14:58.968060Z","event":{"code":"1","provider":"Microsoft-Windows-Sysmon","action":"Process Create","category":["process"],"type":["start"]},"host":{"hostname":"eng-bell-04","name":"eng-bell-04"},"user":{"name":"jhowell","domain":"SKYLOOM"},"process":{"executable":"C:\\Program Files\\Google\\Update\\GoogleUpdate.exe","name":"GoogleUpdate.exe","command_line":"\"C:\\Program Files\\Google\\Update\\GoogleUpdate.exe\" /ua /installsource scheduler","parent":{"executable":"C:\\Program Files\\Google\\Update\\GoogleUpdate.exe","name":"GoogleUpdate.exe","command_line":"C:\\Program Files\\Google\\Update\\GoogleUpdate.exe"}},"winlog":{"channel":"Microsoft-Windows-Sysmon/Operational","event_id":1,"record_id":1650,"computer_name":"eng-bell-04","event_data":{"Image":"C:\\Program Files\\Google\\Update\\GoogleUpdate.exe","CommandLine":"\"C:\\Program Files\\Google\\Update\\GoogleUpdate.exe\" /ua /installsource scheduler","ParentImage":"C:\\Program Files\\Google\\Update\\GoogleUpdate.exe","ParentCommandLine":"C:\\Program Files\\Google\\Update\\GoogleUpdate.exe","User":"SKYLOOM\\jhowell","Hashes":"","UtcTime":"2026-04-22 03:14:58.968"}}}
{"@timestamp":"2026-04-22T03:14:59.922339Z","event":{"code":"1","provider":"Microsoft-Windows-Sysmon","action":"Process Create","category":["process"],"type":["start"]},"host":{"hostname":"eng-bell-04","name":"eng-bell-04"},"user":{"name":"jhowell","domain":"SKYLOOM"},"process":{"executable":"C:\\Program Files (x86)\\Microsoft\\Edge\\Application\\msedge.exe","name":"msedge.exe","command_line":"\"C:\\Program Files (x86)\\Microsoft\\Edge\\Application\\msedge.exe\" --type=renderer --tab-id=1322","parent":{"executable":"C:\\Program Files (x86)\\Microsoft\\Edge\\Application\\msedge.exe","name":"msedge.exe","command_line":"C:\\Program Files (x86)\\Microsoft\\Edge\\Application\\msedge.exe"}},"winlog":{"channel":"Microsoft-Windows-Sysmon/Operational","event_id":1,"record_id":1464,"computer_name":"eng-bell-04","event_data":{"Image":"C:\\Program Files (x86)\\Microsoft\\Edge\\Application\\msedge.exe","CommandLine":"\"C:\\Program Files (x86)\\Microsoft\\Edge\\Application\\msedge.exe\" --type=renderer --tab-id=1322","ParentImage":"C:\\Program Files (x86)\\Microsoft\\Edge\\Application\\msedge.exe","ParentCommandLine":"C:\\Program Files (x86)\\Microsoft\\Edge\\Application\\msedge.exe","User":"SKYLOOM\\jhowell","Hashes":"","UtcTime":"2026-04-22 03:14:59.922"}}}
{"@timestamp":"2026-04-22T03:15:01.121346Z","event":{"code":"1","provider":"Microsoft-Windows-Sysmon","action":"Process Create","category":["process"],"type":["start"]},"host":{"hostname":"eng-bell-04","name":"eng-bell-04"},"user":{"name":"jhowell","domain":"SKYLOOM"},"process":{"executable":"C:\\Users\\jhowell\\AppData\\Local\\Microsoft\\Teams\\current\\Teams.exe","name":"Teams.exe","command_line":"\"C:\\Users\\jhowell\\AppData\\Local\\Microsoft\\Teams\\current\\Teams.exe\" --type=renderer --user-data-dir=...","parent":{"executable":"C:\\Windows\\explorer.exe","name":"explorer.exe","command_line":"C:\\Windows\\explorer.exe"}},"winlog":{"channel":"Microsoft-Windows-Sysmon/Operational","event_id":1,"record_id":1388,"computer_name":"eng-bell-04","event_data":{"Image":"C:\\Users\\jhowell\\AppData\\Local\\Microsoft\\Teams\\current\\Teams.exe","CommandLine":"\"C:\\Users\\jhowell\\AppData\\Local\\Microsoft\\Teams\\current\\Teams.exe\" --type=renderer --user-data-dir=...","ParentImage":"C:\\Windows\\explorer.exe","ParentCommandLine":"C:\\Windows\\explorer.exe","User":"SKYLOOM\\jhowell","Hashes":"","UtcTime":"2026-04-22 03:15:01.121"}}}
{"@timestamp":"2026-04-22T03:15:06.905192Z","event":{"code":"1","provider":"Microsoft-Windows-Sysmon","action":"Process Create","category":["process"],"type":["start"]},"host":{"hostname":"eng-bell-04","name":"eng-bell-04"},"user":{"name":"jhowell","domain":"SKYLOOM"},"process":{"executable":"C:\\Users\\jhowell\\AppData\\Local\\Programs\\Microsoft VS Code\\Code.exe","name":"Code.exe","command_line":"\"C:\\Users\\jhowell\\AppData\\Local\\Programs\\Microsoft VS Code\\Code.exe\" --type=renderer","parent":{"executable":"C:\\Users\\jhowell\\AppData\\Local\\Programs\\Microsoft VS Code\\Code.exe","name":"Code.exe","command_line":"C:\\Users\\jhowell\\AppData\\Local\\Programs\\Microsoft VS Code\\Code.exe"}},"winlog":{"channel":"Microsoft-Windows-Sysmon/Operational","event_id":1,"record_id":1554,"computer_name":"eng-bell-04","event_data":{"Image":"C:\\Users\\jhowell\\AppData\\Local\\Programs\\Microsoft VS Code\\Code.exe","CommandLine":"\"C:\\Users\\jhowell\\AppData\\Local\\Programs\\Microsoft VS Code\\Code.exe\" --type=renderer","ParentImage":"C:\\Users\\jhowell\\AppData\\Local\\Programs\\Microsoft VS Code\\Code.exe","ParentCommandLine":"C:\\Users\\jhowell\\AppData\\Local\\Programs\\Microsoft VS Code\\Code.exe","User":"SKYLOOM\\jhowell","Hashes":"","UtcTime":"2026-04-22 03:15:06.905"}}}
{"@timestamp":"2026-04-22T03:15:09.312407Z","event":{"code":"3","provider":"Microsoft-Windows-Sysmon","action":"Network Connect","category":["network"]},"host":{"hostname":"eng-bell-04","name":"eng-bell-04"},"user":{"name":"jhowell","domain":"SKYLOOM"},"process":{"executable":"C:\\Users\\jhowell\\AppData\\Local\\Microsoft\\Teams\\current\\Teams.exe","name":"Teams.exe"},"destination":{"ip":"13.107.6.152","port":443,"domain":"outlook.office365.com"},"winlog":{"channel":"Microsoft-Windows-Sysmon/Operational","event_id":3,"record_id":1811,"computer_name":"eng-bell-04","event_data":{"Image":"C:\\Users\\jhowell\\AppData\\Local\\Microsoft\\Teams\\current\\Teams.exe","User":"SKYLOOM\\jhowell","DestinationIp":"13.107.6.152","DestinationPort":443,"DestinationHostname":"outlook.office365.com","Protocol":"tcp","UtcTime":"2026-04-22 03:15:09.312"}}}
{"@timestamp":"2026-04-22T03:15:15.635791Z","event":{"code":"1","provider":"Microsoft-Windows-Sysmon","action":"Process Create","category":["process"],"type":["start"]},"host":{"hostname":"eng-bell-04","name":"eng-bell-04"},"user":{"name":"jhowell","domain":"SKYLOOM"},"process":{"executable":"C:\\Program Files (x86)\\Slack\\Slack.exe","name":"Slack.exe","command_line":"\"C:\\Program Files (x86)\\Slack\\Slack.exe\" --startup","parent":{"executable":"C:\\Windows\\explorer.exe","name":"explorer.exe","command_line":"C:\\Windows\\explorer.exe"}},"winlog":{"channel":"Microsoft-Windows-Sysmon/Operational","event_id":1,"record_id":1329,"computer_name":"eng-bell-04","event_data":{"Image":"C:\\Program Files (x86)\\Slack\\Slack.exe","CommandLine":"\"C:\\Program Files (x86)\\Slack\\Slack.exe\" --startup","ParentImage":"C:\\Windows\\explorer.exe","ParentCommandLine":"C:\\Windows\\explorer.exe","User":"SKYLOOM\\jhowell","Hashes":"","UtcTime":"2026-04-22 03:15:15.635"}}}
{"@timestamp":"2026-04-22T03:15:16.369497Z","event":{"code":"13","provider":"Microsoft-Windows-Sysmon","action":"Registry Set","category":["registry"]},"host":{"hostname":"eng-bell-04","name":"eng-bell-04"},"user":{"name":"jhowell","domain":"SKYLOOM"},"process":{"executable":"C:\\Windows\\System32\\svchost.exe","name":"svchost.exe"},"registry":{"path":"HKLM\\SOFTWARE\\Microsoft\\Windows NT\\CurrentVersion\\NetworkList\\Profiles\\320d7b0d-0000-0000-0000-000000000000\\ProfileName","data":{"strings":["skyloom-corp"]}},"winlog":{"channel":"Microsoft-Windows-Sysmon/Operational","event_id":13,"record_id":2096,"computer_name":"eng-bell-04","event_data":{"Image":"C:\\Windows\\System32\\svchost.exe","TargetObject":"HKLM\\SOFTWARE\\Microsoft\\Windows NT\\CurrentVersion\\NetworkList\\Profiles\\320d7b0d-0000-0000-0000-000000000000\\ProfileName","Details":"skyloom-corp","EventType":"SetValue","User":"SKYLOOM\\jhowell","UtcTime":"2026-04-22 03:15:16.369"}}}
{"@timestamp":"2026-04-22T03:15:17.547621Z","event":{"code":"11","provider":"Microsoft-Windows-Sysmon","action":"File Created","category":["file"]},"host":{"hostname":"eng-bell-04","name":"eng-bell-04"},"user":{"name":"jhowell","domain":"SKYLOOM"},"process":{"executable":"C:\\Users\\jhowell\\AppData\\Local\\Microsoft\\Teams\\current\\Teams.exe","name":"Teams.exe"},"file":{"path":"C:\\Users\\jhowell\\AppData\\Local\\Temp\\~DF1461A.tmp","name":"~DF1461A.tmp"},"winlog":{"channel":"Microsoft-Windows-Sysmon/Operational","event_id":11,"record_id":2041,"computer_name":"eng-bell-04","event_data":{"Image":"C:\\Users\\jhowell\\AppData\\Local\\Microsoft\\Teams\\current\\Teams.exe","TargetFilename":"C:\\Users\\jhowell\\AppData\\Local\\Temp\\~DF1461A.tmp","User":"SKYLOOM\\jhowell","UtcTime":"2026-04-22 03:15:17.547"}}}
{"@timestamp":"2026-04-22T03:15:18.053103Z","event":{"code":"1","provider":"Microsoft-Windows-Sysmon","action":"Process Create","category":["process"],"type":["start"]},"host":{"hostname":"eng-bell-04","name":"eng-bell-04"},"user":{"name":"jhowell","domain":"SKYLOOM"},"process":{"executable":"C:\\Users\\jhowell\\AppData\\Local\\Programs\\Microsoft VS Code\\Code.exe","name":"Code.exe","command_line":"\"C:\\Users\\jhowell\\AppData\\Local\\Programs\\Microsoft VS Code\\Code.exe\" --type=renderer","parent":{"executable":"C:\\Users\\jhowell\\AppData\\Local\\Programs\\Microsoft VS Code\\Code.exe","name":"Code.exe","command_line":"C:\\Users\\jhowell\\AppData\\Local\\Programs\\Microsoft VS Code\\Code.exe"}},"winlog":{"channel":"Microsoft-Windows-Sysmon/Operational","event_id":1,"record_id":1496,"computer_name":"eng-bell-04","event_data":{"Image":"C:\\Users\\jhowell\\AppData\\Local\\Programs\\Microsoft VS Code\\Code.exe","CommandLine":"\"C:\\Users\\jhowell\\AppData\\Local\\Programs\\Microsoft VS Code\\Code.exe\" --type=renderer","ParentImage":"C:\\Users\\jhowell\\AppData\\Local\\Programs\\Microsoft VS Code\\Code.exe","ParentCommandLine":"C:\\Users\\jhowell\\AppData\\Local\\Programs\\Microsoft VS Code\\Code.exe","User":"SKYLOOM\\jhowell","Hashes":"","UtcTime":"2026-04-22 03:15:18.053"}}}
{"@timestamp":"2026-04-22T03:15:19.397947Z","event":{"code":"1","provider":"Microsoft-Windows-Sysmon","action":"Process Create","category":["process"],"type":["start"]},"host":{"hostname":"eng-bell-04","name":"eng-bell-04"},"user":{"name":"jhowell","domain":"SKYLOOM"},"process":{"executable":"C:\\Program Files (x86)\\Microsoft\\Edge\\Application\\msedge.exe","name":"msedge.exe","command_line":"\"C:\\Program Files (x86)\\Microsoft\\Edge\\Application\\msedge.exe\" --no-pre-read-main-dll","parent":{"executable":"C:\\Windows\\explorer.exe","name":"explorer.exe","command_line":"C:\\Windows\\explorer.exe"}},"winlog":{"channel":"Microsoft-Windows-Sysmon/Operational","event_id":1,"record_id":1573,"computer_name":"eng-bell-04","event_data":{"Image":"C:\\Program Files (x86)\\Microsoft\\Edge\\Application\\msedge.exe","CommandLine":"\"C:\\Program Files (x86)\\Microsoft\\Edge\\Application\\msedge.exe\" --no-pre-read-main-dll","ParentImage":"C:\\Windows\\explorer.exe","ParentCommandLine":"C:\\Windows\\explorer.exe","User":"SKYLOOM\\jhowell","Hashes":"","UtcTime":"2026-04-22 03:15:19.397"}}}
{"@timestamp":"2026-04-22T03:15:21.923830Z","event":{"code":"1","provider":"Microsoft-Windows-Sysmon","action":"Process Create","category":["process"],"type":["start"]},"host":{"hostname":"eng-bell-04","name":"eng-bell-04"},"user":{"name":"jhowell","domain":"SKYLOOM"},"process":{"executable":"C:\\Users\\jhowell\\AppData\\Local\\Programs\\Microsoft VS Code\\Code.exe","name":"Code.exe","command_line":"\"C:\\Users\\jhowell\\AppData\\Local\\Programs\\Microsoft VS Code\\Code.exe\"","parent":{"executable":"C:\\Windows\\explorer.exe","name":"explorer.exe","command_line":"C:\\Windows\\explorer.exe"}},"winlog":{"channel":"Microsoft-Windows-Sysmon/Operational","event_id":1,"record_id":1486,"computer_name":"eng-bell-04","event_data":{"Image":"C:\\Users\\jhowell\\AppData\\Local\\Programs\\Microsoft VS Code\\Code.exe","CommandLine":"\"C:\\Users\\jhowell\\AppData\\Local\\Programs\\Microsoft VS Code\\Code.exe\"","ParentImage":"C:\\Windows\\explorer.exe","ParentCommandLine":"C:\\Windows\\explorer.exe","User":"SKYLOOM\\jhowell","Hashes":"","UtcTime":"2026-04-22 03:15:21.923"}}}
{"@timestamp":"2026-04-22T03:15:22.130132Z","event":{"code":"1","provider":"Microsoft-Windows-Sysmon","action":"Process Create","category":["process"],"type":["start"]},"host":{"hostname":"eng-bell-04","name":"eng-bell-04"},"user":{"name":"jhowell","domain":"SKYLOOM"},"process":{"executable":"C:\\Program Files\\Microsoft Office\\root\\Office16\\OUTLOOK.EXE","name":"OUTLOOK.EXE","command_line":"\"C:\\Program Files\\Microsoft Office\\root\\Office16\\OUTLOOK.EXE\"","parent":{"executable":"C:\\Windows\\explorer.exe","name":"explorer.exe","command_line":"C:\\Windows\\explorer.exe"}},"winlog":{"channel":"Microsoft-Windows-Sysmon/Operational","event_id":1,"record_id":1349,"computer_name":"eng-bell-04","event_data":{"Image":"C:\\Program Files\\Microsoft Office\\root\\Office16\\OUTLOOK.EXE","CommandLine":"\"C:\\Program Files\\Microsoft Office\\root\\Office16\\OUTLOOK.EXE\"","ParentImage":"C:\\Windows\\explorer.exe","ParentCommandLine":"C:\\Windows\\explorer.exe","User":"SKYLOOM\\jhowell","Hashes":"","UtcTime":"2026-04-22 03:15:22.130"}}}
{"@timestamp":"2026-04-22T03:15:24.134828Z","event":{"code":"1","provider":"Microsoft-Windows-Sysmon","action":"Process Create","category":["process"],"type":["start"]},"host":{"hostname":"eng-bell-04","name":"eng-bell-04"},"user":{"name":"jhowell","domain":"SKYLOOM"},"process":{"executable":"C:\\Users\\jhowell\\AppData\\Local\\Microsoft\\OneDrive\\OneDrive.exe","name":"OneDrive.exe","command_line":"\"C:\\Users\\jhowell\\AppData\\Local\\Microsoft\\OneDrive\\OneDrive.exe\" /background","parent":{"executable":"C:\\Windows\\explorer.exe","name":"explorer.exe","command_line":"C:\\Windows\\explorer.exe"}},"winlog":{"channel":"Microsoft-Windows-Sysmon/Operational","event_id":1,"record_id":1401,"computer_name":"eng-bell-04","event_data":{"Image":"C:\\Users\\jhowell\\AppData\\Local\\Microsoft\\OneDrive\\OneDrive.exe","CommandLine":"\"C:\\Users\\jhowell\\AppData\\Local\\Microsoft\\OneDrive\\OneDrive.exe\" /background","ParentImage":"C:\\Windows\\explorer.exe","ParentCommandLine":"C:\\Windows\\explorer.exe","User":"SKYLOOM\\jhowell","Hashes":"","UtcTime":"2026-04-22 03:15:24.134"}}}
{"@timestamp":"2026-04-22T03:15:25.778277Z","event":{"code":"1","provider":"Microsoft-Windows-Sysmon","action":"Process Create","category":["process"],"type":["start"]},"host":{"hostname":"eng-bell-04","name":"eng-bell-04"},"user":{"name":"jhowell","domain":"SKYLOOM"},"process":{"executable":"C:\\Windows\\System32\\conhost.exe","name":"conhost.exe","command_line":"\\??\\C:\\Windows\\System32\\conhost.exe 0xffffffff -ForceV1","parent":{"executable":"C:\\Windows\\System32\\svchost.exe","name":"svchost.exe","command_line":"C:\\Windows\\System32\\svchost.exe"}},"winlog":{"channel":"Microsoft-Windows-Sysmon/Operational","event_id":1,"record_id":1145,"computer_name":"eng-bell-04","event_data":{"Image":"C:\\Windows\\System32\\conhost.exe","CommandLine":"\\??\\C:\\Windows\\System32\\conhost.exe 0xffffffff -ForceV1","ParentImage":"C:\\Windows\\System32\\svchost.exe","ParentCommandLine":"C:\\Windows\\System32\\svchost.exe","User":"SKYLOOM\\jhowell","Hashes":"","UtcTime":"2026-04-22 03:15:25.778"}}}
{"@timestamp":"2026-04-22T03:15:28.558148Z","event":{"code":"3","provider":"Microsoft-Windows-Sysmon","action":"Network Connect","category":["network"]},"host":{"hostname":"eng-bell-04","name":"eng-bell-04"},"user":{"name":"jhowell","domain":"SKYLOOM"},"process":{"executable":"C:\\Program Files (x86)\\Microsoft\\Edge\\Application\\msedge.exe","name":"msedge.exe"},"destination":{"ip":"142.250.80.46","port":443,"domain":"www.google.com"},"winlog":{"channel":"Microsoft-Windows-Sysmon/Operational","event_id":3,"record_id":1720,"computer_name":"eng-bell-04","event_data":{"Image":"C:\\Program Files (x86)\\Microsoft\\Edge\\Application\\msedge.exe","User":"SKYLOOM\\jhowell","DestinationIp":"142.250.80.46","DestinationPort":443,"DestinationHostname":"www.google.com","Protocol":"tcp","UtcTime":"2026-04-22 03:15:28.558"}}}
{"@timestamp":"2026-04-22T03:15:31.707254Z","event":{"code":"1","provider":"Microsoft-Windows-Sysmon","action":"Process Create","category":["process"],"type":["start"]},"host":{"hostname":"eng-bell-04","name":"eng-bell-04"},"user":{"name":"jhowell","domain":"SKYLOOM"},"process":{"executable":"C:\\Program Files\\Microsoft Office\\root\\Office16\\OUTLOOK.EXE","name":"OUTLOOK.EXE","command_line":"\"C:\\Program Files\\Microsoft Office\\root\\Office16\\OUTLOOK.EXE\" /recycle","parent":{"executable":"C:\\Program Files\\Microsoft Office\\root\\Office16\\OUTLOOK.EXE","name":"OUTLOOK.EXE","command_line":"C:\\Program Files\\Microsoft Office\\root\\Office16\\OUTLOOK.EXE"}},"winlog":{"channel":"Microsoft-Windows-Sysmon/Operational","event_id":1,"record_id":1666,"computer_name":"eng-bell-04","event_data":{"Image":"C:\\Program Files\\Microsoft Office\\root\\Office16\\OUTLOOK.EXE","CommandLine":"\"C:\\Program Files\\Microsoft Office\\root\\Office16\\OUTLOOK.EXE\" /recycle","ParentImage":"C:\\Program Files\\Microsoft Office\\root\\Office16\\OUTLOOK.EXE","ParentCommandLine":"C:\\Program Files\\Microsoft Office\\root\\Office16\\OUTLOOK.EXE","User":"SKYLOOM\\jhowell","Hashes":"","UtcTime":"2026-04-22 03:15:31.707"}}}
{"@timestamp":"2026-04-22T03:15:32.299943Z","event":{"code":"1","provider":"Microsoft-Windows-Sysmon","action":"Process Create","category":["process"],"type":["start"]},"host":{"hostname":"eng-bell-04","name":"eng-bell-04"},"user":{"name":"jhowell","domain":"SKYLOOM"},"process":{"executable":"C:\\Users\\jhowell\\AppData\\Local\\Microsoft\\OneDrive\\OneDrive.exe","name":"OneDrive.exe","command_line":"\"C:\\Users\\jhowell\\AppData\\Local\\Microsoft\\OneDrive\\OneDrive.exe\" /background","parent":{"executable":"C:\\Windows\\explorer.exe","name":"explorer.exe","command_line":"C:\\Windows\\explorer.exe"}},"winlog":{"channel":"Microsoft-Windows-Sysmon/Operational","event_id":1,"record_id":1192,"computer_name":"eng-bell-04","event_data":{"Image":"C:\\Users\\jhowell\\AppData\\Local\\Microsoft\\OneDrive\\OneDrive.exe","CommandLine":"\"C:\\Users\\jhowell\\AppData\\Local\\Microsoft\\OneDrive\\OneDrive.exe\" /background","ParentImage":"C:\\Windows\\explorer.exe","ParentCommandLine":"C:\\Windows\\explorer.exe","User":"SKYLOOM\\jhowell","Hashes":"","UtcTime":"2026-04-22 03:15:32.299"}}}
{"@timestamp":"2026-04-22T03:15:33.676589Z","event":{"code":"11","provider":"Microsoft-Windows-Sysmon","action":"File Created","category":["file"]},"host":{"hostname":"eng-bell-04","name":"eng-bell-04"},"user":{"name":"jhowell","domain":"SKYLOOM"},"process":{"executable":"C:\\Windows\\System32\\svchost.exe","name":"svchost.exe"},"file":{"path":"C:\\Users\\jhowell\\AppData\\Roaming\\Microsoft\\Word\\AutoRecovery save of Document17367.asd","name":"AutoRecovery save of Document17367.asd"},"winlog":{"channel":"Microsoft-Windows-Sysmon/Operational","event_id":11,"record_id":1995,"computer_name":"eng-bell-04","event_data":{"Image":"C:\\Windows\\System32\\svchost.exe","TargetFilename":"C:\\Users\\jhowell\\AppData\\Roaming\\Microsoft\\Word\\AutoRecovery save of Document17367.asd","User":"SKYLOOM\\jhowell","UtcTime":"2026-04-22 03:15:33.676"}}}
{"@timestamp":"2026-04-22T03:15:35.339249Z","event":{"code":"1","provider":"Microsoft-Windows-Sysmon","action":"Process Create","category":["process"],"type":["start"]},"host":{"hostname":"eng-bell-04","name":"eng-bell-04"},"user":{"name":"jhowell","domain":"SKYLOOM"},"process":{"executable":"C:\\Program Files (x86)\\Slack\\Slack.exe","name":"Slack.exe","command_line":"\"C:\\Program Files (x86)\\Slack\\Slack.exe\" --startup","parent":{"executable":"C:\\Windows\\explorer.exe","name":"explorer.exe","command_line":"C:\\Windows\\explorer.exe"}},"winlog":{"channel":"Microsoft-Windows-Sysmon/Operational","event_id":1,"record_id":1397,"computer_name":"eng-bell-04","event_data":{"Image":"C:\\Program Files (x86)\\Slack\\Slack.exe","CommandLine":"\"C:\\Program Files (x86)\\Slack\\Slack.exe\" --startup","ParentImage":"C:\\Windows\\explorer.exe","ParentCommandLine":"C:\\Windows\\explorer.exe","User":"SKYLOOM\\jhowell","Hashes":"","UtcTime":"2026-04-22 03:15:35.339"}}}
{"@timestamp":"2026-04-22T03:15:35.619621Z","event":{"code":"1","provider":"Microsoft-Windows-Sysmon","action":"Process Create","category":["process"],"type":["start"]},"host":{"hostname":"eng-bell-04","name":"eng-bell-04"},"user":{"name":"jhowell","domain":"SKYLOOM"},"process":{"executable":"C:\\Windows\\System32\\backgroundTaskHost.exe","name":"backgroundTaskHost.exe","command_line":"\"C:\\Windows\\System32\\backgroundTaskHost.exe\" -ServerName:App.AppX397468df-0000-0000-0000-000000000000","parent":{"executable":"C:\\Windows\\System32\\services.exe","name":"services.exe","command_line":"C:\\Windows\\System32\\services.exe"}},"winlog":{"channel":"Microsoft-Windows-Sysmon/Operational","event_id":1,"record_id":1527,"computer_name":"eng-bell-04","event_data":{"Image":"C:\\Windows\\System32\\backgroundTaskHost.exe","CommandLine":"\"C:\\Windows\\System32\\backgroundTaskHost.exe\" -ServerName:App.AppX397468df-0000-0000-0000-000000000000","ParentImage":"C:\\Windows\\System32\\services.exe","ParentCommandLine":"C:\\Windows\\System32\\services.exe","User":"SKYLOOM\\jhowell","Hashes":"","UtcTime":"2026-04-22 03:15:35.619"}}}
{"@timestamp":"2026-04-22T03:15:35.867319Z","event":{"code":"1","provider":"Microsoft-Windows-Sysmon","action":"Process Create","category":["process"],"type":["start"]},"host":{"hostname":"eng-bell-04","name":"eng-bell-04"},"user":{"name":"jhowell","domain":"SKYLOOM"},"process":{"executable":"C:\\Windows\\System32\\svchost.exe","name":"svchost.exe","command_line":"C:\\Windows\\System32\\svchost.exe -k termsvcs","parent":{"executable":"C:\\Windows\\System32\\services.exe","name":"services.exe","command_line":"C:\\Windows\\System32\\services.exe"}},"winlog":{"channel":"Microsoft-Windows-Sysmon/Operational","event_id":1,"record_id":1544,"computer_name":"eng-bell-04","event_data":{"Image":"C:\\Windows\\System32\\svchost.exe","CommandLine":"C:\\Windows\\System32\\svchost.exe -k termsvcs","ParentImage":"C:\\Windows\\System32\\services.exe","ParentCommandLine":"C:\\Windows\\System32\\services.exe","User":"SKYLOOM\\jhowell","Hashes":"","UtcTime":"2026-04-22 03:15:35.867"}}}
{"@timestamp":"2026-04-22T03:15:36.110607Z","event":{"code":"1","provider":"Microsoft-Windows-Sysmon","action":"Process Create","category":["process"],"type":["start"]},"host":{"hostname":"eng-bell-04","name":"eng-bell-04"},"user":{"name":"jhowell","domain":"SKYLOOM"},"process":{"executable":"C:\\Program Files\\Microsoft Office\\root\\Office16\\OUTLOOK.EXE","name":"OUTLOOK.EXE","command_line":"\"C:\\Program Files\\Microsoft Office\\root\\Office16\\OUTLOOK.EXE\"","parent":{"executable":"C:\\Windows\\explorer.exe","name":"explorer.exe","command_line":"C:\\Windows\\explorer.exe"}},"winlog":{"channel":"Microsoft-Windows-Sysmon/Operational","event_id":1,"record_id":1550,"computer_name":"eng-bell-04","event_data":{"Image":"C:\\Program Files\\Microsoft Office\\root\\Office16\\OUTLOOK.EXE","CommandLine":"\"C:\\Program Files\\Microsoft Office\\root\\Office16\\OUTLOOK.EXE\"","ParentImage":"C:\\Windows\\explorer.exe","ParentCommandLine":"C:\\Windows\\explorer.exe","User":"SKYLOOM\\jhowell","Hashes":"","UtcTime":"2026-04-22 03:15:36.110"}}}
{"@timestamp":"2026-04-22T03:15:42.826475Z","event":{"code":"3","provider":"Microsoft-Windows-Sysmon","action":"Network Connect","category":["network"]},"host":{"hostname":"eng-bell-04","name":"eng-bell-04"},"user":{"name":"jhowell","domain":"SKYLOOM"},"process":{"executable":"C:\\Windows\\System32\\svchost.exe","name":"svchost.exe"},"destination":{"ip":"140.82.114.4","port":443,"domain":"github.com"},"winlog":{"channel":"Microsoft-Windows-Sysmon/Operational","event_id":3,"record_id":1838,"computer_name":"eng-bell-04","event_data":{"Image":"C:\\Windows\\System32\\svchost.exe","User":"SKYLOOM\\jhowell","DestinationIp":"140.82.114.4","DestinationPort":443,"DestinationHostname":"github.com","Protocol":"tcp","UtcTime":"2026-04-22 03:15:42.826"}}}
{"@timestamp":"2026-04-22T03:15:43.272746Z","event":{"code":"1","provider":"Microsoft-Windows-Sysmon","action":"Process Create","category":["process"],"type":["start"]},"host":{"hostname":"eng-bell-04","name":"eng-bell-04"},"user":{"name":"jhowell","domain":"SKYLOOM"},"process":{"executable":"C:\\Program Files\\Microsoft Office\\root\\Office16\\OUTLOOK.EXE","name":"OUTLOOK.EXE","command_line":"\"C:\\Program Files\\Microsoft Office\\root\\Office16\\OUTLOOK.EXE\"","parent":{"executable":"C:\\Windows\\explorer.exe","name":"explorer.exe","command_line":"C:\\Windows\\explorer.exe"}},"winlog":{"channel":"Microsoft-Windows-Sysmon/Operational","event_id":1,"record_id":1651,"computer_name":"eng-bell-04","event_data":{"Image":"C:\\Program Files\\Microsoft Office\\root\\Office16\\OUTLOOK.EXE","CommandLine":"\"C:\\Program Files\\Microsoft Office\\root\\Office16\\OUTLOOK.EXE\"","ParentImage":"C:\\Windows\\explorer.exe","ParentCommandLine":"C:\\Windows\\explorer.exe","User":"SKYLOOM\\jhowell","Hashes":"","UtcTime":"2026-04-22 03:15:43.272"}}}
{"@timestamp":"2026-04-22T03:15:46.647730Z","event":{"code":"1","provider":"Microsoft-Windows-Sysmon","action":"Process Create","category":["process"],"type":["start"]},"host":{"hostname":"eng-bell-04","name":"eng-bell-04"},"user":{"name":"jhowell","domain":"SKYLOOM"},"process":{"executable":"C:\\Users\\jhowell\\AppData\\Local\\Programs\\Microsoft VS Code\\Code.exe","name":"Code.exe","command_line":"\"C:\\Users\\jhowell\\AppData\\Local\\Programs\\Microsoft VS Code\\Code.exe\"","parent":{"executable":"C:\\Windows\\explorer.exe","name":"explorer.exe","command_line":"C:\\Windows\\explorer.exe"}},"winlog":{"channel":"Microsoft-Windows-Sysmon/Operational","event_id":1,"record_id":1421,"computer_name":"eng-bell-04","event_data":{"Image":"C:\\Users\\jhowell\\AppData\\Local\\Programs\\Microsoft VS Code\\Code.exe","CommandLine":"\"C:\\Users\\jhowell\\AppData\\Local\\Programs\\Microsoft VS Code\\Code.exe\"","ParentImage":"C:\\Windows\\explorer.exe","ParentCommandLine":"C:\\Windows\\explorer.exe","User":"SKYLOOM\\jhowell","Hashes":"","UtcTime":"2026-04-22 03:15:46.647"}}}
{"@timestamp":"2026-04-22T03:15:48.068674Z","event":{"code":"1","provider":"Microsoft-Windows-Sysmon","action":"Process Create","category":["process"],"type":["start"]},"host":{"hostname":"eng-bell-04","name":"eng-bell-04"},"user":{"name":"jhowell","domain":"SKYLOOM"},"process":{"executable":"C:\\Users\\jhowell\\AppData\\Local\\Microsoft\\OneDrive\\OneDrive.exe","name":"OneDrive.exe","command_line":"\"C:\\Users\\jhowell\\AppData\\Local\\Microsoft\\OneDrive\\OneDrive.exe\" /background","parent":{"executable":"C:\\Windows\\explorer.exe","name":"explorer.exe","command_line":"C:\\Windows\\explorer.exe"}},"winlog":{"channel":"Microsoft-Windows-Sysmon/Operational","event_id":1,"record_id":1331,"computer_name":"eng-bell-04","event_data":{"Image":"C:\\Users\\jhowell\\AppData\\Local\\Microsoft\\OneDrive\\OneDrive.exe","CommandLine":"\"C:\\Users\\jhowell\\AppData\\Local\\Microsoft\\OneDrive\\OneDrive.exe\" /background","ParentImage":"C:\\Windows\\explorer.exe","ParentCommandLine":"C:\\Windows\\explorer.exe","User":"SKYLOOM\\jhowell","Hashes":"","UtcTime":"2026-04-22 03:15:48.068"}}}
{"@timestamp":"2026-04-22T03:15:48.613207Z","event":{"code":"3","provider":"Microsoft-Windows-Sysmon","action":"Network Connect","category":["network"]},"host":{"hostname":"eng-bell-04","name":"eng-bell-04"},"user":{"name":"jhowell","domain":"SKYLOOM"},"process":{"executable":"C:\\Users\\jhowell\\AppData\\Local\\Microsoft\\Teams\\current\\Teams.exe","name":"Teams.exe"},"destination":{"ip":"142.250.80.46","port":443,"domain":"www.google.com"},"winlog":{"channel":"Microsoft-Windows-Sysmon/Operational","event_id":3,"record_id":1860,"computer_name":"eng-bell-04","event_data":{"Image":"C:\\Users\\jhowell\\AppData\\Local\\Microsoft\\Teams\\current\\Teams.exe","User":"SKYLOOM\\jhowell","DestinationIp":"142.250.80.46","DestinationPort":443,"DestinationHostname":"www.google.com","Protocol":"tcp","UtcTime":"2026-04-22 03:15:48.613"}}}
{"@timestamp":"2026-04-22T03:15:50.922222Z","event":{"code":"3","provider":"Microsoft-Windows-Sysmon","action":"Network Connect","category":["network"]},"host":{"hostname":"eng-bell-04","name":"eng-bell-04"},"user":{"name":"jhowell","domain":"SKYLOOM"},"process":{"executable":"C:\\Windows\\System32\\svchost.exe","name":"svchost.exe"},"destination":{"ip":"142.250.80.46","port":443,"domain":"www.google.com"},"winlog":{"channel":"Microsoft-Windows-Sysmon/Operational","event_id":3,"record_id":1842,"computer_name":"eng-bell-04","event_data":{"Image":"C:\\Windows\\System32\\svchost.exe","User":"SKYLOOM\\jhowell","DestinationIp":"142.250.80.46","DestinationPort":443,"DestinationHostname":"www.google.com","Protocol":"tcp","UtcTime":"2026-04-22 03:15:50.922"}}}
{"@timestamp":"2026-04-22T03:15:56.574288Z","event":{"code":"1","provider":"Microsoft-Windows-Sysmon","action":"Process Create","category":["process"],"type":["start"]},"host":{"hostname":"eng-bell-04","name":"eng-bell-04"},"user":{"name":"jhowell","domain":"SKYLOOM"},"process":{"executable":"C:\\Windows\\System32\\MoUsoCoreWorker.exe","name":"MoUsoCoreWorker.exe","command_line":"C:\\Windows\\System32\\MoUsoCoreWorker.exe -Embedding","parent":{"executable":"C:\\Windows\\System32\\svchost.exe","name":"svchost.exe","command_line":"C:\\Windows\\System32\\svchost.exe"}},"winlog":{"channel":"Microsoft-Windows-Sysmon/Operational","event_id":1,"record_id":1423,"computer_name":"eng-bell-04","event_data":{"Image":"C:\\Windows\\System32\\MoUsoCoreWorker.exe","CommandLine":"C:\\Windows\\System32\\MoUsoCoreWorker.exe -Embedding","ParentImage":"C:\\Windows\\System32\\svchost.exe","ParentCommandLine":"C:\\Windows\\System32\\svchost.exe","User":"SKYLOOM\\jhowell","Hashes":"","UtcTime":"2026-04-22 03:15:56.574"}}}
{"@timestamp":"2026-04-22T03:15:58.316437Z","event":{"code":"1","provider":"Microsoft-Windows-Sysmon","action":"Process Create","category":["process"],"type":["start"]},"host":{"hostname":"eng-bell-04","name":"eng-bell-04"},"user":{"name":"jhowell","domain":"SKYLOOM"},"process":{"executable":"C:\\Program Files\\Microsoft Office\\root\\Office16\\OUTLOOK.EXE","name":"OUTLOOK.EXE","command_line":"\"C:\\Program Files\\Microsoft Office\\root\\Office16\\OUTLOOK.EXE\"","parent":{"executable":"C:\\Windows\\explorer.exe","name":"explorer.exe","command_line":"C:\\Windows\\explorer.exe"}},"winlog":{"channel":"Microsoft-Windows-Sysmon/Operational","event_id":1,"record_id":1206,"computer_name":"eng-bell-04","event_data":{"Image":"C:\\Program Files\\Microsoft Office\\root\\Office16\\OUTLOOK.EXE","CommandLine":"\"C:\\Program Files\\Microsoft Office\\root\\Office16\\OUTLOOK.EXE\"","ParentImage":"C:\\Windows\\explorer.exe","ParentCommandLine":"C:\\Windows\\explorer.exe","User":"SKYLOOM\\jhowell","Hashes":"","UtcTime":"2026-04-22 03:15:58.316"}}}
{"@timestamp":"2026-04-22T03:16:02.170335Z","event":{"code":"11","provider":"Microsoft-Windows-Sysmon","action":"File Created","category":["file"]},"host":{"hostname":"eng-bell-04","name":"eng-bell-04"},"user":{"name":"jhowell","domain":"SKYLOOM"},"process":{"executable":"C:\\Program Files (x86)\\Microsoft\\Edge\\Application\\msedge.exe","name":"msedge.exe"},"file":{"path":"C:\\ProgramData\\Microsoft\\Windows Defender\\Scans\\History\\Service\\Detections.log","name":"Detections.log"},"winlog":{"channel":"Microsoft-Windows-Sysmon/Operational","event_id":11,"record_id":2021,"computer_name":"eng-bell-04","event_data":{"Image":"C:\\Program Files (x86)\\Microsoft\\Edge\\Application\\msedge.exe","TargetFilename":"C:\\ProgramData\\Microsoft\\Windows Defender\\Scans\\History\\Service\\Detections.log","User":"SKYLOOM\\jhowell","UtcTime":"2026-04-22 03:16:02.170"}}}
{"@timestamp":"2026-04-22T03:16:02.386497Z","event":{"code":"3","provider":"Microsoft-Windows-Sysmon","action":"Network Connect","category":["network"]},"host":{"hostname":"eng-bell-04","name":"eng-bell-04"},"user":{"name":"jhowell","domain":"SKYLOOM"},"process":{"executable":"C:\\Users\\jhowell\\AppData\\Local\\Microsoft\\Teams\\current\\Teams.exe","name":"Teams.exe"},"destination":{"ip":"142.250.80.46","port":443,"domain":"www.google.com"},"winlog":{"channel":"Microsoft-Windows-Sysmon/Operational","event_id":3,"record_id":1846,"computer_name":"eng-bell-04","event_data":{"Image":"C:\\Users\\jhowell\\AppData\\Local\\Microsoft\\Teams\\current\\Teams.exe","User":"SKYLOOM\\jhowell","DestinationIp":"142.250.80.46","DestinationPort":443,"DestinationHostname":"www.google.com","Protocol":"tcp","UtcTime":"2026-04-22 03:16:02.386"}}}
{"@timestamp":"2026-04-22T03:16:03.630722Z","event":{"code":"11","provider":"Microsoft-Windows-Sysmon","action":"File Created","category":["file"]},"host":{"hostname":"eng-bell-04","name":"eng-bell-04"},"user":{"name":"jhowell","domain":"SKYLOOM"},"process":{"executable":"C:\\Windows\\System32\\svchost.exe","name":"svchost.exe"},"file":{"path":"C:\\Users\\jhowell\\AppData\\Local\\Temp\\~DFE256.tmp","name":"~DFE256.tmp"},"winlog":{"channel":"Microsoft-Windows-Sysmon/Operational","event_id":11,"record_id":1950,"computer_name":"eng-bell-04","event_data":{"Image":"C:\\Windows\\System32\\svchost.exe","TargetFilename":"C:\\Users\\jhowell\\AppData\\Local\\Temp\\~DFE256.tmp","User":"SKYLOOM\\jhowell","UtcTime":"2026-04-22 03:16:03.630"}}}
{"@timestamp":"2026-04-22T03:16:09.253182Z","event":{"code":"1","provider":"Microsoft-Windows-Sysmon","action":"Process Create","category":["process"],"type":["start"]},"host":{"hostname":"eng-bell-04","name":"eng-bell-04"},"user":{"name":"jhowell","domain":"SKYLOOM"},"process":{"executable":"C:\\Program Files\\Microsoft Office\\root\\Office16\\OUTLOOK.EXE","name":"OUTLOOK.EXE","command_line":"\"C:\\Program Files\\Microsoft Office\\root\\Office16\\OUTLOOK.EXE\" /recycle","parent":{"executable":"C:\\Program Files\\Microsoft Office\\root\\Office16\\OUTLOOK.EXE","name":"OUTLOOK.EXE","command_line":"C:\\Program Files\\Microsoft Office\\root\\Office16\\OUTLOOK.EXE"}},"winlog":{"channel":"Microsoft-Windows-Sysmon/Operational","event_id":1,"record_id":1261,"computer_name":"eng-bell-04","event_data":{"Image":"C:\\Program Files\\Microsoft Office\\root\\Office16\\OUTLOOK.EXE","CommandLine":"\"C:\\Program Files\\Microsoft Office\\root\\Office16\\OUTLOOK.EXE\" /recycle","ParentImage":"C:\\Program Files\\Microsoft Office\\root\\Office16\\OUTLOOK.EXE","ParentCommandLine":"C:\\Program Files\\Microsoft Office\\root\\Office16\\OUTLOOK.EXE","User":"SKYLOOM\\jhowell","Hashes":"","UtcTime":"2026-04-22 03:16:09.253"}}}
{"@timestamp":"2026-04-22T03:16:09.580831Z","event":{"code":"1","provider":"Microsoft-Windows-Sysmon","action":"Process Create","category":["process"],"type":["start"]},"host":{"hostname":"eng-bell-04","name":"eng-bell-04"},"user":{"name":"jhowell","domain":"SKYLOOM"},"process":{"executable":"C:\\Users\\jhowell\\AppData\\Local\\Microsoft\\Teams\\current\\Teams.exe","name":"Teams.exe","command_line":"\"C:\\Users\\jhowell\\AppData\\Local\\Microsoft\\Teams\\current\\Teams.exe\" --type=renderer --user-data-dir=...","parent":{"executable":"C:\\Windows\\explorer.exe","name":"explorer.exe","command_line":"C:\\Windows\\explorer.exe"}},"winlog":{"channel":"Microsoft-Windows-Sysmon/Operational","event_id":1,"record_id":1435,"computer_name":"eng-bell-04","event_data":{"Image":"C:\\Users\\jhowell\\AppData\\Local\\Microsoft\\Teams\\current\\Teams.exe","CommandLine":"\"C:\\Users\\jhowell\\AppData\\Local\\Microsoft\\Teams\\current\\Teams.exe\" --type=renderer --user-data-dir=...","ParentImage":"C:\\Windows\\explorer.exe","ParentCommandLine":"C:\\Windows\\explorer.exe","User":"SKYLOOM\\jhowell","Hashes":"","UtcTime":"2026-04-22 03:16:09.580"}}}
{"@timestamp":"2026-04-22T03:16:10.759514Z","event":{"code":"1","provider":"Microsoft-Windows-Sysmon","action":"Process Create","category":["process"],"type":["start"]},"host":{"hostname":"eng-bell-04","name":"eng-bell-04"},"user":{"name":"jhowell","domain":"SKYLOOM"},"process":{"executable":"C:\\Users\\jhowell\\AppData\\Local\\Microsoft\\Teams\\current\\Teams.exe","name":"Teams.exe","command_line":"\"C:\\Users\\jhowell\\AppData\\Local\\Microsoft\\Teams\\current\\Teams.exe\" --type=renderer --user-data-dir=...","parent":{"executable":"C:\\Windows\\explorer.exe","name":"explorer.exe","command_line":"C:\\Windows\\explorer.exe"}},"winlog":{"channel":"Microsoft-Windows-Sysmon/Operational","event_id":1,"record_id":1495,"computer_name":"eng-bell-04","event_data":{"Image":"C:\\Users\\jhowell\\AppData\\Local\\Microsoft\\Teams\\current\\Teams.exe","CommandLine":"\"C:\\Users\\jhowell\\AppData\\Local\\Microsoft\\Teams\\current\\Teams.exe\" --type=renderer --user-data-dir=...","ParentImage":"C:\\Windows\\explorer.exe","ParentCommandLine":"C:\\Windows\\explorer.exe","User":"SKYLOOM\\jhowell","Hashes":"","UtcTime":"2026-04-22 03:16:10.759"}}}
{"@timestamp":"2026-04-22T03:16:10.791110Z","event":{"code":"11","provider":"Microsoft-Windows-Sysmon","action":"File Created","category":["file"]},"host":{"hostname":"eng-bell-04","name":"eng-bell-04"},"user":{"name":"jhowell","domain":"SKYLOOM"},"process":{"executable":"C:\\Program Files (x86)\\Microsoft\\Edge\\Application\\msedge.exe","name":"msedge.exe"},"file":{"path":"C:\\Users\\jhowell\\AppData\\Local\\Microsoft\\Edge\\User Data\\Default\\Cache\\f_093997","name":"f_093997"},"winlog":{"channel":"Microsoft-Windows-Sysmon/Operational","event_id":11,"record_id":2005,"computer_name":"eng-bell-04","event_data":{"Image":"C:\\Program Files (x86)\\Microsoft\\Edge\\Application\\msedge.exe","TargetFilename":"C:\\Users\\jhowell\\AppData\\Local\\Microsoft\\Edge\\User Data\\Default\\Cache\\f_093997","User":"SKYLOOM\\jhowell","UtcTime":"2026-04-22 03:16:10.791"}}}
{"@timestamp":"2026-04-22T03:16:12.523202Z","event":{"code":"13","provider":"Microsoft-Windows-Sysmon","action":"Registry Set","category":["registry"]},"host":{"hostname":"eng-bell-04","name":"eng-bell-04"},"user":{"name":"jhowell","domain":"SKYLOOM"},"process":{"executable":"C:\\Program Files\\Microsoft Office\\root\\Office16\\OUTLOOK.EXE","name":"OUTLOOK.EXE"},"registry":{"path":"HKLM\\SOFTWARE\\Microsoft\\Windows NT\\CurrentVersion\\NetworkList\\Profiles\\bd0c691f-0000-0000-0000-000000000000\\ProfileName","data":{"strings":["skyloom-corp"]}},"winlog":{"channel":"Microsoft-Windows-Sysmon/Operational","event_id":13,"record_id":2114,"computer_name":"eng-bell-04","event_data":{"Image":"C:\\Program Files\\Microsoft Office\\root\\Office16\\OUTLOOK.EXE","TargetObject":"HKLM\\SOFTWARE\\Microsoft\\Windows NT\\CurrentVersion\\NetworkList\\Profiles\\bd0c691f-0000-0000-0000-000000000000\\ProfileName","Details":"skyloom-corp","EventType":"SetValue","User":"SKYLOOM\\jhowell","UtcTime":"2026-04-22 03:16:12.523"}}}
{"@timestamp":"2026-04-22T03:16:12.999309Z","event":{"code":"1","provider":"Microsoft-Windows-Sysmon","action":"Process Create","category":["process"],"type":["start"]},"host":{"hostname":"eng-bell-04","name":"eng-bell-04"},"user":{"name":"jhowell","domain":"SKYLOOM"},"process":{"executable":"C:\\Program Files\\Microsoft Office\\root\\Office16\\OUTLOOK.EXE","name":"OUTLOOK.EXE","command_line":"\"C:\\Program Files\\Microsoft Office\\root\\Office16\\OUTLOOK.EXE\"","parent":{"executable":"C:\\Windows\\explorer.exe","name":"explorer.exe","command_line":"C:\\Windows\\explorer.exe"}},"winlog":{"channel":"Microsoft-Windows-Sysmon/Operational","event_id":1,"record_id":1203,"computer_name":"eng-bell-04","event_data":{"Image":"C:\\Program Files\\Microsoft Office\\root\\Office16\\OUTLOOK.EXE","CommandLine":"\"C:\\Program Files\\Microsoft Office\\root\\Office16\\OUTLOOK.EXE\"","ParentImage":"C:\\Windows\\explorer.exe","ParentCommandLine":"C:\\Windows\\explorer.exe","User":"SKYLOOM\\jhowell","Hashes":"","UtcTime":"2026-04-22 03:16:12.999"}}}
