{"@timestamp":"2026-04-22T03:16:13.902251Z","event":{"code":"1","provider":"Microsoft-Windows-Sysmon","action":"Process Create","category":["process"],"type":["start"]},"host":{"hostname":"eng-bell-04","name":"eng-bell-04"},"user":{"name":"jhowell","domain":"SKYLOOM"},"process":{"executable":"C:\\Program Files (x86)\\Microsoft\\Edge\\Application\\msedge.exe","name":"msedge.exe","command_line":"\"C:\\Program Files (x86)\\Microsoft\\Edge\\Application\\msedge.exe\" --no-pre-read-main-dll","parent":{"executable":"C:\\Windows\\explorer.exe","name":"explorer.exe","command_line":"C:\\Windows\\explorer.exe"}},"winlog":{"channel":"Microsoft-Windows-Sysmon/Operational","event_id":1,"record_id":1675,"computer_name":"eng-bell-04","event_data":{"Image":"C:\\Program Files (x86)\\Microsoft\\Edge\\Application\\msedge.exe","CommandLine":"\"C:\\Program Files (x86)\\Microsoft\\Edge\\Application\\msedge.exe\" --no-pre-read-main-dll","ParentImage":"C:\\Windows\\explorer.exe","ParentCommandLine":"C:\\Windows\\explorer.exe","User":"SKYLOOM\\jhowell","Hashes":"","UtcTime":"2026-04-22 03:16:13.902"}}}
{"@timestamp":"2026-04-22T03:16:15.075964Z","event":{"code":"3","provider":"Microsoft-Windows-Sysmon","action":"Network Connect","category":["network"]},"host":{"hostname":"eng-bell-04","name":"eng-bell-04"},"user":{"name":"jhowell","domain":"SKYLOOM"},"process":{"executable":"C:\\Users\\jhowell\\AppData\\Local\\Microsoft\\Teams\\current\\Teams.exe","name":"Teams.exe"},"destination":{"ip":"204.79.197.200","port":443,"domain":"www.bing.com"},"winlog":{"channel":"Microsoft-Windows-Sysmon/Operational","event_id":3,"record_id":1688,"computer_name":"eng-bell-04","event_data":{"Image":"C:\\Users\\jhowell\\AppData\\Local\\Microsoft\\Teams\\current\\Teams.exe","User":"SKYLOOM\\jhowell","DestinationIp":"204.79.197.200","DestinationPort":443,"DestinationHostname":"www.bing.com","Protocol":"tcp","UtcTime":"2026-04-22 03:16:15.075"}}}
{"@timestamp":"2026-04-22T03:16:20.395531Z","event":{"code":"1","provider":"Microsoft-Windows-Sysmon","action":"Process Create","category":["process"],"type":["start"]},"host":{"hostname":"eng-bell-04","name":"eng-bell-04"},"user":{"name":"jhowell","domain":"SKYLOOM"},"process":{"executable":"C:\\Users\\jhowell\\AppData\\Local\\Microsoft\\Teams\\current\\Teams.exe","name":"Teams.exe","command_line":"\"C:\\Users\\jhowell\\AppData\\Local\\Microsoft\\Teams\\current\\Teams.exe\" --type=renderer --user-data-dir=...","parent":{"executable":"C:\\Windows\\explorer.exe","name":"explorer.exe","command_line":"C:\\Windows\\explorer.exe"}},"winlog":{"channel":"Microsoft-Windows-Sysmon/Operational","event_id":1,"record_id":1631,"computer_name":"eng-bell-04","event_data":{"Image":"C:\\Users\\jhowell\\AppData\\Local\\Microsoft\\Teams\\current\\Teams.exe","CommandLine":"\"C:\\Users\\jhowell\\AppData\\Local\\Microsoft\\Teams\\current\\Teams.exe\" --type=renderer --user-data-dir=...","ParentImage":"C:\\Windows\\explorer.exe","ParentCommandLine":"C:\\Windows\\explorer.exe","User":"SKYLOOM\\jhowell","Hashes":"","UtcTime":"2026-04-22 03:16:20.395"}}}
{"@timestamp":"2026-04-22T03:16:20.887905Z","event":{"code":"3","provider":"Microsoft-Windows-Sysmon","action":"Network Connect","category":["network"]},"host":{"hostname":"eng-bell-04","name":"eng-bell-04"},"user":{"name":"jhowell","domain":"SKYLOOM"},"process":{"executable":"C:\\Program Files (x86)\\Microsoft\\Edge\\Application\\msedge.exe","name":"msedge.exe"},"destination":{"ip":"13.107.6.152","port":443,"domain":"outlook.office365.com"},"winlog":{"channel":"Microsoft-Windows-Sysmon/Operational","event_id":3,"record_id":1772,"computer_name":"eng-bell-04","event_data":{"Image":"C:\\Program Files (x86)\\Microsoft\\Edge\\Application\\msedge.exe","User":"SKYLOOM\\jhowell","DestinationIp":"13.107.6.152","DestinationPort":443,"DestinationHostname":"outlook.office365.com","Protocol":"tcp","UtcTime":"2026-04-22 03:16:20.887"}}}
{"@timestamp":"2026-04-22T03:16:22.188267Z","event":{"code":"1","provider":"Microsoft-Windows-Sysmon","action":"Process Create","category":["process"],"type":["start"]},"host":{"hostname":"eng-bell-04","name":"eng-bell-04"},"user":{"name":"jhowell","domain":"SKYLOOM"},"process":{"executable":"C:\\Windows\\System32\\MoUsoCoreWorker.exe","name":"MoUsoCoreWorker.exe","command_line":"C:\\Windows\\System32\\MoUsoCoreWorker.exe -Embedding","parent":{"executable":"C:\\Windows\\System32\\svchost.exe","name":"svchost.exe","command_line":"C:\\Windows\\System32\\svchost.exe"}},"winlog":{"channel":"Microsoft-Windows-Sysmon/Operational","event_id":1,"record_id":1151,"computer_name":"eng-bell-04","event_data":{"Image":"C:\\Windows\\System32\\MoUsoCoreWorker.exe","CommandLine":"C:\\Windows\\System32\\MoUsoCoreWorker.exe -Embedding","ParentImage":"C:\\Windows\\System32\\svchost.exe","ParentCommandLine":"C:\\Windows\\System32\\svchost.exe","User":"SKYLOOM\\jhowell","Hashes":"","UtcTime":"2026-04-22 03:16:22.188"}}}
{"@timestamp":"2026-04-22T03:16:23.677469Z","event":{"code":"1","provider":"Microsoft-Windows-Sysmon","action":"Process Create","category":["process"],"type":["start"]},"host":{"hostname":"eng-bell-04","name":"eng-bell-04"},"user":{"name":"jhowell","domain":"SKYLOOM"},"process":{"executable":"C:\\Users\\jhowell\\AppData\\Local\\Microsoft\\Teams\\current\\Teams.exe","name":"Teams.exe","command_line":"\"C:\\Users\\jhowell\\AppData\\Local\\Microsoft\\Teams\\current\\Teams.exe\" --type=renderer --user-data-dir=...","parent":{"executable":"C:\\Windows\\explorer.exe","name":"explorer.exe","command_line":"C:\\Windows\\explorer.exe"}},"winlog":{"channel":"Microsoft-Windows-Sysmon/Operational","event_id":1,"record_id":1653,"computer_name":"eng-bell-04","event_data":{"Image":"C:\\Users\\jhowell\\AppData\\Local\\Microsoft\\Teams\\current\\Teams.exe","CommandLine":"\"C:\\Users\\jhowell\\AppData\\Local\\Microsoft\\Teams\\current\\Teams.exe\" --type=renderer --user-data-dir=...","ParentImage":"C:\\Windows\\explorer.exe","ParentCommandLine":"C:\\Windows\\explorer.exe","User":"SKYLOOM\\jhowell","Hashes":"","UtcTime":"2026-04-22 03:16:23.677"}}}
{"@timestamp":"2026-04-22T03:16:27.774714Z","event":{"code":"1","provider":"Microsoft-Windows-Sysmon","action":"Process Create","category":["process"],"type":["start"]},"host":{"hostname":"eng-bell-04","name":"eng-bell-04"},"user":{"name":"jhowell","domain":"SKYLOOM"},"process":{"executable":"C:\\Windows\\System32\\RuntimeBroker.exe","name":"RuntimeBroker.exe","command_line":"C:\\Windows\\System32\\RuntimeBroker.exe -Embedding","parent":{"executable":"C:\\Windows\\System32\\svchost.exe","name":"svchost.exe","command_line":"C:\\Windows\\System32\\svchost.exe"}},"winlog":{"channel":"Microsoft-Windows-Sysmon/Operational","event_id":1,"record_id":1549,"computer_name":"eng-bell-04","event_data":{"Image":"C:\\Windows\\System32\\RuntimeBroker.exe","CommandLine":"C:\\Windows\\System32\\RuntimeBroker.exe -Embedding","ParentImage":"C:\\Windows\\System32\\svchost.exe","ParentCommandLine":"C:\\Windows\\System32\\svchost.exe","User":"SKYLOOM\\jhowell","Hashes":"","UtcTime":"2026-04-22 03:16:27.774"}}}
{"@timestamp":"2026-04-22T03:16:35.257470Z","event":{"code":"3","provider":"Microsoft-Windows-Sysmon","action":"Network Connect","category":["network"]},"host":{"hostname":"eng-bell-04","name":"eng-bell-04"},"user":{"name":"jhowell","domain":"SKYLOOM"},"process":{"executable":"C:\\Program Files\\Microsoft Office\\root\\Office16\\OUTLOOK.EXE","name":"OUTLOOK.EXE"},"destination":{"ip":"13.107.4.50","port":443,"domain":"ctldl.windowsupdate.com"},"winlog":{"channel":"Microsoft-Windows-Sysmon/Operational","event_id":3,"record_id":1746,"computer_name":"eng-bell-04","event_data":{"Image":"C:\\Program Files\\Microsoft Office\\root\\Office16\\OUTLOOK.EXE","User":"SKYLOOM\\jhowell","DestinationIp":"13.107.4.50","DestinationPort":443,"DestinationHostname":"ctldl.windowsupdate.com","Protocol":"tcp","UtcTime":"2026-04-22 03:16:35.257"}}}
{"@timestamp":"2026-04-22T03:16:35.443298Z","event":{"code":"1","provider":"Microsoft-Windows-Sysmon","action":"Process Create","category":["process"],"type":["start"]},"host":{"hostname":"eng-bell-04","name":"eng-bell-04"},"user":{"name":"jhowell","domain":"SKYLOOM"},"process":{"executable":"C:\\Users\\jhowell\\AppData\\Local\\Programs\\Microsoft VS Code\\Code.exe","name":"Code.exe","command_line":"\"C:\\Users\\jhowell\\AppData\\Local\\Programs\\Microsoft VS Code\\Code.exe\" --type=renderer","parent":{"executable":"C:\\Users\\jhowell\\AppData\\Local\\Programs\\Microsoft VS Code\\Code.exe","name":"Code.exe","command_line":"C:\\Users\\jhowell\\AppData\\Local\\Programs\\Microsoft VS Code\\Code.exe"}},"winlog":{"channel":"Microsoft-Windows-Sysmon/Operational","event_id":1,"record_id":1503,"computer_name":"eng-bell-04","event_data":{"Image":"C:\\Users\\jhowell\\AppData\\Local\\Programs\\Microsoft VS Code\\Code.exe","CommandLine":"\"C:\\Users\\jhowell\\AppData\\Local\\Programs\\Microsoft VS Code\\Code.exe\" --type=renderer","ParentImage":"C:\\Users\\jhowell\\AppData\\Local\\Programs\\Microsoft VS Code\\Code.exe","ParentCommandLine":"C:\\Users\\jhowell\\AppData\\Local\\Programs\\Microsoft VS Code\\Code.exe","User":"SKYLOOM\\jhowell","Hashes":"","UtcTime":"2026-04-22 03:16:35.443"}}}
{"@timestamp":"2026-04-22T03:16:36.116497Z","event":{"code":"13","provider":"Microsoft-Windows-Sysmon","action":"Registry Set","category":["registry"]},"host":{"hostname":"eng-bell-04","name":"eng-bell-04"},"user":{"name":"jhowell","domain":"SKYLOOM"},"process":{"executable":"C:\\Windows\\explorer.exe","name":"explorer.exe"},"registry":{"path":"HKU\\S-1-5-21-1004336348-1177238915-682003330-1006\\Software\\Microsoft\\Windows\\CurrentVersion\\Explorer\\RecentDocs\\.pdf\\54","data":{"strings":["design-review-90.pdf"]}},"winlog":{"channel":"Microsoft-Windows-Sysmon/Operational","event_id":13,"record_id":2135,"computer_name":"eng-bell-04","event_data":{"Image":"C:\\Windows\\explorer.exe","TargetObject":"HKU\\S-1-5-21-1004336348-1177238915-682003330-1006\\Software\\Microsoft\\Windows\\CurrentVersion\\Explorer\\RecentDocs\\.pdf\\54","Details":"design-review-90.pdf","EventType":"SetValue","User":"SKYLOOM\\jhowell","UtcTime":"2026-04-22 03:16:36.116"}}}
{"@timestamp":"2026-04-22T03:16:36.214990Z","event":{"code":"1","provider":"Microsoft-Windows-Sysmon","action":"Process Create","category":["process"],"type":["start"]},"host":{"hostname":"eng-bell-04","name":"eng-bell-04"},"user":{"name":"jhowell","domain":"SKYLOOM"},"process":{"executable":"C:\\Windows\\System32\\svchost.exe","name":"svchost.exe","command_line":"C:\\Windows\\System32\\svchost.exe -k RPCSS","parent":{"executable":"C:\\Windows\\System32\\services.exe","name":"services.exe","command_line":"C:\\Windows\\System32\\services.exe"}},"winlog":{"channel":"Microsoft-Windows-Sysmon/Operational","event_id":1,"record_id":1283,"computer_name":"eng-bell-04","event_data":{"Image":"C:\\Windows\\System32\\svchost.exe","CommandLine":"C:\\Windows\\System32\\svchost.exe -k RPCSS","ParentImage":"C:\\Windows\\System32\\services.exe","ParentCommandLine":"C:\\Windows\\System32\\services.exe","User":"SKYLOOM\\jhowell","Hashes":"","UtcTime":"2026-04-22 03:16:36.214"}}}
{"@timestamp":"2026-04-22T03:16:40.864646Z","event":{"code":"13","provider":"Microsoft-Windows-Sysmon","action":"Registry Set","category":["registry"]},"host":{"hostname":"eng-bell-04","name":"eng-bell-04"},"user":{"name":"jhowell","domain":"SKYLOOM"},"process":{"executable":"C:\\Windows\\explorer.exe","name":"explorer.exe"},"registry":{"path":"HKU\\S-1-5-21-1004336348-1177238915-682003330-1006\\Software\\Microsoft\\Windows\\CurrentVersion\\Explorer\\RecentDocs\\.pdf\\26","data":{"strings":["design-review-27.pdf"]}},"winlog":{"channel":"Microsoft-Windows-Sysmon/Operational","event_id":13,"record_id":2099,"computer_name":"eng-bell-04","event_data":{"Image":"C:\\Windows\\explorer.exe","TargetObject":"HKU\\S-1-5-21-1004336348-1177238915-682003330-1006\\Software\\Microsoft\\Windows\\CurrentVersion\\Explorer\\RecentDocs\\.pdf\\26","Details":"design-review-27.pdf","EventType":"SetValue","User":"SKYLOOM\\jhowell","UtcTime":"2026-04-22 03:16:40.864"}}}
{"@timestamp":"2026-04-22T03:16:42.508463Z","event":{"code":"11","provider":"Microsoft-Windows-Sysmon","action":"File Created","category":["file"]},"host":{"hostname":"eng-bell-04","name":"eng-bell-04"},"user":{"name":"jhowell","domain":"SKYLOOM"},"process":{"executable":"C:\\Program Files (x86)\\Microsoft\\Edge\\Application\\msedge.exe","name":"msedge.exe"},"file":{"path":"C:\\ProgramData\\Microsoft\\Windows Defender\\Scans\\History\\Service\\Detections.log","name":"Detections.log"},"winlog":{"channel":"Microsoft-Windows-Sysmon/Operational","event_id":11,"record_id":2054,"computer_name":"eng-bell-04","event_data":{"Image":"C:\\Program Files (x86)\\Microsoft\\Edge\\Application\\msedge.exe","TargetFilename":"C:\\ProgramData\\Microsoft\\Windows Defender\\Scans\\History\\Service\\Detections.log","User":"SKYLOOM\\jhowell","UtcTime":"2026-04-22 03:16:42.508"}}}
{"@timestamp":"2026-04-22T03:16:42.590243Z","event":{"code":"1","provider":"Microsoft-Windows-Sysmon","action":"Process Create","category":["process"],"type":["start"]},"host":{"hostname":"eng-bell-04","name":"eng-bell-04"},"user":{"name":"jhowell","domain":"SKYLOOM"},"process":{"executable":"C:\\Program Files (x86)\\Microsoft\\Edge\\Application\\msedge.exe","name":"msedge.exe","command_line":"\"C:\\Program Files (x86)\\Microsoft\\Edge\\Application\\msedge.exe\" --type=renderer --tab-id=4634","parent":{"executable":"C:\\Program Files (x86)\\Microsoft\\Edge\\Application\\msedge.exe","name":"msedge.exe","command_line":"C:\\Program Files (x86)\\Microsoft\\Edge\\Application\\msedge.exe"}},"winlog":{"channel":"Microsoft-Windows-Sysmon/Operational","event_id":1,"record_id":1264,"computer_name":"eng-bell-04","event_data":{"Image":"C:\\Program Files (x86)\\Microsoft\\Edge\\Application\\msedge.exe","CommandLine":"\"C:\\Program Files (x86)\\Microsoft\\Edge\\Application\\msedge.exe\" --type=renderer --tab-id=4634","ParentImage":"C:\\Program Files (x86)\\Microsoft\\Edge\\Application\\msedge.exe","ParentCommandLine":"C:\\Program Files (x86)\\Microsoft\\Edge\\Application\\msedge.exe","User":"SKYLOOM\\jhowell","Hashes":"","UtcTime":"2026-04-22 03:16:42.590"}}}
{"@timestamp":"2026-04-22T03:16:45.755989Z","event":{"code":"3","provider":"Microsoft-Windows-Sysmon","action":"Network Connect","category":["network"]},"host":{"hostname":"eng-bell-04","name":"eng-bell-04"},"user":{"name":"jhowell","domain":"SKYLOOM"},"process":{"executable":"C:\\Users\\jhowell\\AppData\\Local\\Microsoft\\Teams\\current\\Teams.exe","name":"Teams.exe"},"destination":{"ip":"3.5.78.94","port":443,"domain":"slack.com"},"winlog":{"channel":"Microsoft-Windows-Sysmon/Operational","event_id":3,"record_id":1763,"computer_name":"eng-bell-04","event_data":{"Image":"C:\\Users\\jhowell\\AppData\\Local\\Microsoft\\Teams\\current\\Teams.exe","User":"SKYLOOM\\jhowell","DestinationIp":"3.5.78.94","DestinationPort":443,"DestinationHostname":"slack.com","Protocol":"tcp","UtcTime":"2026-04-22 03:16:45.755"}}}
{"@timestamp":"2026-04-22T03:16:46.418166Z","event":{"code":"11","provider":"Microsoft-Windows-Sysmon","action":"File Created","category":["file"]},"host":{"hostname":"eng-bell-04","name":"eng-bell-04"},"user":{"name":"jhowell","domain":"SKYLOOM"},"process":{"executable":"C:\\Program Files (x86)\\Microsoft\\Edge\\Application\\msedge.exe","name":"msedge.exe"},"file":{"path":"C:\\Users\\jhowell\\AppData\\Roaming\\Microsoft\\Word\\AutoRecovery save of Document59221.asd","name":"AutoRecovery save of Document59221.asd"},"winlog":{"channel":"Microsoft-Windows-Sysmon/Operational","event_id":11,"record_id":2012,"computer_name":"eng-bell-04","event_data":{"Image":"C:\\Program Files (x86)\\Microsoft\\Edge\\Application\\msedge.exe","TargetFilename":"C:\\Users\\jhowell\\AppData\\Roaming\\Microsoft\\Word\\AutoRecovery save of Document59221.asd","User":"SKYLOOM\\jhowell","UtcTime":"2026-04-22 03:16:46.418"}}}
{"@timestamp":"2026-04-22T03:16:46.638335Z","event":{"code":"1","provider":"Microsoft-Windows-Sysmon","action":"Process Create","category":["process"],"type":["start"]},"host":{"hostname":"eng-bell-04","name":"eng-bell-04"},"user":{"name":"jhowell","domain":"SKYLOOM"},"process":{"executable":"C:\\Program Files\\Microsoft Office\\root\\Office16\\OUTLOOK.EXE","name":"OUTLOOK.EXE","command_line":"\"C:\\Program Files\\Microsoft Office\\root\\Office16\\OUTLOOK.EXE\" /recycle","parent":{"executable":"C:\\Program Files\\Microsoft Office\\root\\Office16\\OUTLOOK.EXE","name":"OUTLOOK.EXE","command_line":"C:\\Program Files\\Microsoft Office\\root\\Office16\\OUTLOOK.EXE"}},"winlog":{"channel":"Microsoft-Windows-Sysmon/Operational","event_id":1,"record_id":1178,"computer_name":"eng-bell-04","event_data":{"Image":"C:\\Program Files\\Microsoft Office\\root\\Office16\\OUTLOOK.EXE","CommandLine":"\"C:\\Program Files\\Microsoft Office\\root\\Office16\\OUTLOOK.EXE\" /recycle","ParentImage":"C:\\Program Files\\Microsoft Office\\root\\Office16\\OUTLOOK.EXE","ParentCommandLine":"C:\\Program Files\\Microsoft Office\\root\\Office16\\OUTLOOK.EXE","User":"SKYLOOM\\jhowell","Hashes":"","UtcTime":"2026-04-22 03:16:46.638"}}}
{"@timestamp":"2026-04-22T03:16:52.414883Z","event":{"code":"3","provider":"Microsoft-Windows-Sysmon","action":"Network Connect","category":["network"]},"host":{"hostname":"eng-bell-04","name":"eng-bell-04"},"user":{"name":"jhowell","domain":"SKYLOOM"},"process":{"executable":"C:\\Windows\\System32\\svchost.exe","name":"svchost.exe"},"destination":{"ip":"13.107.4.50","port":443,"domain":"ctldl.windowsupdate.com"},"winlog":{"channel":"Microsoft-Windows-Sysmon/Operational","event_id":3,"record_id":1738,"computer_name":"eng-bell-04","event_data":{"Image":"C:\\Windows\\System32\\svchost.exe","User":"SKYLOOM\\jhowell","DestinationIp":"13.107.4.50","DestinationPort":443,"DestinationHostname":"ctldl.windowsupdate.com","Protocol":"tcp","UtcTime":"2026-04-22 03:16:52.414"}}}
{"@timestamp":"2026-04-22T03:16:55.187695Z","event":{"code":"11","provider":"Microsoft-Windows-Sysmon","action":"File Created","category":["file"]},"host":{"hostname":"eng-bell-04","name":"eng-bell-04"},"user":{"name":"jhowell","domain":"SKYLOOM"},"process":{"executable":"C:\\Users\\jhowell\\AppData\\Local\\Microsoft\\Teams\\current\\Teams.exe","name":"Teams.exe"},"file":{"path":"C:\\Users\\jhowell\\AppData\\Roaming\\Microsoft\\Word\\AutoRecovery save of Document91899.asd","name":"AutoRecovery save of Document91899.asd"},"winlog":{"channel":"Microsoft-Windows-Sysmon/Operational","event_id":11,"record_id":1903,"computer_name":"eng-bell-04","event_data":{"Image":"C:\\Users\\jhowell\\AppData\\Local\\Microsoft\\Teams\\current\\Teams.exe","TargetFilename":"C:\\Users\\jhowell\\AppData\\Roaming\\Microsoft\\Word\\AutoRecovery save of Document91899.asd","User":"SKYLOOM\\jhowell","UtcTime":"2026-04-22 03:16:55.187"}}}
{"@timestamp":"2026-04-22T03:16:56.683793Z","event":{"code":"1","provider":"Microsoft-Windows-Sysmon","action":"Process Create","category":["process"],"type":["start"]},"host":{"hostname":"eng-bell-04","name":"eng-bell-04"},"user":{"name":"jhowell","domain":"SKYLOOM"},"process":{"executable":"C:\\Program Files (x86)\\Microsoft\\EdgeUpdate\\MicrosoftEdgeUpdate.exe","name":"MicrosoftEdgeUpdate.exe","command_line":"\"C:\\Program Files (x86)\\Microsoft\\EdgeUpdate\\MicrosoftEdgeUpdate.exe\" /ua /installsource scheduler","parent":{"executable":"C:\\Program Files (x86)\\Microsoft\\EdgeUpdate\\MicrosoftEdgeUpdate.exe","name":"MicrosoftEdgeUpdate.exe","command_line":"C:\\Program Files (x86)\\Microsoft\\EdgeUpdate\\MicrosoftEdgeUpdate.exe"}},"winlog":{"channel":"Microsoft-Windows-Sysmon/Operational","event_id":1,"record_id":1533,"computer_name":"eng-bell-04","event_data":{"Image":"C:\\Program Files (x86)\\Microsoft\\EdgeUpdate\\MicrosoftEdgeUpdate.exe","CommandLine":"\"C:\\Program Files (x86)\\Microsoft\\EdgeUpdate\\MicrosoftEdgeUpdate.exe\" /ua /installsource scheduler","ParentImage":"C:\\Program Files (x86)\\Microsoft\\EdgeUpdate\\MicrosoftEdgeUpdate.exe","ParentCommandLine":"C:\\Program Files (x86)\\Microsoft\\EdgeUpdate\\MicrosoftEdgeUpdate.exe","User":"SKYLOOM\\jhowell","Hashes":"","UtcTime":"2026-04-22 03:16:56.683"}}}
{"@timestamp":"2026-04-22T03:17:08.946292Z","event":{"code":"3","provider":"Microsoft-Windows-Sysmon","action":"Network Connect","category":["network"]},"host":{"hostname":"eng-bell-04","name":"eng-bell-04"},"user":{"name":"jhowell","domain":"SKYLOOM"},"process":{"executable":"C:\\Users\\jhowell\\AppData\\Local\\Microsoft\\Teams\\current\\Teams.exe","name":"Teams.exe"},"destination":{"ip":"142.250.80.46","port":443,"domain":"www.google.com"},"winlog":{"channel":"Microsoft-Windows-Sysmon/Operational","event_id":3,"record_id":1745,"computer_name":"eng-bell-04","event_data":{"Image":"C:\\Users\\jhowell\\AppData\\Local\\Microsoft\\Teams\\current\\Teams.exe","User":"SKYLOOM\\jhowell","DestinationIp":"142.250.80.46","DestinationPort":443,"DestinationHostname":"www.google.com","Protocol":"tcp","UtcTime":"2026-04-22 03:17:08.946"}}}
{"@timestamp":"2026-04-22T03:17:11.244625Z","event":{"code":"13","provider":"Microsoft-Windows-Sysmon","action":"Registry Set","category":["registry"]},"host":{"hostname":"eng-bell-04","name":"eng-bell-04"},"user":{"name":"jhowell","domain":"SKYLOOM"},"process":{"executable":"C:\\Windows\\explorer.exe","name":"explorer.exe"},"registry":{"path":"HKLM\\SOFTWARE\\Microsoft\\Windows NT\\CurrentVersion\\NetworkList\\Profiles\\54eb1bfc-0000-0000-0000-000000000000\\ProfileName","data":{"strings":["skyloom-corp"]}},"winlog":{"channel":"Microsoft-Windows-Sysmon/Operational","event_id":13,"record_id":2082,"computer_name":"eng-bell-04","event_data":{"Image":"C:\\Windows\\explorer.exe","TargetObject":"HKLM\\SOFTWARE\\Microsoft\\Windows NT\\CurrentVersion\\NetworkList\\Profiles\\54eb1bfc-0000-0000-0000-000000000000\\ProfileName","Details":"skyloom-corp","EventType":"SetValue","User":"SKYLOOM\\jhowell","UtcTime":"2026-04-22 03:17:11.244"}}}
{"@timestamp":"2026-04-22T03:17:23.608945Z","event":{"code":"1","provider":"Microsoft-Windows-Sysmon","action":"Process Create","category":["process"],"type":["start"]},"host":{"hostname":"eng-bell-04","name":"eng-bell-04"},"user":{"name":"jhowell","domain":"SKYLOOM"},"process":{"executable":"C:\\Program Files (x86)\\Slack\\Slack.exe","name":"Slack.exe","command_line":"\"C:\\Program Files (x86)\\Slack\\Slack.exe\" --startup","parent":{"executable":"C:\\Windows\\explorer.exe","name":"explorer.exe","command_line":"C:\\Windows\\explorer.exe"}},"winlog":{"channel":"Microsoft-Windows-Sysmon/Operational","event_id":1,"record_id":1132,"computer_name":"eng-bell-04","event_data":{"Image":"C:\\Program Files (x86)\\Slack\\Slack.exe","CommandLine":"\"C:\\Program Files (x86)\\Slack\\Slack.exe\" --startup","ParentImage":"C:\\Windows\\explorer.exe","ParentCommandLine":"C:\\Windows\\explorer.exe","User":"SKYLOOM\\jhowell","Hashes":"","UtcTime":"2026-04-22 03:17:23.608"}}}
{"@timestamp":"2026-04-22T03:17:34.757145Z","event":{"code":"1","provider":"Microsoft-Windows-Sysmon","action":"Process Create","category":["process"],"type":["start"]},"host":{"hostname":"eng-bell-04","name":"eng-bell-04"},"user":{"name":"jhowell","domain":"SKYLOOM"},"process":{"executable":"C:\\Windows\\System32\\RuntimeBroker.exe","name":"RuntimeBroker.exe","command_line":"C:\\Windows\\System32\\RuntimeBroker.exe -Embedding","parent":{"executable":"C:\\Windows\\System32\\svchost.exe","name":"svchost.exe","command_line":"C:\\Windows\\System32\\svchost.exe"}},"winlog":{"channel":"Microsoft-Windows-Sysmon/Operational","event_id":1,"record_id":1450,"computer_name":"eng-bell-04","event_data":{"Image":"C:\\Windows\\System32\\RuntimeBroker.exe","CommandLine":"C:\\Windows\\System32\\RuntimeBroker.exe -Embedding","ParentImage":"C:\\Windows\\System32\\svchost.exe","ParentCommandLine":"C:\\Windows\\System32\\svchost.exe","User":"SKYLOOM\\jhowell","Hashes":"","UtcTime":"2026-04-22 03:17:34.757"}}}
{"@timestamp":"2026-04-22T03:17:35.370730Z","event":{"code":"1","provider":"Microsoft-Windows-Sysmon","action":"Process Create","category":["process"],"type":["start"]},"host":{"hostname":"eng-bell-04","name":"eng-bell-04"},"user":{"name":"jhowell","domain":"SKYLOOM"},"process":{"executable":"C:\\Users\\jhowell\\AppData\\Local\\Programs\\Microsoft VS Code\\Code.exe","name":"Code.exe","command_line":"\"C:\\Users\\jhowell\\AppData\\Local\\Programs\\Microsoft VS Code\\Code.exe\"","parent":{"executable":"C:\\Windows\\explorer.exe","name":"explorer.exe","command_line":"C:\\Windows\\explorer.exe"}},"winlog":{"channel":"Microsoft-Windows-Sysmon/Operational","event_id":1,"record_id":1262,"computer_name":"eng-bell-04","event_data":{"Image":"C:\\Users\\jhowell\\AppData\\Local\\Programs\\Microsoft VS Code\\Code.exe","CommandLine":"\"C:\\Users\\jhowell\\AppData\\Local\\Programs\\Microsoft VS Code\\Code.exe\"","ParentImage":"C:\\Windows\\explorer.exe","ParentCommandLine":"C:\\Windows\\explorer.exe","User":"SKYLOOM\\jhowell","Hashes":"","UtcTime":"2026-04-22 03:17:35.370"}}}
{"@timestamp":"2026-04-22T03:17:37.934079Z","event":{"code":"11","provider":"Microsoft-Windows-Sysmon","action":"File Created","category":["file"]},"host":{"hostname":"eng-bell-04","name":"eng-bell-04"},"user":{"name":"jhowell","domain":"SKYLOOM"},"process":{"executable":"C:\\Users\\jhowell\\AppData\\Local\\Microsoft\\Teams\\current\\Teams.exe","name":"Teams.exe"},"file":{"path":"C:\\Windows\\Logs\\WindowsUpdate\\WindowsUpdate.47241.etl","name":"WindowsUpdate.47241.etl"},"winlog":{"channel":"Microsoft-Windows-Sysmon/Operational","event_id":11,"record_id":1973,"computer_name":"eng-bell-04","event_data":{"Image":"C:\\Users\\jhowell\\AppData\\Local\\Microsoft\\Teams\\current\\Teams.exe","TargetFilename":"C:\\Windows\\Logs\\WindowsUpdate\\WindowsUpdate.47241.etl","User":"SKYLOOM\\jhowell","UtcTime":"2026-04-22 03:17:37.934"}}}
{"@timestamp":"2026-04-22T03:17:40.218216Z","event":{"code":"3","provider":"Microsoft-Windows-Sysmon","action":"Network Connect","category":["network"]},"host":{"hostname":"eng-bell-04","name":"eng-bell-04"},"user":{"name":"jhowell","domain":"SKYLOOM"},"process":{"executable":"C:\\Program Files\\Microsoft Office\\root\\Office16\\OUTLOOK.EXE","name":"OUTLOOK.EXE"},"destination":{"ip":"3.5.78.94","port":443,"domain":"slack.com"},"winlog":{"channel":"Microsoft-Windows-Sysmon/Operational","event_id":3,"record_id":1866,"computer_name":"eng-bell-04","event_data":{"Image":"C:\\Program Files\\Microsoft Office\\root\\Office16\\OUTLOOK.EXE","User":"SKYLOOM\\jhowell","DestinationIp":"3.5.78.94","DestinationPort":443,"DestinationHostname":"slack.com","Protocol":"tcp","UtcTime":"2026-04-22 03:17:40.218"}}}
{"@timestamp":"2026-04-22T03:17:44.553431Z","event":{"code":"3","provider":"Microsoft-Windows-Sysmon","action":"Network Connect","category":["network"]},"host":{"hostname":"eng-bell-04","name":"eng-bell-04"},"user":{"name":"jhowell","domain":"SKYLOOM"},"process":{"executable":"C:\\Program Files (x86)\\Microsoft\\Edge\\Application\\msedge.exe","name":"msedge.exe"},"destination":{"ip":"23.32.238.219","port":443,"domain":"settings-win.data.microsoft.com"},"winlog":{"channel":"Microsoft-Windows-Sysmon/Operational","event_id":3,"record_id":1768,"computer_name":"eng-bell-04","event_data":{"Image":"C:\\Program Files (x86)\\Microsoft\\Edge\\Application\\msedge.exe","User":"SKYLOOM\\jhowell","DestinationIp":"23.32.238.219","DestinationPort":443,"DestinationHostname":"settings-win.data.microsoft.com","Protocol":"tcp","UtcTime":"2026-04-22 03:17:44.553"}}}
{"@timestamp":"2026-04-22T03:17:45.617327Z","event":{"code":"1","provider":"Microsoft-Windows-Sysmon","action":"Process Create","category":["process"],"type":["start"]},"host":{"hostname":"eng-bell-04","name":"eng-bell-04"},"user":{"name":"jhowell","domain":"SKYLOOM"},"process":{"executable":"C:\\Windows\\System32\\backgroundTaskHost.exe","name":"backgroundTaskHost.exe","command_line":"\"C:\\Windows\\System32\\backgroundTaskHost.exe\" -ServerName:App.AppX95b0c1ab-0000-0000-0000-000000000000","parent":{"executable":"C:\\Windows\\System32\\services.exe","name":"services.exe","command_line":"C:\\Windows\\System32\\services.exe"}},"winlog":{"channel":"Microsoft-Windows-Sysmon/Operational","event_id":1,"record_id":1560,"computer_name":"eng-bell-04","event_data":{"Image":"C:\\Windows\\System32\\backgroundTaskHost.exe","CommandLine":"\"C:\\Windows\\System32\\backgroundTaskHost.exe\" -ServerName:App.AppX95b0c1ab-0000-0000-0000-000000000000","ParentImage":"C:\\Windows\\System32\\services.exe","ParentCommandLine":"C:\\Windows\\System32\\services.exe","User":"SKYLOOM\\jhowell","Hashes":"","UtcTime":"2026-04-22 03:17:45.617"}}}
{"@timestamp":"2026-04-22T03:17:46.093865Z","event":{"code":"3","provider":"Microsoft-Windows-Sysmon","action":"Network Connect","category":["network"]},"host":{"hostname":"eng-bell-04","name":"eng-bell-04"},"user":{"name":"jhowell","domain":"SKYLOOM"},"process":{"executable":"C:\\Users\\jhowell\\AppData\\Local\\Microsoft\\Teams\\current\\Teams.exe","name":"Teams.exe"},"destination":{"ip":"23.221.236.43","port":443,"domain":"windowsupdate.microsoft.com"},"winlog":{"channel":"Microsoft-Windows-Sysmon/Operational","event_id":3,"record_id":1900,"computer_name":"eng-bell-04","event_data":{"Image":"C:\\Users\\jhowell\\AppData\\Local\\Microsoft\\Teams\\current\\Teams.exe","User":"SKYLOOM\\jhowell","DestinationIp":"23.221.236.43","DestinationPort":443,"DestinationHostname":"windowsupdate.microsoft.com","Protocol":"tcp","UtcTime":"2026-04-22 03:17:46.093"}}}
{"@timestamp":"2026-04-22T03:17:54.943135Z","event":{"code":"3","provider":"Microsoft-Windows-Sysmon","action":"Network Connect","category":["network"]},"host":{"hostname":"eng-bell-04","name":"eng-bell-04"},"user":{"name":"jhowell","domain":"SKYLOOM"},"process":{"executable":"C:\\Users\\jhowell\\AppData\\Local\\Microsoft\\Teams\\current\\Teams.exe","name":"Teams.exe"},"destination":{"ip":"204.79.197.200","port":443,"domain":"www.bing.com"},"winlog":{"channel":"Microsoft-Windows-Sysmon/Operational","event_id":3,"record_id":1889,"computer_name":"eng-bell-04","event_data":{"Image":"C:\\Users\\jhowell\\AppData\\Local\\Microsoft\\Teams\\current\\Teams.exe","User":"SKYLOOM\\jhowell","DestinationIp":"204.79.197.200","DestinationPort":443,"DestinationHostname":"www.bing.com","Protocol":"tcp","UtcTime":"2026-04-22 03:17:54.943"}}}
{"@timestamp":"2026-04-22T03:17:55.323727Z","event":{"code":"1","provider":"Microsoft-Windows-Sysmon","action":"Process Create","category":["process"],"type":["start"]},"host":{"hostname":"eng-bell-04","name":"eng-bell-04"},"user":{"name":"jhowell","domain":"SKYLOOM"},"process":{"executable":"C:\\Program Files (x86)\\Microsoft\\EdgeUpdate\\MicrosoftEdgeUpdate.exe","name":"MicrosoftEdgeUpdate.exe","command_line":"\"C:\\Program Files (x86)\\Microsoft\\EdgeUpdate\\MicrosoftEdgeUpdate.exe\" /ua /installsource scheduler","parent":{"executable":"C:\\Program Files (x86)\\Microsoft\\EdgeUpdate\\MicrosoftEdgeUpdate.exe","name":"MicrosoftEdgeUpdate.exe","command_line":"C:\\Program Files (x86)\\Microsoft\\EdgeUpdate\\MicrosoftEdgeUpdate.exe"}},"winlog":{"channel":"Microsoft-Windows-Sysmon/Operational","event_id":1,"record_id":1180,"computer_name":"eng-bell-04","event_data":{"Image":"C:\\Program Files (x86)\\Microsoft\\EdgeUpdate\\MicrosoftEdgeUpdate.exe","CommandLine":"\"C:\\Program Files (x86)\\Microsoft\\EdgeUpdate\\MicrosoftEdgeUpdate.exe\" /ua /installsource scheduler","ParentImage":"C:\\Program Files (x86)\\Microsoft\\EdgeUpdate\\MicrosoftEdgeUpdate.exe","ParentCommandLine":"C:\\Program Files (x86)\\Microsoft\\EdgeUpdate\\MicrosoftEdgeUpdate.exe","User":"SKYLOOM\\jhowell","Hashes":"","UtcTime":"2026-04-22 03:17:55.323"}}}
{"@timestamp":"2026-04-22T03:18:02.825086Z","event":{"code":"3","provider":"Microsoft-Windows-Sysmon","action":"Network Connect","category":["network"]},"host":{"hostname":"eng-bell-04","name":"eng-bell-04"},"user":{"name":"jhowell","domain":"SKYLOOM"},"process":{"executable":"C:\\Program Files (x86)\\Microsoft\\Edge\\Application\\msedge.exe","name":"msedge.exe"},"destination":{"ip":"13.107.6.152","port":443,"domain":"outlook.office365.com"},"winlog":{"channel":"Microsoft-Windows-Sysmon/Operational","event_id":3,"record_id":1721,"computer_name":"eng-bell-04","event_data":{"Image":"C:\\Program Files (x86)\\Microsoft\\Edge\\Application\\msedge.exe","User":"SKYLOOM\\jhowell","DestinationIp":"13.107.6.152","DestinationPort":443,"DestinationHostname":"outlook.office365.com","Protocol":"tcp","UtcTime":"2026-04-22 03:18:02.825"}}}
{"@timestamp":"2026-04-22T03:18:03.512238Z","event":{"code":"1","provider":"Microsoft-Windows-Sysmon","action":"Process Create","category":["process"],"type":["start"]},"host":{"hostname":"eng-bell-04","name":"eng-bell-04"},"user":{"name":"jhowell","domain":"SKYLOOM"},"process":{"executable":"C:\\Windows\\System32\\backgroundTaskHost.exe","name":"backgroundTaskHost.exe","command_line":"\"C:\\Windows\\System32\\backgroundTaskHost.exe\" -ServerName:App.AppX8db11760-0000-0000-0000-000000000000","parent":{"executable":"C:\\Windows\\System32\\services.exe","name":"services.exe","command_line":"C:\\Windows\\System32\\services.exe"}},"winlog":{"channel":"Microsoft-Windows-Sysmon/Operational","event_id":1,"record_id":1617,"computer_name":"eng-bell-04","event_data":{"Image":"C:\\Windows\\System32\\backgroundTaskHost.exe","CommandLine":"\"C:\\Windows\\System32\\backgroundTaskHost.exe\" -ServerName:App.AppX8db11760-0000-0000-0000-000000000000","ParentImage":"C:\\Windows\\System32\\services.exe","ParentCommandLine":"C:\\Windows\\System32\\services.exe","User":"SKYLOOM\\jhowell","Hashes":"","UtcTime":"2026-04-22 03:18:03.512"}}}
{"@timestamp":"2026-04-22T03:18:04.088681Z","event":{"code":"11","provider":"Microsoft-Windows-Sysmon","action":"File Created","category":["file"]},"host":{"hostname":"eng-bell-04","name":"eng-bell-04"},"user":{"name":"jhowell","domain":"SKYLOOM"},"process":{"executable":"C:\\Windows\\System32\\svchost.exe","name":"svchost.exe"},"file":{"path":"C:\\Users\\jhowell\\AppData\\Local\\Microsoft\\Outlook\\jhowell-skyloom.ost","name":"jhowell-skyloom.ost"},"winlog":{"channel":"Microsoft-Windows-Sysmon/Operational","event_id":11,"record_id":1937,"computer_name":"eng-bell-04","event_data":{"Image":"C:\\Windows\\System32\\svchost.exe","TargetFilename":"C:\\Users\\jhowell\\AppData\\Local\\Microsoft\\Outlook\\jhowell-skyloom.ost","User":"SKYLOOM\\jhowell","UtcTime":"2026-04-22 03:18:04.088"}}}
{"@timestamp":"2026-04-22T03:18:15.554583Z","event":{"code":"13","provider":"Microsoft-Windows-Sysmon","action":"Registry Set","category":["registry"]},"host":{"hostname":"eng-bell-04","name":"eng-bell-04"},"user":{"name":"jhowell","domain":"SKYLOOM"},"process":{"executable":"C:\\Program Files\\Microsoft Office\\root\\Office16\\OUTLOOK.EXE","name":"OUTLOOK.EXE"},"registry":{"path":"HKU\\S-1-5-21-1004336348-1177238915-682003330-1006\\Software\\Microsoft\\Office\\16.0\\Common\\UserInfo\\UserName","data":{"strings":["John Howell"]}},"winlog":{"channel":"Microsoft-Windows-Sysmon/Operational","event_id":13,"record_id":2125,"computer_name":"eng-bell-04","event_data":{"Image":"C:\\Program Files\\Microsoft Office\\root\\Office16\\OUTLOOK.EXE","TargetObject":"HKU\\S-1-5-21-1004336348-1177238915-682003330-1006\\Software\\Microsoft\\Office\\16.0\\Common\\UserInfo\\UserName","Details":"John Howell","EventType":"SetValue","User":"SKYLOOM\\jhowell","UtcTime":"2026-04-22 03:18:15.554"}}}
{"@timestamp":"2026-04-22T03:18:15.705502Z","event":{"code":"3","provider":"Microsoft-Windows-Sysmon","action":"Network Connect","category":["network"]},"host":{"hostname":"eng-bell-04","name":"eng-bell-04"},"user":{"name":"jhowell","domain":"SKYLOOM"},"process":{"executable":"C:\\Program Files\\Microsoft Office\\root\\Office16\\OUTLOOK.EXE","name":"OUTLOOK.EXE"},"destination":{"ip":"23.221.236.43","port":443,"domain":"windowsupdate.microsoft.com"},"winlog":{"channel":"Microsoft-Windows-Sysmon/Operational","event_id":3,"record_id":1828,"computer_name":"eng-bell-04","event_data":{"Image":"C:\\Program Files\\Microsoft Office\\root\\Office16\\OUTLOOK.EXE","User":"SKYLOOM\\jhowell","DestinationIp":"23.221.236.43","DestinationPort":443,"DestinationHostname":"windowsupdate.microsoft.com","Protocol":"tcp","UtcTime":"2026-04-22 03:18:15.705"}}}
{"@timestamp":"2026-04-22T03:18:16.034881Z","event":{"code":"1","provider":"Microsoft-Windows-Sysmon","action":"Process Create","category":["process"],"type":["start"]},"host":{"hostname":"eng-bell-04","name":"eng-bell-04"},"user":{"name":"jhowell","domain":"SKYLOOM"},"process":{"executable":"C:\\Windows\\System32\\MoUsoCoreWorker.exe","name":"MoUsoCoreWorker.exe","command_line":"C:\\Windows\\System32\\MoUsoCoreWorker.exe -Embedding","parent":{"executable":"C:\\Windows\\System32\\svchost.exe","name":"svchost.exe","command_line":"C:\\Windows\\System32\\svchost.exe"}},"winlog":{"channel":"Microsoft-Windows-Sysmon/Operational","event_id":1,"record_id":1311,"computer_name":"eng-bell-04","event_data":{"Image":"C:\\Windows\\System32\\MoUsoCoreWorker.exe","CommandLine":"C:\\Windows\\System32\\MoUsoCoreWorker.exe -Embedding","ParentImage":"C:\\Windows\\System32\\svchost.exe","ParentCommandLine":"C:\\Windows\\System32\\svchost.exe","User":"SKYLOOM\\jhowell","Hashes":"","UtcTime":"2026-04-22 03:18:16.034"}}}
{"@timestamp":"2026-04-22T03:18:17.463879Z","event":{"code":"3","provider":"Microsoft-Windows-Sysmon","action":"Network Connect","category":["network"]},"host":{"hostname":"eng-bell-04","name":"eng-bell-04"},"user":{"name":"jhowell","domain":"SKYLOOM"},"process":{"executable":"C:\\Windows\\System32\\svchost.exe","name":"svchost.exe"},"destination":{"ip":"13.107.42.14","port":443,"domain":"graph.microsoft.com"},"winlog":{"channel":"Microsoft-Windows-Sysmon/Operational","event_id":3,"record_id":1714,"computer_name":"eng-bell-04","event_data":{"Image":"C:\\Windows\\System32\\svchost.exe","User":"SKYLOOM\\jhowell","DestinationIp":"13.107.42.14","DestinationPort":443,"DestinationHostname":"graph.microsoft.com","Protocol":"tcp","UtcTime":"2026-04-22 03:18:17.463"}}}
{"@timestamp":"2026-04-22T03:18:17.744826Z","event":{"code":"3","provider":"Microsoft-Windows-Sysmon","action":"Network Connect","category":["network"]},"host":{"hostname":"eng-bell-04","name":"eng-bell-04"},"user":{"name":"jhowell","domain":"SKYLOOM"},"process":{"executable":"C:\\Users\\jhowell\\AppData\\Local\\Microsoft\\Teams\\current\\Teams.exe","name":"Teams.exe"},"destination":{"ip":"23.221.236.43","port":443,"domain":"windowsupdate.microsoft.com"},"winlog":{"channel":"Microsoft-Windows-Sysmon/Operational","event_id":3,"record_id":1760,"computer_name":"eng-bell-04","event_data":{"Image":"C:\\Users\\jhowell\\AppData\\Local\\Microsoft\\Teams\\current\\Teams.exe","User":"SKYLOOM\\jhowell","DestinationIp":"23.221.236.43","DestinationPort":443,"DestinationHostname":"windowsupdate.microsoft.com","Protocol":"tcp","UtcTime":"2026-04-22 03:18:17.744"}}}
{"@timestamp":"2026-04-22T03:18:19.000763Z","event":{"code":"3","provider":"Microsoft-Windows-Sysmon","action":"Network Connect","category":["network"]},"host":{"hostname":"eng-bell-04","name":"eng-bell-04"},"user":{"name":"jhowell","domain":"SKYLOOM"},"process":{"executable":"C:\\Users\\jhowell\\AppData\\Local\\Microsoft\\Teams\\current\\Teams.exe","name":"Teams.exe"},"destination":{"ip":"52.182.143.211","port":443,"domain":"login.microsoftonline.com"},"winlog":{"channel":"Microsoft-Windows-Sysmon/Operational","event_id":3,"record_id":1691,"computer_name":"eng-bell-04","event_data":{"Image":"C:\\Users\\jhowell\\AppData\\Local\\Microsoft\\Teams\\current\\Teams.exe","User":"SKYLOOM\\jhowell","DestinationIp":"52.182.143.211","DestinationPort":443,"DestinationHostname":"login.microsoftonline.com","Protocol":"tcp","UtcTime":"2026-04-22 03:18:19.000"}}}
{"@timestamp":"2026-04-22T03:18:21.813985Z","event":{"code":"1","provider":"Microsoft-Windows-Sysmon","action":"Process Create","category":["process"],"type":["start"]},"host":{"hostname":"eng-bell-04","name":"eng-bell-04"},"user":{"name":"jhowell","domain":"SKYLOOM"},"process":{"executable":"C:\\Users\\jhowell\\AppData\\Local\\Programs\\Microsoft VS Code\\Code.exe","name":"Code.exe","command_line":"\"C:\\Users\\jhowell\\AppData\\Local\\Programs\\Microsoft VS Code\\Code.exe\"","parent":{"executable":"C:\\Windows\\explorer.exe","name":"explorer.exe","command_line":"C:\\Windows\\explorer.exe"}},"winlog":{"channel":"Microsoft-Windows-Sysmon/Operational","event_id":1,"record_id":1155,"computer_name":"eng-bell-04","event_data":{"Image":"C:\\Users\\jhowell\\AppData\\Local\\Programs\\Microsoft VS Code\\Code.exe","CommandLine":"\"C:\\Users\\jhowell\\AppData\\Local\\Programs\\Microsoft VS Code\\Code.exe\"","ParentImage":"C:\\Windows\\explorer.exe","ParentCommandLine":"C:\\Windows\\explorer.exe","User":"SKYLOOM\\jhowell","Hashes":"","UtcTime":"2026-04-22 03:18:21.813"}}}
{"@timestamp":"2026-04-22T03:18:24.663675Z","event":{"code":"11","provider":"Microsoft-Windows-Sysmon","action":"File Created","category":["file"]},"host":{"hostname":"eng-bell-04","name":"eng-bell-04"},"user":{"name":"jhowell","domain":"SKYLOOM"},"process":{"executable":"C:\\Users\\jhowell\\AppData\\Local\\Microsoft\\Teams\\current\\Teams.exe","name":"Teams.exe"},"file":{"path":"C:\\Users\\jhowell\\AppData\\Local\\Microsoft\\Outlook\\jhowell-skyloom.ost","name":"jhowell-skyloom.ost"},"winlog":{"channel":"Microsoft-Windows-Sysmon/Operational","event_id":11,"record_id":2002,"computer_name":"eng-bell-04","event_data":{"Image":"C:\\Users\\jhowell\\AppData\\Local\\Microsoft\\Teams\\current\\Teams.exe","TargetFilename":"C:\\Users\\jhowell\\AppData\\Local\\Microsoft\\Outlook\\jhowell-skyloom.ost","User":"SKYLOOM\\jhowell","UtcTime":"2026-04-22 03:18:24.663"}}}
{"@timestamp":"2026-04-22T03:18:27.841228Z","event":{"code":"1","provider":"Microsoft-Windows-Sysmon","action":"Process Create","category":["process"],"type":["start"]},"host":{"hostname":"eng-bell-04","name":"eng-bell-04"},"user":{"name":"jhowell","domain":"SKYLOOM"},"process":{"executable":"C:\\Windows\\System32\\backgroundTaskHost.exe","name":"backgroundTaskHost.exe","command_line":"\"C:\\Windows\\System32\\backgroundTaskHost.exe\" -ServerName:App.AppX75921c3c-0000-0000-0000-000000000000","parent":{"executable":"C:\\Windows\\System32\\services.exe","name":"services.exe","command_line":"C:\\Windows\\System32\\services.exe"}},"winlog":{"channel":"Microsoft-Windows-Sysmon/Operational","event_id":1,"record_id":1259,"computer_name":"eng-bell-04","event_data":{"Image":"C:\\Windows\\System32\\backgroundTaskHost.exe","CommandLine":"\"C:\\Windows\\System32\\backgroundTaskHost.exe\" -ServerName:App.AppX75921c3c-0000-0000-0000-000000000000","ParentImage":"C:\\Windows\\System32\\services.exe","ParentCommandLine":"C:\\Windows\\System32\\services.exe","User":"SKYLOOM\\jhowell","Hashes":"","UtcTime":"2026-04-22 03:18:27.841"}}}
{"@timestamp":"2026-04-22T03:18:28.041593Z","event":{"code":"11","provider":"Microsoft-Windows-Sysmon","action":"File Created","category":["file"]},"host":{"hostname":"eng-bell-04","name":"eng-bell-04"},"user":{"name":"jhowell","domain":"SKYLOOM"},"process":{"executable":"C:\\Windows\\System32\\svchost.exe","name":"svchost.exe"},"file":{"path":"C:\\Users\\jhowell\\AppData\\Local\\Microsoft\\Teams\\Cache\\Code Cache\\081074.dat","name":"081074.dat"},"winlog":{"channel":"Microsoft-Windows-Sysmon/Operational","event_id":11,"record_id":2024,"computer_name":"eng-bell-04","event_data":{"Image":"C:\\Windows\\System32\\svchost.exe","TargetFilename":"C:\\Users\\jhowell\\AppData\\Local\\Microsoft\\Teams\\Cache\\Code Cache\\081074.dat","User":"SKYLOOM\\jhowell","UtcTime":"2026-04-22 03:18:28.041"}}}
{"@timestamp":"2026-04-22T03:18:28.595705Z","event":{"code":"1","provider":"Microsoft-Windows-Sysmon","action":"Process Create","category":["process"],"type":["start"]},"host":{"hostname":"eng-bell-04","name":"eng-bell-04"},"user":{"name":"jhowell","domain":"SKYLOOM"},"process":{"executable":"C:\\Windows\\System32\\conhost.exe","name":"conhost.exe","command_line":"\\??\\C:\\Windows\\System32\\conhost.exe 0xffffffff -ForceV1","parent":{"executable":"C:\\Windows\\System32\\svchost.exe","name":"svchost.exe","command_line":"C:\\Windows\\System32\\svchost.exe"}},"winlog":{"channel":"Microsoft-Windows-Sysmon/Operational","event_id":1,"record_id":1342,"computer_name":"eng-bell-04","event_data":{"Image":"C:\\Windows\\System32\\conhost.exe","CommandLine":"\\??\\C:\\Windows\\System32\\conhost.exe 0xffffffff -ForceV1","ParentImage":"C:\\Windows\\System32\\svchost.exe","ParentCommandLine":"C:\\Windows\\System32\\svchost.exe","User":"SKYLOOM\\jhowell","Hashes":"","UtcTime":"2026-04-22 03:18:28.595"}}}
{"@timestamp":"2026-04-22T03:18:31.536161Z","event":{"code":"1","provider":"Microsoft-Windows-Sysmon","action":"Process Create","category":["process"],"type":["start"]},"host":{"hostname":"eng-bell-04","name":"eng-bell-04"},"user":{"name":"jhowell","domain":"SKYLOOM"},"process":{"executable":"C:\\Windows\\System32\\svchost.exe","name":"svchost.exe","command_line":"C:\\Windows\\System32\\svchost.exe -k termsvcs","parent":{"executable":"C:\\Windows\\System32\\services.exe","name":"services.exe","command_line":"C:\\Windows\\System32\\services.exe"}},"winlog":{"channel":"Microsoft-Windows-Sysmon/Operational","event_id":1,"record_id":1633,"computer_name":"eng-bell-04","event_data":{"Image":"C:\\Windows\\System32\\svchost.exe","CommandLine":"C:\\Windows\\System32\\svchost.exe -k termsvcs","ParentImage":"C:\\Windows\\System32\\services.exe","ParentCommandLine":"C:\\Windows\\System32\\services.exe","User":"SKYLOOM\\jhowell","Hashes":"","UtcTime":"2026-04-22 03:18:31.536"}}}
{"@timestamp":"2026-04-22T03:18:32.654369Z","event":{"code":"1","provider":"Microsoft-Windows-Sysmon","action":"Process Create","category":["process"],"type":["start"]},"host":{"hostname":"eng-bell-04","name":"eng-bell-04"},"user":{"name":"jhowell","domain":"SKYLOOM"},"process":{"executable":"C:\\Program Files\\Microsoft Office\\root\\Office16\\OUTLOOK.EXE","name":"OUTLOOK.EXE","command_line":"\"C:\\Program Files\\Microsoft Office\\root\\Office16\\OUTLOOK.EXE\"","parent":{"executable":"C:\\Windows\\explorer.exe","name":"explorer.exe","command_line":"C:\\Windows\\explorer.exe"}},"winlog":{"channel":"Microsoft-Windows-Sysmon/Operational","event_id":1,"record_id":1314,"computer_name":"eng-bell-04","event_data":{"Image":"C:\\Program Files\\Microsoft Office\\root\\Office16\\OUTLOOK.EXE","CommandLine":"\"C:\\Program Files\\Microsoft Office\\root\\Office16\\OUTLOOK.EXE\"","ParentImage":"C:\\Windows\\explorer.exe","ParentCommandLine":"C:\\Windows\\explorer.exe","User":"SKYLOOM\\jhowell","Hashes":"","UtcTime":"2026-04-22 03:18:32.654"}}}
{"@timestamp":"2026-04-22T03:18:37.796473Z","event":{"code":"1","provider":"Microsoft-Windows-Sysmon","action":"Process Create","category":["process"],"type":["start"]},"host":{"hostname":"eng-bell-04","name":"eng-bell-04"},"user":{"name":"jhowell","domain":"SKYLOOM"},"process":{"executable":"C:\\Program Files (x86)\\Microsoft\\Edge\\Application\\msedge.exe","name":"msedge.exe","command_line":"\"C:\\Program Files (x86)\\Microsoft\\Edge\\Application\\msedge.exe\" --no-pre-read-main-dll","parent":{"executable":"C:\\Windows\\explorer.exe","name":"explorer.exe","command_line":"C:\\Windows\\explorer.exe"}},"winlog":{"channel":"Microsoft-Windows-Sysmon/Operational","event_id":1,"record_id":1506,"computer_name":"eng-bell-04","event_data":{"Image":"C:\\Program Files (x86)\\Microsoft\\Edge\\Application\\msedge.exe","CommandLine":"\"C:\\Program Files (x86)\\Microsoft\\Edge\\Application\\msedge.exe\" --no-pre-read-main-dll","ParentImage":"C:\\Windows\\explorer.exe","ParentCommandLine":"C:\\Windows\\explorer.exe","User":"SKYLOOM\\jhowell","Hashes":"","UtcTime":"2026-04-22 03:18:37.796"}}}
{"@timestamp":"2026-04-22T03:18:39.454057Z","event":{"code":"1","provider":"Microsoft-Windows-Sysmon","action":"Process Create","category":["process"],"type":["start"]},"host":{"hostname":"eng-bell-04","name":"eng-bell-04"},"user":{"name":"jhowell","domain":"SKYLOOM"},"process":{"executable":"C:\\Program Files (x86)\\Microsoft\\EdgeUpdate\\MicrosoftEdgeUpdate.exe","name":"MicrosoftEdgeUpdate.exe","command_line":"\"C:\\Program Files (x86)\\Microsoft\\EdgeUpdate\\MicrosoftEdgeUpdate.exe\" /ua /installsource scheduler","parent":{"executable":"C:\\Program Files (x86)\\Microsoft\\EdgeUpdate\\MicrosoftEdgeUpdate.exe","name":"MicrosoftEdgeUpdate.exe","command_line":"C:\\Program Files (x86)\\Microsoft\\EdgeUpdate\\MicrosoftEdgeUpdate.exe"}},"winlog":{"channel":"Microsoft-Windows-Sysmon/Operational","event_id":1,"record_id":1451,"computer_name":"eng-bell-04","event_data":{"Image":"C:\\Program Files (x86)\\Microsoft\\EdgeUpdate\\MicrosoftEdgeUpdate.exe","CommandLine":"\"C:\\Program Files (x86)\\Microsoft\\EdgeUpdate\\MicrosoftEdgeUpdate.exe\" /ua /installsource scheduler","ParentImage":"C:\\Program Files (x86)\\Microsoft\\EdgeUpdate\\MicrosoftEdgeUpdate.exe","ParentCommandLine":"C:\\Program Files (x86)\\Microsoft\\EdgeUpdate\\MicrosoftEdgeUpdate.exe","User":"SKYLOOM\\jhowell","Hashes":"","UtcTime":"2026-04-22 03:18:39.454"}}}
