{"@timestamp":"2026-05-10T11:29:12.458222Z","event":{"code":"1","provider":"Microsoft-Windows-Sysmon","action":"Process Create","category":["process"],"type":["start"]},"host":{"hostname":"eng-bell-04","name":"eng-bell-04"},"user":{"name":"jhowell","domain":"SKYLOOM"},"process":{"executable":"C:\\Program Files (x86)\\Microsoft\\EdgeUpdate\\MicrosoftEdgeUpdate.exe","name":"MicrosoftEdgeUpdate.exe","command_line":"\"C:\\Program Files (x86)\\Microsoft\\EdgeUpdate\\MicrosoftEdgeUpdate.exe\" /ua /installsource scheduler","parent":{"executable":"C:\\Program Files (x86)\\Microsoft\\EdgeUpdate\\MicrosoftEdgeUpdate.exe","name":"MicrosoftEdgeUpdate.exe","command_line":"C:\\Program Files (x86)\\Microsoft\\EdgeUpdate\\MicrosoftEdgeUpdate.exe"}},"winlog":{"channel":"Microsoft-Windows-Sysmon/Operational","event_id":1,"record_id":3198,"computer_name":"eng-bell-04","event_data":{"Image":"C:\\Program Files (x86)\\Microsoft\\EdgeUpdate\\MicrosoftEdgeUpdate.exe","CommandLine":"\"C:\\Program Files (x86)\\Microsoft\\EdgeUpdate\\MicrosoftEdgeUpdate.exe\" /ua /installsource scheduler","ParentImage":"C:\\Program Files (x86)\\Microsoft\\EdgeUpdate\\MicrosoftEdgeUpdate.exe","ParentCommandLine":"C:\\Program Files (x86)\\Microsoft\\EdgeUpdate\\MicrosoftEdgeUpdate.exe","User":"SKYLOOM\\jhowell","Hashes":"","UtcTime":"2026-05-10 11:29:12.458"}}}
{"@timestamp":"2026-05-10T11:31:49.554435Z","event":{"code":"1","provider":"Microsoft-Windows-Sysmon","action":"Process Create","category":["process"],"type":["start"]},"host":{"hostname":"eng-bell-04","name":"eng-bell-04"},"user":{"name":"jhowell","domain":"SKYLOOM"},"process":{"executable":"C:\\Program Files (x86)\\Microsoft\\EdgeUpdate\\MicrosoftEdgeUpdate.exe","name":"MicrosoftEdgeUpdate.exe","command_line":"\"C:\\Program Files (x86)\\Microsoft\\EdgeUpdate\\MicrosoftEdgeUpdate.exe\" /ua /installsource scheduler","parent":{"executable":"C:\\Program Files (x86)\\Microsoft\\EdgeUpdate\\MicrosoftEdgeUpdate.exe","name":"MicrosoftEdgeUpdate.exe","command_line":"C:\\Program Files (x86)\\Microsoft\\EdgeUpdate\\MicrosoftEdgeUpdate.exe"}},"winlog":{"channel":"Microsoft-Windows-Sysmon/Operational","event_id":1,"record_id":3219,"computer_name":"eng-bell-04","event_data":{"Image":"C:\\Program Files (x86)\\Microsoft\\EdgeUpdate\\MicrosoftEdgeUpdate.exe","CommandLine":"\"C:\\Program Files (x86)\\Microsoft\\EdgeUpdate\\MicrosoftEdgeUpdate.exe\" /ua /installsource scheduler","ParentImage":"C:\\Program Files (x86)\\Microsoft\\EdgeUpdate\\MicrosoftEdgeUpdate.exe","ParentCommandLine":"C:\\Program Files (x86)\\Microsoft\\EdgeUpdate\\MicrosoftEdgeUpdate.exe","User":"SKYLOOM\\jhowell","Hashes":"","UtcTime":"2026-05-10 11:31:49.554"}}}
{"@timestamp":"2026-05-10T11:41:47.357049Z","event":{"code":"1","provider":"Microsoft-Windows-Sysmon","action":"Process Create","category":["process"],"type":["start"]},"host":{"hostname":"eng-bell-04","name":"eng-bell-04"},"user":{"name":"jhowell","domain":"SKYLOOM"},"process":{"executable":"C:\\Windows\\System32\\backgroundTaskHost.exe","name":"backgroundTaskHost.exe","command_line":"\"C:\\Windows\\System32\\backgroundTaskHost.exe\" -ServerName:App.AppX3fd35493-0000-0000-0000-000000000000","parent":{"executable":"C:\\Windows\\System32\\services.exe","name":"services.exe","command_line":"C:\\Windows\\System32\\services.exe"}},"winlog":{"channel":"Microsoft-Windows-Sysmon/Operational","event_id":1,"record_id":3193,"computer_name":"eng-bell-04","event_data":{"Image":"C:\\Windows\\System32\\backgroundTaskHost.exe","CommandLine":"\"C:\\Windows\\System32\\backgroundTaskHost.exe\" -ServerName:App.AppX3fd35493-0000-0000-0000-000000000000","ParentImage":"C:\\Windows\\System32\\services.exe","ParentCommandLine":"C:\\Windows\\System32\\services.exe","User":"SKYLOOM\\jhowell","Hashes":"","UtcTime":"2026-05-10 11:41:47.357"}}}
{"@timestamp":"2026-05-10T11:47:00.468523Z","event":{"code":"1","provider":"Microsoft-Windows-Sysmon","action":"Process Create","category":["process"],"type":["start"]},"host":{"hostname":"eng-bell-04","name":"eng-bell-04"},"user":{"name":"jhowell","domain":"SKYLOOM"},"process":{"executable":"C:\\Users\\jhowell\\AppData\\Local\\Microsoft\\Teams\\current\\Teams.exe","name":"Teams.exe","command_line":"\"C:\\Users\\jhowell\\AppData\\Local\\Microsoft\\Teams\\current\\Teams.exe\" --type=renderer --user-data-dir=...","parent":{"executable":"C:\\Windows\\explorer.exe","name":"explorer.exe","command_line":"C:\\Windows\\explorer.exe"}},"winlog":{"channel":"Microsoft-Windows-Sysmon/Operational","event_id":1,"record_id":3210,"computer_name":"eng-bell-04","event_data":{"Image":"C:\\Users\\jhowell\\AppData\\Local\\Microsoft\\Teams\\current\\Teams.exe","CommandLine":"\"C:\\Users\\jhowell\\AppData\\Local\\Microsoft\\Teams\\current\\Teams.exe\" --type=renderer --user-data-dir=...","ParentImage":"C:\\Windows\\explorer.exe","ParentCommandLine":"C:\\Windows\\explorer.exe","User":"SKYLOOM\\jhowell","Hashes":"","UtcTime":"2026-05-10 11:47:00.468"}}}
{"@timestamp":"2026-05-10T11:48:43.857062Z","event":{"code":"3","provider":"Microsoft-Windows-Sysmon","action":"Network Connect","category":["network"]},"host":{"hostname":"eng-bell-04","name":"eng-bell-04"},"user":{"name":"jhowell","domain":"SKYLOOM"},"process":{"executable":"C:\\Program Files\\Microsoft Office\\root\\Office16\\OUTLOOK.EXE","name":"OUTLOOK.EXE"},"destination":{"ip":"13.107.4.50","port":443,"domain":"ctldl.windowsupdate.com"},"winlog":{"channel":"Microsoft-Windows-Sysmon/Operational","event_id":3,"record_id":3229,"computer_name":"eng-bell-04","event_data":{"Image":"C:\\Program Files\\Microsoft Office\\root\\Office16\\OUTLOOK.EXE","User":"SKYLOOM\\jhowell","DestinationIp":"13.107.4.50","DestinationPort":443,"DestinationHostname":"ctldl.windowsupdate.com","Protocol":"tcp","UtcTime":"2026-05-10 11:48:43.857"}}}
{"@timestamp":"2026-05-10T11:49:27.906117Z","event":{"code":"1","provider":"Microsoft-Windows-Sysmon","action":"Process Create","category":["process"],"type":["start"]},"host":{"hostname":"eng-bell-04","name":"eng-bell-04"},"user":{"name":"jhowell","domain":"SKYLOOM"},"process":{"executable":"C:\\Program Files (x86)\\Microsoft\\Edge\\Application\\msedge.exe","name":"msedge.exe","command_line":"\"C:\\Program Files (x86)\\Microsoft\\Edge\\Application\\msedge.exe\" --no-pre-read-main-dll","parent":{"executable":"C:\\Windows\\explorer.exe","name":"explorer.exe","command_line":"C:\\Windows\\explorer.exe"}},"winlog":{"channel":"Microsoft-Windows-Sysmon/Operational","event_id":1,"record_id":3204,"computer_name":"eng-bell-04","event_data":{"Image":"C:\\Program Files (x86)\\Microsoft\\Edge\\Application\\msedge.exe","CommandLine":"\"C:\\Program Files (x86)\\Microsoft\\Edge\\Application\\msedge.exe\" --no-pre-read-main-dll","ParentImage":"C:\\Windows\\explorer.exe","ParentCommandLine":"C:\\Windows\\explorer.exe","User":"SKYLOOM\\jhowell","Hashes":"","UtcTime":"2026-05-10 11:49:27.906"}}}
{"@timestamp":"2026-05-10T11:50:33.717505Z","event":{"code":"1","provider":"Microsoft-Windows-Sysmon","action":"Process Create","category":["process"],"type":["start"]},"host":{"hostname":"eng-bell-04","name":"eng-bell-04"},"user":{"name":"jhowell","domain":"SKYLOOM"},"process":{"executable":"C:\\Program Files (x86)\\Microsoft\\Edge\\Application\\msedge.exe","name":"msedge.exe","command_line":"\"C:\\Program Files (x86)\\Microsoft\\Edge\\Application\\msedge.exe\" --type=renderer --tab-id=722","parent":{"executable":"C:\\Program Files (x86)\\Microsoft\\Edge\\Application\\msedge.exe","name":"msedge.exe","command_line":"C:\\Program Files (x86)\\Microsoft\\Edge\\Application\\msedge.exe"}},"winlog":{"channel":"Microsoft-Windows-Sysmon/Operational","event_id":1,"record_id":3190,"computer_name":"eng-bell-04","event_data":{"Image":"C:\\Program Files (x86)\\Microsoft\\Edge\\Application\\msedge.exe","CommandLine":"\"C:\\Program Files (x86)\\Microsoft\\Edge\\Application\\msedge.exe\" --type=renderer --tab-id=722","ParentImage":"C:\\Program Files (x86)\\Microsoft\\Edge\\Application\\msedge.exe","ParentCommandLine":"C:\\Program Files (x86)\\Microsoft\\Edge\\Application\\msedge.exe","User":"SKYLOOM\\jhowell","Hashes":"","UtcTime":"2026-05-10 11:50:33.717"}}}
{"@timestamp":"2026-05-10T11:52:47.175694Z","event":{"code":"1","provider":"Microsoft-Windows-Sysmon","action":"Process Create","category":["process"],"type":["start"]},"host":{"hostname":"eng-bell-04","name":"eng-bell-04"},"user":{"name":"jhowell","domain":"SKYLOOM"},"process":{"executable":"C:\\Windows\\System32\\backgroundTaskHost.exe","name":"backgroundTaskHost.exe","command_line":"\"C:\\Windows\\System32\\backgroundTaskHost.exe\" -ServerName:App.AppXe89dc785-0000-0000-0000-000000000000","parent":{"executable":"C:\\Windows\\System32\\services.exe","name":"services.exe","command_line":"C:\\Windows\\System32\\services.exe"}},"winlog":{"channel":"Microsoft-Windows-Sysmon/Operational","event_id":1,"record_id":3185,"computer_name":"eng-bell-04","event_data":{"Image":"C:\\Windows\\System32\\backgroundTaskHost.exe","CommandLine":"\"C:\\Windows\\System32\\backgroundTaskHost.exe\" -ServerName:App.AppXe89dc785-0000-0000-0000-000000000000","ParentImage":"C:\\Windows\\System32\\services.exe","ParentCommandLine":"C:\\Windows\\System32\\services.exe","User":"SKYLOOM\\jhowell","Hashes":"","UtcTime":"2026-05-10 11:52:47.175"}}}
{"@timestamp":"2026-05-10T11:57:00.751646Z","event":{"code":"1","provider":"Microsoft-Windows-Sysmon","action":"Process Create","category":["process"],"type":["start"]},"host":{"hostname":"eng-bell-04","name":"eng-bell-04"},"user":{"name":"jhowell","domain":"SKYLOOM"},"process":{"executable":"C:\\Program Files (x86)\\Microsoft\\Edge\\Application\\msedge.exe","name":"msedge.exe","command_line":"\"C:\\Program Files (x86)\\Microsoft\\Edge\\Application\\msedge.exe\" --no-pre-read-main-dll","parent":{"executable":"C:\\Windows\\explorer.exe","name":"explorer.exe","command_line":"C:\\Windows\\explorer.exe"}},"winlog":{"channel":"Microsoft-Windows-Sysmon/Operational","event_id":1,"record_id":3208,"computer_name":"eng-bell-04","event_data":{"Image":"C:\\Program Files (x86)\\Microsoft\\Edge\\Application\\msedge.exe","CommandLine":"\"C:\\Program Files (x86)\\Microsoft\\Edge\\Application\\msedge.exe\" --no-pre-read-main-dll","ParentImage":"C:\\Windows\\explorer.exe","ParentCommandLine":"C:\\Windows\\explorer.exe","User":"SKYLOOM\\jhowell","Hashes":"","UtcTime":"2026-05-10 11:57:00.751"}}}
{"@timestamp":"2026-05-10T12:14:38.060281Z","event":{"code":"1","provider":"Microsoft-Windows-Sysmon","action":"Process Create","category":["process"],"type":["start"]},"host":{"hostname":"eng-bell-04","name":"eng-bell-04"},"user":{"name":"jhowell","domain":"SKYLOOM"},"process":{"executable":"C:\\Program Files (x86)\\Microsoft\\Edge\\Application\\msedge.exe","name":"msedge.exe","command_line":"\"C:\\Program Files (x86)\\Microsoft\\Edge\\Application\\msedge.exe\" --no-pre-read-main-dll","parent":{"executable":"C:\\Windows\\explorer.exe","name":"explorer.exe","command_line":"C:\\Windows\\explorer.exe"}},"winlog":{"channel":"Microsoft-Windows-Sysmon/Operational","event_id":1,"record_id":3205,"computer_name":"eng-bell-04","event_data":{"Image":"C:\\Program Files (x86)\\Microsoft\\Edge\\Application\\msedge.exe","CommandLine":"\"C:\\Program Files (x86)\\Microsoft\\Edge\\Application\\msedge.exe\" --no-pre-read-main-dll","ParentImage":"C:\\Windows\\explorer.exe","ParentCommandLine":"C:\\Windows\\explorer.exe","User":"SKYLOOM\\jhowell","Hashes":"","UtcTime":"2026-05-10 12:14:38.060"}}}
{"@timestamp":"2026-05-10T12:17:56.190736Z","event":{"code":"1","provider":"Microsoft-Windows-Sysmon","action":"Process Create","category":["process"],"type":["start"]},"host":{"hostname":"eng-bell-04","name":"eng-bell-04"},"user":{"name":"jhowell","domain":"SKYLOOM"},"process":{"executable":"C:\\Windows\\System32\\RuntimeBroker.exe","name":"RuntimeBroker.exe","command_line":"C:\\Windows\\System32\\RuntimeBroker.exe -Embedding","parent":{"executable":"C:\\Windows\\System32\\svchost.exe","name":"svchost.exe","command_line":"C:\\Windows\\System32\\svchost.exe"}},"winlog":{"channel":"Microsoft-Windows-Sysmon/Operational","event_id":1,"record_id":3218,"computer_name":"eng-bell-04","event_data":{"Image":"C:\\Windows\\System32\\RuntimeBroker.exe","CommandLine":"C:\\Windows\\System32\\RuntimeBroker.exe -Embedding","ParentImage":"C:\\Windows\\System32\\svchost.exe","ParentCommandLine":"C:\\Windows\\System32\\svchost.exe","User":"SKYLOOM\\jhowell","Hashes":"","UtcTime":"2026-05-10 12:17:56.190"}}}
{"@timestamp":"2026-05-10T12:23:31.152193Z","event":{"code":"3","provider":"Microsoft-Windows-Sysmon","action":"Network Connect","category":["network"]},"host":{"hostname":"eng-bell-04","name":"eng-bell-04"},"user":{"name":"jhowell","domain":"SKYLOOM"},"process":{"executable":"C:\\Program Files (x86)\\Microsoft\\Edge\\Application\\msedge.exe","name":"msedge.exe"},"destination":{"ip":"52.114.7.32","port":443,"domain":"teams.microsoft.com"},"winlog":{"channel":"Microsoft-Windows-Sysmon/Operational","event_id":3,"record_id":3222,"computer_name":"eng-bell-04","event_data":{"Image":"C:\\Program Files (x86)\\Microsoft\\Edge\\Application\\msedge.exe","User":"SKYLOOM\\jhowell","DestinationIp":"52.114.7.32","DestinationPort":443,"DestinationHostname":"teams.microsoft.com","Protocol":"tcp","UtcTime":"2026-05-10 12:23:31.152"}}}
{"@timestamp":"2026-05-10T12:25:13.081403Z","event":{"code":"1","provider":"Microsoft-Windows-Sysmon","action":"Process Create","category":["process"],"type":["start"]},"host":{"hostname":"eng-bell-04","name":"eng-bell-04"},"user":{"name":"jhowell","domain":"SKYLOOM"},"process":{"executable":"C:\\Users\\jhowell\\AppData\\Local\\Programs\\Microsoft VS Code\\Code.exe","name":"Code.exe","command_line":"\"C:\\Users\\jhowell\\AppData\\Local\\Programs\\Microsoft VS Code\\Code.exe\"","parent":{"executable":"C:\\Windows\\explorer.exe","name":"explorer.exe","command_line":"C:\\Windows\\explorer.exe"}},"winlog":{"channel":"Microsoft-Windows-Sysmon/Operational","event_id":1,"record_id":3209,"computer_name":"eng-bell-04","event_data":{"Image":"C:\\Users\\jhowell\\AppData\\Local\\Programs\\Microsoft VS Code\\Code.exe","CommandLine":"\"C:\\Users\\jhowell\\AppData\\Local\\Programs\\Microsoft VS Code\\Code.exe\"","ParentImage":"C:\\Windows\\explorer.exe","ParentCommandLine":"C:\\Windows\\explorer.exe","User":"SKYLOOM\\jhowell","Hashes":"","UtcTime":"2026-05-10 12:25:13.081"}}}
{"@timestamp":"2026-05-10T12:26:30.091617Z","event":{"code":"3","provider":"Microsoft-Windows-Sysmon","action":"Network Connect","category":["network"]},"host":{"hostname":"eng-bell-04","name":"eng-bell-04"},"user":{"name":"jhowell","domain":"SKYLOOM"},"process":{"executable":"C:\\Program Files (x86)\\Microsoft\\Edge\\Application\\msedge.exe","name":"msedge.exe"},"destination":{"ip":"204.79.197.200","port":443,"domain":"www.bing.com"},"winlog":{"channel":"Microsoft-Windows-Sysmon/Operational","event_id":3,"record_id":3227,"computer_name":"eng-bell-04","event_data":{"Image":"C:\\Program Files (x86)\\Microsoft\\Edge\\Application\\msedge.exe","User":"SKYLOOM\\jhowell","DestinationIp":"204.79.197.200","DestinationPort":443,"DestinationHostname":"www.bing.com","Protocol":"tcp","UtcTime":"2026-05-10 12:26:30.091"}}}
{"@timestamp":"2026-05-10T12:30:33.015161Z","event":{"code":"3","provider":"Microsoft-Windows-Sysmon","action":"Network Connect","category":["network"]},"host":{"hostname":"eng-bell-04","name":"eng-bell-04"},"user":{"name":"jhowell","domain":"SKYLOOM"},"process":{"executable":"C:\\Users\\jhowell\\AppData\\Local\\Microsoft\\Teams\\current\\Teams.exe","name":"Teams.exe"},"destination":{"ip":"140.82.114.4","port":443,"domain":"github.com"},"winlog":{"channel":"Microsoft-Windows-Sysmon/Operational","event_id":3,"record_id":3228,"computer_name":"eng-bell-04","event_data":{"Image":"C:\\Users\\jhowell\\AppData\\Local\\Microsoft\\Teams\\current\\Teams.exe","User":"SKYLOOM\\jhowell","DestinationIp":"140.82.114.4","DestinationPort":443,"DestinationHostname":"github.com","Protocol":"tcp","UtcTime":"2026-05-10 12:30:33.015"}}}
{"@timestamp":"2026-05-10T12:34:07.101424Z","event":{"code":"1","provider":"Microsoft-Windows-Sysmon","action":"Process Create","category":["process"],"type":["start"]},"host":{"hostname":"eng-bell-04","name":"eng-bell-04"},"user":{"name":"jhowell","domain":"SKYLOOM"},"process":{"executable":"C:\\Program Files\\Microsoft Office\\root\\Office16\\OUTLOOK.EXE","name":"OUTLOOK.EXE","command_line":"\"C:\\Program Files\\Microsoft Office\\root\\Office16\\OUTLOOK.EXE\" /recycle","parent":{"executable":"C:\\Program Files\\Microsoft Office\\root\\Office16\\OUTLOOK.EXE","name":"OUTLOOK.EXE","command_line":"C:\\Program Files\\Microsoft Office\\root\\Office16\\OUTLOOK.EXE"}},"winlog":{"channel":"Microsoft-Windows-Sysmon/Operational","event_id":1,"record_id":3221,"computer_name":"eng-bell-04","event_data":{"Image":"C:\\Program Files\\Microsoft Office\\root\\Office16\\OUTLOOK.EXE","CommandLine":"\"C:\\Program Files\\Microsoft Office\\root\\Office16\\OUTLOOK.EXE\" /recycle","ParentImage":"C:\\Program Files\\Microsoft Office\\root\\Office16\\OUTLOOK.EXE","ParentCommandLine":"C:\\Program Files\\Microsoft Office\\root\\Office16\\OUTLOOK.EXE","User":"SKYLOOM\\jhowell","Hashes":"","UtcTime":"2026-05-10 12:34:07.101"}}}
{"@timestamp":"2026-05-10T12:35:34.102844Z","event":{"code":"1","provider":"Microsoft-Windows-Sysmon","action":"Process Create","category":["process"],"type":["start"]},"host":{"hostname":"eng-bell-04","name":"eng-bell-04"},"user":{"name":"jhowell","domain":"SKYLOOM"},"process":{"executable":"C:\\Windows\\System32\\svchost.exe","name":"svchost.exe","command_line":"C:\\Windows\\System32\\svchost.exe -k LocalService","parent":{"executable":"C:\\Windows\\System32\\services.exe","name":"services.exe","command_line":"C:\\Windows\\System32\\services.exe"}},"winlog":{"channel":"Microsoft-Windows-Sysmon/Operational","event_id":1,"record_id":3200,"computer_name":"eng-bell-04","event_data":{"Image":"C:\\Windows\\System32\\svchost.exe","CommandLine":"C:\\Windows\\System32\\svchost.exe -k LocalService","ParentImage":"C:\\Windows\\System32\\services.exe","ParentCommandLine":"C:\\Windows\\System32\\services.exe","User":"SKYLOOM\\jhowell","Hashes":"","UtcTime":"2026-05-10 12:35:34.102"}}}
{"@timestamp":"2026-05-10T12:37:08.523924Z","event":{"code":"1","provider":"Microsoft-Windows-Sysmon","action":"Process Create","category":["process"],"type":["start"]},"host":{"hostname":"eng-bell-04","name":"eng-bell-04"},"user":{"name":"jhowell","domain":"SKYLOOM"},"process":{"executable":"C:\\Users\\jhowell\\AppData\\Local\\Programs\\Microsoft VS Code\\Code.exe","name":"Code.exe","command_line":"\"C:\\Users\\jhowell\\AppData\\Local\\Programs\\Microsoft VS Code\\Code.exe\"","parent":{"executable":"C:\\Windows\\explorer.exe","name":"explorer.exe","command_line":"C:\\Windows\\explorer.exe"}},"winlog":{"channel":"Microsoft-Windows-Sysmon/Operational","event_id":1,"record_id":3187,"computer_name":"eng-bell-04","event_data":{"Image":"C:\\Users\\jhowell\\AppData\\Local\\Programs\\Microsoft VS Code\\Code.exe","CommandLine":"\"C:\\Users\\jhowell\\AppData\\Local\\Programs\\Microsoft VS Code\\Code.exe\"","ParentImage":"C:\\Windows\\explorer.exe","ParentCommandLine":"C:\\Windows\\explorer.exe","User":"SKYLOOM\\jhowell","Hashes":"","UtcTime":"2026-05-10 12:37:08.523"}}}
{"@timestamp":"2026-05-10T12:41:40.379839Z","event":{"code":"1","provider":"Microsoft-Windows-Sysmon","action":"Process Create","category":["process"],"type":["start"]},"host":{"hostname":"eng-bell-04","name":"eng-bell-04"},"user":{"name":"jhowell","domain":"SKYLOOM"},"process":{"executable":"C:\\Program Files\\Google\\Update\\GoogleUpdate.exe","name":"GoogleUpdate.exe","command_line":"\"C:\\Program Files\\Google\\Update\\GoogleUpdate.exe\" /ua /installsource scheduler","parent":{"executable":"C:\\Program Files\\Google\\Update\\GoogleUpdate.exe","name":"GoogleUpdate.exe","command_line":"C:\\Program Files\\Google\\Update\\GoogleUpdate.exe"}},"winlog":{"channel":"Microsoft-Windows-Sysmon/Operational","event_id":1,"record_id":3192,"computer_name":"eng-bell-04","event_data":{"Image":"C:\\Program Files\\Google\\Update\\GoogleUpdate.exe","CommandLine":"\"C:\\Program Files\\Google\\Update\\GoogleUpdate.exe\" /ua /installsource scheduler","ParentImage":"C:\\Program Files\\Google\\Update\\GoogleUpdate.exe","ParentCommandLine":"C:\\Program Files\\Google\\Update\\GoogleUpdate.exe","User":"SKYLOOM\\jhowell","Hashes":"","UtcTime":"2026-05-10 12:41:40.379"}}}
{"@timestamp":"2026-05-10T12:50:16.781566Z","event":{"code":"1","provider":"Microsoft-Windows-Sysmon","action":"Process Create","category":["process"],"type":["start"]},"host":{"hostname":"eng-bell-04","name":"eng-bell-04"},"user":{"name":"jhowell","domain":"SKYLOOM"},"process":{"executable":"C:\\Program Files\\Microsoft Office\\root\\Office16\\OUTLOOK.EXE","name":"OUTLOOK.EXE","command_line":"\"C:\\Program Files\\Microsoft Office\\root\\Office16\\OUTLOOK.EXE\" /recycle","parent":{"executable":"C:\\Program Files\\Microsoft Office\\root\\Office16\\OUTLOOK.EXE","name":"OUTLOOK.EXE","command_line":"C:\\Program Files\\Microsoft Office\\root\\Office16\\OUTLOOK.EXE"}},"winlog":{"channel":"Microsoft-Windows-Sysmon/Operational","event_id":1,"record_id":3194,"computer_name":"eng-bell-04","event_data":{"Image":"C:\\Program Files\\Microsoft Office\\root\\Office16\\OUTLOOK.EXE","CommandLine":"\"C:\\Program Files\\Microsoft Office\\root\\Office16\\OUTLOOK.EXE\" /recycle","ParentImage":"C:\\Program Files\\Microsoft Office\\root\\Office16\\OUTLOOK.EXE","ParentCommandLine":"C:\\Program Files\\Microsoft Office\\root\\Office16\\OUTLOOK.EXE","User":"SKYLOOM\\jhowell","Hashes":"","UtcTime":"2026-05-10 12:50:16.781"}}}
{"@timestamp":"2026-05-10T12:50:23.483404Z","event":{"code":"3","provider":"Microsoft-Windows-Sysmon","action":"Network Connect","category":["network"]},"host":{"hostname":"eng-bell-04","name":"eng-bell-04"},"user":{"name":"jhowell","domain":"SKYLOOM"},"process":{"executable":"C:\\Program Files\\Microsoft Office\\root\\Office16\\OUTLOOK.EXE","name":"OUTLOOK.EXE"},"destination":{"ip":"13.107.42.14","port":443,"domain":"graph.microsoft.com"},"winlog":{"channel":"Microsoft-Windows-Sysmon/Operational","event_id":3,"record_id":3238,"computer_name":"eng-bell-04","event_data":{"Image":"C:\\Program Files\\Microsoft Office\\root\\Office16\\OUTLOOK.EXE","User":"SKYLOOM\\jhowell","DestinationIp":"13.107.42.14","DestinationPort":443,"DestinationHostname":"graph.microsoft.com","Protocol":"tcp","UtcTime":"2026-05-10 12:50:23.483"}}}
{"@timestamp":"2026-05-10T12:51:49.793048Z","event":{"code":"3","provider":"Microsoft-Windows-Sysmon","action":"Network Connect","category":["network"]},"host":{"hostname":"eng-bell-04","name":"eng-bell-04"},"user":{"name":"jhowell","domain":"SKYLOOM"},"process":{"executable":"C:\\Users\\jhowell\\AppData\\Local\\Microsoft\\Teams\\current\\Teams.exe","name":"Teams.exe"},"destination":{"ip":"13.107.6.152","port":443,"domain":"outlook.office365.com"},"winlog":{"channel":"Microsoft-Windows-Sysmon/Operational","event_id":3,"record_id":3230,"computer_name":"eng-bell-04","event_data":{"Image":"C:\\Users\\jhowell\\AppData\\Local\\Microsoft\\Teams\\current\\Teams.exe","User":"SKYLOOM\\jhowell","DestinationIp":"13.107.6.152","DestinationPort":443,"DestinationHostname":"outlook.office365.com","Protocol":"tcp","UtcTime":"2026-05-10 12:51:49.793"}}}
{"@timestamp":"2026-05-10T12:57:43.445193Z","event":{"code":"3","provider":"Microsoft-Windows-Sysmon","action":"Network Connect","category":["network"]},"host":{"hostname":"eng-bell-04","name":"eng-bell-04"},"user":{"name":"jhowell","domain":"SKYLOOM"},"process":{"executable":"C:\\Windows\\System32\\svchost.exe","name":"svchost.exe"},"destination":{"ip":"13.107.42.14","port":443,"domain":"graph.microsoft.com"},"winlog":{"channel":"Microsoft-Windows-Sysmon/Operational","event_id":3,"record_id":3239,"computer_name":"eng-bell-04","event_data":{"Image":"C:\\Windows\\System32\\svchost.exe","User":"SKYLOOM\\jhowell","DestinationIp":"13.107.42.14","DestinationPort":443,"DestinationHostname":"graph.microsoft.com","Protocol":"tcp","UtcTime":"2026-05-10 12:57:43.445"}}}
{"@timestamp":"2026-05-10T13:01:23.701021Z","event":{"code":"1","provider":"Microsoft-Windows-Sysmon","action":"Process Create","category":["process"],"type":["start"]},"host":{"hostname":"eng-bell-04","name":"eng-bell-04"},"user":{"name":"jhowell","domain":"SKYLOOM"},"process":{"executable":"C:\\Users\\jhowell\\AppData\\Local\\Microsoft\\Teams\\current\\Teams.exe","name":"Teams.exe","command_line":"\"C:\\Users\\jhowell\\AppData\\Local\\Microsoft\\Teams\\current\\Teams.exe\" --type=renderer --user-data-dir=...","parent":{"executable":"C:\\Windows\\explorer.exe","name":"explorer.exe","command_line":"C:\\Windows\\explorer.exe"}},"winlog":{"channel":"Microsoft-Windows-Sysmon/Operational","event_id":1,"record_id":3186,"computer_name":"eng-bell-04","event_data":{"Image":"C:\\Users\\jhowell\\AppData\\Local\\Microsoft\\Teams\\current\\Teams.exe","CommandLine":"\"C:\\Users\\jhowell\\AppData\\Local\\Microsoft\\Teams\\current\\Teams.exe\" --type=renderer --user-data-dir=...","ParentImage":"C:\\Windows\\explorer.exe","ParentCommandLine":"C:\\Windows\\explorer.exe","User":"SKYLOOM\\jhowell","Hashes":"","UtcTime":"2026-05-10 13:01:23.701"}}}
{"@timestamp":"2026-05-10T13:01:41.762454Z","event":{"code":"3","provider":"Microsoft-Windows-Sysmon","action":"Network Connect","category":["network"]},"host":{"hostname":"eng-bell-04","name":"eng-bell-04"},"user":{"name":"jhowell","domain":"SKYLOOM"},"process":{"executable":"C:\\Program Files\\Microsoft Office\\root\\Office16\\OUTLOOK.EXE","name":"OUTLOOK.EXE"},"destination":{"ip":"52.114.7.32","port":443,"domain":"teams.microsoft.com"},"winlog":{"channel":"Microsoft-Windows-Sysmon/Operational","event_id":3,"record_id":3236,"computer_name":"eng-bell-04","event_data":{"Image":"C:\\Program Files\\Microsoft Office\\root\\Office16\\OUTLOOK.EXE","User":"SKYLOOM\\jhowell","DestinationIp":"52.114.7.32","DestinationPort":443,"DestinationHostname":"teams.microsoft.com","Protocol":"tcp","UtcTime":"2026-05-10 13:01:41.762"}}}
{"@timestamp":"2026-05-10T13:08:07.400787Z","event":{"code":"3","provider":"Microsoft-Windows-Sysmon","action":"Network Connect","category":["network"]},"host":{"hostname":"eng-bell-04","name":"eng-bell-04"},"user":{"name":"jhowell","domain":"SKYLOOM"},"process":{"executable":"C:\\Windows\\System32\\svchost.exe","name":"svchost.exe"},"destination":{"ip":"23.221.236.43","port":443,"domain":"windowsupdate.microsoft.com"},"winlog":{"channel":"Microsoft-Windows-Sysmon/Operational","event_id":3,"record_id":3232,"computer_name":"eng-bell-04","event_data":{"Image":"C:\\Windows\\System32\\svchost.exe","User":"SKYLOOM\\jhowell","DestinationIp":"23.221.236.43","DestinationPort":443,"DestinationHostname":"windowsupdate.microsoft.com","Protocol":"tcp","UtcTime":"2026-05-10 13:08:07.400"}}}
{"@timestamp":"2026-05-10T13:09:40.186993Z","event":{"code":"3","provider":"Microsoft-Windows-Sysmon","action":"Network Connect","category":["network"]},"host":{"hostname":"eng-bell-04","name":"eng-bell-04"},"user":{"name":"jhowell","domain":"SKYLOOM"},"process":{"executable":"C:\\Program Files (x86)\\Microsoft\\Edge\\Application\\msedge.exe","name":"msedge.exe"},"destination":{"ip":"204.79.197.200","port":443,"domain":"www.bing.com"},"winlog":{"channel":"Microsoft-Windows-Sysmon/Operational","event_id":3,"record_id":3235,"computer_name":"eng-bell-04","event_data":{"Image":"C:\\Program Files (x86)\\Microsoft\\Edge\\Application\\msedge.exe","User":"SKYLOOM\\jhowell","DestinationIp":"204.79.197.200","DestinationPort":443,"DestinationHostname":"www.bing.com","Protocol":"tcp","UtcTime":"2026-05-10 13:09:40.186"}}}
{"@timestamp":"2026-05-10T13:22:33.942555Z","event":{"code":"1","provider":"Microsoft-Windows-Sysmon","action":"Process Create","category":["process"],"type":["start"]},"host":{"hostname":"eng-bell-04","name":"eng-bell-04"},"user":{"name":"jhowell","domain":"SKYLOOM"},"process":{"executable":"C:\\Program Files (x86)\\Microsoft\\Edge\\Application\\msedge.exe","name":"msedge.exe","command_line":"\"C:\\Program Files (x86)\\Microsoft\\Edge\\Application\\msedge.exe\" --type=renderer --tab-id=4710","parent":{"executable":"C:\\Program Files (x86)\\Microsoft\\Edge\\Application\\msedge.exe","name":"msedge.exe","command_line":"C:\\Program Files (x86)\\Microsoft\\Edge\\Application\\msedge.exe"}},"winlog":{"channel":"Microsoft-Windows-Sysmon/Operational","event_id":1,"record_id":3216,"computer_name":"eng-bell-04","event_data":{"Image":"C:\\Program Files (x86)\\Microsoft\\Edge\\Application\\msedge.exe","CommandLine":"\"C:\\Program Files (x86)\\Microsoft\\Edge\\Application\\msedge.exe\" --type=renderer --tab-id=4710","ParentImage":"C:\\Program Files (x86)\\Microsoft\\Edge\\Application\\msedge.exe","ParentCommandLine":"C:\\Program Files (x86)\\Microsoft\\Edge\\Application\\msedge.exe","User":"SKYLOOM\\jhowell","Hashes":"","UtcTime":"2026-05-10 13:22:33.942"}}}
{"@timestamp":"2026-05-10T13:23:45.526922Z","event":{"code":"1","provider":"Microsoft-Windows-Sysmon","action":"Process Create","category":["process"],"type":["start"]},"host":{"hostname":"eng-bell-04","name":"eng-bell-04"},"user":{"name":"jhowell","domain":"SKYLOOM"},"process":{"executable":"C:\\Users\\jhowell\\AppData\\Local\\Microsoft\\Teams\\current\\Teams.exe","name":"Teams.exe","command_line":"\"C:\\Users\\jhowell\\AppData\\Local\\Microsoft\\Teams\\current\\Teams.exe\" --type=renderer --user-data-dir=...","parent":{"executable":"C:\\Windows\\explorer.exe","name":"explorer.exe","command_line":"C:\\Windows\\explorer.exe"}},"winlog":{"channel":"Microsoft-Windows-Sysmon/Operational","event_id":1,"record_id":3215,"computer_name":"eng-bell-04","event_data":{"Image":"C:\\Users\\jhowell\\AppData\\Local\\Microsoft\\Teams\\current\\Teams.exe","CommandLine":"\"C:\\Users\\jhowell\\AppData\\Local\\Microsoft\\Teams\\current\\Teams.exe\" --type=renderer --user-data-dir=...","ParentImage":"C:\\Windows\\explorer.exe","ParentCommandLine":"C:\\Windows\\explorer.exe","User":"SKYLOOM\\jhowell","Hashes":"","UtcTime":"2026-05-10 13:23:45.526"}}}
{"@timestamp":"2026-05-10T13:32:30.685607Z","event":{"code":"1","provider":"Microsoft-Windows-Sysmon","action":"Process Create","category":["process"],"type":["start"]},"host":{"hostname":"eng-bell-04","name":"eng-bell-04"},"user":{"name":"jhowell","domain":"SKYLOOM"},"process":{"executable":"C:\\Users\\jhowell\\AppData\\Local\\Microsoft\\OneDrive\\OneDrive.exe","name":"OneDrive.exe","command_line":"\"C:\\Users\\jhowell\\AppData\\Local\\Microsoft\\OneDrive\\OneDrive.exe\" /background","parent":{"executable":"C:\\Windows\\explorer.exe","name":"explorer.exe","command_line":"C:\\Windows\\explorer.exe"}},"winlog":{"channel":"Microsoft-Windows-Sysmon/Operational","event_id":1,"record_id":3214,"computer_name":"eng-bell-04","event_data":{"Image":"C:\\Users\\jhowell\\AppData\\Local\\Microsoft\\OneDrive\\OneDrive.exe","CommandLine":"\"C:\\Users\\jhowell\\AppData\\Local\\Microsoft\\OneDrive\\OneDrive.exe\" /background","ParentImage":"C:\\Windows\\explorer.exe","ParentCommandLine":"C:\\Windows\\explorer.exe","User":"SKYLOOM\\jhowell","Hashes":"","UtcTime":"2026-05-10 13:32:30.685"}}}
{"@timestamp":"2026-05-10T13:39:18.150283Z","event":{"code":"3","provider":"Microsoft-Windows-Sysmon","action":"Network Connect","category":["network"]},"host":{"hostname":"eng-bell-04","name":"eng-bell-04"},"user":{"name":"jhowell","domain":"SKYLOOM"},"process":{"executable":"C:\\Program Files (x86)\\Microsoft\\Edge\\Application\\msedge.exe","name":"msedge.exe"},"destination":{"ip":"13.107.4.50","port":443,"domain":"ctldl.windowsupdate.com"},"winlog":{"channel":"Microsoft-Windows-Sysmon/Operational","event_id":3,"record_id":3234,"computer_name":"eng-bell-04","event_data":{"Image":"C:\\Program Files (x86)\\Microsoft\\Edge\\Application\\msedge.exe","User":"SKYLOOM\\jhowell","DestinationIp":"13.107.4.50","DestinationPort":443,"DestinationHostname":"ctldl.windowsupdate.com","Protocol":"tcp","UtcTime":"2026-05-10 13:39:18.150"}}}
{"@timestamp":"2026-05-10T13:42:05.157850Z","event":{"code":"1","provider":"Microsoft-Windows-Sysmon","action":"Process Create","category":["process"],"type":["start"]},"host":{"hostname":"eng-bell-04","name":"eng-bell-04"},"user":{"name":"jhowell","domain":"SKYLOOM"},"process":{"executable":"C:\\Users\\jhowell\\AppData\\Local\\Microsoft\\OneDrive\\OneDrive.exe","name":"OneDrive.exe","command_line":"\"C:\\Users\\jhowell\\AppData\\Local\\Microsoft\\OneDrive\\OneDrive.exe\" /background","parent":{"executable":"C:\\Windows\\explorer.exe","name":"explorer.exe","command_line":"C:\\Windows\\explorer.exe"}},"winlog":{"channel":"Microsoft-Windows-Sysmon/Operational","event_id":1,"record_id":3203,"computer_name":"eng-bell-04","event_data":{"Image":"C:\\Users\\jhowell\\AppData\\Local\\Microsoft\\OneDrive\\OneDrive.exe","CommandLine":"\"C:\\Users\\jhowell\\AppData\\Local\\Microsoft\\OneDrive\\OneDrive.exe\" /background","ParentImage":"C:\\Windows\\explorer.exe","ParentCommandLine":"C:\\Windows\\explorer.exe","User":"SKYLOOM\\jhowell","Hashes":"","UtcTime":"2026-05-10 13:42:05.157"}}}
{"@timestamp":"2026-05-10T13:45:23.707160Z","event":{"code":"1","provider":"Microsoft-Windows-Sysmon","action":"Process Create","category":["process"],"type":["start"]},"host":{"hostname":"eng-bell-04","name":"eng-bell-04"},"user":{"name":"jhowell","domain":"SKYLOOM"},"process":{"executable":"C:\\Users\\jhowell\\AppData\\Local\\Microsoft\\OneDrive\\OneDrive.exe","name":"OneDrive.exe","command_line":"\"C:\\Users\\jhowell\\AppData\\Local\\Microsoft\\OneDrive\\OneDrive.exe\" /background","parent":{"executable":"C:\\Windows\\explorer.exe","name":"explorer.exe","command_line":"C:\\Windows\\explorer.exe"}},"winlog":{"channel":"Microsoft-Windows-Sysmon/Operational","event_id":1,"record_id":3211,"computer_name":"eng-bell-04","event_data":{"Image":"C:\\Users\\jhowell\\AppData\\Local\\Microsoft\\OneDrive\\OneDrive.exe","CommandLine":"\"C:\\Users\\jhowell\\AppData\\Local\\Microsoft\\OneDrive\\OneDrive.exe\" /background","ParentImage":"C:\\Windows\\explorer.exe","ParentCommandLine":"C:\\Windows\\explorer.exe","User":"SKYLOOM\\jhowell","Hashes":"","UtcTime":"2026-05-10 13:45:23.707"}}}
{"@timestamp":"2026-05-10T13:45:38.422051Z","event":{"code":"1","provider":"Microsoft-Windows-Sysmon","action":"Process Create","category":["process"],"type":["start"]},"host":{"hostname":"eng-bell-04","name":"eng-bell-04"},"user":{"name":"jhowell","domain":"SKYLOOM"},"process":{"executable":"C:\\Windows\\System32\\conhost.exe","name":"conhost.exe","command_line":"\\??\\C:\\Windows\\System32\\conhost.exe 0xffffffff -ForceV1","parent":{"executable":"C:\\Windows\\System32\\svchost.exe","name":"svchost.exe","command_line":"C:\\Windows\\System32\\svchost.exe"}},"winlog":{"channel":"Microsoft-Windows-Sysmon/Operational","event_id":1,"record_id":3195,"computer_name":"eng-bell-04","event_data":{"Image":"C:\\Windows\\System32\\conhost.exe","CommandLine":"\\??\\C:\\Windows\\System32\\conhost.exe 0xffffffff -ForceV1","ParentImage":"C:\\Windows\\System32\\svchost.exe","ParentCommandLine":"C:\\Windows\\System32\\svchost.exe","User":"SKYLOOM\\jhowell","Hashes":"","UtcTime":"2026-05-10 13:45:38.422"}}}
{"@timestamp":"2026-05-10T13:49:20.932652Z","event":{"code":"3","provider":"Microsoft-Windows-Sysmon","action":"Network Connect","category":["network"]},"host":{"hostname":"eng-bell-04","name":"eng-bell-04"},"user":{"name":"jhowell","domain":"SKYLOOM"},"process":{"executable":"C:\\Program Files\\Microsoft Office\\root\\Office16\\OUTLOOK.EXE","name":"OUTLOOK.EXE"},"destination":{"ip":"13.107.42.14","port":443,"domain":"graph.microsoft.com"},"winlog":{"channel":"Microsoft-Windows-Sysmon/Operational","event_id":3,"record_id":3223,"computer_name":"eng-bell-04","event_data":{"Image":"C:\\Program Files\\Microsoft Office\\root\\Office16\\OUTLOOK.EXE","User":"SKYLOOM\\jhowell","DestinationIp":"13.107.42.14","DestinationPort":443,"DestinationHostname":"graph.microsoft.com","Protocol":"tcp","UtcTime":"2026-05-10 13:49:20.932"}}}
{"@timestamp":"2026-05-10T13:50:32.679148Z","event":{"code":"1","provider":"Microsoft-Windows-Sysmon","action":"Process Create","category":["process"],"type":["start"]},"host":{"hostname":"eng-bell-04","name":"eng-bell-04"},"user":{"name":"jhowell","domain":"SKYLOOM"},"process":{"executable":"C:\\Program Files\\Microsoft Office\\root\\Office16\\OUTLOOK.EXE","name":"OUTLOOK.EXE","command_line":"\"C:\\Program Files\\Microsoft Office\\root\\Office16\\OUTLOOK.EXE\" /recycle","parent":{"executable":"C:\\Program Files\\Microsoft Office\\root\\Office16\\OUTLOOK.EXE","name":"OUTLOOK.EXE","command_line":"C:\\Program Files\\Microsoft Office\\root\\Office16\\OUTLOOK.EXE"}},"winlog":{"channel":"Microsoft-Windows-Sysmon/Operational","event_id":1,"record_id":3199,"computer_name":"eng-bell-04","event_data":{"Image":"C:\\Program Files\\Microsoft Office\\root\\Office16\\OUTLOOK.EXE","CommandLine":"\"C:\\Program Files\\Microsoft Office\\root\\Office16\\OUTLOOK.EXE\" /recycle","ParentImage":"C:\\Program Files\\Microsoft Office\\root\\Office16\\OUTLOOK.EXE","ParentCommandLine":"C:\\Program Files\\Microsoft Office\\root\\Office16\\OUTLOOK.EXE","User":"SKYLOOM\\jhowell","Hashes":"","UtcTime":"2026-05-10 13:50:32.679"}}}
{"@timestamp":"2026-05-10T13:51:41.058210Z","event":{"code":"1","provider":"Microsoft-Windows-Sysmon","action":"Process Create","category":["process"],"type":["start"]},"host":{"hostname":"eng-bell-04","name":"eng-bell-04"},"user":{"name":"jhowell","domain":"SKYLOOM"},"process":{"executable":"C:\\Users\\jhowell\\AppData\\Local\\Programs\\Microsoft VS Code\\Code.exe","name":"Code.exe","command_line":"\"C:\\Users\\jhowell\\AppData\\Local\\Programs\\Microsoft VS Code\\Code.exe\" --type=renderer","parent":{"executable":"C:\\Users\\jhowell\\AppData\\Local\\Programs\\Microsoft VS Code\\Code.exe","name":"Code.exe","command_line":"C:\\Users\\jhowell\\AppData\\Local\\Programs\\Microsoft VS Code\\Code.exe"}},"winlog":{"channel":"Microsoft-Windows-Sysmon/Operational","event_id":1,"record_id":3189,"computer_name":"eng-bell-04","event_data":{"Image":"C:\\Users\\jhowell\\AppData\\Local\\Programs\\Microsoft VS Code\\Code.exe","CommandLine":"\"C:\\Users\\jhowell\\AppData\\Local\\Programs\\Microsoft VS Code\\Code.exe\" --type=renderer","ParentImage":"C:\\Users\\jhowell\\AppData\\Local\\Programs\\Microsoft VS Code\\Code.exe","ParentCommandLine":"C:\\Users\\jhowell\\AppData\\Local\\Programs\\Microsoft VS Code\\Code.exe","User":"SKYLOOM\\jhowell","Hashes":"","UtcTime":"2026-05-10 13:51:41.058"}}}
{"@timestamp":"2026-05-10T14:01:42.439985Z","event":{"code":"3","provider":"Microsoft-Windows-Sysmon","action":"Network Connect","category":["network"]},"host":{"hostname":"eng-bell-04","name":"eng-bell-04"},"user":{"name":"jhowell","domain":"SKYLOOM"},"process":{"executable":"C:\\Program Files\\Microsoft Office\\root\\Office16\\OUTLOOK.EXE","name":"OUTLOOK.EXE"},"destination":{"ip":"140.82.114.4","port":443,"domain":"github.com"},"winlog":{"channel":"Microsoft-Windows-Sysmon/Operational","event_id":3,"record_id":3225,"computer_name":"eng-bell-04","event_data":{"Image":"C:\\Program Files\\Microsoft Office\\root\\Office16\\OUTLOOK.EXE","User":"SKYLOOM\\jhowell","DestinationIp":"140.82.114.4","DestinationPort":443,"DestinationHostname":"github.com","Protocol":"tcp","UtcTime":"2026-05-10 14:01:42.439"}}}
{"@timestamp":"2026-05-10T14:04:10.425133Z","event":{"code":"3","provider":"Microsoft-Windows-Sysmon","action":"Network Connect","category":["network"]},"host":{"hostname":"eng-bell-04","name":"eng-bell-04"},"user":{"name":"jhowell","domain":"SKYLOOM"},"process":{"executable":"C:\\Program Files (x86)\\Microsoft\\Edge\\Application\\msedge.exe","name":"msedge.exe"},"destination":{"ip":"52.182.143.211","port":443,"domain":"login.microsoftonline.com"},"winlog":{"channel":"Microsoft-Windows-Sysmon/Operational","event_id":3,"record_id":3224,"computer_name":"eng-bell-04","event_data":{"Image":"C:\\Program Files (x86)\\Microsoft\\Edge\\Application\\msedge.exe","User":"SKYLOOM\\jhowell","DestinationIp":"52.182.143.211","DestinationPort":443,"DestinationHostname":"login.microsoftonline.com","Protocol":"tcp","UtcTime":"2026-05-10 14:04:10.425"}}}
{"@timestamp":"2026-05-10T14:06:18.136779Z","event":{"code":"1","provider":"Microsoft-Windows-Sysmon","action":"Process Create","category":["process"],"type":["start"]},"host":{"hostname":"eng-bell-04","name":"eng-bell-04"},"user":{"name":"jhowell","domain":"SKYLOOM"},"process":{"executable":"C:\\Program Files (x86)\\Microsoft\\Edge\\Application\\msedge.exe","name":"msedge.exe","command_line":"\"C:\\Program Files (x86)\\Microsoft\\Edge\\Application\\msedge.exe\" --type=renderer --tab-id=3061","parent":{"executable":"C:\\Program Files (x86)\\Microsoft\\Edge\\Application\\msedge.exe","name":"msedge.exe","command_line":"C:\\Program Files (x86)\\Microsoft\\Edge\\Application\\msedge.exe"}},"winlog":{"channel":"Microsoft-Windows-Sysmon/Operational","event_id":1,"record_id":3206,"computer_name":"eng-bell-04","event_data":{"Image":"C:\\Program Files (x86)\\Microsoft\\Edge\\Application\\msedge.exe","CommandLine":"\"C:\\Program Files (x86)\\Microsoft\\Edge\\Application\\msedge.exe\" --type=renderer --tab-id=3061","ParentImage":"C:\\Program Files (x86)\\Microsoft\\Edge\\Application\\msedge.exe","ParentCommandLine":"C:\\Program Files (x86)\\Microsoft\\Edge\\Application\\msedge.exe","User":"SKYLOOM\\jhowell","Hashes":"","UtcTime":"2026-05-10 14:06:18.136"}}}
{"@timestamp":"2026-05-10T14:16:33.198778Z","event":{"code":"1","provider":"Microsoft-Windows-Sysmon","action":"Process Create","category":["process"],"type":["start"]},"host":{"hostname":"eng-bell-04","name":"eng-bell-04"},"user":{"name":"jhowell","domain":"SKYLOOM"},"process":{"executable":"C:\\Users\\jhowell\\AppData\\Local\\Programs\\Microsoft VS Code\\Code.exe","name":"Code.exe","command_line":"\"C:\\Users\\jhowell\\AppData\\Local\\Programs\\Microsoft VS Code\\Code.exe\"","parent":{"executable":"C:\\Windows\\explorer.exe","name":"explorer.exe","command_line":"C:\\Windows\\explorer.exe"}},"winlog":{"channel":"Microsoft-Windows-Sysmon/Operational","event_id":1,"record_id":3201,"computer_name":"eng-bell-04","event_data":{"Image":"C:\\Users\\jhowell\\AppData\\Local\\Programs\\Microsoft VS Code\\Code.exe","CommandLine":"\"C:\\Users\\jhowell\\AppData\\Local\\Programs\\Microsoft VS Code\\Code.exe\"","ParentImage":"C:\\Windows\\explorer.exe","ParentCommandLine":"C:\\Windows\\explorer.exe","User":"SKYLOOM\\jhowell","Hashes":"","UtcTime":"2026-05-10 14:16:33.198"}}}
{"@timestamp":"2026-05-10T14:19:16.948701Z","event":{"code":"1","provider":"Microsoft-Windows-Sysmon","action":"Process Create","category":["process"],"type":["start"]},"host":{"hostname":"eng-bell-04","name":"eng-bell-04"},"user":{"name":"jhowell","domain":"SKYLOOM"},"process":{"executable":"C:\\Program Files\\Microsoft Office\\root\\Office16\\OUTLOOK.EXE","name":"OUTLOOK.EXE","command_line":"\"C:\\Program Files\\Microsoft Office\\root\\Office16\\OUTLOOK.EXE\"","parent":{"executable":"C:\\Windows\\explorer.exe","name":"explorer.exe","command_line":"C:\\Windows\\explorer.exe"}},"winlog":{"channel":"Microsoft-Windows-Sysmon/Operational","event_id":1,"record_id":3188,"computer_name":"eng-bell-04","event_data":{"Image":"C:\\Program Files\\Microsoft Office\\root\\Office16\\OUTLOOK.EXE","CommandLine":"\"C:\\Program Files\\Microsoft Office\\root\\Office16\\OUTLOOK.EXE\"","ParentImage":"C:\\Windows\\explorer.exe","ParentCommandLine":"C:\\Windows\\explorer.exe","User":"SKYLOOM\\jhowell","Hashes":"","UtcTime":"2026-05-10 14:19:16.948"}}}
{"@timestamp":"2026-05-10T14:20:16.753230Z","event":{"code":"1","provider":"Microsoft-Windows-Sysmon","action":"Process Create","category":["process"],"type":["start"]},"host":{"hostname":"eng-bell-04","name":"eng-bell-04"},"user":{"name":"jhowell","domain":"SKYLOOM"},"process":{"executable":"C:\\Program Files\\Microsoft Office\\root\\Office16\\OUTLOOK.EXE","name":"OUTLOOK.EXE","command_line":"\"C:\\Program Files\\Microsoft Office\\root\\Office16\\OUTLOOK.EXE\" /recycle","parent":{"executable":"C:\\Program Files\\Microsoft Office\\root\\Office16\\OUTLOOK.EXE","name":"OUTLOOK.EXE","command_line":"C:\\Program Files\\Microsoft Office\\root\\Office16\\OUTLOOK.EXE"}},"winlog":{"channel":"Microsoft-Windows-Sysmon/Operational","event_id":1,"record_id":3197,"computer_name":"eng-bell-04","event_data":{"Image":"C:\\Program Files\\Microsoft Office\\root\\Office16\\OUTLOOK.EXE","CommandLine":"\"C:\\Program Files\\Microsoft Office\\root\\Office16\\OUTLOOK.EXE\" /recycle","ParentImage":"C:\\Program Files\\Microsoft Office\\root\\Office16\\OUTLOOK.EXE","ParentCommandLine":"C:\\Program Files\\Microsoft Office\\root\\Office16\\OUTLOOK.EXE","User":"SKYLOOM\\jhowell","Hashes":"","UtcTime":"2026-05-10 14:20:16.753"}}}
{"@timestamp":"2026-05-10T14:21:19.728163Z","event":{"code":"1","provider":"Microsoft-Windows-Sysmon","action":"Process Create","category":["process"],"type":["start"]},"host":{"hostname":"eng-bell-04","name":"eng-bell-04"},"user":{"name":"jhowell","domain":"SKYLOOM"},"process":{"executable":"C:\\Users\\jhowell\\AppData\\Local\\Microsoft\\Teams\\current\\Teams.exe","name":"Teams.exe","command_line":"\"C:\\Users\\jhowell\\AppData\\Local\\Microsoft\\Teams\\current\\Teams.exe\" --type=renderer --user-data-dir=...","parent":{"executable":"C:\\Windows\\explorer.exe","name":"explorer.exe","command_line":"C:\\Windows\\explorer.exe"}},"winlog":{"channel":"Microsoft-Windows-Sysmon/Operational","event_id":1,"record_id":3196,"computer_name":"eng-bell-04","event_data":{"Image":"C:\\Users\\jhowell\\AppData\\Local\\Microsoft\\Teams\\current\\Teams.exe","CommandLine":"\"C:\\Users\\jhowell\\AppData\\Local\\Microsoft\\Teams\\current\\Teams.exe\" --type=renderer --user-data-dir=...","ParentImage":"C:\\Windows\\explorer.exe","ParentCommandLine":"C:\\Windows\\explorer.exe","User":"SKYLOOM\\jhowell","Hashes":"","UtcTime":"2026-05-10 14:21:19.728"}}}
{"@timestamp":"2026-05-10T14:24:54.151688Z","event":{"code":"1","provider":"Microsoft-Windows-Sysmon","action":"Process Create","category":["process"],"type":["start"]},"host":{"hostname":"eng-bell-04","name":"eng-bell-04"},"user":{"name":"jhowell","domain":"SKYLOOM"},"process":{"executable":"C:\\Windows\\System32\\RuntimeBroker.exe","name":"RuntimeBroker.exe","command_line":"C:\\Windows\\System32\\RuntimeBroker.exe -Embedding","parent":{"executable":"C:\\Windows\\System32\\svchost.exe","name":"svchost.exe","command_line":"C:\\Windows\\System32\\svchost.exe"}},"winlog":{"channel":"Microsoft-Windows-Sysmon/Operational","event_id":1,"record_id":3207,"computer_name":"eng-bell-04","event_data":{"Image":"C:\\Windows\\System32\\RuntimeBroker.exe","CommandLine":"C:\\Windows\\System32\\RuntimeBroker.exe -Embedding","ParentImage":"C:\\Windows\\System32\\svchost.exe","ParentCommandLine":"C:\\Windows\\System32\\svchost.exe","User":"SKYLOOM\\jhowell","Hashes":"","UtcTime":"2026-05-10 14:24:54.151"}}}
{"@timestamp":"2026-05-10T14:32:02.762153Z","event":{"code":"3","provider":"Microsoft-Windows-Sysmon","action":"Network Connect","category":["network"]},"host":{"hostname":"eng-bell-04","name":"eng-bell-04"},"user":{"name":"jhowell","domain":"SKYLOOM"},"process":{"executable":"C:\\Program Files (x86)\\Microsoft\\Edge\\Application\\msedge.exe","name":"msedge.exe"},"destination":{"ip":"13.107.42.14","port":443,"domain":"graph.microsoft.com"},"winlog":{"channel":"Microsoft-Windows-Sysmon/Operational","event_id":3,"record_id":3231,"computer_name":"eng-bell-04","event_data":{"Image":"C:\\Program Files (x86)\\Microsoft\\Edge\\Application\\msedge.exe","User":"SKYLOOM\\jhowell","DestinationIp":"13.107.42.14","DestinationPort":443,"DestinationHostname":"graph.microsoft.com","Protocol":"tcp","UtcTime":"2026-05-10 14:32:02.762"}}}
{"@timestamp":"2026-05-10T14:46:40.665986Z","event":{"code":"1","provider":"Microsoft-Windows-Sysmon","action":"Process Create","category":["process"],"type":["start"]},"host":{"hostname":"eng-bell-04","name":"eng-bell-04"},"user":{"name":"jhowell","domain":"SKYLOOM"},"process":{"executable":"C:\\Windows\\System32\\svchost.exe","name":"svchost.exe","command_line":"C:\\Windows\\System32\\svchost.exe -k LocalService","parent":{"executable":"C:\\Windows\\System32\\services.exe","name":"services.exe","command_line":"C:\\Windows\\System32\\services.exe"}},"winlog":{"channel":"Microsoft-Windows-Sysmon/Operational","event_id":1,"record_id":3191,"computer_name":"eng-bell-04","event_data":{"Image":"C:\\Windows\\System32\\svchost.exe","CommandLine":"C:\\Windows\\System32\\svchost.exe -k LocalService","ParentImage":"C:\\Windows\\System32\\services.exe","ParentCommandLine":"C:\\Windows\\System32\\services.exe","User":"SKYLOOM\\jhowell","Hashes":"","UtcTime":"2026-05-10 14:46:40.665"}}}
{"@timestamp":"2026-05-10T14:53:45.210909Z","event":{"code":"1","provider":"Microsoft-Windows-Sysmon","action":"Process Create","category":["process"],"type":["start"]},"host":{"hostname":"eng-bell-04","name":"eng-bell-04"},"user":{"name":"jhowell","domain":"SKYLOOM"},"process":{"executable":"C:\\Users\\jhowell\\AppData\\Local\\Microsoft\\Teams\\current\\Teams.exe","name":"Teams.exe","command_line":"\"C:\\Users\\jhowell\\AppData\\Local\\Microsoft\\Teams\\current\\Teams.exe\" --type=renderer --user-data-dir=...","parent":{"executable":"C:\\Windows\\explorer.exe","name":"explorer.exe","command_line":"C:\\Windows\\explorer.exe"}},"winlog":{"channel":"Microsoft-Windows-Sysmon/Operational","event_id":1,"record_id":3213,"computer_name":"eng-bell-04","event_data":{"Image":"C:\\Users\\jhowell\\AppData\\Local\\Microsoft\\Teams\\current\\Teams.exe","CommandLine":"\"C:\\Users\\jhowell\\AppData\\Local\\Microsoft\\Teams\\current\\Teams.exe\" --type=renderer --user-data-dir=...","ParentImage":"C:\\Windows\\explorer.exe","ParentCommandLine":"C:\\Windows\\explorer.exe","User":"SKYLOOM\\jhowell","Hashes":"","UtcTime":"2026-05-10 14:53:45.210"}}}
